[0.402s] Invoking command in '/home/ceu/Desktop/lio_sam_gazebo_ros2/build/velodyne_gazebo_plugins': CMAKE_PREFIX_PATH=/opt/ros/foxy /usr/bin/cmake /home/ceu/Desktop/lio_sam_gazebo_ros2/src/velodyne_simulator/velodyne_gazebo_plugins -DCMAKE_INSTALL_PREFIX=/home/ceu/Desktop/lio_sam_gazebo_ros2/install/velodyne_gazebo_plugins
[0.455s] -- The C compiler identification is GNU 9.4.0
[0.531s] -- The CXX compiler identification is GNU 9.4.0
[0.538s] -- Check for working C compiler: /usr/bin/cc
[0.622s] -- Check for working C compiler: /usr/bin/cc -- works
[0.624s] -- Detecting C compiler ABI info
[0.717s] -- Detecting C compiler ABI info - done
[0.737s] -- Detecting C compile features
[0.737s] -- Detecting C compile features - done
[0.741s] -- Check for working CXX compiler: /usr/bin/c++
[0.838s] -- Check for working CXX compiler: /usr/bin/c++ -- works
[0.839s] -- Detecting CXX compiler ABI info
[0.960s] -- Detecting CXX compiler ABI info - done
[0.981s] -- Detecting CXX compile features
[0.981s] -- Detecting CXX compile features - done
[0.982s] -- Found ament_cmake: 0.9.12 (/opt/ros/foxy/share/ament_cmake/cmake)
[1.021s] -- Found PythonInterp: /usr/bin/python3 (found suitable version "3.8.10", minimum required is "3") 
[1.021s] -- Using PYTHON_EXECUTABLE: /usr/bin/python3
[1.316s] -- Found gazebo_dev: 3.5.3 (/opt/ros/foxy/share/gazebo_dev/cmake)
[1.323s] -- Found PkgConfig: /usr/bin/pkg-config (found version "0.29.1") 
[1.332s] -- Checking for module 'bullet>=2.82'
[1.352s] --   Found bullet, version 2.88
[1.515s] -- Found ccd: /usr/include (found suitable version "2.0", minimum required is "2.0") 
[1.600s] -- Found fcl: /usr/include (found suitable version "0.5.0", minimum required is "0.3.2") 
[1.678s] -- Found assimp: /usr/include (found version "5.0.0") 
[1.707s] -- Found DART: /usr/include (Required is at least version "6.6") found components: dart 
[2.088s] -- Found Boost: /usr/lib/x86_64-linux-gnu/cmake/Boost-1.71.0/BoostConfig.cmake (found suitable version "1.71.0", minimum required is "1.40.0") found components: thread system filesystem program_options regex iostreams date_time 
[2.129s] -- Found Protobuf: /usr/lib/x86_64-linux-gnu/libprotobuf.so;-lpthread (found version "3.6.1") 
[2.136s] -- Looking for ignition-math6 -- found version 6.15.0
[2.147s] -- Searching for dependencies of ignition-math6
[2.151s] -- Looking for OGRE...
[2.152s] -- OGRE_PREFIX_WATCH changed.
[2.160s] -- Checking for module 'OGRE'
[2.182s] --   Found OGRE, version 1.9.0
[2.233s] -- Found Ogre Ghadamon (1.9.0)
[2.246s] -- Found OGRE: optimized;/usr/lib/x86_64-linux-gnu/libOgreMain.so;debug;/usr/lib/x86_64-linux-gnu/libOgreMain.so
[2.261s] -- Looking for OGRE_Paging...
[2.266s] -- Found OGRE_Paging: optimized;/usr/lib/x86_64-linux-gnu/libOgrePaging.so;debug;/usr/lib/x86_64-linux-gnu/libOgrePaging.so
[2.267s] -- Looking for OGRE_Terrain...
[2.275s] -- Found OGRE_Terrain: optimized;/usr/lib/x86_64-linux-gnu/libOgreTerrain.so;debug;/usr/lib/x86_64-linux-gnu/libOgreTerrain.so
[2.277s] -- Looking for OGRE_Property...
[2.284s] -- Found OGRE_Property: optimized;/usr/lib/x86_64-linux-gnu/libOgreProperty.so;debug;/usr/lib/x86_64-linux-gnu/libOgreProperty.so
[2.284s] -- Looking for OGRE_RTShaderSystem...
[2.291s] -- Found OGRE_RTShaderSystem: optimized;/usr/lib/x86_64-linux-gnu/libOgreRTShaderSystem.so;debug;/usr/lib/x86_64-linux-gnu/libOgreRTShaderSystem.so
[2.292s] -- Looking for OGRE_Volume...
[2.299s] -- Found OGRE_Volume: optimized;/usr/lib/x86_64-linux-gnu/libOgreVolume.so;debug;/usr/lib/x86_64-linux-gnu/libOgreVolume.so
[2.301s] -- Looking for OGRE_Overlay...
[2.308s] -- Found OGRE_Overlay: optimized;/usr/lib/x86_64-linux-gnu/libOgreOverlay.so;debug;/usr/lib/x86_64-linux-gnu/libOgreOverlay.so
[2.458s] -- Looking for ignition-math6 -- found version 6.15.0
[2.459s] -- Looking for ignition-transport8 -- found version 8.4.0
[2.459s] -- Searching for dependencies of ignition-transport8
[2.479s] -- Found Protobuf: /usr/lib/x86_64-linux-gnu/libprotobuf.so;-lpthread (found suitable version "3.6.1", minimum required is "3") 
[2.494s] -- Config-file not installed for ZeroMQ -- checking for pkg-config
[2.498s] -- Checking for module 'libzmq >= 4'
[2.516s] --   Found libzmq , version 4.3.2
[2.564s] -- Found ZeroMQ: TRUE (Required is at least version "4") 
[2.567s] -- Checking for module 'uuid'
[2.587s] --   Found uuid, version 2.34.0
[2.632s] -- Found UUID: TRUE  
[2.636s] -- Looking for ignition-msgs5 -- found version 5.11.0
[2.638s] -- Searching for dependencies of ignition-msgs5
[2.655s] -- Looking for ignition-math6 -- found version 6.15.0
[2.663s] -- Checking for module 'tinyxml2'
[2.682s] --   Found tinyxml2, version 6.2.0
[2.740s] -- Looking for ignition-msgs5 -- found version 5.11.0
[2.740s] -- Looking for ignition-common3 -- found version 3.16.0
[2.741s] -- Searching for dependencies of ignition-common3
[2.743s] -- Looking for dlfcn.h - found
[2.744s] -- Looking for libdl - found
[2.746s] -- Found DL: TRUE  
[2.760s] -- Searching for <ignition-common3> component [graphics]
[2.762s] -- Looking for ignition-common3-graphics -- found version 3.16.0
[2.763s] -- Searching for dependencies of ignition-common3-graphics
[2.763s] -- Looking for ignition-math6 -- found version 6.15.0
[2.768s] -- Looking for ignition-fuel_tools4 -- found version 4.9.0
[2.769s] -- Searching for dependencies of ignition-fuel_tools4
[2.879s] -- Found CURL: /usr/lib/x86_64-linux-gnu/libcurl.so (found version "7.68.0")  
[2.893s] -- Checking for module 'jsoncpp'
[2.911s] --   Found jsoncpp, version 1.7.4
[2.966s] -- Found JSONCPP: TRUE  
[2.973s] -- Checking for module 'libzip'
[2.992s] --   Found libzip, version 1.5.1
[3.053s] -- Found ZIP: TRUE  
[3.053s] -- Looking for ignition-common3 -- found version 3.16.0
[3.054s] -- Looking for ignition-math6 -- found version 6.15.0
[3.054s] -- Looking for ignition-msgs5 -- found version 5.11.0
[3.057s] -- Gazebo version: 11.14
[3.059s] -- Found gazebo_ros: 3.5.3 (/opt/ros/foxy/share/gazebo_ros/cmake)
[3.120s] -- Using all available rosidl_typesupport_c: rosidl_typesupport_fastrtps_c;rosidl_typesupport_introspection_c
[3.127s] -- Found rosidl_adapter: 1.3.1 (/opt/ros/foxy/share/rosidl_adapter/cmake)
[3.236s] -- Found OpenSSL: /usr/lib/x86_64-linux-gnu/libcrypto.so (found version "1.1.1f")  
[3.281s] -- Found FastRTPS: /opt/ros/foxy/include  
[3.386s] -- Using all available rosidl_typesupport_cpp: rosidl_typesupport_fastrtps_cpp;rosidl_typesupport_introspection_cpp
[3.464s] -- Found rmw_implementation_cmake: 1.0.4 (/opt/ros/foxy/share/rmw_implementation_cmake/cmake)
[3.465s] -- Using RMW implementation 'rmw_fastrtps_cpp' as default
[3.468s] -- Found Threads: TRUE  
[3.681s] -- Found gazebo_msgs: 3.5.3 (/opt/ros/foxy/share/gazebo_msgs/cmake)
[4.023s] -- Found sensor_msgs: 2.0.5 (/opt/ros/foxy/share/sensor_msgs/cmake)
[4.133s] -- Found tf2: 0.13.14 (/opt/ros/foxy/share/tf2/cmake)
[4.280s] -- Configuring done
[4.318s] -- Generating done
[4.321s] -- Build files have been written to: /home/ceu/Desktop/lio_sam_gazebo_ros2/build/velodyne_gazebo_plugins
[4.523s] Invoked command in '/home/ceu/Desktop/lio_sam_gazebo_ros2/build/velodyne_gazebo_plugins' returned '0': CMAKE_PREFIX_PATH=/opt/ros/foxy /usr/bin/cmake /home/ceu/Desktop/lio_sam_gazebo_ros2/src/velodyne_simulator/velodyne_gazebo_plugins -DCMAKE_INSTALL_PREFIX=/home/ceu/Desktop/lio_sam_gazebo_ros2/install/velodyne_gazebo_plugins
[4.527s] Invoking command in '/home/ceu/Desktop/lio_sam_gazebo_ros2/build/velodyne_gazebo_plugins': CMAKE_PREFIX_PATH=/opt/ros/foxy /usr/bin/cmake --build /home/ceu/Desktop/lio_sam_gazebo_ros2/build/velodyne_gazebo_plugins -- -j12 -l12
[4.573s] [35m[1mScanning dependencies of target gazebo_ros_velodyne_laser[0m
[4.817s] [ 50%] [32mBuilding CXX object CMakeFiles/gazebo_ros_velodyne_laser.dir/src/GazeboRosVelodyneLaser.cpp.o[0m
[21.715s] [100%] [32m[1mLinking CXX shared library libgazebo_ros_velodyne_laser.so[0m
[22.733s] [100%] Built target gazebo_ros_velodyne_laser
[22.746s] Invoked command in '/home/ceu/Desktop/lio_sam_gazebo_ros2/build/velodyne_gazebo_plugins' returned '0': CMAKE_PREFIX_PATH=/opt/ros/foxy /usr/bin/cmake --build /home/ceu/Desktop/lio_sam_gazebo_ros2/build/velodyne_gazebo_plugins -- -j12 -l12
[22.779s] Invoking command in '/home/ceu/Desktop/lio_sam_gazebo_ros2/build/velodyne_gazebo_plugins': CMAKE_PREFIX_PATH=/opt/ros/foxy /usr/bin/cmake --install /home/ceu/Desktop/lio_sam_gazebo_ros2/build/velodyne_gazebo_plugins
[22.790s] -- Install configuration: ""
[22.790s] -- Installing: /home/ceu/Desktop/lio_sam_gazebo_ros2/install/velodyne_gazebo_plugins/share/velodyne_gazebo_plugins/environment/library_path.sh
[22.791s] -- Installing: /home/ceu/Desktop/lio_sam_gazebo_ros2/install/velodyne_gazebo_plugins/share/velodyne_gazebo_plugins/environment/library_path.dsv
[22.791s] -- Installing: /home/ceu/Desktop/lio_sam_gazebo_ros2/install/velodyne_gazebo_plugins/share/ament_index/resource_index/package_run_dependencies/velodyne_gazebo_plugins
[22.791s] -- Installing: /home/ceu/Desktop/lio_sam_gazebo_ros2/install/velodyne_gazebo_plugins/share/ament_index/resource_index/parent_prefix_path/velodyne_gazebo_plugins
[22.791s] -- Installing: /home/ceu/Desktop/lio_sam_gazebo_ros2/install/velodyne_gazebo_plugins/share/velodyne_gazebo_plugins/environment/ament_prefix_path.sh
[22.791s] -- Installing: /home/ceu/Desktop/lio_sam_gazebo_ros2/install/velodyne_gazebo_plugins/share/velodyne_gazebo_plugins/environment/ament_prefix_path.dsv
[22.792s] -- Installing: /home/ceu/Desktop/lio_sam_gazebo_ros2/install/velodyne_gazebo_plugins/share/velodyne_gazebo_plugins/environment/path.sh
[22.792s] -- Installing: /home/ceu/Desktop/lio_sam_gazebo_ros2/install/velodyne_gazebo_plugins/share/velodyne_gazebo_plugins/environment/path.dsv
[22.792s] -- Installing: /home/ceu/Desktop/lio_sam_gazebo_ros2/install/velodyne_gazebo_plugins/share/velodyne_gazebo_plugins/local_setup.bash
[22.792s] -- Installing: /home/ceu/Desktop/lio_sam_gazebo_ros2/install/velodyne_gazebo_plugins/share/velodyne_gazebo_plugins/local_setup.sh
[22.793s] -- Installing: /home/ceu/Desktop/lio_sam_gazebo_ros2/install/velodyne_gazebo_plugins/share/velodyne_gazebo_plugins/local_setup.zsh
[22.793s] -- Installing: /home/ceu/Desktop/lio_sam_gazebo_ros2/install/velodyne_gazebo_plugins/share/velodyne_gazebo_plugins/local_setup.dsv
[22.793s] -- Installing: /home/ceu/Desktop/lio_sam_gazebo_ros2/install/velodyne_gazebo_plugins/share/velodyne_gazebo_plugins/package.dsv
[22.793s] -- Installing: /home/ceu/Desktop/lio_sam_gazebo_ros2/install/velodyne_gazebo_plugins/share/ament_index/resource_index/packages/velodyne_gazebo_plugins
[22.794s] -- Installing: /home/ceu/Desktop/lio_sam_gazebo_ros2/install/velodyne_gazebo_plugins/share/velodyne_gazebo_plugins/cmake/ament_cmake_export_libraries-extras.cmake
[22.794s] -- Installing: /home/ceu/Desktop/lio_sam_gazebo_ros2/install/velodyne_gazebo_plugins/share/velodyne_gazebo_plugins/cmake/ament_cmake_export_include_directories-extras.cmake
[22.794s] -- Installing: /home/ceu/Desktop/lio_sam_gazebo_ros2/install/velodyne_gazebo_plugins/share/velodyne_gazebo_plugins/cmake/ament_cmake_export_dependencies-extras.cmake
[22.794s] -- Installing: /home/ceu/Desktop/lio_sam_gazebo_ros2/install/velodyne_gazebo_plugins/share/velodyne_gazebo_plugins/cmake/velodyne_gazebo_pluginsConfig.cmake
[22.795s] -- Installing: /home/ceu/Desktop/lio_sam_gazebo_ros2/install/velodyne_gazebo_plugins/share/velodyne_gazebo_plugins/cmake/velodyne_gazebo_pluginsConfig-version.cmake
[22.795s] -- Installing: /home/ceu/Desktop/lio_sam_gazebo_ros2/install/velodyne_gazebo_plugins/share/velodyne_gazebo_plugins/package.xml
[22.795s] -- Installing: /home/ceu/Desktop/lio_sam_gazebo_ros2/install/velodyne_gazebo_plugins/include
[22.795s] -- Installing: /home/ceu/Desktop/lio_sam_gazebo_ros2/install/velodyne_gazebo_plugins/include/velodyne_gazebo_plugins
[22.796s] -- Installing: /home/ceu/Desktop/lio_sam_gazebo_ros2/install/velodyne_gazebo_plugins/include/velodyne_gazebo_plugins/GazeboRosVelodyneLaser.h
[22.796s] -- Installing: /home/ceu/Desktop/lio_sam_gazebo_ros2/install/velodyne_gazebo_plugins/lib/libgazebo_ros_velodyne_laser.so
[22.800s] -- Set runtime path of "/home/ceu/Desktop/lio_sam_gazebo_ros2/install/velodyne_gazebo_plugins/lib/libgazebo_ros_velodyne_laser.so" to ""
[22.802s] Invoked command in '/home/ceu/Desktop/lio_sam_gazebo_ros2/build/velodyne_gazebo_plugins' returned '0': CMAKE_PREFIX_PATH=/opt/ros/foxy /usr/bin/cmake --install /home/ceu/Desktop/lio_sam_gazebo_ros2/build/velodyne_gazebo_plugins
