[0.649s] Invoking command in '/home/ceu/Desktop/lio_sam_gazebo_ros2/build/robot_description': CMAKE_PREFIX_PATH=/opt/ros/foxy /usr/bin/cmake /home/ceu/Desktop/lio_sam_gazebo_ros2/src/robot_description -DCMAKE_INSTALL_PREFIX=/home/ceu/Desktop/lio_sam_gazebo_ros2/install/robot_description
[0.707s] -- The C compiler identification is GNU 9.4.0
[0.782s] -- The CXX compiler identification is GNU 9.4.0
[0.789s] -- Check for working C compiler: /usr/bin/cc
[0.870s] -- Check for working C compiler: /usr/bin/cc -- works
[0.871s] -- Detecting C compiler ABI info
[0.955s] -- Detecting C compiler ABI info - done
[0.975s] -- Detecting C compile features
[0.976s] -- Detecting C compile features - done
[0.978s] -- Check for working CXX compiler: /usr/bin/c++
[1.076s] -- Check for working CXX compiler: /usr/bin/c++ -- works
[1.077s] -- Detecting CXX compiler ABI info
[1.174s] -- Detecting CXX compiler ABI info - done
[1.201s] -- Detecting CXX compile features
[1.202s] -- Detecting CXX compile features - done
[1.206s] -- Found ament_cmake: 0.9.12 (/opt/ros/foxy/share/ament_cmake/cmake)
[1.238s] -- Found PythonInterp: /usr/bin/python3 (found suitable version "3.8.10", minimum required is "3") 
[1.238s] -- Using PYTHON_EXECUTABLE: /usr/bin/python3
[1.625s] -- Found urdf: 2.4.0 (/opt/ros/foxy/share/urdf/cmake)
[1.664s] -- Found ament_lint_auto: 0.9.8 (/opt/ros/foxy/share/ament_lint_auto/cmake)
[1.784s] -- Added test 'copyright' to check source files copyright and LICENSE
[1.797s] -- Added test 'lint_cmake' to check CMake code style
[1.797s] -- Added test 'xmllint' to check XML markup files
[1.800s] -- Configuring done
[1.803s] -- Generating done
[1.804s] -- Build files have been written to: /home/ceu/Desktop/lio_sam_gazebo_ros2/build/robot_description
[1.810s] Invoked command in '/home/ceu/Desktop/lio_sam_gazebo_ros2/build/robot_description' returned '0': CMAKE_PREFIX_PATH=/opt/ros/foxy /usr/bin/cmake /home/ceu/Desktop/lio_sam_gazebo_ros2/src/robot_description -DCMAKE_INSTALL_PREFIX=/home/ceu/Desktop/lio_sam_gazebo_ros2/install/robot_description
[1.814s] Invoking command in '/home/ceu/Desktop/lio_sam_gazebo_ros2/build/robot_description': CMAKE_PREFIX_PATH=/opt/ros/foxy /usr/bin/cmake --build /home/ceu/Desktop/lio_sam_gazebo_ros2/build/robot_description -- -j12 -l12
[2.015s] Invoked command in '/home/ceu/Desktop/lio_sam_gazebo_ros2/build/robot_description' returned '0': CMAKE_PREFIX_PATH=/opt/ros/foxy /usr/bin/cmake --build /home/ceu/Desktop/lio_sam_gazebo_ros2/build/robot_description -- -j12 -l12
[2.290s] Invoking command in '/home/ceu/Desktop/lio_sam_gazebo_ros2/build/robot_description': CMAKE_PREFIX_PATH=/opt/ros/foxy /usr/bin/cmake --install /home/ceu/Desktop/lio_sam_gazebo_ros2/build/robot_description
[2.298s] -- Install configuration: ""
[2.299s] -- Installing: /home/ceu/Desktop/lio_sam_gazebo_ros2/install/robot_description/share/robot_description/robot
[2.299s] -- Installing: /home/ceu/Desktop/lio_sam_gazebo_ros2/install/robot_description/share/robot_description/robot/robot.urdf.xacro
[2.299s] -- Installing: /home/ceu/Desktop/lio_sam_gazebo_ros2/install/robot_description/share/robot_description/robot/robot.urdf
[2.300s] -- Installing: /home/ceu/Desktop/lio_sam_gazebo_ros2/install/robot_description/share/robot_description/robot/robot.sdf
[2.300s] -- Installing: /home/ceu/Desktop/lio_sam_gazebo_ros2/install/robot_description/share/robot_description/urdf
[2.300s] -- Installing: /home/ceu/Desktop/lio_sam_gazebo_ros2/install/robot_description/share/robot_description/urdf/IMU
[2.300s] -- Installing: /home/ceu/Desktop/lio_sam_gazebo_ros2/install/robot_description/share/robot_description/urdf/IMU/IMU.urdf.xacro
[2.301s] -- Installing: /home/ceu/Desktop/lio_sam_gazebo_ros2/install/robot_description/share/robot_description/urdf/IMU/IMU.gazebo.xacro
[2.301s] -- Installing: /home/ceu/Desktop/lio_sam_gazebo_ros2/install/robot_description/share/robot_description/urdf/base
[2.301s] -- Installing: /home/ceu/Desktop/lio_sam_gazebo_ros2/install/robot_description/share/robot_description/urdf/base/base.urdf.xacro
[2.301s] -- Installing: /home/ceu/Desktop/lio_sam_gazebo_ros2/install/robot_description/share/robot_description/urdf/base/base.gazebo.xacro
[2.302s] -- Installing: /home/ceu/Desktop/lio_sam_gazebo_ros2/install/robot_description/share/robot_description/urdf/front_wheel
[2.302s] -- Installing: /home/ceu/Desktop/lio_sam_gazebo_ros2/install/robot_description/share/robot_description/urdf/front_wheel/front_wheel.gazebo.xacro
[2.302s] -- Installing: /home/ceu/Desktop/lio_sam_gazebo_ros2/install/robot_description/share/robot_description/urdf/front_wheel/front_wheel.urdf.xacro
[2.302s] -- Installing: /home/ceu/Desktop/lio_sam_gazebo_ros2/install/robot_description/share/robot_description/urdf/rear_wheel
[2.303s] -- Installing: /home/ceu/Desktop/lio_sam_gazebo_ros2/install/robot_description/share/robot_description/urdf/rear_wheel/rear_wheel.urdf.xacro
[2.303s] -- Installing: /home/ceu/Desktop/lio_sam_gazebo_ros2/install/robot_description/share/robot_description/urdf/rear_wheel/rear_wheel.gazebo.xacro
[2.303s] -- Installing: /home/ceu/Desktop/lio_sam_gazebo_ros2/install/robot_description/share/robot_description/urdf/rear_wheel/rear_wheel.transmission.xacro
[2.303s] -- Installing: /home/ceu/Desktop/lio_sam_gazebo_ros2/install/robot_description/share/robot_description/urdf/suspension
[2.303s] -- Installing: /home/ceu/Desktop/lio_sam_gazebo_ros2/install/robot_description/share/robot_description/urdf/suspension/suspension.gazebo.xacro
[2.304s] -- Installing: /home/ceu/Desktop/lio_sam_gazebo_ros2/install/robot_description/share/robot_description/urdf/suspension/suspension.urdf.xacro
[2.304s] -- Installing: /home/ceu/Desktop/lio_sam_gazebo_ros2/install/robot_description/share/ament_index/resource_index/package_run_dependencies/robot_description
[2.304s] -- Installing: /home/ceu/Desktop/lio_sam_gazebo_ros2/install/robot_description/share/ament_index/resource_index/parent_prefix_path/robot_description
[2.304s] -- Installing: /home/ceu/Desktop/lio_sam_gazebo_ros2/install/robot_description/share/robot_description/environment/ament_prefix_path.sh
[2.304s] -- Installing: /home/ceu/Desktop/lio_sam_gazebo_ros2/install/robot_description/share/robot_description/environment/ament_prefix_path.dsv
[2.305s] -- Installing: /home/ceu/Desktop/lio_sam_gazebo_ros2/install/robot_description/share/robot_description/environment/path.sh
[2.305s] -- Installing: /home/ceu/Desktop/lio_sam_gazebo_ros2/install/robot_description/share/robot_description/environment/path.dsv
[2.305s] -- Installing: /home/ceu/Desktop/lio_sam_gazebo_ros2/install/robot_description/share/robot_description/local_setup.bash
[2.305s] -- Installing: /home/ceu/Desktop/lio_sam_gazebo_ros2/install/robot_description/share/robot_description/local_setup.sh
[2.306s] -- Installing: /home/ceu/Desktop/lio_sam_gazebo_ros2/install/robot_description/share/robot_description/local_setup.zsh
[2.306s] -- Installing: /home/ceu/Desktop/lio_sam_gazebo_ros2/install/robot_description/share/robot_description/local_setup.dsv
[2.306s] -- Installing: /home/ceu/Desktop/lio_sam_gazebo_ros2/install/robot_description/share/robot_description/package.dsv
[2.306s] -- Installing: /home/ceu/Desktop/lio_sam_gazebo_ros2/install/robot_description/share/ament_index/resource_index/packages/robot_description
[2.306s] -- Installing: /home/ceu/Desktop/lio_sam_gazebo_ros2/install/robot_description/share/robot_description/cmake/robot_descriptionConfig.cmake
[2.306s] -- Installing: /home/ceu/Desktop/lio_sam_gazebo_ros2/install/robot_description/share/robot_description/cmake/robot_descriptionConfig-version.cmake
[2.307s] -- Installing: /home/ceu/Desktop/lio_sam_gazebo_ros2/install/robot_description/share/robot_description/package.xml
[2.308s] Invoked command in '/home/ceu/Desktop/lio_sam_gazebo_ros2/build/robot_description' returned '0': CMAKE_PREFIX_PATH=/opt/ros/foxy /usr/bin/cmake --install /home/ceu/Desktop/lio_sam_gazebo_ros2/build/robot_description
