[0.603s] Invoking command in '/home/ceu/ros2_ws/build/velodyne_gazebo_plugins': CMAKE_PREFIX_PATH=/opt/ros/foxy /usr/bin/cmake /home/ceu/ros2_ws/lio_sam_gazebo_ros2/src/velodyne_simulator/velodyne_gazebo_plugins -DCMAKE_INSTALL_PREFIX=/home/ceu/ros2_ws/install/velodyne_gazebo_plugins
[0.951s] -- The C compiler identification is GNU 9.4.0
[0.951s] -- The CXX compiler identification is GNU 9.4.0
[0.951s] -- Check for working C compiler: /usr/bin/cc
[0.951s] -- Check for working C compiler: /usr/bin/cc -- works
[0.952s] -- Detecting C compiler ABI info
[0.952s] -- Detecting C compiler ABI info - done
[0.952s] -- Detecting C compile features
[0.952s] -- Detecting C compile features - done
[0.952s] -- Check for working CXX compiler: /usr/bin/c++
[0.987s] -- Check for working CXX compiler: /usr/bin/c++ -- works
[0.989s] -- Detecting CXX compiler ABI info
[1.092s] -- Detecting CXX compiler ABI info - done
[1.105s] -- Detecting CXX compile features
[1.106s] -- Detecting CXX compile features - done
[1.110s] -- Found ament_cmake: 0.9.12 (/opt/ros/foxy/share/ament_cmake/cmake)
[1.146s] -- Found PythonInterp: /usr/bin/python3 (found suitable version "3.8.10", minimum required is "3") 
[1.146s] -- Using PYTHON_EXECUTABLE: /usr/bin/python3
[1.423s] -- Found gazebo_dev: 3.5.3 (/opt/ros/foxy/share/gazebo_dev/cmake)
[1.429s] -- Found PkgConfig: /usr/bin/pkg-config (found version "0.29.1") 
[1.436s] -- Checking for module 'bullet>=2.82'
[1.458s] --   Found bullet, version 2.88
[1.614s] -- Found ccd: /usr/include (found suitable version "2.0", minimum required is "2.0") 
[1.687s] -- Found fcl: /usr/include (found suitable version "0.5.0", minimum required is "0.3.2") 
[1.772s] -- Found assimp: /usr/include (found version "5.0.0") 
[1.806s] -- Found DART: /usr/include (Required is at least version "6.6") found components: dart 
[2.166s] -- Found Boost: /usr/lib/x86_64-linux-gnu/cmake/Boost-1.71.0/BoostConfig.cmake (found suitable version "1.71.0", minimum required is "1.40.0") found components: thread system filesystem program_options regex iostreams date_time 
[2.201s] -- Found Protobuf: /usr/lib/x86_64-linux-gnu/libprotobuf.so;-lpthread (found version "3.6.1") 
[2.206s] -- Looking for ignition-math6 -- found version 6.15.0
[2.217s] -- Searching for dependencies of ignition-math6
[2.222s] -- Looking for OGRE...
[2.223s] -- OGRE_PREFIX_WATCH changed.
[2.228s] -- Checking for module 'OGRE'
[2.246s] --   Found OGRE, version 1.9.0
[2.292s] -- Found Ogre Ghadamon (1.9.0)
[2.306s] -- Found OGRE: optimized;/usr/lib/x86_64-linux-gnu/libOgreMain.so;debug;/usr/lib/x86_64-linux-gnu/libOgreMain.so
[2.325s] -- Looking for OGRE_Paging...
[2.334s] -- Found OGRE_Paging: optimized;/usr/lib/x86_64-linux-gnu/libOgrePaging.so;debug;/usr/lib/x86_64-linux-gnu/libOgrePaging.so
[2.334s] -- Looking for OGRE_Terrain...
[2.344s] -- Found OGRE_Terrain: optimized;/usr/lib/x86_64-linux-gnu/libOgreTerrain.so;debug;/usr/lib/x86_64-linux-gnu/libOgreTerrain.so
[2.344s] -- Looking for OGRE_Property...
[2.353s] -- Found OGRE_Property: optimized;/usr/lib/x86_64-linux-gnu/libOgreProperty.so;debug;/usr/lib/x86_64-linux-gnu/libOgreProperty.so
[2.354s] -- Looking for OGRE_RTShaderSystem...
[2.359s] -- Found OGRE_RTShaderSystem: optimized;/usr/lib/x86_64-linux-gnu/libOgreRTShaderSystem.so;debug;/usr/lib/x86_64-linux-gnu/libOgreRTShaderSystem.so
[2.360s] -- Looking for OGRE_Volume...
[2.369s] -- Found OGRE_Volume: optimized;/usr/lib/x86_64-linux-gnu/libOgreVolume.so;debug;/usr/lib/x86_64-linux-gnu/libOgreVolume.so
[2.370s] -- Looking for OGRE_Overlay...
[2.379s] -- Found OGRE_Overlay: optimized;/usr/lib/x86_64-linux-gnu/libOgreOverlay.so;debug;/usr/lib/x86_64-linux-gnu/libOgreOverlay.so
[2.517s] -- Looking for ignition-math6 -- found version 6.15.0
[2.519s] -- Looking for ignition-transport8 -- found version 8.4.0
[2.520s] -- Searching for dependencies of ignition-transport8
[2.538s] -- Found Protobuf: /usr/lib/x86_64-linux-gnu/libprotobuf.so;-lpthread (found suitable version "3.6.1", minimum required is "3") 
[2.551s] -- Config-file not installed for ZeroMQ -- checking for pkg-config
[2.557s] -- Checking for module 'libzmq >= 4'
[2.573s] --   Found libzmq , version 4.3.2
[2.622s] -- Found ZeroMQ: TRUE (Required is at least version "4") 
[2.628s] -- Checking for module 'uuid'
[2.647s] --   Found uuid, version 2.34.0
[2.706s] -- Found UUID: TRUE  
[2.708s] -- Looking for ignition-msgs5 -- found version 5.11.0
[2.709s] -- Searching for dependencies of ignition-msgs5
[2.736s] -- Looking for ignition-math6 -- found version 6.15.0
[2.744s] -- Checking for module 'tinyxml2'
[2.762s] --   Found tinyxml2, version 6.2.0
[2.815s] -- Looking for ignition-msgs5 -- found version 5.11.0
[2.817s] -- Looking for ignition-common3 -- found version 3.16.0
[2.818s] -- Searching for dependencies of ignition-common3
[2.818s] -- Looking for dlfcn.h - found
[2.821s] -- Looking for libdl - found
[2.822s] -- Found DL: TRUE  
[2.836s] -- Searching for <ignition-common3> component [graphics]
[2.838s] -- Looking for ignition-common3-graphics -- found version 3.16.0
[2.839s] -- Searching for dependencies of ignition-common3-graphics
[2.840s] -- Looking for ignition-math6 -- found version 6.15.0
[2.844s] -- Looking for ignition-fuel_tools4 -- found version 4.9.0
[2.845s] -- Searching for dependencies of ignition-fuel_tools4
[2.937s] -- Found CURL: /usr/lib/x86_64-linux-gnu/libcurl.so (found version "7.68.0")  
[2.949s] -- Checking for module 'jsoncpp'
[2.972s] --   Found jsoncpp, version 1.7.4
[3.032s] -- Found JSONCPP: TRUE  
[3.033s] -- Checking for module 'libzip'
[3.054s] --   Found libzip, version 1.5.1
[3.109s] -- Found ZIP: TRUE  
[3.110s] -- Looking for ignition-common3 -- found version 3.16.0
[3.110s] -- Looking for ignition-math6 -- found version 6.15.0
[3.111s] -- Looking for ignition-msgs5 -- found version 5.11.0
[3.112s] -- Gazebo version: 11.14
[3.116s] -- Found gazebo_ros: 3.5.3 (/opt/ros/foxy/share/gazebo_ros/cmake)
[3.183s] -- Using all available rosidl_typesupport_c: rosidl_typesupport_fastrtps_c;rosidl_typesupport_introspection_c
[3.194s] -- Found rosidl_adapter: 1.3.1 (/opt/ros/foxy/share/rosidl_adapter/cmake)
[3.298s] -- Found OpenSSL: /usr/lib/x86_64-linux-gnu/libcrypto.so (found version "1.1.1f")  
[3.344s] -- Found FastRTPS: /opt/ros/foxy/include  
[3.455s] -- Using all available rosidl_typesupport_cpp: rosidl_typesupport_fastrtps_cpp;rosidl_typesupport_introspection_cpp
[3.519s] -- Found rmw_implementation_cmake: 1.0.4 (/opt/ros/foxy/share/rmw_implementation_cmake/cmake)
[3.520s] -- Using RMW implementation 'rmw_fastrtps_cpp' as default
[3.520s] -- Found Threads: TRUE  
[3.700s] -- Found gazebo_msgs: 3.5.3 (/opt/ros/foxy/share/gazebo_msgs/cmake)
[3.970s] -- Found sensor_msgs: 2.0.5 (/opt/ros/foxy/share/sensor_msgs/cmake)
[4.050s] -- Found tf2: 0.13.14 (/opt/ros/foxy/share/tf2/cmake)
[4.161s] -- Configuring done
[4.192s] -- Generating done
[4.193s] -- Build files have been written to: /home/ceu/ros2_ws/build/velodyne_gazebo_plugins
[4.361s] Invoked command in '/home/ceu/ros2_ws/build/velodyne_gazebo_plugins' returned '0': CMAKE_PREFIX_PATH=/opt/ros/foxy /usr/bin/cmake /home/ceu/ros2_ws/lio_sam_gazebo_ros2/src/velodyne_simulator/velodyne_gazebo_plugins -DCMAKE_INSTALL_PREFIX=/home/ceu/ros2_ws/install/velodyne_gazebo_plugins
[4.364s] Invoking command in '/home/ceu/ros2_ws/build/velodyne_gazebo_plugins': CMAKE_PREFIX_PATH=/opt/ros/foxy /usr/bin/cmake --build /home/ceu/ros2_ws/build/velodyne_gazebo_plugins -- -j12 -l12
[4.411s] [35m[1mScanning dependencies of target gazebo_ros_velodyne_laser[0m
[4.552s] [ 50%] [32mBuilding CXX object CMakeFiles/gazebo_ros_velodyne_laser.dir/src/GazeboRosVelodyneLaser.cpp.o[0m
[21.076s] [100%] [32m[1mLinking CXX shared library libgazebo_ros_velodyne_laser.so[0m
[21.954s] [100%] Built target gazebo_ros_velodyne_laser
[21.971s] Invoked command in '/home/ceu/ros2_ws/build/velodyne_gazebo_plugins' returned '0': CMAKE_PREFIX_PATH=/opt/ros/foxy /usr/bin/cmake --build /home/ceu/ros2_ws/build/velodyne_gazebo_plugins -- -j12 -l12
[22.013s] Invoking command in '/home/ceu/ros2_ws/build/velodyne_gazebo_plugins': CMAKE_PREFIX_PATH=/opt/ros/foxy /usr/bin/cmake --install /home/ceu/ros2_ws/build/velodyne_gazebo_plugins
[22.028s] -- Install configuration: ""
[22.028s] -- Installing: /home/ceu/ros2_ws/install/velodyne_gazebo_plugins/share/velodyne_gazebo_plugins/environment/library_path.sh
[22.028s] -- Installing: /home/ceu/ros2_ws/install/velodyne_gazebo_plugins/share/velodyne_gazebo_plugins/environment/library_path.dsv
[22.028s] -- Installing: /home/ceu/ros2_ws/install/velodyne_gazebo_plugins/share/ament_index/resource_index/package_run_dependencies/velodyne_gazebo_plugins
[22.029s] -- Installing: /home/ceu/ros2_ws/install/velodyne_gazebo_plugins/share/ament_index/resource_index/parent_prefix_path/velodyne_gazebo_plugins
[22.029s] -- Installing: /home/ceu/ros2_ws/install/velodyne_gazebo_plugins/share/velodyne_gazebo_plugins/environment/ament_prefix_path.sh
[22.029s] -- Installing: /home/ceu/ros2_ws/install/velodyne_gazebo_plugins/share/velodyne_gazebo_plugins/environment/ament_prefix_path.dsv
[22.029s] -- Installing: /home/ceu/ros2_ws/install/velodyne_gazebo_plugins/share/velodyne_gazebo_plugins/environment/path.sh
[22.030s] -- Installing: /home/ceu/ros2_ws/install/velodyne_gazebo_plugins/share/velodyne_gazebo_plugins/environment/path.dsv
[22.030s] -- Installing: /home/ceu/ros2_ws/install/velodyne_gazebo_plugins/share/velodyne_gazebo_plugins/local_setup.bash
[22.031s] -- Installing: /home/ceu/ros2_ws/install/velodyne_gazebo_plugins/share/velodyne_gazebo_plugins/local_setup.sh
[22.031s] -- Installing: /home/ceu/ros2_ws/install/velodyne_gazebo_plugins/share/velodyne_gazebo_plugins/local_setup.zsh
[22.031s] -- Installing: /home/ceu/ros2_ws/install/velodyne_gazebo_plugins/share/velodyne_gazebo_plugins/local_setup.dsv
[22.032s] -- Installing: /home/ceu/ros2_ws/install/velodyne_gazebo_plugins/share/velodyne_gazebo_plugins/package.dsv
[22.032s] -- Installing: /home/ceu/ros2_ws/install/velodyne_gazebo_plugins/share/ament_index/resource_index/packages/velodyne_gazebo_plugins
[22.032s] -- Installing: /home/ceu/ros2_ws/install/velodyne_gazebo_plugins/share/velodyne_gazebo_plugins/cmake/ament_cmake_export_libraries-extras.cmake
[22.032s] -- Installing: /home/ceu/ros2_ws/install/velodyne_gazebo_plugins/share/velodyne_gazebo_plugins/cmake/ament_cmake_export_include_directories-extras.cmake
[22.033s] -- Installing: /home/ceu/ros2_ws/install/velodyne_gazebo_plugins/share/velodyne_gazebo_plugins/cmake/ament_cmake_export_dependencies-extras.cmake
[22.033s] -- Installing: /home/ceu/ros2_ws/install/velodyne_gazebo_plugins/share/velodyne_gazebo_plugins/cmake/velodyne_gazebo_pluginsConfig.cmake
[22.033s] -- Installing: /home/ceu/ros2_ws/install/velodyne_gazebo_plugins/share/velodyne_gazebo_plugins/cmake/velodyne_gazebo_pluginsConfig-version.cmake
[22.033s] -- Installing: /home/ceu/ros2_ws/install/velodyne_gazebo_plugins/share/velodyne_gazebo_plugins/package.xml
[22.034s] -- Installing: /home/ceu/ros2_ws/install/velodyne_gazebo_plugins/include
[22.034s] -- Installing: /home/ceu/ros2_ws/install/velodyne_gazebo_plugins/include/velodyne_gazebo_plugins
[22.034s] -- Installing: /home/ceu/ros2_ws/install/velodyne_gazebo_plugins/include/velodyne_gazebo_plugins/GazeboRosVelodyneLaser.h
[22.034s] -- Installing: /home/ceu/ros2_ws/install/velodyne_gazebo_plugins/lib/libgazebo_ros_velodyne_laser.so
[22.041s] -- Set runtime path of "/home/ceu/ros2_ws/install/velodyne_gazebo_plugins/lib/libgazebo_ros_velodyne_laser.so" to ""
[22.042s] Invoked command in '/home/ceu/ros2_ws/build/velodyne_gazebo_plugins' returned '0': CMAKE_PREFIX_PATH=/opt/ros/foxy /usr/bin/cmake --install /home/ceu/ros2_ws/build/velodyne_gazebo_plugins
