[1.117s] Invoking command in '/home/ceu/ros2_ws/build/velodyne_description': CMAKE_PREFIX_PATH=/opt/ros/foxy /usr/bin/cmake --build /home/ceu/ros2_ws/build/velodyne_description -- -j12 -l12
[1.561s] Invoked command in '/home/ceu/ros2_ws/build/velodyne_description' returned '0': CMAKE_PREFIX_PATH=/opt/ros/foxy /usr/bin/cmake --build /home/ceu/ros2_ws/build/velodyne_description -- -j12 -l12
[1.610s] Invoking command in '/home/ceu/ros2_ws/build/velodyne_description': CMAKE_PREFIX_PATH=/opt/ros/foxy /usr/bin/cmake --install /home/ceu/ros2_ws/build/velodyne_description
[1.640s] -- Install configuration: ""
[1.640s] -- Up-to-date: /home/ceu/ros2_ws/install/velodyne_description/share/ament_index/resource_index/package_run_dependencies/velodyne_description
[1.640s] -- Up-to-date: /home/ceu/ros2_ws/install/velodyne_description/share/ament_index/resource_index/parent_prefix_path/velodyne_description
[1.640s] -- Up-to-date: /home/ceu/ros2_ws/install/velodyne_description/share/velodyne_description/environment/ament_prefix_path.sh
[1.641s] -- Up-to-date: /home/ceu/ros2_ws/install/velodyne_description/share/velodyne_description/environment/ament_prefix_path.dsv
[1.641s] -- Up-to-date: /home/ceu/ros2_ws/install/velodyne_description/share/velodyne_description/environment/path.sh
[1.641s] -- Up-to-date: /home/ceu/ros2_ws/install/velodyne_description/share/velodyne_description/environment/path.dsv
[1.641s] -- Up-to-date: /home/ceu/ros2_ws/install/velodyne_description/share/velodyne_description/local_setup.bash
[1.642s] -- Up-to-date: /home/ceu/ros2_ws/install/velodyne_description/share/velodyne_description/local_setup.sh
[1.642s] -- Up-to-date: /home/ceu/ros2_ws/install/velodyne_description/share/velodyne_description/local_setup.zsh
[1.642s] -- Up-to-date: /home/ceu/ros2_ws/install/velodyne_description/share/velodyne_description/local_setup.dsv
[1.642s] -- Up-to-date: /home/ceu/ros2_ws/install/velodyne_description/share/velodyne_description/package.dsv
[1.642s] -- Up-to-date: /home/ceu/ros2_ws/install/velodyne_description/share/ament_index/resource_index/packages/velodyne_description
[1.643s] -- Up-to-date: /home/ceu/ros2_ws/install/velodyne_description/share/velodyne_description/cmake/ament_cmake_export_dependencies-extras.cmake
[1.643s] -- Up-to-date: /home/ceu/ros2_ws/install/velodyne_description/share/velodyne_description/cmake/velodyne_descriptionConfig.cmake
[1.643s] -- Up-to-date: /home/ceu/ros2_ws/install/velodyne_description/share/velodyne_description/cmake/velodyne_descriptionConfig-version.cmake
[1.643s] -- Up-to-date: /home/ceu/ros2_ws/install/velodyne_description/share/velodyne_description/package.xml
[1.643s] -- Up-to-date: /home/ceu/ros2_ws/install/velodyne_description/share/velodyne_description/launch
[1.644s] -- Up-to-date: /home/ceu/ros2_ws/install/velodyne_description/share/velodyne_description/launch/example-launch.py
[1.644s] -- Up-to-date: /home/ceu/ros2_ws/install/velodyne_description/share/velodyne_description/meshes
[1.644s] -- Up-to-date: /home/ceu/ros2_ws/install/velodyne_description/share/velodyne_description/meshes/HDL32E_scan.dae
[1.644s] -- Up-to-date: /home/ceu/ros2_ws/install/velodyne_description/share/velodyne_description/meshes/VLP16_scan.stl
[1.644s] -- Up-to-date: /home/ceu/ros2_ws/install/velodyne_description/share/velodyne_description/meshes/HDL32E_base.stl
[1.644s] -- Up-to-date: /home/ceu/ros2_ws/install/velodyne_description/share/velodyne_description/meshes/VLP16_base_2.stl
[1.644s] -- Up-to-date: /home/ceu/ros2_ws/install/velodyne_description/share/velodyne_description/meshes/HDL32E_base.dae
[1.645s] -- Up-to-date: /home/ceu/ros2_ws/install/velodyne_description/share/velodyne_description/meshes/VLP16_scan.dae
[1.645s] -- Up-to-date: /home/ceu/ros2_ws/install/velodyne_description/share/velodyne_description/meshes/VLP16_base_2.dae
[1.645s] -- Up-to-date: /home/ceu/ros2_ws/install/velodyne_description/share/velodyne_description/meshes/VLP16_base_1.dae
[1.645s] -- Up-to-date: /home/ceu/ros2_ws/install/velodyne_description/share/velodyne_description/meshes/HDL32E_scan.stl
[1.645s] -- Up-to-date: /home/ceu/ros2_ws/install/velodyne_description/share/velodyne_description/meshes/VLP16_base_1.stl
[1.645s] -- Up-to-date: /home/ceu/ros2_ws/install/velodyne_description/share/velodyne_description/rviz
[1.645s] -- Up-to-date: /home/ceu/ros2_ws/install/velodyne_description/share/velodyne_description/rviz/example.rviz
[1.645s] -- Up-to-date: /home/ceu/ros2_ws/install/velodyne_description/share/velodyne_description/urdf
[1.645s] -- Up-to-date: /home/ceu/ros2_ws/install/velodyne_description/share/velodyne_description/urdf/VLP-16.urdf.xacro
[1.646s] -- Up-to-date: /home/ceu/ros2_ws/install/velodyne_description/share/velodyne_description/urdf/VLP-32C.urdf.xacro
[1.646s] -- Up-to-date: /home/ceu/ros2_ws/install/velodyne_description/share/velodyne_description/urdf/HDL-32E.urdf.xacro
[1.646s] -- Up-to-date: /home/ceu/ros2_ws/install/velodyne_description/share/velodyne_description/urdf/example.urdf.xacro
[1.646s] -- Up-to-date: /home/ceu/ros2_ws/install/velodyne_description/share/velodyne_description/world
[1.646s] -- Up-to-date: /home/ceu/ros2_ws/install/velodyne_description/share/velodyne_description/world/lio_sam.model
[1.646s] -- Up-to-date: /home/ceu/ros2_ws/install/velodyne_description/share/velodyne_description/world/example.world
[1.646s] -- Up-to-date: /home/ceu/ros2_ws/install/velodyne_description/share/velodyne_description/models
[1.647s] -- Up-to-date: /home/ceu/ros2_ws/install/velodyne_description/share/velodyne_description/models/rs_robot
[1.647s] -- Up-to-date: /home/ceu/ros2_ws/install/velodyne_description/share/velodyne_description/models/rs_robot/model.config
[1.647s] -- Up-to-date: /home/ceu/ros2_ws/install/velodyne_description/share/velodyne_description/models/rs_robot/meshes
[1.647s] -- Up-to-date: /home/ceu/ros2_ws/install/velodyne_description/share/velodyne_description/models/rs_robot/meshes/STL
[1.647s] -- Up-to-date: /home/ceu/ros2_ws/install/velodyne_description/share/velodyne_description/models/rs_robot/meshes/STL/lidar_head
[1.647s] -- Up-to-date: /home/ceu/ros2_ws/install/velodyne_description/share/velodyne_description/models/rs_robot/meshes/STL/lidar_head/YDlidar_head v4.stl
[1.647s] -- Up-to-date: /home/ceu/ros2_ws/install/velodyne_description/share/velodyne_description/models/rs_robot/meshes/STL/base
[1.648s] -- Up-to-date: /home/ceu/ros2_ws/install/velodyne_description/share/velodyne_description/models/rs_robot/meshes/STL/base/base_link.stl
[1.648s] -- Up-to-date: /home/ceu/ros2_ws/install/velodyne_description/share/velodyne_description/models/rs_robot/meshes/STL/base/base_link_old.stl
[1.648s] -- Up-to-date: /home/ceu/ros2_ws/install/velodyne_description/share/velodyne_description/models/rs_robot/meshes/STL/lidar_base
[1.648s] -- Up-to-date: /home/ceu/ros2_ws/install/velodyne_description/share/velodyne_description/models/rs_robot/meshes/STL/lidar_base/YDlidar_base.stl
[1.648s] -- Up-to-date: /home/ceu/ros2_ws/install/velodyne_description/share/velodyne_description/models/rs_robot/meshes/STL/suspension
[1.648s] -- Up-to-date: /home/ceu/ros2_ws/install/velodyne_description/share/velodyne_description/models/rs_robot/meshes/STL/suspension/sus_link.stl
[1.648s] -- Up-to-date: /home/ceu/ros2_ws/install/velodyne_description/share/velodyne_description/models/rs_robot/meshes/STL/suspension/REAR_RIGHT_LINKSTL.stl
[1.648s] -- Up-to-date: /home/ceu/ros2_ws/install/velodyne_description/share/velodyne_description/models/rs_robot/meshes/STL/suspension/REAR_LEFT_LINKSTL.stl
[1.648s] -- Up-to-date: /home/ceu/ros2_ws/install/velodyne_description/share/velodyne_description/models/rs_robot/meshes/STL/suspension/FRONT_RIGHT_LINKSTL.stl
[1.649s] -- Up-to-date: /home/ceu/ros2_ws/install/velodyne_description/share/velodyne_description/models/rs_robot/meshes/STL/suspension/FRONT_LEFT_LINKSTL.stl
[1.649s] -- Up-to-date: /home/ceu/ros2_ws/install/velodyne_description/share/velodyne_description/models/rs_robot/meshes/STL/wheel
[1.649s] -- Up-to-date: /home/ceu/ros2_ws/install/velodyne_description/share/velodyne_description/models/rs_robot/meshes/STL/wheel/robot_wheel.stl
[1.649s] -- Up-to-date: /home/ceu/ros2_ws/install/velodyne_description/share/velodyne_description/models/rs_robot/meshes/STL/sensors
[1.649s] -- Up-to-date: /home/ceu/ros2_ws/install/velodyne_description/share/velodyne_description/models/rs_robot/meshes/STL/sensors/gim30
[1.653s] -- Up-to-date: /home/ceu/ros2_ws/install/velodyne_description/share/velodyne_description/models/rs_robot/meshes/STL/sensors/gim30/gim30.stl
[1.653s] -- Up-to-date: /home/ceu/ros2_ws/install/velodyne_description/share/velodyne_description/models/rs_robot/meshes/STL/sensors/rear_lrf
[1.654s] -- Up-to-date: /home/ceu/ros2_ws/install/velodyne_description/share/velodyne_description/models/rs_robot/meshes/STL/sensors/rear_lrf/rear_lrf.stl
[1.655s] -- Up-to-date: /home/ceu/ros2_ws/install/velodyne_description/share/velodyne_description/models/rs_robot/meshes/STL/sensors/camera
[1.655s] -- Up-to-date: /home/ceu/ros2_ws/install/velodyne_description/share/velodyne_description/models/rs_robot/meshes/STL/sensors/front_lrf
[1.656s] -- Up-to-date: /home/ceu/ros2_ws/install/velodyne_description/share/velodyne_description/models/rs_robot/meshes/STL/sensors/front_lrf/front_lrf.stl
[1.657s] -- Up-to-date: /home/ceu/ros2_ws/install/velodyne_description/share/velodyne_description/models/rs_robot/meshes/STL/sensors/gps
[1.658s] -- Up-to-date: /home/ceu/ros2_ws/install/velodyne_description/share/velodyne_description/models/rs_robot/meshes/STL/sensors/gps/gps.stl
[1.658s] -- Up-to-date: /home/ceu/ros2_ws/install/velodyne_description/share/velodyne_description/models/rs_robot/meshes/DAE
[1.659s] -- Up-to-date: /home/ceu/ros2_ws/install/velodyne_description/share/velodyne_description/models/rs_robot/meshes/DAE/lidar_head
[1.659s] -- Up-to-date: /home/ceu/ros2_ws/install/velodyne_description/share/velodyne_description/models/rs_robot/meshes/DAE/lidar_head/YDlidar_head.dae
[1.660s] -- Up-to-date: /home/ceu/ros2_ws/install/velodyne_description/share/velodyne_description/models/rs_robot/meshes/DAE/base
[1.660s] -- Up-to-date: /home/ceu/ros2_ws/install/velodyne_description/share/velodyne_description/models/rs_robot/meshes/DAE/base/base_linkOLD.dae
[1.661s] -- Up-to-date: /home/ceu/ros2_ws/install/velodyne_description/share/velodyne_description/models/rs_robot/meshes/DAE/base/base_link.dae
[1.661s] -- Up-to-date: /home/ceu/ros2_ws/install/velodyne_description/share/velodyne_description/models/rs_robot/meshes/DAE/lidar_base
[1.662s] -- Up-to-date: /home/ceu/ros2_ws/install/velodyne_description/share/velodyne_description/models/rs_robot/meshes/DAE/lidar_base/YDlidar_base.dae
[1.662s] -- Up-to-date: /home/ceu/ros2_ws/install/velodyne_description/share/velodyne_description/models/rs_robot/meshes/DAE/suspension
[1.662s] -- Up-to-date: /home/ceu/ros2_ws/install/velodyne_description/share/velodyne_description/models/rs_robot/meshes/DAE/suspension/front_left_link.dae
[1.663s] -- Up-to-date: /home/ceu/ros2_ws/install/velodyne_description/share/velodyne_description/models/rs_robot/meshes/DAE/suspension/front_right_link.dae
[1.663s] -- Up-to-date: /home/ceu/ros2_ws/install/velodyne_description/share/velodyne_description/models/rs_robot/meshes/DAE/suspension/rear_left_link.dae
[1.663s] -- Up-to-date: /home/ceu/ros2_ws/install/velodyne_description/share/velodyne_description/models/rs_robot/meshes/DAE/suspension/rear_right_link.dae
[1.663s] -- Up-to-date: /home/ceu/ros2_ws/install/velodyne_description/share/velodyne_description/models/rs_robot/meshes/DAE/wheel
[1.663s] -- Up-to-date: /home/ceu/ros2_ws/install/velodyne_description/share/velodyne_description/models/rs_robot/meshes/DAE/wheel/wheel_link.dae
[1.663s] -- Up-to-date: /home/ceu/ros2_ws/install/velodyne_description/share/velodyne_description/models/rs_robot/meshes/DAE/sensors
[1.663s] -- Up-to-date: /home/ceu/ros2_ws/install/velodyne_description/share/velodyne_description/models/rs_robot/meshes/DAE/sensors/gim30
[1.663s] -- Up-to-date: /home/ceu/ros2_ws/install/velodyne_description/share/velodyne_description/models/rs_robot/meshes/DAE/sensors/gim30/gim30.dae
[1.664s] -- Up-to-date: /home/ceu/ros2_ws/install/velodyne_description/share/velodyne_description/models/rs_robot/meshes/DAE/sensors/gim30/gim30_lrf_texture.png
[1.664s] -- Up-to-date: /home/ceu/ros2_ws/install/velodyne_description/share/velodyne_description/models/rs_robot/meshes/DAE/sensors/rear_lrf
[1.664s] -- Up-to-date: /home/ceu/ros2_ws/install/velodyne_description/share/velodyne_description/models/rs_robot/meshes/DAE/sensors/rear_lrf/rear_lrf.dae
[1.664s] -- Up-to-date: /home/ceu/ros2_ws/install/velodyne_description/share/velodyne_description/models/rs_robot/meshes/DAE/sensors/rear_lrf/urg_texture.png
[1.664s] -- Up-to-date: /home/ceu/ros2_ws/install/velodyne_description/share/velodyne_description/models/rs_robot/meshes/DAE/sensors/camera
[1.664s] -- Up-to-date: /home/ceu/ros2_ws/install/velodyne_description/share/velodyne_description/models/rs_robot/meshes/DAE/sensors/camera/camera.dae
[1.665s] -- Up-to-date: /home/ceu/ros2_ws/install/velodyne_description/share/velodyne_description/models/rs_robot/meshes/DAE/sensors/front_lrf
[1.665s] -- Up-to-date: /home/ceu/ros2_ws/install/velodyne_description/share/velodyne_description/models/rs_robot/meshes/DAE/sensors/front_lrf/lrf_texture.png
[1.665s] -- Up-to-date: /home/ceu/ros2_ws/install/velodyne_description/share/velodyne_description/models/rs_robot/meshes/DAE/sensors/front_lrf/front_lrf.dae
[1.665s] -- Up-to-date: /home/ceu/ros2_ws/install/velodyne_description/share/velodyne_description/models/rs_robot/meshes/DAE/sensors/gps
[1.666s] -- Up-to-date: /home/ceu/ros2_ws/install/velodyne_description/share/velodyne_description/models/rs_robot/meshes/DAE/sensors/gps/gps_texture.png
[1.666s] -- Up-to-date: /home/ceu/ros2_ws/install/velodyne_description/share/velodyne_description/models/rs_robot/meshes/DAE/sensors/gps/gps.dae
[1.667s] -- Up-to-date: /home/ceu/ros2_ws/install/velodyne_description/share/velodyne_description/models/rs_robot/rs_robot.sdf
[1.940s] Invoked command in '/home/ceu/ros2_ws/build/velodyne_description' returned '0': CMAKE_PREFIX_PATH=/opt/ros/foxy /usr/bin/cmake --install /home/ceu/ros2_ws/build/velodyne_description
