[2.187s] DEBUG:colcon:Command line arguments: ['/usr/bin/colcon', 'build']
[2.187s] DEBUG:colcon:Parsed command line arguments: Namespace(allow_overriding=[], ament_cmake_args=None, base_paths=['.'], build_base='build', catkin_cmake_args=None, catkin_skip_building_tests=False, cmake_args=None, cmake_clean_cache=False, cmake_clean_first=False, cmake_force_configure=False, cmake_target=None, cmake_target_skip_unavailable=False, continue_on_error=False, event_handlers=None, executor='parallel', ignore_user_meta=False, install_base='install', log_base=None, log_level=None, main=<bound method BuildVerb.main of <colcon_core.verb.build.BuildVerb object at 0x7fe2972712b0>>, merge_install=False, metas=['./colcon.meta'], packages_above=None, packages_above_and_dependencies=None, packages_above_depth=None, packages_end=None, packages_ignore=None, packages_ignore_regex=None, packages_select=None, packages_select_build_failed=False, packages_select_by_dep=None, packages_select_regex=None, packages_select_test_failures=False, packages_skip=None, packages_skip_build_finished=False, packages_skip_by_dep=None, packages_skip_regex=None, packages_skip_test_passed=False, packages_skip_up_to=None, packages_start=None, packages_up_to=None, packages_up_to_regex=None, parallel_workers=12, paths=None, symlink_install=False, test_result_base=None, verb_extension=<colcon_core.verb.build.BuildVerb object at 0x7fe2972712b0>, verb_name='build', verb_parser=<colcon_defaults.argument_parser.defaults.DefaultArgumentsDecorator object at 0x7fe297271580>)
[2.272s] Level 1:colcon.colcon_core.package_discovery:discover_packages(colcon_meta) check parameters
[2.272s] Level 1:colcon.colcon_core.package_discovery:discover_packages(recursive) check parameters
[2.272s] Level 1:colcon.colcon_core.package_discovery:discover_packages(ignore) check parameters
[2.272s] Level 1:colcon.colcon_core.package_discovery:discover_packages(path) check parameters
[2.272s] Level 1:colcon.colcon_core.package_discovery:discover_packages(colcon_meta) discover
[2.272s] Level 1:colcon.colcon_core.package_discovery:discover_packages(recursive) discover
[2.272s] INFO:colcon.colcon_core.package_discovery:Crawling recursively for packages in '/home/ceu/ros2_ws'
[2.272s] Level 1:colcon.colcon_core.package_identification:_identify(.) by extensions ['ignore', 'ignore_ament_install']
[2.272s] Level 1:colcon.colcon_core.package_identification:_identify(.) by extension 'ignore'
[2.272s] Level 1:colcon.colcon_core.package_identification:_identify(.) by extension 'ignore_ament_install'
[2.272s] Level 1:colcon.colcon_core.package_identification:_identify(.) by extensions ['colcon_pkg']
[2.272s] Level 1:colcon.colcon_core.package_identification:_identify(.) by extension 'colcon_pkg'
[2.272s] Level 1:colcon.colcon_core.package_identification:_identify(.) by extensions ['colcon_meta']
[2.272s] Level 1:colcon.colcon_core.package_identification:_identify(.) by extension 'colcon_meta'
[2.272s] Level 1:colcon.colcon_core.package_identification:_identify(.) by extensions ['ros']
[2.272s] Level 1:colcon.colcon_core.package_identification:_identify(.) by extension 'ros'
[2.291s] Level 1:colcon.colcon_core.package_identification:_identify(.) by extensions ['cmake', 'python']
[2.291s] Level 1:colcon.colcon_core.package_identification:_identify(.) by extension 'cmake'
[2.291s] Level 1:colcon.colcon_core.package_identification:_identify(.) by extension 'python'
[2.291s] Level 1:colcon.colcon_core.package_identification:_identify(.) by extensions ['python_setup_py']
[2.291s] Level 1:colcon.colcon_core.package_identification:_identify(.) by extension 'python_setup_py'
[2.292s] Level 1:colcon.colcon_core.package_identification:_identify(build) by extensions ['ignore', 'ignore_ament_install']
[2.292s] Level 1:colcon.colcon_core.package_identification:_identify(build) by extension 'ignore'
[2.292s] Level 1:colcon.colcon_core.package_identification:_identify(build) ignored
[2.292s] Level 1:colcon.colcon_core.package_identification:_identify(install) by extensions ['ignore', 'ignore_ament_install']
[2.292s] Level 1:colcon.colcon_core.package_identification:_identify(install) by extension 'ignore'
[2.292s] Level 1:colcon.colcon_core.package_identification:_identify(install) ignored
[2.292s] Level 1:colcon.colcon_core.package_identification:_identify(log) by extensions ['ignore', 'ignore_ament_install']
[2.292s] Level 1:colcon.colcon_core.package_identification:_identify(log) by extension 'ignore'
[2.292s] Level 1:colcon.colcon_core.package_identification:_identify(log) ignored
[2.292s] Level 1:colcon.colcon_core.package_identification:_identify(src) by extensions ['ignore', 'ignore_ament_install']
[2.292s] Level 1:colcon.colcon_core.package_identification:_identify(src) by extension 'ignore'
[2.292s] Level 1:colcon.colcon_core.package_identification:_identify(src) by extension 'ignore_ament_install'
[2.292s] Level 1:colcon.colcon_core.package_identification:_identify(src) by extensions ['colcon_pkg']
[2.292s] Level 1:colcon.colcon_core.package_identification:_identify(src) by extension 'colcon_pkg'
[2.292s] Level 1:colcon.colcon_core.package_identification:_identify(src) by extensions ['colcon_meta']
[2.292s] Level 1:colcon.colcon_core.package_identification:_identify(src) by extension 'colcon_meta'
[2.292s] Level 1:colcon.colcon_core.package_identification:_identify(src) by extensions ['ros']
[2.292s] Level 1:colcon.colcon_core.package_identification:_identify(src) by extension 'ros'
[2.293s] Level 1:colcon.colcon_core.package_identification:_identify(src) by extensions ['cmake', 'python']
[2.293s] Level 1:colcon.colcon_core.package_identification:_identify(src) by extension 'cmake'
[2.293s] Level 1:colcon.colcon_core.package_identification:_identify(src) by extension 'python'
[2.293s] Level 1:colcon.colcon_core.package_identification:_identify(src) by extensions ['python_setup_py']
[2.293s] Level 1:colcon.colcon_core.package_identification:_identify(src) by extension 'python_setup_py'
[2.293s] Level 1:colcon.colcon_core.package_identification:_identify(src/PX4-Autopilot) by extensions ['ignore', 'ignore_ament_install']
[2.293s] Level 1:colcon.colcon_core.package_identification:_identify(src/PX4-Autopilot) by extension 'ignore'
[2.293s] Level 1:colcon.colcon_core.package_identification:_identify(src/PX4-Autopilot) by extension 'ignore_ament_install'
[2.293s] Level 1:colcon.colcon_core.package_identification:_identify(src/PX4-Autopilot) by extensions ['colcon_pkg']
[2.293s] Level 1:colcon.colcon_core.package_identification:_identify(src/PX4-Autopilot) by extension 'colcon_pkg'
[2.293s] Level 1:colcon.colcon_core.package_identification:_identify(src/PX4-Autopilot) by extensions ['colcon_meta']
[2.293s] Level 1:colcon.colcon_core.package_identification:_identify(src/PX4-Autopilot) by extension 'colcon_meta'
[2.293s] Level 1:colcon.colcon_core.package_identification:_identify(src/PX4-Autopilot) by extensions ['ros']
[2.293s] Level 1:colcon.colcon_core.package_identification:_identify(src/PX4-Autopilot) by extension 'ros'
[2.295s] DEBUG:colcon.colcon_core.package_identification:Package 'src/PX4-Autopilot' with type 'ros.ament_cmake' and name 'px4'
[2.295s] Level 1:colcon.colcon_core.package_identification:_identify(src/publish_lidar_data) by extensions ['ignore', 'ignore_ament_install']
[2.295s] Level 1:colcon.colcon_core.package_identification:_identify(src/publish_lidar_data) by extension 'ignore'
[2.295s] Level 1:colcon.colcon_core.package_identification:_identify(src/publish_lidar_data) by extension 'ignore_ament_install'
[2.295s] Level 1:colcon.colcon_core.package_identification:_identify(src/publish_lidar_data) by extensions ['colcon_pkg']
[2.295s] Level 1:colcon.colcon_core.package_identification:_identify(src/publish_lidar_data) by extension 'colcon_pkg'
[2.295s] Level 1:colcon.colcon_core.package_identification:_identify(src/publish_lidar_data) by extensions ['colcon_meta']
[2.295s] Level 1:colcon.colcon_core.package_identification:_identify(src/publish_lidar_data) by extension 'colcon_meta'
[2.295s] Level 1:colcon.colcon_core.package_identification:_identify(src/publish_lidar_data) by extensions ['ros']
[2.295s] Level 1:colcon.colcon_core.package_identification:_identify(src/publish_lidar_data) by extension 'ros'
[2.296s] DEBUG:colcon.colcon_core.package_identification:Found ROS schema reference in package manifest in 'src/publish_lidar_data'
[2.296s] WARNING:colcon.colcon_core.package_identification:Failed to parse ROS package manifest in 'src/publish_lidar_data': Error(s) in package 'src/publish_lidar_data/package.xml':
Invalid email "ceu@cego6160@colorado.edu" for person "ceu"
[2.296s] Level 1:colcon.colcon_core.package_identification:_identify(src/publish_lidar_data) by extensions ['cmake', 'python']
[2.296s] Level 1:colcon.colcon_core.package_identification:_identify(src/publish_lidar_data) by extension 'cmake'
[2.296s] Level 1:colcon.colcon_core.package_identification:_identify(src/publish_lidar_data) by extension 'python'
[2.296s] DEBUG:colcon.colcon_core.package_identification:Python package in 'src/publish_lidar_data' passes arguments to the setup() function which requires a different identification extension than 'python'
[2.296s] Level 1:colcon.colcon_core.package_identification:_identify(src/publish_lidar_data) by extensions ['python_setup_py']
[2.296s] Level 1:colcon.colcon_core.package_identification:_identify(src/publish_lidar_data) by extension 'python_setup_py'
[2.558s] DEBUG:colcon.colcon_core.package_identification:Package 'src/publish_lidar_data' with type 'python' and name 'publish_lidar_data'
[2.558s] Level 1:colcon.colcon_core.package_identification:_identify(src/px4-offboard) by extensions ['ignore', 'ignore_ament_install']
[2.559s] Level 1:colcon.colcon_core.package_identification:_identify(src/px4-offboard) by extension 'ignore'
[2.559s] Level 1:colcon.colcon_core.package_identification:_identify(src/px4-offboard) by extension 'ignore_ament_install'
[2.559s] Level 1:colcon.colcon_core.package_identification:_identify(src/px4-offboard) by extensions ['colcon_pkg']
[2.559s] Level 1:colcon.colcon_core.package_identification:_identify(src/px4-offboard) by extension 'colcon_pkg'
[2.559s] Level 1:colcon.colcon_core.package_identification:_identify(src/px4-offboard) by extensions ['colcon_meta']
[2.559s] Level 1:colcon.colcon_core.package_identification:_identify(src/px4-offboard) by extension 'colcon_meta'
[2.559s] Level 1:colcon.colcon_core.package_identification:_identify(src/px4-offboard) by extensions ['ros']
[2.559s] Level 1:colcon.colcon_core.package_identification:_identify(src/px4-offboard) by extension 'ros'
[2.560s] DEBUG:colcon.colcon_core.package_identification:Package 'src/px4-offboard' with type 'ros.ament_python' and name 'px4_offboard'
[2.560s] Level 1:colcon.colcon_core.package_identification:_identify(src/px4_msgs) by extensions ['ignore', 'ignore_ament_install']
[2.560s] Level 1:colcon.colcon_core.package_identification:_identify(src/px4_msgs) by extension 'ignore'
[2.560s] Level 1:colcon.colcon_core.package_identification:_identify(src/px4_msgs) by extension 'ignore_ament_install'
[2.560s] Level 1:colcon.colcon_core.package_identification:_identify(src/px4_msgs) by extensions ['colcon_pkg']
[2.560s] Level 1:colcon.colcon_core.package_identification:_identify(src/px4_msgs) by extension 'colcon_pkg'
[2.560s] Level 1:colcon.colcon_core.package_identification:_identify(src/px4_msgs) by extensions ['colcon_meta']
[2.560s] Level 1:colcon.colcon_core.package_identification:_identify(src/px4_msgs) by extension 'colcon_meta'
[2.560s] Level 1:colcon.colcon_core.package_identification:_identify(src/px4_msgs) by extensions ['ros']
[2.560s] Level 1:colcon.colcon_core.package_identification:_identify(src/px4_msgs) by extension 'ros'
[2.561s] DEBUG:colcon.colcon_core.package_identification:Package 'src/px4_msgs' with type 'ros.ament_cmake' and name 'px4_msgs'
[2.561s] Level 1:colcon.colcon_core.package_identification:_identify(src/px4_ros_com) by extensions ['ignore', 'ignore_ament_install']
[2.561s] Level 1:colcon.colcon_core.package_identification:_identify(src/px4_ros_com) by extension 'ignore'
[2.561s] Level 1:colcon.colcon_core.package_identification:_identify(src/px4_ros_com) by extension 'ignore_ament_install'
[2.561s] Level 1:colcon.colcon_core.package_identification:_identify(src/px4_ros_com) by extensions ['colcon_pkg']
[2.561s] Level 1:colcon.colcon_core.package_identification:_identify(src/px4_ros_com) by extension 'colcon_pkg'
[2.561s] Level 1:colcon.colcon_core.package_identification:_identify(src/px4_ros_com) by extensions ['colcon_meta']
[2.561s] Level 1:colcon.colcon_core.package_identification:_identify(src/px4_ros_com) by extension 'colcon_meta'
[2.561s] Level 1:colcon.colcon_core.package_identification:_identify(src/px4_ros_com) by extensions ['ros']
[2.561s] Level 1:colcon.colcon_core.package_identification:_identify(src/px4_ros_com) by extension 'ros'
[2.562s] DEBUG:colcon.colcon_core.package_identification:Package 'src/px4_ros_com' with type 'ros.ament_cmake' and name 'px4_ros_com'
[2.562s] Level 1:colcon.colcon_core.package_discovery:discover_packages(recursive) using defaults
[2.562s] Level 1:colcon.colcon_core.package_discovery:discover_packages(ignore) discover
[2.562s] Level 1:colcon.colcon_core.package_discovery:discover_packages(ignore) using defaults
[2.562s] Level 1:colcon.colcon_core.package_discovery:discover_packages(path) discover
[2.562s] Level 1:colcon.colcon_core.package_discovery:discover_packages(path) using defaults
[2.769s] Level 1:colcon.colcon_core.package_discovery:discover_packages(prefix_path) check parameters
[2.769s] Level 1:colcon.colcon_core.package_discovery:discover_packages(prefix_path) discover
[2.847s] DEBUG:colcon.colcon_installed_package_information.package_discovery:Found 291 installed packages in /opt/ros/foxy
[2.848s] Level 1:colcon.colcon_core.package_discovery:discover_packages(prefix_path) using defaults
[3.004s] Level 5:colcon.colcon_core.verb:set package 'publish_lidar_data' build argument 'cmake_args' from command line to 'None'
[3.004s] Level 5:colcon.colcon_core.verb:set package 'publish_lidar_data' build argument 'cmake_target' from command line to 'None'
[3.004s] Level 5:colcon.colcon_core.verb:set package 'publish_lidar_data' build argument 'cmake_target_skip_unavailable' from command line to 'False'
[3.004s] Level 5:colcon.colcon_core.verb:set package 'publish_lidar_data' build argument 'cmake_clean_cache' from command line to 'False'
[3.004s] Level 5:colcon.colcon_core.verb:set package 'publish_lidar_data' build argument 'cmake_clean_first' from command line to 'False'
[3.004s] Level 5:colcon.colcon_core.verb:set package 'publish_lidar_data' build argument 'cmake_force_configure' from command line to 'False'
[3.004s] Level 5:colcon.colcon_core.verb:set package 'publish_lidar_data' build argument 'ament_cmake_args' from command line to 'None'
[3.004s] Level 5:colcon.colcon_core.verb:set package 'publish_lidar_data' build argument 'catkin_cmake_args' from command line to 'None'
[3.004s] Level 5:colcon.colcon_core.verb:set package 'publish_lidar_data' build argument 'catkin_skip_building_tests' from command line to 'False'
[3.004s] DEBUG:colcon.colcon_core.verb:Building package 'publish_lidar_data' with the following arguments: {'ament_cmake_args': None, 'build_base': '/home/ceu/ros2_ws/build/publish_lidar_data', 'catkin_cmake_args': None, 'catkin_skip_building_tests': False, 'cmake_args': None, 'cmake_clean_cache': False, 'cmake_clean_first': False, 'cmake_force_configure': False, 'cmake_target': None, 'cmake_target_skip_unavailable': False, 'install_base': '/home/ceu/ros2_ws/install/publish_lidar_data', 'merge_install': False, 'path': '/home/ceu/ros2_ws/src/publish_lidar_data', 'symlink_install': False, 'test_result_base': None}
[3.043s] Level 5:colcon.colcon_core.verb:set package 'px4' build argument 'cmake_args' from command line to 'None'
[3.043s] Level 5:colcon.colcon_core.verb:set package 'px4' build argument 'cmake_target' from command line to 'None'
[3.043s] Level 5:colcon.colcon_core.verb:set package 'px4' build argument 'cmake_target_skip_unavailable' from command line to 'False'
[3.043s] Level 5:colcon.colcon_core.verb:set package 'px4' build argument 'cmake_clean_cache' from command line to 'False'
[3.043s] Level 5:colcon.colcon_core.verb:set package 'px4' build argument 'cmake_clean_first' from command line to 'False'
[3.043s] Level 5:colcon.colcon_core.verb:set package 'px4' build argument 'cmake_force_configure' from command line to 'False'
[3.043s] Level 5:colcon.colcon_core.verb:set package 'px4' build argument 'ament_cmake_args' from command line to 'None'
[3.043s] Level 5:colcon.colcon_core.verb:set package 'px4' build argument 'catkin_cmake_args' from command line to 'None'
[3.043s] Level 5:colcon.colcon_core.verb:set package 'px4' build argument 'catkin_skip_building_tests' from command line to 'False'
[3.043s] DEBUG:colcon.colcon_core.verb:Building package 'px4' with the following arguments: {'ament_cmake_args': None, 'build_base': '/home/ceu/ros2_ws/build/px4', 'catkin_cmake_args': None, 'catkin_skip_building_tests': False, 'cmake_args': None, 'cmake_clean_cache': False, 'cmake_clean_first': False, 'cmake_force_configure': False, 'cmake_target': None, 'cmake_target_skip_unavailable': False, 'install_base': '/home/ceu/ros2_ws/install/px4', 'merge_install': False, 'path': '/home/ceu/ros2_ws/src/PX4-Autopilot', 'symlink_install': False, 'test_result_base': None}
[3.083s] Level 5:colcon.colcon_core.verb:set package 'px4_msgs' build argument 'cmake_args' from command line to 'None'
[3.083s] Level 5:colcon.colcon_core.verb:set package 'px4_msgs' build argument 'cmake_target' from command line to 'None'
[3.084s] Level 5:colcon.colcon_core.verb:set package 'px4_msgs' build argument 'cmake_target_skip_unavailable' from command line to 'False'
[3.084s] Level 5:colcon.colcon_core.verb:set package 'px4_msgs' build argument 'cmake_clean_cache' from command line to 'False'
[3.084s] Level 5:colcon.colcon_core.verb:set package 'px4_msgs' build argument 'cmake_clean_first' from command line to 'False'
[3.084s] Level 5:colcon.colcon_core.verb:set package 'px4_msgs' build argument 'cmake_force_configure' from command line to 'False'
[3.084s] Level 5:colcon.colcon_core.verb:set package 'px4_msgs' build argument 'ament_cmake_args' from command line to 'None'
[3.084s] Level 5:colcon.colcon_core.verb:set package 'px4_msgs' build argument 'catkin_cmake_args' from command line to 'None'
[3.084s] Level 5:colcon.colcon_core.verb:set package 'px4_msgs' build argument 'catkin_skip_building_tests' from command line to 'False'
[3.084s] DEBUG:colcon.colcon_core.verb:Building package 'px4_msgs' with the following arguments: {'ament_cmake_args': None, 'build_base': '/home/ceu/ros2_ws/build/px4_msgs', 'catkin_cmake_args': None, 'catkin_skip_building_tests': False, 'cmake_args': None, 'cmake_clean_cache': False, 'cmake_clean_first': False, 'cmake_force_configure': False, 'cmake_target': None, 'cmake_target_skip_unavailable': False, 'install_base': '/home/ceu/ros2_ws/install/px4_msgs', 'merge_install': False, 'path': '/home/ceu/ros2_ws/src/px4_msgs', 'symlink_install': False, 'test_result_base': None}
[3.122s] Level 5:colcon.colcon_core.verb:set package 'px4_offboard' build argument 'cmake_args' from command line to 'None'
[3.122s] Level 5:colcon.colcon_core.verb:set package 'px4_offboard' build argument 'cmake_target' from command line to 'None'
[3.122s] Level 5:colcon.colcon_core.verb:set package 'px4_offboard' build argument 'cmake_target_skip_unavailable' from command line to 'False'
[3.122s] Level 5:colcon.colcon_core.verb:set package 'px4_offboard' build argument 'cmake_clean_cache' from command line to 'False'
[3.122s] Level 5:colcon.colcon_core.verb:set package 'px4_offboard' build argument 'cmake_clean_first' from command line to 'False'
[3.122s] Level 5:colcon.colcon_core.verb:set package 'px4_offboard' build argument 'cmake_force_configure' from command line to 'False'
[3.122s] Level 5:colcon.colcon_core.verb:set package 'px4_offboard' build argument 'ament_cmake_args' from command line to 'None'
[3.122s] Level 5:colcon.colcon_core.verb:set package 'px4_offboard' build argument 'catkin_cmake_args' from command line to 'None'
[3.122s] Level 5:colcon.colcon_core.verb:set package 'px4_offboard' build argument 'catkin_skip_building_tests' from command line to 'False'
[3.122s] DEBUG:colcon.colcon_core.verb:Building package 'px4_offboard' with the following arguments: {'ament_cmake_args': None, 'build_base': '/home/ceu/ros2_ws/build/px4_offboard', 'catkin_cmake_args': None, 'catkin_skip_building_tests': False, 'cmake_args': None, 'cmake_clean_cache': False, 'cmake_clean_first': False, 'cmake_force_configure': False, 'cmake_target': None, 'cmake_target_skip_unavailable': False, 'install_base': '/home/ceu/ros2_ws/install/px4_offboard', 'merge_install': False, 'path': '/home/ceu/ros2_ws/src/px4-offboard', 'symlink_install': False, 'test_result_base': None}
[3.170s] Level 5:colcon.colcon_core.verb:set package 'px4_ros_com' build argument 'cmake_args' from command line to 'None'
[3.171s] Level 5:colcon.colcon_core.verb:set package 'px4_ros_com' build argument 'cmake_target' from command line to 'None'
[3.171s] Level 5:colcon.colcon_core.verb:set package 'px4_ros_com' build argument 'cmake_target_skip_unavailable' from command line to 'False'
[3.171s] Level 5:colcon.colcon_core.verb:set package 'px4_ros_com' build argument 'cmake_clean_cache' from command line to 'False'
[3.171s] Level 5:colcon.colcon_core.verb:set package 'px4_ros_com' build argument 'cmake_clean_first' from command line to 'False'
[3.171s] Level 5:colcon.colcon_core.verb:set package 'px4_ros_com' build argument 'cmake_force_configure' from command line to 'False'
[3.171s] Level 5:colcon.colcon_core.verb:set package 'px4_ros_com' build argument 'ament_cmake_args' from command line to 'None'
[3.171s] Level 5:colcon.colcon_core.verb:set package 'px4_ros_com' build argument 'catkin_cmake_args' from command line to 'None'
[3.171s] Level 5:colcon.colcon_core.verb:set package 'px4_ros_com' build argument 'catkin_skip_building_tests' from command line to 'False'
[3.171s] DEBUG:colcon.colcon_core.verb:Building package 'px4_ros_com' with the following arguments: {'ament_cmake_args': None, 'build_base': '/home/ceu/ros2_ws/build/px4_ros_com', 'catkin_cmake_args': None, 'catkin_skip_building_tests': False, 'cmake_args': None, 'cmake_clean_cache': False, 'cmake_clean_first': False, 'cmake_force_configure': False, 'cmake_target': None, 'cmake_target_skip_unavailable': False, 'install_base': '/home/ceu/ros2_ws/install/px4_ros_com', 'merge_install': False, 'path': '/home/ceu/ros2_ws/src/px4_ros_com', 'symlink_install': False, 'test_result_base': None}
[3.224s] INFO:colcon.colcon_core.executor:Executing jobs using 'parallel' executor
[3.270s] DEBUG:colcon.colcon_parallel_executor.executor.parallel:run_until_complete
[3.271s] INFO:colcon.colcon_ros.task.ament_cmake.build:Building ROS package in '/home/ceu/ros2_ws/src/px4_msgs' with build type 'ament_cmake'
[3.271s] INFO:colcon.colcon_cmake.task.cmake.build:Building CMake package in '/home/ceu/ros2_ws/src/px4_msgs'
[3.310s] INFO:colcon.colcon_core.plugin_system:Skipping extension 'colcon_core.shell.bat': Not used on non-Windows systems
[3.310s] INFO:colcon.colcon_core.shell:Skip shell extension 'powershell' for command environment: Not usable outside of PowerShell
[3.310s] DEBUG:colcon.colcon_core.shell:Skip shell extension 'dsv' for command environment
[3.397s] INFO:colcon.colcon_core.task.python.build:Building Python package in '/home/ceu/ros2_ws/src/publish_lidar_data'
[3.434s] INFO:colcon.colcon_core.shell:Skip shell extension 'powershell' for command environment: Not usable outside of PowerShell
[3.434s] DEBUG:colcon.colcon_core.shell:Skip shell extension 'dsv' for command environment
[3.525s] INFO:colcon.colcon_ros.task.ament_cmake.build:Building ROS package in '/home/ceu/ros2_ws/src/PX4-Autopilot' with build type 'ament_cmake'
[3.525s] INFO:colcon.colcon_cmake.task.cmake.build:Building CMake package in '/home/ceu/ros2_ws/src/PX4-Autopilot'
[3.563s] INFO:colcon.colcon_core.shell:Skip shell extension 'powershell' for command environment: Not usable outside of PowerShell
[3.563s] DEBUG:colcon.colcon_core.shell:Skip shell extension 'dsv' for command environment
[3.648s] DEBUG:colcon.colcon_core.event_handler.log_command:Invoking command in '/home/ceu/ros2_ws/build/px4_msgs': CMAKE_PREFIX_PATH=/opt/ros/foxy /usr/bin/cmake --build /home/ceu/ros2_ws/build/px4_msgs -- -j12 -l12
[3.906s] DEBUG:colcon.colcon_core.event_handler.log_command:Invoking command in '/home/ceu/ros2_ws/build/px4': CMAKE_PREFIX_PATH=/opt/ros/foxy /usr/bin/cmake --build /home/ceu/ros2_ws/build/px4 -- -j12 -l12
[4.287s] DEBUG:colcon.colcon_core.event_handler.log_command:Invoking command in '/home/ceu/ros2_ws/src/publish_lidar_data': PYTHONPATH=/home/ceu/ros2_ws/build/publish_lidar_data/prefix_override:/home/ceu/ros2_ws/install/publish_lidar_data/lib/python3.8/site-packages:${PYTHONPATH} /usr/bin/python3 setup.py egg_info --egg-base ../../build/publish_lidar_data build --build-base /home/ceu/ros2_ws/build/publish_lidar_data/build install --record /home/ceu/ros2_ws/build/publish_lidar_data/install.log --install-scripts $base/lib/publish_lidar_data --single-version-externally-managed
[4.488s] DEBUG:colcon.colcon_core.event_handler.log_command:Invoked command in '/home/ceu/ros2_ws/build/px4' returned '0': CMAKE_PREFIX_PATH=/opt/ros/foxy /usr/bin/cmake --build /home/ceu/ros2_ws/build/px4 -- -j12 -l12
[4.632s] DEBUG:colcon.colcon_core.event_handler.log_command:Invoking command in '/home/ceu/ros2_ws/build/px4': CMAKE_PREFIX_PATH=/opt/ros/foxy /usr/bin/cmake --install /home/ceu/ros2_ws/build/px4
[4.634s] DEBUG:colcon.colcon_core.event_handler.log_command:Invoked command in '/home/ceu/ros2_ws/src/publish_lidar_data' returned '0': PYTHONPATH=/home/ceu/ros2_ws/build/publish_lidar_data/prefix_override:/home/ceu/ros2_ws/install/publish_lidar_data/lib/python3.8/site-packages:${PYTHONPATH} /usr/bin/python3 setup.py egg_info --egg-base ../../build/publish_lidar_data build --build-base /home/ceu/ros2_ws/build/publish_lidar_data/build install --record /home/ceu/ros2_ws/build/publish_lidar_data/install.log --install-scripts $base/lib/publish_lidar_data --single-version-externally-managed
[4.757s] Level 1:colcon.colcon_core.environment:checking '/home/ceu/ros2_ws/install/publish_lidar_data' for CMake module files
[4.758s] Level 1:colcon.colcon_core.environment:checking '/home/ceu/ros2_ws/install/publish_lidar_data' for CMake config files
[4.761s] Level 1:colcon.colcon_core.environment:checking '/home/ceu/ros2_ws/install/publish_lidar_data/lib'
[4.761s] Level 1:colcon.colcon_core.environment:checking '/home/ceu/ros2_ws/install/publish_lidar_data/bin'
[4.761s] Level 1:colcon.colcon_core.environment:checking '/home/ceu/ros2_ws/install/publish_lidar_data/lib/pkgconfig/publish_lidar_data.pc'
[4.761s] Level 1:colcon.colcon_core.environment:checking '/home/ceu/ros2_ws/install/publish_lidar_data/lib/python3.8/site-packages'
[4.761s] Level 1:colcon.colcon_core.shell:create_environment_hook('publish_lidar_data', 'pythonpath')
[4.857s] INFO:colcon.colcon_core.shell:Creating environment hook '/home/ceu/ros2_ws/install/publish_lidar_data/share/publish_lidar_data/hook/pythonpath.ps1'
[4.859s] INFO:colcon.colcon_core.shell:Creating environment descriptor '/home/ceu/ros2_ws/install/publish_lidar_data/share/publish_lidar_data/hook/pythonpath.dsv'
[4.859s] INFO:colcon.colcon_core.shell:Creating environment hook '/home/ceu/ros2_ws/install/publish_lidar_data/share/publish_lidar_data/hook/pythonpath.sh'
[4.861s] Level 1:colcon.colcon_core.environment:checking '/home/ceu/ros2_ws/install/publish_lidar_data/bin'
[4.861s] Level 1:colcon.colcon_core.environment:create_environment_scripts_only(publish_lidar_data)
[4.947s] INFO:colcon.colcon_core.shell:Creating package script '/home/ceu/ros2_ws/install/publish_lidar_data/share/publish_lidar_data/package.ps1'
[4.948s] INFO:colcon.colcon_core.shell:Creating package descriptor '/home/ceu/ros2_ws/install/publish_lidar_data/share/publish_lidar_data/package.dsv'
[4.948s] INFO:colcon.colcon_core.shell:Creating package script '/home/ceu/ros2_ws/install/publish_lidar_data/share/publish_lidar_data/package.sh'
[4.949s] INFO:colcon.colcon_core.shell:Creating package script '/home/ceu/ros2_ws/install/publish_lidar_data/share/publish_lidar_data/package.bash'
[4.950s] INFO:colcon.colcon_core.shell:Creating package script '/home/ceu/ros2_ws/install/publish_lidar_data/share/publish_lidar_data/package.zsh'
[4.951s] Level 1:colcon.colcon_core.environment:create_file_with_runtime_dependencies(/home/ceu/ros2_ws/install/publish_lidar_data/share/colcon-core/packages/publish_lidar_data)
[4.953s] Level 1:colcon.colcon_core.environment:create_environment_scripts_only(px4)
[5.011s] Level 1:colcon.colcon_core.environment:checking '/home/ceu/ros2_ws/install/px4' for CMake module files
[5.012s] Level 1:colcon.colcon_core.environment:checking '/home/ceu/ros2_ws/install/px4' for CMake config files
[5.033s] Level 1:colcon.colcon_core.shell:create_environment_hook('px4', 'cmake_prefix_path')
[5.097s] INFO:colcon.colcon_core.shell:Creating environment hook '/home/ceu/ros2_ws/install/px4/share/px4/hook/cmake_prefix_path.ps1'
[5.099s] INFO:colcon.colcon_core.shell:Creating environment descriptor '/home/ceu/ros2_ws/install/px4/share/px4/hook/cmake_prefix_path.dsv'
[5.099s] INFO:colcon.colcon_core.shell:Creating environment hook '/home/ceu/ros2_ws/install/px4/share/px4/hook/cmake_prefix_path.sh'
[5.100s] Level 1:colcon.colcon_core.environment:checking '/home/ceu/ros2_ws/install/px4/lib'
[5.100s] Level 1:colcon.colcon_core.shell:create_environment_hook('px4', 'ld_library_path_lib')
[5.164s] INFO:colcon.colcon_core.shell:Creating environment hook '/home/ceu/ros2_ws/install/px4/share/px4/hook/ld_library_path_lib.ps1'
[5.164s] INFO:colcon.colcon_core.shell:Creating environment descriptor '/home/ceu/ros2_ws/install/px4/share/px4/hook/ld_library_path_lib.dsv'
[5.165s] INFO:colcon.colcon_core.shell:Creating environment hook '/home/ceu/ros2_ws/install/px4/share/px4/hook/ld_library_path_lib.sh'
[5.165s] Level 1:colcon.colcon_core.environment:checking '/home/ceu/ros2_ws/install/px4/bin'
[5.165s] Level 1:colcon.colcon_core.environment:checking '/home/ceu/ros2_ws/install/px4/lib/pkgconfig/px4.pc'
[5.165s] Level 1:colcon.colcon_core.environment:checking '/home/ceu/ros2_ws/install/px4/lib/python3.8/site-packages'
[5.166s] Level 1:colcon.colcon_core.shell:create_environment_hook('px4', 'pythonpath')
[5.227s] INFO:colcon.colcon_core.shell:Creating environment hook '/home/ceu/ros2_ws/install/px4/share/px4/hook/pythonpath.ps1'
[5.228s] INFO:colcon.colcon_core.shell:Creating environment descriptor '/home/ceu/ros2_ws/install/px4/share/px4/hook/pythonpath.dsv'
[5.228s] INFO:colcon.colcon_core.shell:Creating environment hook '/home/ceu/ros2_ws/install/px4/share/px4/hook/pythonpath.sh'
[5.229s] Level 1:colcon.colcon_core.environment:checking '/home/ceu/ros2_ws/install/px4/bin'
[5.285s] INFO:colcon.colcon_core.shell:Creating package script '/home/ceu/ros2_ws/install/px4/share/px4/package.ps1'
[5.286s] INFO:colcon.colcon_core.shell:Creating package descriptor '/home/ceu/ros2_ws/install/px4/share/px4/package.dsv'
[5.286s] INFO:colcon.colcon_core.shell:Creating package script '/home/ceu/ros2_ws/install/px4/share/px4/package.sh'
[5.287s] INFO:colcon.colcon_core.shell:Creating package script '/home/ceu/ros2_ws/install/px4/share/px4/package.bash'
[5.287s] INFO:colcon.colcon_core.shell:Creating package script '/home/ceu/ros2_ws/install/px4/share/px4/package.zsh'
[5.289s] Level 1:colcon.colcon_core.environment:create_file_with_runtime_dependencies(/home/ceu/ros2_ws/install/px4/share/colcon-core/packages/px4)
[5.397s] DEBUG:colcon.colcon_core.event_handler.log_command:Invoked command in '/home/ceu/ros2_ws/build/px4' returned '0': CMAKE_PREFIX_PATH=/opt/ros/foxy /usr/bin/cmake --install /home/ceu/ros2_ws/build/px4
[5.397s] DEBUG:colcon.colcon_core.event_handler.log_command:Invoked command in '/home/ceu/ros2_ws/build/px4_msgs' returned '0': CMAKE_PREFIX_PATH=/opt/ros/foxy /usr/bin/cmake --build /home/ceu/ros2_ws/build/px4_msgs -- -j12 -l12
[5.439s] Level 1:colcon.colcon_core.environment:create_environment_scripts_only(px4)
[5.480s] Level 1:colcon.colcon_core.environment:checking '/home/ceu/ros2_ws/install/px4' for CMake module files
[5.481s] Level 1:colcon.colcon_core.environment:checking '/home/ceu/ros2_ws/install/px4' for CMake config files
[5.485s] Level 1:colcon.colcon_core.shell:create_environment_hook('px4', 'cmake_prefix_path')
[5.528s] INFO:colcon.colcon_core.shell:Creating environment hook '/home/ceu/ros2_ws/install/px4/share/px4/hook/cmake_prefix_path.ps1'
[5.529s] INFO:colcon.colcon_core.shell:Creating environment descriptor '/home/ceu/ros2_ws/install/px4/share/px4/hook/cmake_prefix_path.dsv'
[5.529s] INFO:colcon.colcon_core.shell:Creating environment hook '/home/ceu/ros2_ws/install/px4/share/px4/hook/cmake_prefix_path.sh'
[5.529s] Level 1:colcon.colcon_core.environment:checking '/home/ceu/ros2_ws/install/px4/lib'
[5.529s] Level 1:colcon.colcon_core.shell:create_environment_hook('px4', 'ld_library_path_lib')
[5.570s] INFO:colcon.colcon_core.shell:Creating environment hook '/home/ceu/ros2_ws/install/px4/share/px4/hook/ld_library_path_lib.ps1'
[5.570s] INFO:colcon.colcon_core.shell:Creating environment descriptor '/home/ceu/ros2_ws/install/px4/share/px4/hook/ld_library_path_lib.dsv'
[5.571s] INFO:colcon.colcon_core.shell:Creating environment hook '/home/ceu/ros2_ws/install/px4/share/px4/hook/ld_library_path_lib.sh'
[5.571s] Level 1:colcon.colcon_core.environment:checking '/home/ceu/ros2_ws/install/px4/bin'
[5.571s] Level 1:colcon.colcon_core.environment:checking '/home/ceu/ros2_ws/install/px4/lib/pkgconfig/px4.pc'
[5.571s] Level 1:colcon.colcon_core.environment:checking '/home/ceu/ros2_ws/install/px4/lib/python3.8/site-packages'
[5.571s] Level 1:colcon.colcon_core.shell:create_environment_hook('px4', 'pythonpath')
[5.614s] INFO:colcon.colcon_core.shell:Creating environment hook '/home/ceu/ros2_ws/install/px4/share/px4/hook/pythonpath.ps1'
[5.615s] INFO:colcon.colcon_core.shell:Creating environment descriptor '/home/ceu/ros2_ws/install/px4/share/px4/hook/pythonpath.dsv'
[5.615s] INFO:colcon.colcon_core.shell:Creating environment hook '/home/ceu/ros2_ws/install/px4/share/px4/hook/pythonpath.sh'
[5.616s] Level 1:colcon.colcon_core.environment:checking '/home/ceu/ros2_ws/install/px4/bin'
[5.655s] INFO:colcon.colcon_core.shell:Creating package script '/home/ceu/ros2_ws/install/px4/share/px4/package.ps1'
[5.656s] INFO:colcon.colcon_core.shell:Creating package descriptor '/home/ceu/ros2_ws/install/px4/share/px4/package.dsv'
[5.656s] INFO:colcon.colcon_core.shell:Creating package script '/home/ceu/ros2_ws/install/px4/share/px4/package.sh'
[5.657s] INFO:colcon.colcon_core.shell:Creating package script '/home/ceu/ros2_ws/install/px4/share/px4/package.bash'
[5.657s] INFO:colcon.colcon_core.shell:Creating package script '/home/ceu/ros2_ws/install/px4/share/px4/package.zsh'
[5.657s] Level 1:colcon.colcon_core.environment:create_file_with_runtime_dependencies(/home/ceu/ros2_ws/install/px4/share/colcon-core/packages/px4)
[10.831s] DEBUG:colcon.colcon_core.event_handler.log_command:Invoking command in '/home/ceu/ros2_ws/build/px4_msgs': CMAKE_PREFIX_PATH=/opt/ros/foxy /usr/bin/cmake --install /home/ceu/ros2_ws/build/px4_msgs
[11.055s] Level 1:colcon.colcon_core.environment:create_environment_scripts_only(px4_msgs)
[11.132s] Level 1:colcon.colcon_core.environment:checking '/home/ceu/ros2_ws/install/px4_msgs' for CMake module files
[11.134s] Level 1:colcon.colcon_core.environment:checking '/home/ceu/ros2_ws/install/px4_msgs' for CMake config files
[11.204s] Level 1:colcon.colcon_core.shell:create_environment_hook('px4_msgs', 'cmake_prefix_path')
[11.299s] INFO:colcon.colcon_core.shell:Creating environment hook '/home/ceu/ros2_ws/install/px4_msgs/share/px4_msgs/hook/cmake_prefix_path.ps1'
[11.300s] INFO:colcon.colcon_core.shell:Creating environment descriptor '/home/ceu/ros2_ws/install/px4_msgs/share/px4_msgs/hook/cmake_prefix_path.dsv'
[11.301s] INFO:colcon.colcon_core.shell:Creating environment hook '/home/ceu/ros2_ws/install/px4_msgs/share/px4_msgs/hook/cmake_prefix_path.sh'
[11.302s] Level 1:colcon.colcon_core.environment:checking '/home/ceu/ros2_ws/install/px4_msgs/lib'
[11.302s] Level 1:colcon.colcon_core.shell:create_environment_hook('px4_msgs', 'ld_library_path_lib')
[11.399s] INFO:colcon.colcon_core.shell:Creating environment hook '/home/ceu/ros2_ws/install/px4_msgs/share/px4_msgs/hook/ld_library_path_lib.ps1'
[11.400s] INFO:colcon.colcon_core.shell:Creating environment descriptor '/home/ceu/ros2_ws/install/px4_msgs/share/px4_msgs/hook/ld_library_path_lib.dsv'
[11.401s] INFO:colcon.colcon_core.shell:Creating environment hook '/home/ceu/ros2_ws/install/px4_msgs/share/px4_msgs/hook/ld_library_path_lib.sh'
[11.401s] Level 1:colcon.colcon_core.environment:checking '/home/ceu/ros2_ws/install/px4_msgs/bin'
[11.402s] Level 1:colcon.colcon_core.environment:checking '/home/ceu/ros2_ws/install/px4_msgs/lib/pkgconfig/px4_msgs.pc'
[11.402s] Level 1:colcon.colcon_core.environment:checking '/home/ceu/ros2_ws/install/px4_msgs/lib/python3.8/site-packages'
[11.402s] Level 1:colcon.colcon_core.shell:create_environment_hook('px4_msgs', 'pythonpath')
[11.418s] DEBUG:colcon.colcon_core.event_handler.log_command:Invoked command in '/home/ceu/ros2_ws/build/px4_msgs' returned '0': CMAKE_PREFIX_PATH=/opt/ros/foxy /usr/bin/cmake --install /home/ceu/ros2_ws/build/px4_msgs
[11.454s] INFO:colcon.colcon_core.shell:Creating environment hook '/home/ceu/ros2_ws/install/px4_msgs/share/px4_msgs/hook/pythonpath.ps1'
[11.454s] INFO:colcon.colcon_core.shell:Creating environment descriptor '/home/ceu/ros2_ws/install/px4_msgs/share/px4_msgs/hook/pythonpath.dsv'
[11.454s] INFO:colcon.colcon_core.shell:Creating environment hook '/home/ceu/ros2_ws/install/px4_msgs/share/px4_msgs/hook/pythonpath.sh'
[11.455s] Level 1:colcon.colcon_core.environment:checking '/home/ceu/ros2_ws/install/px4_msgs/bin'
[11.492s] INFO:colcon.colcon_core.shell:Creating package script '/home/ceu/ros2_ws/install/px4_msgs/share/px4_msgs/package.ps1'
[11.492s] INFO:colcon.colcon_core.shell:Creating package descriptor '/home/ceu/ros2_ws/install/px4_msgs/share/px4_msgs/package.dsv'
[11.493s] INFO:colcon.colcon_core.shell:Creating package script '/home/ceu/ros2_ws/install/px4_msgs/share/px4_msgs/package.sh'
[11.493s] INFO:colcon.colcon_core.shell:Creating package script '/home/ceu/ros2_ws/install/px4_msgs/share/px4_msgs/package.bash'
[11.493s] INFO:colcon.colcon_core.shell:Creating package script '/home/ceu/ros2_ws/install/px4_msgs/share/px4_msgs/package.zsh'
[11.494s] Level 1:colcon.colcon_core.environment:create_file_with_runtime_dependencies(/home/ceu/ros2_ws/install/px4_msgs/share/colcon-core/packages/px4_msgs)
[17.671s] Level 1:colcon.colcon_core.environment:create_environment_scripts_only(px4_msgs)
[17.706s] Level 1:colcon.colcon_core.environment:checking '/home/ceu/ros2_ws/install/px4_msgs' for CMake module files
[17.707s] Level 1:colcon.colcon_core.environment:checking '/home/ceu/ros2_ws/install/px4_msgs' for CMake config files
[17.711s] Level 1:colcon.colcon_core.shell:create_environment_hook('px4_msgs', 'cmake_prefix_path')
[17.749s] INFO:colcon.colcon_core.shell:Creating environment hook '/home/ceu/ros2_ws/install/px4_msgs/share/px4_msgs/hook/cmake_prefix_path.ps1'
[17.749s] INFO:colcon.colcon_core.shell:Creating environment descriptor '/home/ceu/ros2_ws/install/px4_msgs/share/px4_msgs/hook/cmake_prefix_path.dsv'
[17.750s] INFO:colcon.colcon_core.shell:Creating environment hook '/home/ceu/ros2_ws/install/px4_msgs/share/px4_msgs/hook/cmake_prefix_path.sh'
[17.750s] Level 1:colcon.colcon_core.environment:checking '/home/ceu/ros2_ws/install/px4_msgs/lib'
[17.750s] Level 1:colcon.colcon_core.shell:create_environment_hook('px4_msgs', 'ld_library_path_lib')
[17.788s] INFO:colcon.colcon_core.shell:Creating environment hook '/home/ceu/ros2_ws/install/px4_msgs/share/px4_msgs/hook/ld_library_path_lib.ps1'
[17.789s] INFO:colcon.colcon_core.shell:Creating environment descriptor '/home/ceu/ros2_ws/install/px4_msgs/share/px4_msgs/hook/ld_library_path_lib.dsv'
[17.789s] INFO:colcon.colcon_core.shell:Creating environment hook '/home/ceu/ros2_ws/install/px4_msgs/share/px4_msgs/hook/ld_library_path_lib.sh'
[17.789s] Level 1:colcon.colcon_core.environment:checking '/home/ceu/ros2_ws/install/px4_msgs/bin'
[17.789s] Level 1:colcon.colcon_core.environment:checking '/home/ceu/ros2_ws/install/px4_msgs/lib/pkgconfig/px4_msgs.pc'
[17.789s] Level 1:colcon.colcon_core.environment:checking '/home/ceu/ros2_ws/install/px4_msgs/lib/python3.8/site-packages'
[17.789s] Level 1:colcon.colcon_core.shell:create_environment_hook('px4_msgs', 'pythonpath')
[17.828s] INFO:colcon.colcon_core.shell:Creating environment hook '/home/ceu/ros2_ws/install/px4_msgs/share/px4_msgs/hook/pythonpath.ps1'
[17.828s] INFO:colcon.colcon_core.shell:Creating environment descriptor '/home/ceu/ros2_ws/install/px4_msgs/share/px4_msgs/hook/pythonpath.dsv'
[17.828s] INFO:colcon.colcon_core.shell:Creating environment hook '/home/ceu/ros2_ws/install/px4_msgs/share/px4_msgs/hook/pythonpath.sh'
[17.829s] Level 1:colcon.colcon_core.environment:checking '/home/ceu/ros2_ws/install/px4_msgs/bin'
[17.870s] INFO:colcon.colcon_core.shell:Creating package script '/home/ceu/ros2_ws/install/px4_msgs/share/px4_msgs/package.ps1'
[17.870s] INFO:colcon.colcon_core.shell:Creating package descriptor '/home/ceu/ros2_ws/install/px4_msgs/share/px4_msgs/package.dsv'
[17.871s] INFO:colcon.colcon_core.shell:Creating package script '/home/ceu/ros2_ws/install/px4_msgs/share/px4_msgs/package.sh'
[17.871s] INFO:colcon.colcon_core.shell:Creating package script '/home/ceu/ros2_ws/install/px4_msgs/share/px4_msgs/package.bash'
[17.871s] INFO:colcon.colcon_core.shell:Creating package script '/home/ceu/ros2_ws/install/px4_msgs/share/px4_msgs/package.zsh'
[17.872s] Level 1:colcon.colcon_core.environment:create_file_with_runtime_dependencies(/home/ceu/ros2_ws/install/px4_msgs/share/colcon-core/packages/px4_msgs)
[17.872s] INFO:colcon.colcon_ros.task.ament_python.build:Building ROS package in '/home/ceu/ros2_ws/src/px4-offboard' with build type 'ament_python'
[17.872s] Level 1:colcon.colcon_core.shell:create_environment_hook('px4_offboard', 'ament_prefix_path')
[17.911s] INFO:colcon.colcon_core.shell:Creating environment hook '/home/ceu/ros2_ws/install/px4_offboard/share/px4_offboard/hook/ament_prefix_path.ps1'
[17.911s] INFO:colcon.colcon_core.shell:Creating environment descriptor '/home/ceu/ros2_ws/install/px4_offboard/share/px4_offboard/hook/ament_prefix_path.dsv'
[17.912s] INFO:colcon.colcon_core.shell:Creating environment hook '/home/ceu/ros2_ws/install/px4_offboard/share/px4_offboard/hook/ament_prefix_path.sh'
[17.951s] INFO:colcon.colcon_core.shell:Skip shell extension 'powershell' for command environment: Not usable outside of PowerShell
[17.951s] DEBUG:colcon.colcon_core.shell:Skip shell extension 'dsv' for command environment
[18.036s] INFO:colcon.colcon_ros.task.ament_cmake.build:Building ROS package in '/home/ceu/ros2_ws/src/px4_ros_com' with build type 'ament_cmake'
[18.037s] INFO:colcon.colcon_cmake.task.cmake.build:Building CMake package in '/home/ceu/ros2_ws/src/px4_ros_com'
[18.091s] INFO:colcon.colcon_core.shell:Skip shell extension 'powershell' for command environment: Not usable outside of PowerShell
[18.091s] DEBUG:colcon.colcon_core.shell:Skip shell extension 'dsv' for command environment
[18.424s] INFO:colcon.colcon_core.task.python.build:Building Python package in '/home/ceu/ros2_ws/src/px4-offboard'
[18.462s] INFO:colcon.colcon_core.shell:Skip shell extension 'powershell' for command environment: Not usable outside of PowerShell
[18.462s] DEBUG:colcon.colcon_core.shell:Skip shell extension 'dsv' for command environment
[18.556s] DEBUG:colcon.colcon_core.event_handler.log_command:Invoking command in '/home/ceu/ros2_ws/build/px4_ros_com': AMENT_PREFIX_PATH=/home/ceu/ros2_ws/install/px4_msgs:${AMENT_PREFIX_PATH} CMAKE_PREFIX_PATH=/home/ceu/ros2_ws/install/px4_msgs:/opt/ros/foxy LD_LIBRARY_PATH=/home/ceu/ros2_ws/install/px4_msgs/lib:${LD_LIBRARY_PATH} PYTHONPATH=/home/ceu/ros2_ws/install/px4_msgs/lib/python3.8/site-packages:${PYTHONPATH} /usr/bin/cmake --build /home/ceu/ros2_ws/build/px4_ros_com -- -j12 -l12
[18.633s] DEBUG:colcon.colcon_core.event_handler.log_command:Invoked command in '/home/ceu/ros2_ws/build/px4_ros_com' returned '0': AMENT_PREFIX_PATH=/home/ceu/ros2_ws/install/px4_msgs:${AMENT_PREFIX_PATH} CMAKE_PREFIX_PATH=/home/ceu/ros2_ws/install/px4_msgs:/opt/ros/foxy LD_LIBRARY_PATH=/home/ceu/ros2_ws/install/px4_msgs/lib:${LD_LIBRARY_PATH} PYTHONPATH=/home/ceu/ros2_ws/install/px4_msgs/lib/python3.8/site-packages:${PYTHONPATH} /usr/bin/cmake --build /home/ceu/ros2_ws/build/px4_ros_com -- -j12 -l12
[18.666s] DEBUG:colcon.colcon_core.event_handler.log_command:Invoking command in '/home/ceu/ros2_ws/build/px4_ros_com': AMENT_PREFIX_PATH=/home/ceu/ros2_ws/install/px4_msgs:${AMENT_PREFIX_PATH} CMAKE_PREFIX_PATH=/home/ceu/ros2_ws/install/px4_msgs:/opt/ros/foxy LD_LIBRARY_PATH=/home/ceu/ros2_ws/install/px4_msgs/lib:${LD_LIBRARY_PATH} PYTHONPATH=/home/ceu/ros2_ws/install/px4_msgs/lib/python3.8/site-packages:${PYTHONPATH} /usr/bin/cmake --install /home/ceu/ros2_ws/build/px4_ros_com
[18.680s] Level 1:colcon.colcon_core.environment:create_environment_scripts_only(px4_ros_com)
[18.680s] DEBUG:colcon.colcon_core.event_handler.log_command:Invoked command in '/home/ceu/ros2_ws/build/px4_ros_com' returned '0': AMENT_PREFIX_PATH=/home/ceu/ros2_ws/install/px4_msgs:${AMENT_PREFIX_PATH} CMAKE_PREFIX_PATH=/home/ceu/ros2_ws/install/px4_msgs:/opt/ros/foxy LD_LIBRARY_PATH=/home/ceu/ros2_ws/install/px4_msgs/lib:${LD_LIBRARY_PATH} PYTHONPATH=/home/ceu/ros2_ws/install/px4_msgs/lib/python3.8/site-packages:${PYTHONPATH} /usr/bin/cmake --install /home/ceu/ros2_ws/build/px4_ros_com
[18.721s] Level 1:colcon.colcon_core.environment:checking '/home/ceu/ros2_ws/install/px4_ros_com' for CMake module files
[18.722s] Level 1:colcon.colcon_core.environment:checking '/home/ceu/ros2_ws/install/px4_ros_com' for CMake config files
[18.722s] Level 1:colcon.colcon_core.shell:create_environment_hook('px4_ros_com', 'cmake_prefix_path')
[18.761s] INFO:colcon.colcon_core.shell:Creating environment hook '/home/ceu/ros2_ws/install/px4_ros_com/share/px4_ros_com/hook/cmake_prefix_path.ps1'
[18.761s] INFO:colcon.colcon_core.shell:Creating environment descriptor '/home/ceu/ros2_ws/install/px4_ros_com/share/px4_ros_com/hook/cmake_prefix_path.dsv'
[18.762s] INFO:colcon.colcon_core.shell:Creating environment hook '/home/ceu/ros2_ws/install/px4_ros_com/share/px4_ros_com/hook/cmake_prefix_path.sh'
[18.762s] Level 1:colcon.colcon_core.environment:checking '/home/ceu/ros2_ws/install/px4_ros_com/lib'
[18.762s] Level 1:colcon.colcon_core.shell:create_environment_hook('px4_ros_com', 'ld_library_path_lib')
[18.804s] INFO:colcon.colcon_core.shell:Creating environment hook '/home/ceu/ros2_ws/install/px4_ros_com/share/px4_ros_com/hook/ld_library_path_lib.ps1'
[18.805s] INFO:colcon.colcon_core.shell:Creating environment descriptor '/home/ceu/ros2_ws/install/px4_ros_com/share/px4_ros_com/hook/ld_library_path_lib.dsv'
[18.805s] INFO:colcon.colcon_core.shell:Creating environment hook '/home/ceu/ros2_ws/install/px4_ros_com/share/px4_ros_com/hook/ld_library_path_lib.sh'
[18.806s] Level 1:colcon.colcon_core.environment:checking '/home/ceu/ros2_ws/install/px4_ros_com/bin'
[18.806s] Level 1:colcon.colcon_core.environment:checking '/home/ceu/ros2_ws/install/px4_ros_com/lib/pkgconfig/px4_ros_com.pc'
[18.806s] Level 1:colcon.colcon_core.environment:checking '/home/ceu/ros2_ws/install/px4_ros_com/lib/python3.8/site-packages'
[18.806s] Level 1:colcon.colcon_core.environment:checking '/home/ceu/ros2_ws/install/px4_ros_com/bin'
[18.847s] INFO:colcon.colcon_core.shell:Creating package script '/home/ceu/ros2_ws/install/px4_ros_com/share/px4_ros_com/package.ps1'
[18.848s] INFO:colcon.colcon_core.shell:Creating package descriptor '/home/ceu/ros2_ws/install/px4_ros_com/share/px4_ros_com/package.dsv'
[18.848s] INFO:colcon.colcon_core.shell:Creating package script '/home/ceu/ros2_ws/install/px4_ros_com/share/px4_ros_com/package.sh'
[18.848s] INFO:colcon.colcon_core.shell:Creating package script '/home/ceu/ros2_ws/install/px4_ros_com/share/px4_ros_com/package.bash'
[18.849s] INFO:colcon.colcon_core.shell:Creating package script '/home/ceu/ros2_ws/install/px4_ros_com/share/px4_ros_com/package.zsh'
[18.849s] Level 1:colcon.colcon_core.environment:create_file_with_runtime_dependencies(/home/ceu/ros2_ws/install/px4_ros_com/share/colcon-core/packages/px4_ros_com)
[18.924s] Level 1:colcon.colcon_core.environment:create_environment_scripts_only(px4_ros_com)
[18.966s] Level 1:colcon.colcon_core.environment:checking '/home/ceu/ros2_ws/install/px4_ros_com' for CMake module files
[18.966s] Level 1:colcon.colcon_core.environment:checking '/home/ceu/ros2_ws/install/px4_ros_com' for CMake config files
[18.967s] Level 1:colcon.colcon_core.shell:create_environment_hook('px4_ros_com', 'cmake_prefix_path')
[19.007s] INFO:colcon.colcon_core.shell:Creating environment hook '/home/ceu/ros2_ws/install/px4_ros_com/share/px4_ros_com/hook/cmake_prefix_path.ps1'
[19.007s] INFO:colcon.colcon_core.shell:Creating environment descriptor '/home/ceu/ros2_ws/install/px4_ros_com/share/px4_ros_com/hook/cmake_prefix_path.dsv'
[19.007s] INFO:colcon.colcon_core.shell:Creating environment hook '/home/ceu/ros2_ws/install/px4_ros_com/share/px4_ros_com/hook/cmake_prefix_path.sh'
[19.008s] Level 1:colcon.colcon_core.environment:checking '/home/ceu/ros2_ws/install/px4_ros_com/lib'
[19.008s] Level 1:colcon.colcon_core.shell:create_environment_hook('px4_ros_com', 'ld_library_path_lib')
[19.048s] INFO:colcon.colcon_core.shell:Creating environment hook '/home/ceu/ros2_ws/install/px4_ros_com/share/px4_ros_com/hook/ld_library_path_lib.ps1'
[19.048s] INFO:colcon.colcon_core.shell:Creating environment descriptor '/home/ceu/ros2_ws/install/px4_ros_com/share/px4_ros_com/hook/ld_library_path_lib.dsv'
[19.049s] INFO:colcon.colcon_core.shell:Creating environment hook '/home/ceu/ros2_ws/install/px4_ros_com/share/px4_ros_com/hook/ld_library_path_lib.sh'
[19.049s] Level 1:colcon.colcon_core.environment:checking '/home/ceu/ros2_ws/install/px4_ros_com/bin'
[19.049s] Level 1:colcon.colcon_core.environment:checking '/home/ceu/ros2_ws/install/px4_ros_com/lib/pkgconfig/px4_ros_com.pc'
[19.049s] Level 1:colcon.colcon_core.environment:checking '/home/ceu/ros2_ws/install/px4_ros_com/lib/python3.8/site-packages'
[19.049s] Level 1:colcon.colcon_core.environment:checking '/home/ceu/ros2_ws/install/px4_ros_com/bin'
[19.089s] INFO:colcon.colcon_core.shell:Creating package script '/home/ceu/ros2_ws/install/px4_ros_com/share/px4_ros_com/package.ps1'
[19.090s] INFO:colcon.colcon_core.shell:Creating package descriptor '/home/ceu/ros2_ws/install/px4_ros_com/share/px4_ros_com/package.dsv'
[19.090s] INFO:colcon.colcon_core.shell:Creating package script '/home/ceu/ros2_ws/install/px4_ros_com/share/px4_ros_com/package.sh'
[19.091s] INFO:colcon.colcon_core.shell:Creating package script '/home/ceu/ros2_ws/install/px4_ros_com/share/px4_ros_com/package.bash'
[19.091s] INFO:colcon.colcon_core.shell:Creating package script '/home/ceu/ros2_ws/install/px4_ros_com/share/px4_ros_com/package.zsh'
[19.092s] Level 1:colcon.colcon_core.environment:create_file_with_runtime_dependencies(/home/ceu/ros2_ws/install/px4_ros_com/share/colcon-core/packages/px4_ros_com)
[19.095s] DEBUG:colcon.colcon_core.event_handler.log_command:Invoking command in '/home/ceu/ros2_ws/src/px4-offboard': AMENT_PREFIX_PATH=/home/ceu/ros2_ws/install/px4_msgs:${AMENT_PREFIX_PATH} CMAKE_PREFIX_PATH=/home/ceu/ros2_ws/install/px4_msgs LD_LIBRARY_PATH=/home/ceu/ros2_ws/install/px4_msgs/lib:${LD_LIBRARY_PATH} PYTHONPATH=/home/ceu/ros2_ws/build/px4_offboard/prefix_override:/home/ceu/ros2_ws/install/px4_offboard/lib/python3.8/site-packages:/home/ceu/ros2_ws/install/px4_msgs/lib/python3.8/site-packages:${PYTHONPATH} /usr/bin/python3 setup.py egg_info --egg-base ../../build/px4_offboard build --build-base /home/ceu/ros2_ws/build/px4_offboard/build install --record /home/ceu/ros2_ws/build/px4_offboard/install.log --single-version-externally-managed
[19.361s] DEBUG:colcon.colcon_core.event_handler.log_command:Invoked command in '/home/ceu/ros2_ws/src/px4-offboard' returned '0': AMENT_PREFIX_PATH=/home/ceu/ros2_ws/install/px4_msgs:${AMENT_PREFIX_PATH} CMAKE_PREFIX_PATH=/home/ceu/ros2_ws/install/px4_msgs LD_LIBRARY_PATH=/home/ceu/ros2_ws/install/px4_msgs/lib:${LD_LIBRARY_PATH} PYTHONPATH=/home/ceu/ros2_ws/build/px4_offboard/prefix_override:/home/ceu/ros2_ws/install/px4_offboard/lib/python3.8/site-packages:/home/ceu/ros2_ws/install/px4_msgs/lib/python3.8/site-packages:${PYTHONPATH} /usr/bin/python3 setup.py egg_info --egg-base ../../build/px4_offboard build --build-base /home/ceu/ros2_ws/build/px4_offboard/build install --record /home/ceu/ros2_ws/build/px4_offboard/install.log --single-version-externally-managed
[19.396s] Level 1:colcon.colcon_core.environment:checking '/home/ceu/ros2_ws/install/px4_offboard' for CMake module files
[19.397s] Level 1:colcon.colcon_core.environment:checking '/home/ceu/ros2_ws/install/px4_offboard' for CMake config files
[19.397s] Level 1:colcon.colcon_core.environment:checking '/home/ceu/ros2_ws/install/px4_offboard/lib'
[19.397s] Level 1:colcon.colcon_core.environment:checking '/home/ceu/ros2_ws/install/px4_offboard/bin'
[19.397s] Level 1:colcon.colcon_core.environment:checking '/home/ceu/ros2_ws/install/px4_offboard/lib/pkgconfig/px4_offboard.pc'
[19.398s] Level 1:colcon.colcon_core.environment:checking '/home/ceu/ros2_ws/install/px4_offboard/lib/python3.8/site-packages'
[19.398s] Level 1:colcon.colcon_core.shell:create_environment_hook('px4_offboard', 'pythonpath')
[19.433s] INFO:colcon.colcon_core.shell:Creating environment hook '/home/ceu/ros2_ws/install/px4_offboard/share/px4_offboard/hook/pythonpath.ps1'
[19.435s] INFO:colcon.colcon_core.shell:Creating environment descriptor '/home/ceu/ros2_ws/install/px4_offboard/share/px4_offboard/hook/pythonpath.dsv'
[19.435s] INFO:colcon.colcon_core.shell:Creating environment hook '/home/ceu/ros2_ws/install/px4_offboard/share/px4_offboard/hook/pythonpath.sh'
[19.435s] Level 1:colcon.colcon_core.environment:checking '/home/ceu/ros2_ws/install/px4_offboard/bin'
[19.435s] Level 1:colcon.colcon_core.environment:create_environment_scripts_only(px4_offboard)
[19.471s] INFO:colcon.colcon_core.shell:Creating package script '/home/ceu/ros2_ws/install/px4_offboard/share/px4_offboard/package.ps1'
[19.472s] INFO:colcon.colcon_core.shell:Creating package descriptor '/home/ceu/ros2_ws/install/px4_offboard/share/px4_offboard/package.dsv'
[19.472s] INFO:colcon.colcon_core.shell:Creating package script '/home/ceu/ros2_ws/install/px4_offboard/share/px4_offboard/package.sh'
[19.472s] INFO:colcon.colcon_core.shell:Creating package script '/home/ceu/ros2_ws/install/px4_offboard/share/px4_offboard/package.bash'
[19.472s] INFO:colcon.colcon_core.shell:Creating package script '/home/ceu/ros2_ws/install/px4_offboard/share/px4_offboard/package.zsh'
[19.473s] Level 1:colcon.colcon_core.environment:create_file_with_runtime_dependencies(/home/ceu/ros2_ws/install/px4_offboard/share/colcon-core/packages/px4_offboard)
[19.473s] DEBUG:colcon.colcon_parallel_executor.executor.parallel:closing loop
[19.473s] DEBUG:colcon.colcon_parallel_executor.executor.parallel:loop closed
[19.473s] DEBUG:colcon.colcon_parallel_executor.executor.parallel:run_until_complete finished with '0'
[19.473s] DEBUG:colcon.colcon_core.event_reactor:joining thread
[19.514s] INFO:colcon.colcon_core.plugin_system:Skipping extension 'colcon_notification.desktop_notification.terminal_notifier': Not used on non-Darwin systems
[19.514s] INFO:colcon.colcon_core.plugin_system:Skipping extension 'colcon_notification.desktop_notification.win32': Not used on non-Windows systems
[19.514s] INFO:colcon.colcon_notification.desktop_notification:Sending desktop notification using 'notify2'
[19.522s] DEBUG:colcon.colcon_core.event_reactor:joined thread
[19.558s] INFO:colcon.colcon_core.shell:Creating prefix script '/home/ceu/ros2_ws/install/local_setup.ps1'
[19.559s] INFO:colcon.colcon_core.shell:Creating prefix util module '/home/ceu/ros2_ws/install/_local_setup_util_ps1.py'
[19.560s] INFO:colcon.colcon_core.shell:Creating prefix chain script '/home/ceu/ros2_ws/install/setup.ps1'
[19.596s] INFO:colcon.colcon_core.shell:Creating prefix script '/home/ceu/ros2_ws/install/local_setup.sh'
[19.596s] INFO:colcon.colcon_core.shell:Creating prefix util module '/home/ceu/ros2_ws/install/_local_setup_util_sh.py'
[19.596s] INFO:colcon.colcon_core.shell:Creating prefix chain script '/home/ceu/ros2_ws/install/setup.sh'
[19.634s] INFO:colcon.colcon_core.shell:Creating prefix script '/home/ceu/ros2_ws/install/local_setup.bash'
[19.634s] INFO:colcon.colcon_core.shell:Creating prefix chain script '/home/ceu/ros2_ws/install/setup.bash'
[19.670s] INFO:colcon.colcon_core.shell:Creating prefix script '/home/ceu/ros2_ws/install/local_setup.zsh'
[19.671s] INFO:colcon.colcon_core.shell:Creating prefix chain script '/home/ceu/ros2_ws/install/setup.zsh'
