[0.206s] Invoking command in '/home/ceu/Desktop/lio_sam_gazebo_ros2/build/velodyne_simulator': AMENT_PREFIX_PATH=/home/ceu/Desktop/lio_sam_gazebo_ros2/install/velodyne_gazebo_plugins:/home/ceu/Desktop/lio_sam_gazebo_ros2/install/velodyne_description:${AMENT_PREFIX_PATH} CMAKE_PREFIX_PATH=/home/ceu/Desktop/lio_sam_gazebo_ros2/install/velodyne_gazebo_plugins:/home/ceu/Desktop/lio_sam_gazebo_ros2/install/velodyne_description:/opt/ros/foxy LD_LIBRARY_PATH=/home/ceu/Desktop/lio_sam_gazebo_ros2/install/velodyne_gazebo_plugins/lib:${LD_LIBRARY_PATH} /usr/bin/cmake /home/ceu/Desktop/lio_sam_gazebo_ros2/src/velodyne_simulator/velodyne_simulator -DCMAKE_INSTALL_PREFIX=/home/ceu/Desktop/lio_sam_gazebo_ros2/install/velodyne_simulator
[0.296s] -- The C compiler identification is GNU 9.4.0
[0.373s] -- The CXX compiler identification is GNU 9.4.0
[0.380s] -- Check for working C compiler: /usr/bin/cc
[0.475s] -- Check for working C compiler: /usr/bin/cc -- works
[0.477s] -- Detecting C compiler ABI info
[0.571s] -- Detecting C compiler ABI info - done
[0.590s] -- Detecting C compile features
[0.590s] -- Detecting C compile features - done
[0.594s] -- Check for working CXX compiler: /usr/bin/c++
[0.723s] -- Check for working CXX compiler: /usr/bin/c++ -- works
[0.725s] -- Detecting CXX compiler ABI info
[0.859s] -- Detecting CXX compiler ABI info - done
[0.890s] -- Detecting CXX compile features
[0.892s] -- Detecting CXX compile features - done
[0.897s] -- Found ament_cmake: 0.9.12 (/opt/ros/foxy/share/ament_cmake/cmake)
[0.937s] -- Found PythonInterp: /usr/bin/python3 (found suitable version "3.8.10", minimum required is "3") 
[0.938s] -- Using PYTHON_EXECUTABLE: /usr/bin/python3
[1.280s] -- Found ament_lint_auto: 0.9.8 (/opt/ros/foxy/share/ament_lint_auto/cmake)
[1.410s] -- Configuring done
[1.414s] -- Generating done
[1.415s] -- Build files have been written to: /home/ceu/Desktop/lio_sam_gazebo_ros2/build/velodyne_simulator
[1.419s] Invoked command in '/home/ceu/Desktop/lio_sam_gazebo_ros2/build/velodyne_simulator' returned '0': AMENT_PREFIX_PATH=/home/ceu/Desktop/lio_sam_gazebo_ros2/install/velodyne_gazebo_plugins:/home/ceu/Desktop/lio_sam_gazebo_ros2/install/velodyne_description:${AMENT_PREFIX_PATH} CMAKE_PREFIX_PATH=/home/ceu/Desktop/lio_sam_gazebo_ros2/install/velodyne_gazebo_plugins:/home/ceu/Desktop/lio_sam_gazebo_ros2/install/velodyne_description:/opt/ros/foxy LD_LIBRARY_PATH=/home/ceu/Desktop/lio_sam_gazebo_ros2/install/velodyne_gazebo_plugins/lib:${LD_LIBRARY_PATH} /usr/bin/cmake /home/ceu/Desktop/lio_sam_gazebo_ros2/src/velodyne_simulator/velodyne_simulator -DCMAKE_INSTALL_PREFIX=/home/ceu/Desktop/lio_sam_gazebo_ros2/install/velodyne_simulator
[1.421s] Invoking command in '/home/ceu/Desktop/lio_sam_gazebo_ros2/build/velodyne_simulator': AMENT_PREFIX_PATH=/home/ceu/Desktop/lio_sam_gazebo_ros2/install/velodyne_gazebo_plugins:/home/ceu/Desktop/lio_sam_gazebo_ros2/install/velodyne_description:${AMENT_PREFIX_PATH} CMAKE_PREFIX_PATH=/home/ceu/Desktop/lio_sam_gazebo_ros2/install/velodyne_gazebo_plugins:/home/ceu/Desktop/lio_sam_gazebo_ros2/install/velodyne_description:/opt/ros/foxy LD_LIBRARY_PATH=/home/ceu/Desktop/lio_sam_gazebo_ros2/install/velodyne_gazebo_plugins/lib:${LD_LIBRARY_PATH} /usr/bin/cmake --build /home/ceu/Desktop/lio_sam_gazebo_ros2/build/velodyne_simulator -- -j12 -l12
[1.477s] Invoked command in '/home/ceu/Desktop/lio_sam_gazebo_ros2/build/velodyne_simulator' returned '0': AMENT_PREFIX_PATH=/home/ceu/Desktop/lio_sam_gazebo_ros2/install/velodyne_gazebo_plugins:/home/ceu/Desktop/lio_sam_gazebo_ros2/install/velodyne_description:${AMENT_PREFIX_PATH} CMAKE_PREFIX_PATH=/home/ceu/Desktop/lio_sam_gazebo_ros2/install/velodyne_gazebo_plugins:/home/ceu/Desktop/lio_sam_gazebo_ros2/install/velodyne_description:/opt/ros/foxy LD_LIBRARY_PATH=/home/ceu/Desktop/lio_sam_gazebo_ros2/install/velodyne_gazebo_plugins/lib:${LD_LIBRARY_PATH} /usr/bin/cmake --build /home/ceu/Desktop/lio_sam_gazebo_ros2/build/velodyne_simulator -- -j12 -l12
[1.510s] Invoking command in '/home/ceu/Desktop/lio_sam_gazebo_ros2/build/velodyne_simulator': AMENT_PREFIX_PATH=/home/ceu/Desktop/lio_sam_gazebo_ros2/install/velodyne_gazebo_plugins:/home/ceu/Desktop/lio_sam_gazebo_ros2/install/velodyne_description:${AMENT_PREFIX_PATH} CMAKE_PREFIX_PATH=/home/ceu/Desktop/lio_sam_gazebo_ros2/install/velodyne_gazebo_plugins:/home/ceu/Desktop/lio_sam_gazebo_ros2/install/velodyne_description:/opt/ros/foxy LD_LIBRARY_PATH=/home/ceu/Desktop/lio_sam_gazebo_ros2/install/velodyne_gazebo_plugins/lib:${LD_LIBRARY_PATH} /usr/bin/cmake --install /home/ceu/Desktop/lio_sam_gazebo_ros2/build/velodyne_simulator
[1.520s] -- Install configuration: ""
[1.520s] -- Installing: /home/ceu/Desktop/lio_sam_gazebo_ros2/install/velodyne_simulator/share/ament_index/resource_index/package_run_dependencies/velodyne_simulator
[1.521s] -- Installing: /home/ceu/Desktop/lio_sam_gazebo_ros2/install/velodyne_simulator/share/ament_index/resource_index/parent_prefix_path/velodyne_simulator
[1.521s] -- Installing: /home/ceu/Desktop/lio_sam_gazebo_ros2/install/velodyne_simulator/share/velodyne_simulator/environment/ament_prefix_path.sh
[1.521s] -- Installing: /home/ceu/Desktop/lio_sam_gazebo_ros2/install/velodyne_simulator/share/velodyne_simulator/environment/ament_prefix_path.dsv
[1.521s] -- Installing: /home/ceu/Desktop/lio_sam_gazebo_ros2/install/velodyne_simulator/share/velodyne_simulator/environment/path.sh
[1.522s] -- Installing: /home/ceu/Desktop/lio_sam_gazebo_ros2/install/velodyne_simulator/share/velodyne_simulator/environment/path.dsv
[1.522s] -- Installing: /home/ceu/Desktop/lio_sam_gazebo_ros2/install/velodyne_simulator/share/velodyne_simulator/local_setup.bash
[1.522s] -- Installing: /home/ceu/Desktop/lio_sam_gazebo_ros2/install/velodyne_simulator/share/velodyne_simulator/local_setup.sh
[1.522s] -- Installing: /home/ceu/Desktop/lio_sam_gazebo_ros2/install/velodyne_simulator/share/velodyne_simulator/local_setup.zsh
[1.522s] -- Installing: /home/ceu/Desktop/lio_sam_gazebo_ros2/install/velodyne_simulator/share/velodyne_simulator/local_setup.dsv
[1.523s] -- Installing: /home/ceu/Desktop/lio_sam_gazebo_ros2/install/velodyne_simulator/share/velodyne_simulator/package.dsv
[1.523s] -- Installing: /home/ceu/Desktop/lio_sam_gazebo_ros2/install/velodyne_simulator/share/ament_index/resource_index/packages/velodyne_simulator
[1.523s] -- Installing: /home/ceu/Desktop/lio_sam_gazebo_ros2/install/velodyne_simulator/share/velodyne_simulator/cmake/velodyne_simulatorConfig.cmake
[1.523s] -- Installing: /home/ceu/Desktop/lio_sam_gazebo_ros2/install/velodyne_simulator/share/velodyne_simulator/cmake/velodyne_simulatorConfig-version.cmake
[1.523s] -- Installing: /home/ceu/Desktop/lio_sam_gazebo_ros2/install/velodyne_simulator/share/velodyne_simulator/package.xml
[1.526s] Invoked command in '/home/ceu/Desktop/lio_sam_gazebo_ros2/build/velodyne_simulator' returned '0': AMENT_PREFIX_PATH=/home/ceu/Desktop/lio_sam_gazebo_ros2/install/velodyne_gazebo_plugins:/home/ceu/Desktop/lio_sam_gazebo_ros2/install/velodyne_description:${AMENT_PREFIX_PATH} CMAKE_PREFIX_PATH=/home/ceu/Desktop/lio_sam_gazebo_ros2/install/velodyne_gazebo_plugins:/home/ceu/Desktop/lio_sam_gazebo_ros2/install/velodyne_description:/opt/ros/foxy LD_LIBRARY_PATH=/home/ceu/Desktop/lio_sam_gazebo_ros2/install/velodyne_gazebo_plugins/lib:${LD_LIBRARY_PATH} /usr/bin/cmake --install /home/ceu/Desktop/lio_sam_gazebo_ros2/build/velodyne_simulator
