[1.121s] Invoking command in '/home/ceu/ros2_ws/src/px4-offboard': AMENT_PREFIX_PATH=/home/ceu/ros2_ws/install/px4_msgs:${AMENT_PREFIX_PATH} CMAKE_PREFIX_PATH=/home/ceu/ros2_ws/install/px4_msgs LD_LIBRARY_PATH=/home/ceu/ros2_ws/install/px4_msgs/lib:${LD_LIBRARY_PATH} PYTHONPATH=/home/ceu/ros2_ws/build/px4_offboard/prefix_override:/home/ceu/ros2_ws/install/px4_offboard/lib/python3.8/site-packages:/home/ceu/ros2_ws/install/px4_msgs/lib/python3.8/site-packages:${PYTHONPATH} /usr/bin/python3 setup.py egg_info --egg-base ../../build/px4_offboard build --build-base /home/ceu/ros2_ws/build/px4_offboard/build install --record /home/ceu/ros2_ws/build/px4_offboard/install.log --single-version-externally-managed
[1.356s] running egg_info
[1.356s] writing ../../build/px4_offboard/px4_offboard.egg-info/PKG-INFO
[1.356s] writing dependency_links to ../../build/px4_offboard/px4_offboard.egg-info/dependency_links.txt
[1.356s] writing entry points to ../../build/px4_offboard/px4_offboard.egg-info/entry_points.txt
[1.356s] writing requirements to ../../build/px4_offboard/px4_offboard.egg-info/requires.txt
[1.356s] writing top-level names to ../../build/px4_offboard/px4_offboard.egg-info/top_level.txt
[1.359s] reading manifest file '../../build/px4_offboard/px4_offboard.egg-info/SOURCES.txt'
[1.359s] adding license file 'LICENSE'
[1.359s] writing manifest file '../../build/px4_offboard/px4_offboard.egg-info/SOURCES.txt'
[1.359s] running build
[1.360s] running build_py
[1.360s] running install
[1.360s] running install_lib
[1.361s] running install_data
[1.362s] running install_egg_info
[1.363s] removing '/home/ceu/ros2_ws/install/px4_offboard/lib/python3.8/site-packages/px4_offboard-0.0.0-py3.8.egg-info' (and everything under it)
[1.363s] Copying ../../build/px4_offboard/px4_offboard.egg-info to /home/ceu/ros2_ws/install/px4_offboard/lib/python3.8/site-packages/px4_offboard-0.0.0-py3.8.egg-info
[1.364s] running install_scripts
[1.379s] Installing offboard_control script to /home/ceu/ros2_ws/install/px4_offboard/lib/px4_offboard
[1.379s] Installing visualizer script to /home/ceu/ros2_ws/install/px4_offboard/lib/px4_offboard
[1.380s] writing list of installed files to '/home/ceu/ros2_ws/build/px4_offboard/install.log'
[1.393s] Invoked command in '/home/ceu/ros2_ws/src/px4-offboard' returned '0': AMENT_PREFIX_PATH=/home/ceu/ros2_ws/install/px4_msgs:${AMENT_PREFIX_PATH} CMAKE_PREFIX_PATH=/home/ceu/ros2_ws/install/px4_msgs LD_LIBRARY_PATH=/home/ceu/ros2_ws/install/px4_msgs/lib:${LD_LIBRARY_PATH} PYTHONPATH=/home/ceu/ros2_ws/build/px4_offboard/prefix_override:/home/ceu/ros2_ws/install/px4_offboard/lib/python3.8/site-packages:/home/ceu/ros2_ws/install/px4_msgs/lib/python3.8/site-packages:${PYTHONPATH} /usr/bin/python3 setup.py egg_info --egg-base ../../build/px4_offboard build --build-base /home/ceu/ros2_ws/build/px4_offboard/build install --record /home/ceu/ros2_ws/build/px4_offboard/install.log --single-version-externally-managed
