[0.903s] Invoking command in '/home/ceu/ros2_ws/build/robot_description': CMAKE_PREFIX_PATH=/opt/ros/foxy /usr/bin/cmake /home/ceu/ros2_ws/src/lio_sam_gazebo_ros2/src/robot_description -DCMAKE_INSTALL_PREFIX=/home/ceu/ros2_ws/install/robot_description
[1.221s] -- The C compiler identification is GNU 9.4.0
[1.222s] -- The CXX compiler identification is GNU 9.4.0
[1.223s] -- Check for working C compiler: /usr/bin/cc
[1.223s] -- Check for working C compiler: /usr/bin/cc -- works
[1.224s] -- Detecting C compiler ABI info
[1.236s] -- Detecting C compiler ABI info - done
[1.256s] -- Detecting C compile features
[1.257s] -- Detecting C compile features - done
[1.261s] -- Check for working CXX compiler: /usr/bin/c++
[1.372s] -- Check for working CXX compiler: /usr/bin/c++ -- works
[1.372s] -- Detecting CXX compiler ABI info
[1.508s] -- Detecting CXX compiler ABI info - done
[1.529s] -- Detecting CXX compile features
[1.531s] -- Detecting CXX compile features - done
[1.534s] -- Found ament_cmake: 0.9.12 (/opt/ros/foxy/share/ament_cmake/cmake)
[1.581s] -- Found PythonInterp: /usr/bin/python3 (found suitable version "3.8.10", minimum required is "3") 
[1.581s] -- Using PYTHON_EXECUTABLE: /usr/bin/python3
[1.926s] -- Found urdf: 2.4.0 (/opt/ros/foxy/share/urdf/cmake)
[1.973s] -- Found ament_lint_auto: 0.9.8 (/opt/ros/foxy/share/ament_lint_auto/cmake)
[2.092s] -- Added test 'copyright' to check source files copyright and LICENSE
[2.103s] -- Added test 'lint_cmake' to check CMake code style
[2.110s] -- Added test 'xmllint' to check XML markup files
[2.114s] -- Configuring done
[2.117s] -- Generating done
[2.119s] -- Build files have been written to: /home/ceu/ros2_ws/build/robot_description
