-- Install configuration: ""
-- Up-to-date: /home/ceu/ros2_ws/install/robot_description/share/robot_description/robot
-- Up-to-date: /home/ceu/ros2_ws/install/robot_description/share/robot_description/robot/robot.urdf.xacro
-- Up-to-date: /home/ceu/ros2_ws/install/robot_description/share/robot_description/robot/robot.urdf
-- Up-to-date: /home/ceu/ros2_ws/install/robot_description/share/robot_description/robot/robot.sdf
-- Up-to-date: /home/ceu/ros2_ws/install/robot_description/share/robot_description/urdf
-- Up-to-date: /home/ceu/ros2_ws/install/robot_description/share/robot_description/urdf/IMU
-- Up-to-date: /home/ceu/ros2_ws/install/robot_description/share/robot_description/urdf/IMU/IMU.urdf.xacro
-- Up-to-date: /home/ceu/ros2_ws/install/robot_description/share/robot_description/urdf/IMU/IMU.gazebo.xacro
-- Up-to-date: /home/ceu/ros2_ws/install/robot_description/share/robot_description/urdf/base
-- Up-to-date: /home/ceu/ros2_ws/install/robot_description/share/robot_description/urdf/base/base.urdf.xacro
-- Up-to-date: /home/ceu/ros2_ws/install/robot_description/share/robot_description/urdf/base/base.gazebo.xacro
-- Up-to-date: /home/ceu/ros2_ws/install/robot_description/share/robot_description/urdf/front_wheel
-- Up-to-date: /home/ceu/ros2_ws/install/robot_description/share/robot_description/urdf/front_wheel/front_wheel.gazebo.xacro
-- Up-to-date: /home/ceu/ros2_ws/install/robot_description/share/robot_description/urdf/front_wheel/front_wheel.urdf.xacro
-- Up-to-date: /home/ceu/ros2_ws/install/robot_description/share/robot_description/urdf/rear_wheel
-- Up-to-date: /home/ceu/ros2_ws/install/robot_description/share/robot_description/urdf/rear_wheel/rear_wheel.urdf.xacro
-- Up-to-date: /home/ceu/ros2_ws/install/robot_description/share/robot_description/urdf/rear_wheel/rear_wheel.gazebo.xacro
-- Up-to-date: /home/ceu/ros2_ws/install/robot_description/share/robot_description/urdf/rear_wheel/rear_wheel.transmission.xacro
-- Up-to-date: /home/ceu/ros2_ws/install/robot_description/share/robot_description/urdf/suspension
-- Up-to-date: /home/ceu/ros2_ws/install/robot_description/share/robot_description/urdf/suspension/suspension.gazebo.xacro
-- Up-to-date: /home/ceu/ros2_ws/install/robot_description/share/robot_description/urdf/suspension/suspension.urdf.xacro
-- Up-to-date: /home/ceu/ros2_ws/install/robot_description/share/ament_index/resource_index/package_run_dependencies/robot_description
-- Up-to-date: /home/ceu/ros2_ws/install/robot_description/share/ament_index/resource_index/parent_prefix_path/robot_description
-- Up-to-date: /home/ceu/ros2_ws/install/robot_description/share/robot_description/environment/ament_prefix_path.sh
-- Up-to-date: /home/ceu/ros2_ws/install/robot_description/share/robot_description/environment/ament_prefix_path.dsv
-- Up-to-date: /home/ceu/ros2_ws/install/robot_description/share/robot_description/environment/path.sh
-- Up-to-date: /home/ceu/ros2_ws/install/robot_description/share/robot_description/environment/path.dsv
-- Up-to-date: /home/ceu/ros2_ws/install/robot_description/share/robot_description/local_setup.bash
-- Up-to-date: /home/ceu/ros2_ws/install/robot_description/share/robot_description/local_setup.sh
-- Up-to-date: /home/ceu/ros2_ws/install/robot_description/share/robot_description/local_setup.zsh
-- Up-to-date: /home/ceu/ros2_ws/install/robot_description/share/robot_description/local_setup.dsv
-- Up-to-date: /home/ceu/ros2_ws/install/robot_description/share/robot_description/package.dsv
-- Up-to-date: /home/ceu/ros2_ws/install/robot_description/share/ament_index/resource_index/packages/robot_description
-- Up-to-date: /home/ceu/ros2_ws/install/robot_description/share/robot_description/cmake/robot_descriptionConfig.cmake
-- Up-to-date: /home/ceu/ros2_ws/install/robot_description/share/robot_description/cmake/robot_descriptionConfig-version.cmake
-- Up-to-date: /home/ceu/ros2_ws/install/robot_description/share/robot_description/package.xml
