[0.935s] Invoking command in '/home/ceu/ros2_ws/build/velodyne_gazebo_plugins': CMAKE_PREFIX_PATH=/opt/ros/foxy /usr/bin/cmake --build /home/ceu/ros2_ws/build/velodyne_gazebo_plugins -- -j12 -l12
[1.357s] [100%] Built target gazebo_ros_velodyne_laser
[1.373s] Invoked command in '/home/ceu/ros2_ws/build/velodyne_gazebo_plugins' returned '0': CMAKE_PREFIX_PATH=/opt/ros/foxy /usr/bin/cmake --build /home/ceu/ros2_ws/build/velodyne_gazebo_plugins -- -j12 -l12
[1.429s] Invoking command in '/home/ceu/ros2_ws/build/velodyne_gazebo_plugins': CMAKE_PREFIX_PATH=/opt/ros/foxy /usr/bin/cmake --install /home/ceu/ros2_ws/build/velodyne_gazebo_plugins
[1.479s] -- Install configuration: ""
[1.479s] -- Up-to-date: /home/ceu/ros2_ws/install/velodyne_gazebo_plugins/share/velodyne_gazebo_plugins/environment/library_path.sh
[1.480s] -- Up-to-date: /home/ceu/ros2_ws/install/velodyne_gazebo_plugins/share/velodyne_gazebo_plugins/environment/library_path.dsv
[1.481s] -- Up-to-date: /home/ceu/ros2_ws/install/velodyne_gazebo_plugins/share/ament_index/resource_index/package_run_dependencies/velodyne_gazebo_plugins
[1.481s] -- Up-to-date: /home/ceu/ros2_ws/install/velodyne_gazebo_plugins/share/ament_index/resource_index/parent_prefix_path/velodyne_gazebo_plugins
[1.481s] -- Up-to-date: /home/ceu/ros2_ws/install/velodyne_gazebo_plugins/share/velodyne_gazebo_plugins/environment/ament_prefix_path.sh
[1.482s] -- Up-to-date: /home/ceu/ros2_ws/install/velodyne_gazebo_plugins/share/velodyne_gazebo_plugins/environment/ament_prefix_path.dsv
[1.482s] -- Up-to-date: /home/ceu/ros2_ws/install/velodyne_gazebo_plugins/share/velodyne_gazebo_plugins/environment/path.sh
[1.482s] -- Up-to-date: /home/ceu/ros2_ws/install/velodyne_gazebo_plugins/share/velodyne_gazebo_plugins/environment/path.dsv
[1.482s] -- Up-to-date: /home/ceu/ros2_ws/install/velodyne_gazebo_plugins/share/velodyne_gazebo_plugins/local_setup.bash
[1.483s] -- Up-to-date: /home/ceu/ros2_ws/install/velodyne_gazebo_plugins/share/velodyne_gazebo_plugins/local_setup.sh
[1.483s] -- Up-to-date: /home/ceu/ros2_ws/install/velodyne_gazebo_plugins/share/velodyne_gazebo_plugins/local_setup.zsh
[1.483s] -- Up-to-date: /home/ceu/ros2_ws/install/velodyne_gazebo_plugins/share/velodyne_gazebo_plugins/local_setup.dsv
[1.483s] -- Installing: /home/ceu/ros2_ws/install/velodyne_gazebo_plugins/share/velodyne_gazebo_plugins/package.dsv
[1.483s] -- Up-to-date: /home/ceu/ros2_ws/install/velodyne_gazebo_plugins/share/ament_index/resource_index/packages/velodyne_gazebo_plugins
[1.483s] -- Up-to-date: /home/ceu/ros2_ws/install/velodyne_gazebo_plugins/share/velodyne_gazebo_plugins/cmake/ament_cmake_export_libraries-extras.cmake
[1.484s] -- Up-to-date: /home/ceu/ros2_ws/install/velodyne_gazebo_plugins/share/velodyne_gazebo_plugins/cmake/ament_cmake_export_include_directories-extras.cmake
[1.484s] -- Up-to-date: /home/ceu/ros2_ws/install/velodyne_gazebo_plugins/share/velodyne_gazebo_plugins/cmake/ament_cmake_export_dependencies-extras.cmake
[1.484s] -- Up-to-date: /home/ceu/ros2_ws/install/velodyne_gazebo_plugins/share/velodyne_gazebo_plugins/cmake/velodyne_gazebo_pluginsConfig.cmake
[1.484s] -- Up-to-date: /home/ceu/ros2_ws/install/velodyne_gazebo_plugins/share/velodyne_gazebo_plugins/cmake/velodyne_gazebo_pluginsConfig-version.cmake
[1.484s] -- Up-to-date: /home/ceu/ros2_ws/install/velodyne_gazebo_plugins/share/velodyne_gazebo_plugins/package.xml
[1.484s] -- Up-to-date: /home/ceu/ros2_ws/install/velodyne_gazebo_plugins/include
[1.484s] -- Up-to-date: /home/ceu/ros2_ws/install/velodyne_gazebo_plugins/include/velodyne_gazebo_plugins
[1.485s] -- Up-to-date: /home/ceu/ros2_ws/install/velodyne_gazebo_plugins/include/velodyne_gazebo_plugins/GazeboRosVelodyneLaser.h
[1.485s] -- Up-to-date: /home/ceu/ros2_ws/install/velodyne_gazebo_plugins/lib/libgazebo_ros_velodyne_laser.so
[1.998s] Invoked command in '/home/ceu/ros2_ws/build/velodyne_gazebo_plugins' returned '0': CMAKE_PREFIX_PATH=/opt/ros/foxy /usr/bin/cmake --install /home/ceu/ros2_ws/build/velodyne_gazebo_plugins
