[0.292s] Invoking command in '/home/ceu/ros2_ws/build/velodyne_simulator': AMENT_PREFIX_PATH=/home/ceu/ros2_ws/install/velodyne_gazebo_plugins:/home/ceu/ros2_ws/install/velodyne_description:${AMENT_PREFIX_PATH} CMAKE_PREFIX_PATH=/home/ceu/ros2_ws/install/velodyne_gazebo_plugins:/home/ceu/ros2_ws/install/velodyne_description:/opt/ros/foxy LD_LIBRARY_PATH=/home/ceu/ros2_ws/install/velodyne_gazebo_plugins/lib:${LD_LIBRARY_PATH} /usr/bin/cmake /home/ceu/ros2_ws/lio_sam_gazebo_ros2/src/velodyne_simulator/velodyne_simulator -DCMAKE_INSTALL_PREFIX=/home/ceu/ros2_ws/install/velodyne_simulator
[0.393s] -- The C compiler identification is GNU 9.4.0
[0.497s] -- The CXX compiler identification is GNU 9.4.0
[0.506s] -- Check for working C compiler: /usr/bin/cc
[0.631s] -- Check for working C compiler: /usr/bin/cc -- works
[0.632s] -- Detecting C compiler ABI info
[0.757s] -- Detecting C compiler ABI info - done
[0.786s] -- Detecting C compile features
[0.786s] -- Detecting C compile features - done
[0.791s] -- Check for working CXX compiler: /usr/bin/c++
[0.938s] -- Check for working CXX compiler: /usr/bin/c++ -- works
[0.940s] -- Detecting CXX compiler ABI info
[1.089s] -- Detecting CXX compiler ABI info - done
[1.118s] -- Detecting CXX compile features
[1.119s] -- Detecting CXX compile features - done
[1.123s] -- Found ament_cmake: 0.9.12 (/opt/ros/foxy/share/ament_cmake/cmake)
[1.172s] -- Found PythonInterp: /usr/bin/python3 (found suitable version "3.8.10", minimum required is "3") 
[1.173s] -- Using PYTHON_EXECUTABLE: /usr/bin/python3
[1.609s] -- Found ament_lint_auto: 0.9.8 (/opt/ros/foxy/share/ament_lint_auto/cmake)
[1.762s] -- Configuring done
[1.766s] -- Generating done
[1.768s] -- Build files have been written to: /home/ceu/ros2_ws/build/velodyne_simulator
[1.774s] Invoked command in '/home/ceu/ros2_ws/build/velodyne_simulator' returned '0': AMENT_PREFIX_PATH=/home/ceu/ros2_ws/install/velodyne_gazebo_plugins:/home/ceu/ros2_ws/install/velodyne_description:${AMENT_PREFIX_PATH} CMAKE_PREFIX_PATH=/home/ceu/ros2_ws/install/velodyne_gazebo_plugins:/home/ceu/ros2_ws/install/velodyne_description:/opt/ros/foxy LD_LIBRARY_PATH=/home/ceu/ros2_ws/install/velodyne_gazebo_plugins/lib:${LD_LIBRARY_PATH} /usr/bin/cmake /home/ceu/ros2_ws/lio_sam_gazebo_ros2/src/velodyne_simulator/velodyne_simulator -DCMAKE_INSTALL_PREFIX=/home/ceu/ros2_ws/install/velodyne_simulator
[1.778s] Invoking command in '/home/ceu/ros2_ws/build/velodyne_simulator': AMENT_PREFIX_PATH=/home/ceu/ros2_ws/install/velodyne_gazebo_plugins:/home/ceu/ros2_ws/install/velodyne_description:${AMENT_PREFIX_PATH} CMAKE_PREFIX_PATH=/home/ceu/ros2_ws/install/velodyne_gazebo_plugins:/home/ceu/ros2_ws/install/velodyne_description:/opt/ros/foxy LD_LIBRARY_PATH=/home/ceu/ros2_ws/install/velodyne_gazebo_plugins/lib:${LD_LIBRARY_PATH} /usr/bin/cmake --build /home/ceu/ros2_ws/build/velodyne_simulator -- -j12 -l12
[1.851s] Invoked command in '/home/ceu/ros2_ws/build/velodyne_simulator' returned '0': AMENT_PREFIX_PATH=/home/ceu/ros2_ws/install/velodyne_gazebo_plugins:/home/ceu/ros2_ws/install/velodyne_description:${AMENT_PREFIX_PATH} CMAKE_PREFIX_PATH=/home/ceu/ros2_ws/install/velodyne_gazebo_plugins:/home/ceu/ros2_ws/install/velodyne_description:/opt/ros/foxy LD_LIBRARY_PATH=/home/ceu/ros2_ws/install/velodyne_gazebo_plugins/lib:${LD_LIBRARY_PATH} /usr/bin/cmake --build /home/ceu/ros2_ws/build/velodyne_simulator -- -j12 -l12
[1.895s] Invoking command in '/home/ceu/ros2_ws/build/velodyne_simulator': AMENT_PREFIX_PATH=/home/ceu/ros2_ws/install/velodyne_gazebo_plugins:/home/ceu/ros2_ws/install/velodyne_description:${AMENT_PREFIX_PATH} CMAKE_PREFIX_PATH=/home/ceu/ros2_ws/install/velodyne_gazebo_plugins:/home/ceu/ros2_ws/install/velodyne_description:/opt/ros/foxy LD_LIBRARY_PATH=/home/ceu/ros2_ws/install/velodyne_gazebo_plugins/lib:${LD_LIBRARY_PATH} /usr/bin/cmake --install /home/ceu/ros2_ws/build/velodyne_simulator
[1.910s] -- Install configuration: ""
[1.910s] -- Installing: /home/ceu/ros2_ws/install/velodyne_simulator/share/ament_index/resource_index/package_run_dependencies/velodyne_simulator
[1.911s] -- Installing: /home/ceu/ros2_ws/install/velodyne_simulator/share/ament_index/resource_index/parent_prefix_path/velodyne_simulator
[1.911s] -- Installing: /home/ceu/ros2_ws/install/velodyne_simulator/share/velodyne_simulator/environment/ament_prefix_path.sh
[1.911s] -- Installing: /home/ceu/ros2_ws/install/velodyne_simulator/share/velodyne_simulator/environment/ament_prefix_path.dsv
[1.912s] -- Installing: /home/ceu/ros2_ws/install/velodyne_simulator/share/velodyne_simulator/environment/path.sh
[1.912s] -- Installing: /home/ceu/ros2_ws/install/velodyne_simulator/share/velodyne_simulator/environment/path.dsv
[1.912s] -- Installing: /home/ceu/ros2_ws/install/velodyne_simulator/share/velodyne_simulator/local_setup.bash
[1.912s] -- Installing: /home/ceu/ros2_ws/install/velodyne_simulator/share/velodyne_simulator/local_setup.sh
[1.913s] -- Installing: /home/ceu/ros2_ws/install/velodyne_simulator/share/velodyne_simulator/local_setup.zsh
[1.913s] -- Installing: /home/ceu/ros2_ws/install/velodyne_simulator/share/velodyne_simulator/local_setup.dsv
[1.913s] -- Installing: /home/ceu/ros2_ws/install/velodyne_simulator/share/velodyne_simulator/package.dsv
[1.914s] -- Installing: /home/ceu/ros2_ws/install/velodyne_simulator/share/ament_index/resource_index/packages/velodyne_simulator
[1.914s] -- Installing: /home/ceu/ros2_ws/install/velodyne_simulator/share/velodyne_simulator/cmake/velodyne_simulatorConfig.cmake
[1.914s] -- Installing: /home/ceu/ros2_ws/install/velodyne_simulator/share/velodyne_simulator/cmake/velodyne_simulatorConfig-version.cmake
[1.914s] -- Installing: /home/ceu/ros2_ws/install/velodyne_simulator/share/velodyne_simulator/package.xml
[1.917s] Invoked command in '/home/ceu/ros2_ws/build/velodyne_simulator' returned '0': AMENT_PREFIX_PATH=/home/ceu/ros2_ws/install/velodyne_gazebo_plugins:/home/ceu/ros2_ws/install/velodyne_description:${AMENT_PREFIX_PATH} CMAKE_PREFIX_PATH=/home/ceu/ros2_ws/install/velodyne_gazebo_plugins:/home/ceu/ros2_ws/install/velodyne_description:/opt/ros/foxy LD_LIBRARY_PATH=/home/ceu/ros2_ws/install/velodyne_gazebo_plugins/lib:${LD_LIBRARY_PATH} /usr/bin/cmake --install /home/ceu/ros2_ws/build/velodyne_simulator
