[0.816s] Invoking command in '/home/ceu/ros2_ws/build/px4_ros_com': CMAKE_PREFIX_PATH=/home/ceu/ros2_ws/install/px4_msgs:/home/ceu/ros2_ws/install/px4_ros_com:/home/ceu/ros2_ws/install/px4_offboard:/opt/ros/foxy LD_LIBRARY_PATH=/home/ceu/ros2_ws/install/px4_msgs/lib:/home/ceu/ros2_ws/install/px4_ros_com/lib:/opt/ros/foxy/opt/yaml_cpp_vendor/lib:/opt/ros/foxy/opt/rviz_ogre_vendor/lib:/opt/ros/foxy/lib/x86_64-linux-gnu:/opt/ros/foxy/lib PYTHONPATH=/home/ceu/ros2_ws/install/px4_msgs/lib/python3.8/site-packages:/home/ceu/ros2_ws/install/px4_offboard/lib/python3.8/site-packages:/home/ceu/ros2_ws/install/publish_lidar_data/lib/python3.8/site-packages:/opt/ros/foxy/lib/python3.8/site-packages /usr/bin/cmake --build /home/ceu/ros2_ws/build/px4_ros_com -- -j12 -l12
[0.911s] [ 20%] Built target frame_transforms
[0.911s] [ 40%] Built target vehicle_gps_position_listener
[0.914s] [ 60%] Built target debug_vect_advertiser
[0.915s] [ 80%] Built target sensor_combined_listener
[0.916s] [100%] Built target offboard_control
[0.931s] Invoked command in '/home/ceu/ros2_ws/build/px4_ros_com' returned '0': CMAKE_PREFIX_PATH=/home/ceu/ros2_ws/install/px4_msgs:/home/ceu/ros2_ws/install/px4_ros_com:/home/ceu/ros2_ws/install/px4_offboard:/opt/ros/foxy LD_LIBRARY_PATH=/home/ceu/ros2_ws/install/px4_msgs/lib:/home/ceu/ros2_ws/install/px4_ros_com/lib:/opt/ros/foxy/opt/yaml_cpp_vendor/lib:/opt/ros/foxy/opt/rviz_ogre_vendor/lib:/opt/ros/foxy/lib/x86_64-linux-gnu:/opt/ros/foxy/lib PYTHONPATH=/home/ceu/ros2_ws/install/px4_msgs/lib/python3.8/site-packages:/home/ceu/ros2_ws/install/px4_offboard/lib/python3.8/site-packages:/home/ceu/ros2_ws/install/publish_lidar_data/lib/python3.8/site-packages:/opt/ros/foxy/lib/python3.8/site-packages /usr/bin/cmake --build /home/ceu/ros2_ws/build/px4_ros_com -- -j12 -l12
[0.979s] Invoking command in '/home/ceu/ros2_ws/build/px4_ros_com': CMAKE_PREFIX_PATH=/home/ceu/ros2_ws/install/px4_msgs:/home/ceu/ros2_ws/install/px4_ros_com:/home/ceu/ros2_ws/install/px4_offboard:/opt/ros/foxy LD_LIBRARY_PATH=/home/ceu/ros2_ws/install/px4_msgs/lib:/home/ceu/ros2_ws/install/px4_ros_com/lib:/opt/ros/foxy/opt/yaml_cpp_vendor/lib:/opt/ros/foxy/opt/rviz_ogre_vendor/lib:/opt/ros/foxy/lib/x86_64-linux-gnu:/opt/ros/foxy/lib PYTHONPATH=/home/ceu/ros2_ws/install/px4_msgs/lib/python3.8/site-packages:/home/ceu/ros2_ws/install/px4_offboard/lib/python3.8/site-packages:/home/ceu/ros2_ws/install/publish_lidar_data/lib/python3.8/site-packages:/opt/ros/foxy/lib/python3.8/site-packages /usr/bin/cmake --install /home/ceu/ros2_ws/build/px4_ros_com
[0.999s] -- Install configuration: ""
[1.000s] -- Up-to-date: /home/ceu/ros2_ws/install/px4_ros_com/lib/px4_ros_com/sensor_combined_listener
[1.001s] -- Up-to-date: /home/ceu/ros2_ws/install/px4_ros_com/lib/px4_ros_com/vehicle_gps_position_listener
[1.002s] -- Up-to-date: /home/ceu/ros2_ws/install/px4_ros_com/lib/px4_ros_com/debug_vect_advertiser
[1.003s] -- Up-to-date: /home/ceu/ros2_ws/install/px4_ros_com/lib/px4_ros_com/offboard_control
[1.004s] -- Up-to-date: /home/ceu/ros2_ws/install/px4_ros_com/share/px4_ros_com/environment/library_path.sh
[1.004s] -- Up-to-date: /home/ceu/ros2_ws/install/px4_ros_com/share/px4_ros_com/environment/library_path.dsv
[1.004s] -- Up-to-date: /home/ceu/ros2_ws/install/px4_ros_com/include/px4_ros_com
[1.004s] -- Up-to-date: /home/ceu/ros2_ws/install/px4_ros_com/include/px4_ros_com/frame_transforms.h
[1.004s] -- Up-to-date: /home/ceu/ros2_ws/install/px4_ros_com/lib/libframe_transforms.so
[1.005s] -- Up-to-date: /home/ceu/ros2_ws/install/px4_ros_com/share/px4_ros_com//launch
[1.005s] -- Up-to-date: /home/ceu/ros2_ws/install/px4_ros_com/share/px4_ros_com//launch/offboard_control_launch.yaml
[1.005s] -- Up-to-date: /home/ceu/ros2_ws/install/px4_ros_com/share/px4_ros_com//launch/sensor_combined_listener.launch.py
[1.006s] -- Up-to-date: /home/ceu/ros2_ws/install/px4_ros_com/share/px4_ros_com//test
[1.006s] -- Up-to-date: /home/ceu/ros2_ws/install/px4_ros_com/share/px4_ros_com//test/pipeline_io_test.py
[1.006s] -- Up-to-date: /home/ceu/ros2_ws/install/px4_ros_com/share/px4_ros_com//test/test_output.py
[1.006s] -- Up-to-date: /home/ceu/ros2_ws/install/px4_ros_com/share/px4_ros_com//test/test_input.py
[1.007s] -- Up-to-date: /home/ceu/ros2_ws/install/px4_ros_com/share/px4_ros_com//test/__init__.py
[1.007s] -- Up-to-date: /home/ceu/ros2_ws/install/px4_ros_com/share/ament_index/resource_index/package_run_dependencies/px4_ros_com
[1.007s] -- Up-to-date: /home/ceu/ros2_ws/install/px4_ros_com/share/ament_index/resource_index/parent_prefix_path/px4_ros_com
[1.007s] -- Up-to-date: /home/ceu/ros2_ws/install/px4_ros_com/share/px4_ros_com/environment/ament_prefix_path.sh
[1.007s] -- Up-to-date: /home/ceu/ros2_ws/install/px4_ros_com/share/px4_ros_com/environment/ament_prefix_path.dsv
[1.008s] -- Up-to-date: /home/ceu/ros2_ws/install/px4_ros_com/share/px4_ros_com/environment/path.sh
[1.008s] -- Up-to-date: /home/ceu/ros2_ws/install/px4_ros_com/share/px4_ros_com/environment/path.dsv
[1.008s] -- Up-to-date: /home/ceu/ros2_ws/install/px4_ros_com/share/px4_ros_com/local_setup.bash
[1.008s] -- Up-to-date: /home/ceu/ros2_ws/install/px4_ros_com/share/px4_ros_com/local_setup.sh
[1.008s] -- Up-to-date: /home/ceu/ros2_ws/install/px4_ros_com/share/px4_ros_com/local_setup.zsh
[1.009s] -- Up-to-date: /home/ceu/ros2_ws/install/px4_ros_com/share/px4_ros_com/local_setup.dsv
[1.009s] -- Installing: /home/ceu/ros2_ws/install/px4_ros_com/share/px4_ros_com/package.dsv
[1.010s] -- Up-to-date: /home/ceu/ros2_ws/install/px4_ros_com/share/ament_index/resource_index/packages/px4_ros_com
[1.010s] -- Up-to-date: /home/ceu/ros2_ws/install/px4_ros_com/share/px4_ros_com/cmake/export_frame_transformsExport.cmake
[1.010s] -- Up-to-date: /home/ceu/ros2_ws/install/px4_ros_com/share/px4_ros_com/cmake/export_frame_transformsExport-noconfig.cmake
[1.011s] -- Up-to-date: /home/ceu/ros2_ws/install/px4_ros_com/share/px4_ros_com/cmake/ament_cmake_export_dependencies-extras.cmake
[1.011s] -- Up-to-date: /home/ceu/ros2_ws/install/px4_ros_com/share/px4_ros_com/cmake/ament_cmake_export_targets-extras.cmake
[1.011s] -- Up-to-date: /home/ceu/ros2_ws/install/px4_ros_com/share/px4_ros_com/cmake/ament_cmake_export_include_directories-extras.cmake
[1.011s] -- Up-to-date: /home/ceu/ros2_ws/install/px4_ros_com/share/px4_ros_com/cmake/ament_cmake_export_libraries-extras.cmake
[1.011s] -- Up-to-date: /home/ceu/ros2_ws/install/px4_ros_com/share/px4_ros_com/cmake/px4_ros_comConfig.cmake
[1.012s] -- Up-to-date: /home/ceu/ros2_ws/install/px4_ros_com/share/px4_ros_com/cmake/px4_ros_comConfig-version.cmake
[1.012s] -- Up-to-date: /home/ceu/ros2_ws/install/px4_ros_com/share/px4_ros_com/package.xml
[1.012s] Invoked command in '/home/ceu/ros2_ws/build/px4_ros_com' returned '0': CMAKE_PREFIX_PATH=/home/ceu/ros2_ws/install/px4_msgs:/home/ceu/ros2_ws/install/px4_ros_com:/home/ceu/ros2_ws/install/px4_offboard:/opt/ros/foxy LD_LIBRARY_PATH=/home/ceu/ros2_ws/install/px4_msgs/lib:/home/ceu/ros2_ws/install/px4_ros_com/lib:/opt/ros/foxy/opt/yaml_cpp_vendor/lib:/opt/ros/foxy/opt/rviz_ogre_vendor/lib:/opt/ros/foxy/lib/x86_64-linux-gnu:/opt/ros/foxy/lib PYTHONPATH=/home/ceu/ros2_ws/install/px4_msgs/lib/python3.8/site-packages:/home/ceu/ros2_ws/install/px4_offboard/lib/python3.8/site-packages:/home/ceu/ros2_ws/install/publish_lidar_data/lib/python3.8/site-packages:/opt/ros/foxy/lib/python3.8/site-packages /usr/bin/cmake --install /home/ceu/ros2_ws/build/px4_ros_com
