[0.675s] Invoking command in '/home/ceu/ros2_ws/build/ros_gz_interfaces': CMAKE_PREFIX_PATH=/opt/ros/foxy /usr/bin/cmake /home/ceu/ros2_ws/src/ros_gz/ros_gz_interfaces -DCMAKE_INSTALL_PREFIX=/home/ceu/ros2_ws/install/ros_gz_interfaces
[1.053s] -- The C compiler identification is GNU 9.4.0
[1.054s] -- The CXX compiler identification is GNU 9.4.0
[1.054s] -- Check for working C compiler: /usr/bin/cc
[1.054s] -- Check for working C compiler: /usr/bin/cc -- works
[1.055s] -- Detecting C compiler ABI info
[1.056s] -- Detecting C compiler ABI info - done
[1.056s] -- Detecting C compile features
[1.057s] -- Detecting C compile features - done
[1.057s] -- Check for working CXX compiler: /usr/bin/c++
[1.067s] -- Check for working CXX compiler: /usr/bin/c++ -- works
[1.069s] -- Detecting CXX compiler ABI info
[1.151s] -- Detecting CXX compiler ABI info - done
[1.170s] -- Detecting CXX compile features
[1.170s] -- Detecting CXX compile features - done
[1.173s] -- Found ament_cmake: 0.9.12 (/opt/ros/foxy/share/ament_cmake/cmake)
[1.209s] -- Found PythonInterp: /usr/bin/python3 (found suitable version "3.8.10", minimum required is "3") 
[1.209s] -- Using PYTHON_EXECUTABLE: /usr/bin/python3
[1.478s] -- Found builtin_interfaces: 1.0.0 (/opt/ros/foxy/share/builtin_interfaces/cmake)
[1.525s] -- Using all available rosidl_typesupport_c: rosidl_typesupport_fastrtps_c;rosidl_typesupport_introspection_c
[1.532s] -- Found rosidl_adapter: 1.3.1 (/opt/ros/foxy/share/rosidl_adapter/cmake)
[1.633s] -- Found OpenSSL: /usr/lib/x86_64-linux-gnu/libcrypto.so (found version "1.1.1f")  
[1.666s] -- Found FastRTPS: /opt/ros/foxy/include  
[1.777s] -- Using all available rosidl_typesupport_cpp: rosidl_typesupport_fastrtps_cpp;rosidl_typesupport_introspection_cpp
[1.815s] -- Found rcl_interfaces: 1.0.0 (/opt/ros/foxy/share/rcl_interfaces/cmake)
[1.836s] -- Found std_msgs: 2.0.5 (/opt/ros/foxy/share/std_msgs/cmake)
[1.873s] -- Found geometry_msgs: 2.0.5 (/opt/ros/foxy/share/geometry_msgs/cmake)
[2.159s] -- Found rosidl_default_generators: 1.0.1 (/opt/ros/foxy/share/rosidl_default_generators/cmake)
[2.617s] -- Found PythonInterp: /usr/bin/python3 (found version "3.8.10") 
[3.016s] -- Found ament_cmake_cppcheck: 0.9.8 (/opt/ros/foxy/share/ament_cmake_cppcheck/cmake)
[3.016s] -- Found ament_cmake_cpplint: 0.9.8 (/opt/ros/foxy/share/ament_cmake_cpplint/cmake)
[3.017s] -- Found ament_cmake_uncrustify: 0.9.8 (/opt/ros/foxy/share/ament_cmake_uncrustify/cmake)
[3.017s] -- Found ament_cmake_ros: 0.9.2 (/opt/ros/foxy/share/ament_cmake_ros/cmake)
[3.017s] -- Using all available rosidl_typesupport_c: rosidl_typesupport_fastrtps_c;rosidl_typesupport_introspection_c
[3.017s] -- Using all available rosidl_typesupport_cpp: rosidl_typesupport_fastrtps_cpp;rosidl_typesupport_introspection_cpp
[3.017s] -- Found PythonInterp: /usr/bin/python3 (found suitable version "3.8.10", minimum required is "3.5") 
[3.017s] -- Found python_cmake_module: 0.8.1 (/opt/ros/foxy/share/python_cmake_module/cmake)
[3.017s] -- Found PythonLibs: /usr/lib/x86_64-linux-gnu/libpython3.8.so (found suitable version "3.8.10", minimum required is "3.5") 
[3.017s] -- Using PYTHON_EXECUTABLE: /usr/bin/python3
[3.017s] -- Using PYTHON_INCLUDE_DIRS: /usr/include/python3.8
[3.018s] -- Using PYTHON_LIBRARIES: /usr/lib/x86_64-linux-gnu/libpython3.8.so
[3.018s] -- Found PythonExtra: .so  
[3.044s] -- Found ament_cmake_flake8: 0.9.8 (/opt/ros/foxy/share/ament_cmake_flake8/cmake)
[3.046s] -- Found ament_cmake_pep257: 0.9.8 (/opt/ros/foxy/share/ament_cmake_pep257/cmake)
[3.059s] -- Configuring done
[3.172s] -- Generating done
[3.175s] -- Build files have been written to: /home/ceu/ros2_ws/build/ros_gz_interfaces
