[0.711s] Invoking command in '/home/ceu/ros2_ws/build/velodyne_description': CMAKE_PREFIX_PATH=/opt/ros/foxy /usr/bin/cmake /home/ceu/ros2_ws/lio_sam_gazebo_ros2/src/velodyne_simulator/velodyne_description -DCMAKE_INSTALL_PREFIX=/home/ceu/ros2_ws/install/velodyne_description
[1.062s] -- The C compiler identification is GNU 9.4.0
[1.062s] -- The CXX compiler identification is GNU 9.4.0
[1.062s] -- Check for working C compiler: /usr/bin/cc
[1.062s] -- Check for working C compiler: /usr/bin/cc -- works
[1.062s] -- Detecting C compiler ABI info
[1.062s] -- Detecting C compiler ABI info - done
[1.062s] -- Detecting C compile features
[1.063s] -- Detecting C compile features - done
[1.063s] -- Check for working CXX compiler: /usr/bin/c++
[1.070s] -- Check for working CXX compiler: /usr/bin/c++ -- works
[1.071s] -- Detecting CXX compiler ABI info
[1.161s] -- Detecting CXX compiler ABI info - done
[1.185s] -- Detecting CXX compile features
[1.186s] -- Detecting CXX compile features - done
[1.188s] -- Found ament_cmake: 0.9.12 (/opt/ros/foxy/share/ament_cmake/cmake)
[1.214s] -- Found PythonInterp: /usr/bin/python3 (found suitable version "3.8.10", minimum required is "3") 
[1.214s] -- Using PYTHON_EXECUTABLE: /usr/bin/python3
[1.600s] -- Found PkgConfig: /usr/bin/pkg-config (found version "0.29.1") 
[1.614s] -- Checking for module 'bullet>=2.82'
[1.629s] --   Found bullet, version 2.88
[1.798s] -- Found ccd: /usr/include (found suitable version "2.0", minimum required is "2.0") 
[1.868s] -- Found fcl: /usr/include (found suitable version "0.5.0", minimum required is "0.3.2") 
[1.942s] -- Found assimp: /usr/include (found version "5.0.0") 
[1.980s] -- Found DART: /usr/include (Required is at least version "6.6") found components: dart 
[2.329s] -- Found Boost: /usr/lib/x86_64-linux-gnu/cmake/Boost-1.71.0/BoostConfig.cmake (found suitable version "1.71.0", minimum required is "1.40.0") found components: thread system filesystem program_options regex iostreams date_time 
[2.361s] -- Found Protobuf: /usr/lib/x86_64-linux-gnu/libprotobuf.so;-lpthread (found version "3.6.1") 
[2.371s] -- Looking for ignition-math6 -- found version 6.15.0
[2.378s] -- Searching for dependencies of ignition-math6
[2.380s] -- Looking for OGRE...
[2.382s] -- OGRE_PREFIX_WATCH changed.
[2.388s] -- Checking for module 'OGRE'
[2.407s] --   Found OGRE, version 1.9.0
[2.449s] -- Found Ogre Ghadamon (1.9.0)
[2.459s] -- Found OGRE: optimized;/usr/lib/x86_64-linux-gnu/libOgreMain.so;debug;/usr/lib/x86_64-linux-gnu/libOgreMain.so
[2.467s] -- Looking for OGRE_Paging...
[2.474s] -- Found OGRE_Paging: optimized;/usr/lib/x86_64-linux-gnu/libOgrePaging.so;debug;/usr/lib/x86_64-linux-gnu/libOgrePaging.so
[2.474s] -- Looking for OGRE_Terrain...
[2.480s] -- Found OGRE_Terrain: optimized;/usr/lib/x86_64-linux-gnu/libOgreTerrain.so;debug;/usr/lib/x86_64-linux-gnu/libOgreTerrain.so
[2.482s] -- Looking for OGRE_Property...
[2.485s] -- Found OGRE_Property: optimized;/usr/lib/x86_64-linux-gnu/libOgreProperty.so;debug;/usr/lib/x86_64-linux-gnu/libOgreProperty.so
[2.486s] -- Looking for OGRE_RTShaderSystem...
[2.490s] -- Found OGRE_RTShaderSystem: optimized;/usr/lib/x86_64-linux-gnu/libOgreRTShaderSystem.so;debug;/usr/lib/x86_64-linux-gnu/libOgreRTShaderSystem.so
[2.491s] -- Looking for OGRE_Volume...
[2.497s] -- Found OGRE_Volume: optimized;/usr/lib/x86_64-linux-gnu/libOgreVolume.so;debug;/usr/lib/x86_64-linux-gnu/libOgreVolume.so
[2.498s] -- Looking for OGRE_Overlay...
[2.503s] -- Found OGRE_Overlay: optimized;/usr/lib/x86_64-linux-gnu/libOgreOverlay.so;debug;/usr/lib/x86_64-linux-gnu/libOgreOverlay.so
[2.643s] -- Looking for ignition-math6 -- found version 6.15.0
[2.646s] -- Looking for ignition-transport8 -- found version 8.4.0
[2.646s] -- Searching for dependencies of ignition-transport8
[2.669s] -- Found Protobuf: /usr/lib/x86_64-linux-gnu/libprotobuf.so;-lpthread (found suitable version "3.6.1", minimum required is "3") 
[2.685s] -- Config-file not installed for ZeroMQ -- checking for pkg-config
[2.686s] -- Checking for module 'libzmq >= 4'
[2.705s] --   Found libzmq , version 4.3.2
[2.755s] -- Found ZeroMQ: TRUE (Required is at least version "4") 
[2.762s] -- Checking for module 'uuid'
[2.785s] --   Found uuid, version 2.34.0
[2.838s] -- Found UUID: TRUE  
[2.841s] -- Looking for ignition-msgs5 -- found version 5.11.0
[2.841s] -- Searching for dependencies of ignition-msgs5
[2.871s] -- Looking for ignition-math6 -- found version 6.15.0
[2.878s] -- Checking for module 'tinyxml2'
[2.902s] --   Found tinyxml2, version 6.2.0
[2.955s] -- Looking for ignition-msgs5 -- found version 5.11.0
[2.958s] -- Looking for ignition-common3 -- found version 3.16.0
[2.958s] -- Searching for dependencies of ignition-common3
[2.959s] -- Looking for dlfcn.h - found
[2.960s] -- Looking for libdl - found
[2.961s] -- Found DL: TRUE  
[2.974s] -- Searching for <ignition-common3> component [graphics]
[2.976s] -- Looking for ignition-common3-graphics -- found version 3.16.0
[2.977s] -- Searching for dependencies of ignition-common3-graphics
[2.977s] -- Looking for ignition-math6 -- found version 6.15.0
[2.981s] -- Looking for ignition-fuel_tools4 -- found version 4.9.0
[2.982s] -- Searching for dependencies of ignition-fuel_tools4
[3.087s] -- Found CURL: /usr/lib/x86_64-linux-gnu/libcurl.so (found version "7.68.0")  
[3.099s] -- Checking for module 'jsoncpp'
[3.118s] --   Found jsoncpp, version 1.7.4
[3.171s] -- Found JSONCPP: TRUE  
[3.180s] -- Checking for module 'libzip'
[3.201s] --   Found libzip, version 1.5.1
[3.249s] -- Found ZIP: TRUE  
[3.249s] -- Looking for ignition-common3 -- found version 3.16.0
[3.249s] -- Looking for ignition-math6 -- found version 6.15.0
[3.250s] -- Looking for ignition-msgs5 -- found version 5.11.0
[3.253s] -- Found gazebo_ros_pkgs: 3.5.3 (/opt/ros/foxy/share/gazebo_ros_pkgs/cmake)
[3.337s] -- Configuring done
[3.340s] -- Generating done
[3.342s] -- Build files have been written to: /home/ceu/ros2_ws/build/velodyne_description
[3.351s] Invoked command in '/home/ceu/ros2_ws/build/velodyne_description' returned '0': CMAKE_PREFIX_PATH=/opt/ros/foxy /usr/bin/cmake /home/ceu/ros2_ws/lio_sam_gazebo_ros2/src/velodyne_simulator/velodyne_description -DCMAKE_INSTALL_PREFIX=/home/ceu/ros2_ws/install/velodyne_description
[3.355s] Invoking command in '/home/ceu/ros2_ws/build/velodyne_description': CMAKE_PREFIX_PATH=/opt/ros/foxy /usr/bin/cmake --build /home/ceu/ros2_ws/build/velodyne_description -- -j12 -l12
[3.398s] Invoked command in '/home/ceu/ros2_ws/build/velodyne_description' returned '0': CMAKE_PREFIX_PATH=/opt/ros/foxy /usr/bin/cmake --build /home/ceu/ros2_ws/build/velodyne_description -- -j12 -l12
[3.426s] Invoking command in '/home/ceu/ros2_ws/build/velodyne_description': CMAKE_PREFIX_PATH=/opt/ros/foxy /usr/bin/cmake --install /home/ceu/ros2_ws/build/velodyne_description
[3.436s] -- Install configuration: ""
[3.436s] -- Installing: /home/ceu/ros2_ws/install/velodyne_description/share/ament_index/resource_index/package_run_dependencies/velodyne_description
[3.436s] -- Installing: /home/ceu/ros2_ws/install/velodyne_description/share/ament_index/resource_index/parent_prefix_path/velodyne_description
[3.437s] -- Up-to-date: /home/ceu/ros2_ws/install/velodyne_description/share/velodyne_description/environment/ament_prefix_path.sh
[3.437s] -- Installing: /home/ceu/ros2_ws/install/velodyne_description/share/velodyne_description/environment/ament_prefix_path.dsv
[3.437s] -- Up-to-date: /home/ceu/ros2_ws/install/velodyne_description/share/velodyne_description/environment/path.sh
[3.437s] -- Installing: /home/ceu/ros2_ws/install/velodyne_description/share/velodyne_description/environment/path.dsv
[3.437s] -- Installing: /home/ceu/ros2_ws/install/velodyne_description/share/velodyne_description/local_setup.bash
[3.438s] -- Installing: /home/ceu/ros2_ws/install/velodyne_description/share/velodyne_description/local_setup.sh
[3.438s] -- Installing: /home/ceu/ros2_ws/install/velodyne_description/share/velodyne_description/local_setup.zsh
[3.438s] -- Installing: /home/ceu/ros2_ws/install/velodyne_description/share/velodyne_description/local_setup.dsv
[3.438s] -- Installing: /home/ceu/ros2_ws/install/velodyne_description/share/velodyne_description/package.dsv
[3.438s] -- Installing: /home/ceu/ros2_ws/install/velodyne_description/share/ament_index/resource_index/packages/velodyne_description
[3.439s] -- Installing: /home/ceu/ros2_ws/install/velodyne_description/share/velodyne_description/cmake/ament_cmake_export_dependencies-extras.cmake
[3.439s] -- Installing: /home/ceu/ros2_ws/install/velodyne_description/share/velodyne_description/cmake/velodyne_descriptionConfig.cmake
[3.439s] -- Installing: /home/ceu/ros2_ws/install/velodyne_description/share/velodyne_description/cmake/velodyne_descriptionConfig-version.cmake
[3.439s] -- Installing: /home/ceu/ros2_ws/install/velodyne_description/share/velodyne_description/package.xml
[3.440s] -- Up-to-date: /home/ceu/ros2_ws/install/velodyne_description/share/velodyne_description/launch
[3.440s] -- Installing: /home/ceu/ros2_ws/install/velodyne_description/share/velodyne_description/launch/example-launch.py
[3.440s] -- Up-to-date: /home/ceu/ros2_ws/install/velodyne_description/share/velodyne_description/meshes
[3.440s] -- Installing: /home/ceu/ros2_ws/install/velodyne_description/share/velodyne_description/meshes/HDL32E_scan.dae
[3.441s] -- Installing: /home/ceu/ros2_ws/install/velodyne_description/share/velodyne_description/meshes/VLP16_scan.stl
[3.441s] -- Installing: /home/ceu/ros2_ws/install/velodyne_description/share/velodyne_description/meshes/HDL32E_base.stl
[3.441s] -- Installing: /home/ceu/ros2_ws/install/velodyne_description/share/velodyne_description/meshes/VLP16_base_2.stl
[3.441s] -- Installing: /home/ceu/ros2_ws/install/velodyne_description/share/velodyne_description/meshes/HDL32E_base.dae
[3.442s] -- Installing: /home/ceu/ros2_ws/install/velodyne_description/share/velodyne_description/meshes/VLP16_scan.dae
[3.442s] -- Installing: /home/ceu/ros2_ws/install/velodyne_description/share/velodyne_description/meshes/VLP16_base_2.dae
[3.443s] -- Installing: /home/ceu/ros2_ws/install/velodyne_description/share/velodyne_description/meshes/VLP16_base_1.dae
[3.443s] -- Installing: /home/ceu/ros2_ws/install/velodyne_description/share/velodyne_description/meshes/HDL32E_scan.stl
[3.443s] -- Installing: /home/ceu/ros2_ws/install/velodyne_description/share/velodyne_description/meshes/VLP16_base_1.stl
[3.444s] -- Up-to-date: /home/ceu/ros2_ws/install/velodyne_description/share/velodyne_description/rviz
[3.444s] -- Installing: /home/ceu/ros2_ws/install/velodyne_description/share/velodyne_description/rviz/example.rviz
[3.444s] -- Up-to-date: /home/ceu/ros2_ws/install/velodyne_description/share/velodyne_description/urdf
[3.444s] -- Installing: /home/ceu/ros2_ws/install/velodyne_description/share/velodyne_description/urdf/VLP-16.urdf.xacro
[3.445s] -- Installing: /home/ceu/ros2_ws/install/velodyne_description/share/velodyne_description/urdf/VLP-32C.urdf.xacro
[3.445s] -- Installing: /home/ceu/ros2_ws/install/velodyne_description/share/velodyne_description/urdf/HDL-32E.urdf.xacro
[3.445s] -- Installing: /home/ceu/ros2_ws/install/velodyne_description/share/velodyne_description/urdf/example.urdf.xacro
[3.445s] -- Up-to-date: /home/ceu/ros2_ws/install/velodyne_description/share/velodyne_description/world
[3.445s] -- Installing: /home/ceu/ros2_ws/install/velodyne_description/share/velodyne_description/world/lio_sam.model
[3.446s] -- Installing: /home/ceu/ros2_ws/install/velodyne_description/share/velodyne_description/world/example.world
[3.446s] -- Up-to-date: /home/ceu/ros2_ws/install/velodyne_description/share/velodyne_description/models
[3.446s] -- Up-to-date: /home/ceu/ros2_ws/install/velodyne_description/share/velodyne_description/models/rs_robot
[3.446s] -- Installing: /home/ceu/ros2_ws/install/velodyne_description/share/velodyne_description/models/rs_robot/model.config
[3.446s] -- Up-to-date: /home/ceu/ros2_ws/install/velodyne_description/share/velodyne_description/models/rs_robot/meshes
[3.447s] -- Up-to-date: /home/ceu/ros2_ws/install/velodyne_description/share/velodyne_description/models/rs_robot/meshes/STL
[3.447s] -- Up-to-date: /home/ceu/ros2_ws/install/velodyne_description/share/velodyne_description/models/rs_robot/meshes/STL/lidar_head
[3.447s] -- Installing: /home/ceu/ros2_ws/install/velodyne_description/share/velodyne_description/models/rs_robot/meshes/STL/lidar_head/YDlidar_head v4.stl
[3.447s] -- Up-to-date: /home/ceu/ros2_ws/install/velodyne_description/share/velodyne_description/models/rs_robot/meshes/STL/base
[3.447s] -- Installing: /home/ceu/ros2_ws/install/velodyne_description/share/velodyne_description/models/rs_robot/meshes/STL/base/base_link.stl
[3.447s] -- Installing: /home/ceu/ros2_ws/install/velodyne_description/share/velodyne_description/models/rs_robot/meshes/STL/base/base_link_old.stl
[3.448s] -- Up-to-date: /home/ceu/ros2_ws/install/velodyne_description/share/velodyne_description/models/rs_robot/meshes/STL/lidar_base
[3.448s] -- Installing: /home/ceu/ros2_ws/install/velodyne_description/share/velodyne_description/models/rs_robot/meshes/STL/lidar_base/YDlidar_base.stl
[3.449s] -- Up-to-date: /home/ceu/ros2_ws/install/velodyne_description/share/velodyne_description/models/rs_robot/meshes/STL/suspension
[3.449s] -- Installing: /home/ceu/ros2_ws/install/velodyne_description/share/velodyne_description/models/rs_robot/meshes/STL/suspension/sus_link.stl
[3.449s] -- Installing: /home/ceu/ros2_ws/install/velodyne_description/share/velodyne_description/models/rs_robot/meshes/STL/suspension/REAR_RIGHT_LINKSTL.stl
[3.450s] -- Installing: /home/ceu/ros2_ws/install/velodyne_description/share/velodyne_description/models/rs_robot/meshes/STL/suspension/REAR_LEFT_LINKSTL.stl
[3.451s] -- Installing: /home/ceu/ros2_ws/install/velodyne_description/share/velodyne_description/models/rs_robot/meshes/STL/suspension/FRONT_RIGHT_LINKSTL.stl
[3.452s] -- Installing: /home/ceu/ros2_ws/install/velodyne_description/share/velodyne_description/models/rs_robot/meshes/STL/suspension/FRONT_LEFT_LINKSTL.stl
[3.452s] -- Up-to-date: /home/ceu/ros2_ws/install/velodyne_description/share/velodyne_description/models/rs_robot/meshes/STL/wheel
[3.452s] -- Installing: /home/ceu/ros2_ws/install/velodyne_description/share/velodyne_description/models/rs_robot/meshes/STL/wheel/robot_wheel.stl
[3.453s] -- Up-to-date: /home/ceu/ros2_ws/install/velodyne_description/share/velodyne_description/models/rs_robot/meshes/STL/sensors
[3.453s] -- Up-to-date: /home/ceu/ros2_ws/install/velodyne_description/share/velodyne_description/models/rs_robot/meshes/STL/sensors/gim30
[3.453s] -- Installing: /home/ceu/ros2_ws/install/velodyne_description/share/velodyne_description/models/rs_robot/meshes/STL/sensors/gim30/gim30.stl
[3.463s] -- Up-to-date: /home/ceu/ros2_ws/install/velodyne_description/share/velodyne_description/models/rs_robot/meshes/STL/sensors/rear_lrf
[3.464s] -- Installing: /home/ceu/ros2_ws/install/velodyne_description/share/velodyne_description/models/rs_robot/meshes/STL/sensors/rear_lrf/rear_lrf.stl
[3.464s] -- Up-to-date: /home/ceu/ros2_ws/install/velodyne_description/share/velodyne_description/models/rs_robot/meshes/STL/sensors/camera
[3.464s] -- Up-to-date: /home/ceu/ros2_ws/install/velodyne_description/share/velodyne_description/models/rs_robot/meshes/STL/sensors/front_lrf
[3.464s] -- Installing: /home/ceu/ros2_ws/install/velodyne_description/share/velodyne_description/models/rs_robot/meshes/STL/sensors/front_lrf/front_lrf.stl
[3.471s] -- Up-to-date: /home/ceu/ros2_ws/install/velodyne_description/share/velodyne_description/models/rs_robot/meshes/STL/sensors/gps
[3.471s] -- Installing: /home/ceu/ros2_ws/install/velodyne_description/share/velodyne_description/models/rs_robot/meshes/STL/sensors/gps/gps.stl
[3.474s] -- Up-to-date: /home/ceu/ros2_ws/install/velodyne_description/share/velodyne_description/models/rs_robot/meshes/DAE
[3.474s] -- Up-to-date: /home/ceu/ros2_ws/install/velodyne_description/share/velodyne_description/models/rs_robot/meshes/DAE/lidar_head
[3.474s] -- Installing: /home/ceu/ros2_ws/install/velodyne_description/share/velodyne_description/models/rs_robot/meshes/DAE/lidar_head/YDlidar_head.dae
[3.474s] -- Up-to-date: /home/ceu/ros2_ws/install/velodyne_description/share/velodyne_description/models/rs_robot/meshes/DAE/base
[3.474s] -- Installing: /home/ceu/ros2_ws/install/velodyne_description/share/velodyne_description/models/rs_robot/meshes/DAE/base/base_linkOLD.dae
[3.486s] -- Installing: /home/ceu/ros2_ws/install/velodyne_description/share/velodyne_description/models/rs_robot/meshes/DAE/base/base_link.dae
[3.499s] -- Up-to-date: /home/ceu/ros2_ws/install/velodyne_description/share/velodyne_description/models/rs_robot/meshes/DAE/lidar_base
[3.499s] -- Installing: /home/ceu/ros2_ws/install/velodyne_description/share/velodyne_description/models/rs_robot/meshes/DAE/lidar_base/YDlidar_base.dae
[3.500s] -- Up-to-date: /home/ceu/ros2_ws/install/velodyne_description/share/velodyne_description/models/rs_robot/meshes/DAE/suspension
[3.500s] -- Installing: /home/ceu/ros2_ws/install/velodyne_description/share/velodyne_description/models/rs_robot/meshes/DAE/suspension/front_left_link.dae
[3.502s] -- Installing: /home/ceu/ros2_ws/install/velodyne_description/share/velodyne_description/models/rs_robot/meshes/DAE/suspension/front_right_link.dae
[3.505s] -- Installing: /home/ceu/ros2_ws/install/velodyne_description/share/velodyne_description/models/rs_robot/meshes/DAE/suspension/rear_left_link.dae
[3.507s] -- Installing: /home/ceu/ros2_ws/install/velodyne_description/share/velodyne_description/models/rs_robot/meshes/DAE/suspension/rear_right_link.dae
[3.510s] -- Up-to-date: /home/ceu/ros2_ws/install/velodyne_description/share/velodyne_description/models/rs_robot/meshes/DAE/wheel
[3.510s] -- Installing: /home/ceu/ros2_ws/install/velodyne_description/share/velodyne_description/models/rs_robot/meshes/DAE/wheel/wheel_link.dae
[3.512s] -- Up-to-date: /home/ceu/ros2_ws/install/velodyne_description/share/velodyne_description/models/rs_robot/meshes/DAE/sensors
[3.512s] -- Up-to-date: /home/ceu/ros2_ws/install/velodyne_description/share/velodyne_description/models/rs_robot/meshes/DAE/sensors/gim30
[3.512s] -- Installing: /home/ceu/ros2_ws/install/velodyne_description/share/velodyne_description/models/rs_robot/meshes/DAE/sensors/gim30/gim30.dae
[3.538s] -- Installing: /home/ceu/ros2_ws/install/velodyne_description/share/velodyne_description/models/rs_robot/meshes/DAE/sensors/gim30/gim30_lrf_texture.png
[3.538s] -- Up-to-date: /home/ceu/ros2_ws/install/velodyne_description/share/velodyne_description/models/rs_robot/meshes/DAE/sensors/rear_lrf
[3.539s] -- Installing: /home/ceu/ros2_ws/install/velodyne_description/share/velodyne_description/models/rs_robot/meshes/DAE/sensors/rear_lrf/rear_lrf.dae
[3.540s] -- Installing: /home/ceu/ros2_ws/install/velodyne_description/share/velodyne_description/models/rs_robot/meshes/DAE/sensors/rear_lrf/urg_texture.png
[3.540s] -- Up-to-date: /home/ceu/ros2_ws/install/velodyne_description/share/velodyne_description/models/rs_robot/meshes/DAE/sensors/camera
[3.540s] -- Installing: /home/ceu/ros2_ws/install/velodyne_description/share/velodyne_description/models/rs_robot/meshes/DAE/sensors/camera/camera.dae
[3.540s] -- Up-to-date: /home/ceu/ros2_ws/install/velodyne_description/share/velodyne_description/models/rs_robot/meshes/DAE/sensors/front_lrf
[3.541s] -- Installing: /home/ceu/ros2_ws/install/velodyne_description/share/velodyne_description/models/rs_robot/meshes/DAE/sensors/front_lrf/lrf_texture.png
[3.541s] -- Installing: /home/ceu/ros2_ws/install/velodyne_description/share/velodyne_description/models/rs_robot/meshes/DAE/sensors/front_lrf/front_lrf.dae
[3.561s] -- Up-to-date: /home/ceu/ros2_ws/install/velodyne_description/share/velodyne_description/models/rs_robot/meshes/DAE/sensors/gps
[3.561s] -- Installing: /home/ceu/ros2_ws/install/velodyne_description/share/velodyne_description/models/rs_robot/meshes/DAE/sensors/gps/gps_texture.png
[3.561s] -- Installing: /home/ceu/ros2_ws/install/velodyne_description/share/velodyne_description/models/rs_robot/meshes/DAE/sensors/gps/gps.dae
[3.568s] -- Installing: /home/ceu/ros2_ws/install/velodyne_description/share/velodyne_description/models/rs_robot/rs_robot.sdf
[3.570s] Invoked command in '/home/ceu/ros2_ws/build/velodyne_description' returned '0': CMAKE_PREFIX_PATH=/opt/ros/foxy /usr/bin/cmake --install /home/ceu/ros2_ws/build/velodyne_description
