[0.622s] Invoking command in '/home/ceu/ros2_ws/build/px4_ros_com': AMENT_PREFIX_PATH=/home/ceu/ros2_ws/install/px4_msgs:${AMENT_PREFIX_PATH} CMAKE_PREFIX_PATH=/home/ceu/ros2_ws/install/px4_msgs:/opt/ros/foxy LD_LIBRARY_PATH=/home/ceu/ros2_ws/install/px4_msgs/lib:${LD_LIBRARY_PATH} PYTHONPATH=/home/ceu/ros2_ws/install/px4_msgs/lib/python3.8/site-packages:${PYTHONPATH} /usr/bin/cmake --build /home/ceu/ros2_ws/build/px4_ros_com -- -j12 -l12
[0.647s] -- Found ament_cmake: 0.9.12 (/opt/ros/foxy/share/ament_cmake/cmake)
[0.673s] -- Using PYTHON_EXECUTABLE: /usr/bin/python3
[0.900s] -- Found builtin_interfaces: 1.0.0 (/opt/ros/foxy/share/builtin_interfaces/cmake)
[0.936s] -- Using all available rosidl_typesupport_c: rosidl_typesupport_fastrtps_c;rosidl_typesupport_introspection_c
[0.942s] -- Found rosidl_adapter: 1.3.1 (/opt/ros/foxy/share/rosidl_adapter/cmake)
[1.114s] -- Using all available rosidl_typesupport_cpp: rosidl_typesupport_fastrtps_cpp;rosidl_typesupport_introspection_cpp
[1.149s] -- Found eigen3_cmake_module: 0.1.1 (/opt/ros/foxy/share/eigen3_cmake_module/cmake)
[1.151s] -- Found geometry_msgs: 2.0.5 (/opt/ros/foxy/share/geometry_msgs/cmake)
[1.233s] -- Found px4_msgs: 2.0.1 (/home/ceu/ros2_ws/install/px4_msgs/share/px4_msgs/cmake)
[1.256s] -- Found rclcpp: 2.4.3 (/opt/ros/foxy/share/rclcpp/cmake)
[1.306s] -- Found rmw_implementation_cmake: 1.0.4 (/opt/ros/foxy/share/rmw_implementation_cmake/cmake)
[1.308s] -- Using RMW implementation 'rmw_fastrtps_cpp' as default
[1.490s] -- Found sensor_msgs: 2.0.5 (/opt/ros/foxy/share/sensor_msgs/cmake)
[1.585s] -- Found ament_lint_auto: 0.9.8 (/opt/ros/foxy/share/ament_lint_auto/cmake)
[1.687s] -- Added test 'copyright' to check source files copyright and LICENSE
[1.695s] -- Added test 'cppcheck' to perform static code analysis on C / C++ code
[1.696s] -- Configured cppcheck include dirs: /home/ceu/ros2_ws/src/px4_ros_com/include;$<BUILD_INTERFACE:/home/ceu/ros2_ws/src/px4_ros_com/include/px4_ros_com>
[1.696s] -- Configured cppcheck exclude dirs and/or files: 
[1.702s] -- Added test 'cpplint' to check C / C++ code against the Google style
[1.702s] -- Configured cpplint exclude dirs and/or files: 
[1.703s] -- Added test 'flake8' to check Python code syntax and style conventions
[1.705s] -- Added test 'lint_cmake' to check CMake code style
[1.706s] -- Added test 'pep257' to check Python code against some of the style conventions in PEP 257
[1.710s] -- Added test 'uncrustify' to check C / C++ code style
[1.710s] -- Configured uncrustify additional arguments: 
[1.711s] -- Added test 'xmllint' to check XML markup files
[1.715s] -- Configuring done
[1.740s] -- Generating done
[1.744s] -- Build files have been written to: /home/ceu/ros2_ws/build/px4_ros_com
[1.776s] [35m[1mScanning dependencies of target offboard_control[0m
[1.776s] [35m[1mScanning dependencies of target debug_vect_advertiser[0m
[1.777s] [35m[1mScanning dependencies of target vehicle_gps_position_listener[0m
[1.777s] [35m[1mScanning dependencies of target frame_transforms[0m
[1.777s] [35m[1mScanning dependencies of target sensor_combined_listener[0m
[1.812s] [ 10%] [32mBuilding CXX object CMakeFiles/frame_transforms.dir/src/lib/frame_transforms.cpp.o[0m
[1.821s] [ 20%] [32mBuilding CXX object CMakeFiles/offboard_control.dir/src/examples/offboard/offboard_control.cpp.o[0m
[1.823s] [ 30%] [32mBuilding CXX object CMakeFiles/vehicle_gps_position_listener.dir/src/examples/listeners/vehicle_gps_position_listener.cpp.o[0m
[1.824s] [ 40%] [32mBuilding CXX object CMakeFiles/sensor_combined_listener.dir/src/examples/listeners/sensor_combined_listener.cpp.o[0m
[1.825s] [ 50%] [32mBuilding CXX object CMakeFiles/debug_vect_advertiser.dir/src/examples/advertisers/debug_vect_advertiser.cpp.o[0m
[5.940s] [ 60%] [32m[1mLinking CXX executable debug_vect_advertiser[0m
[6.173s] [ 60%] Built target debug_vect_advertiser
[6.873s] [ 70%] [32m[1mLinking CXX executable offboard_control[0m
[7.133s] [ 70%] Built target offboard_control
[7.919s] [ 80%] [32m[1mLinking CXX executable sensor_combined_listener[0m
[8.037s] [ 90%] [32m[1mLinking CXX executable vehicle_gps_position_listener[0m
[8.232s] [ 90%] Built target sensor_combined_listener
[8.350s] [ 90%] Built target vehicle_gps_position_listener
[9.220s] [100%] [32m[1mLinking CXX shared library libframe_transforms.so[0m
[9.462s] [100%] Built target frame_transforms
[9.474s] Invoked command in '/home/ceu/ros2_ws/build/px4_ros_com' returned '0': AMENT_PREFIX_PATH=/home/ceu/ros2_ws/install/px4_msgs:${AMENT_PREFIX_PATH} CMAKE_PREFIX_PATH=/home/ceu/ros2_ws/install/px4_msgs:/opt/ros/foxy LD_LIBRARY_PATH=/home/ceu/ros2_ws/install/px4_msgs/lib:${LD_LIBRARY_PATH} PYTHONPATH=/home/ceu/ros2_ws/install/px4_msgs/lib/python3.8/site-packages:${PYTHONPATH} /usr/bin/cmake --build /home/ceu/ros2_ws/build/px4_ros_com -- -j12 -l12
[9.506s] Invoking command in '/home/ceu/ros2_ws/build/px4_ros_com': AMENT_PREFIX_PATH=/home/ceu/ros2_ws/install/px4_msgs:${AMENT_PREFIX_PATH} CMAKE_PREFIX_PATH=/home/ceu/ros2_ws/install/px4_msgs:/opt/ros/foxy LD_LIBRARY_PATH=/home/ceu/ros2_ws/install/px4_msgs/lib:${LD_LIBRARY_PATH} PYTHONPATH=/home/ceu/ros2_ws/install/px4_msgs/lib/python3.8/site-packages:${PYTHONPATH} /usr/bin/cmake --install /home/ceu/ros2_ws/build/px4_ros_com
[9.514s] -- Install configuration: ""
[9.514s] -- Installing: /home/ceu/ros2_ws/install/px4_ros_com/lib/px4_ros_com/sensor_combined_listener
[9.517s] -- Set runtime path of "/home/ceu/ros2_ws/install/px4_ros_com/lib/px4_ros_com/sensor_combined_listener" to ""
[9.517s] -- Installing: /home/ceu/ros2_ws/install/px4_ros_com/lib/px4_ros_com/vehicle_gps_position_listener
[9.519s] -- Set runtime path of "/home/ceu/ros2_ws/install/px4_ros_com/lib/px4_ros_com/vehicle_gps_position_listener" to ""
[9.520s] -- Installing: /home/ceu/ros2_ws/install/px4_ros_com/lib/px4_ros_com/debug_vect_advertiser
[9.521s] -- Set runtime path of "/home/ceu/ros2_ws/install/px4_ros_com/lib/px4_ros_com/debug_vect_advertiser" to ""
[9.521s] -- Installing: /home/ceu/ros2_ws/install/px4_ros_com/lib/px4_ros_com/offboard_control
[9.523s] -- Set runtime path of "/home/ceu/ros2_ws/install/px4_ros_com/lib/px4_ros_com/offboard_control" to ""
[9.523s] -- Up-to-date: /home/ceu/ros2_ws/install/px4_ros_com/share/px4_ros_com/environment/library_path.sh
[9.523s] -- Installing: /home/ceu/ros2_ws/install/px4_ros_com/share/px4_ros_com/environment/library_path.dsv
[9.523s] -- Up-to-date: /home/ceu/ros2_ws/install/px4_ros_com/include/px4_ros_com
[9.523s] -- Installing: /home/ceu/ros2_ws/install/px4_ros_com/include/px4_ros_com/frame_transforms.h
[9.523s] -- Installing: /home/ceu/ros2_ws/install/px4_ros_com/lib/libframe_transforms.so
[9.528s] -- Set runtime path of "/home/ceu/ros2_ws/install/px4_ros_com/lib/libframe_transforms.so" to ""
[9.528s] -- Up-to-date: /home/ceu/ros2_ws/install/px4_ros_com/share/px4_ros_com//launch
[9.528s] -- Installing: /home/ceu/ros2_ws/install/px4_ros_com/share/px4_ros_com//launch/offboard_control_launch.yaml
[9.528s] -- Installing: /home/ceu/ros2_ws/install/px4_ros_com/share/px4_ros_com//launch/sensor_combined_listener.launch.py
[9.528s] -- Up-to-date: /home/ceu/ros2_ws/install/px4_ros_com/share/px4_ros_com//test
[9.528s] -- Installing: /home/ceu/ros2_ws/install/px4_ros_com/share/px4_ros_com//test/pipeline_io_test.py
[9.529s] -- Installing: /home/ceu/ros2_ws/install/px4_ros_com/share/px4_ros_com//test/test_output.py
[9.529s] -- Installing: /home/ceu/ros2_ws/install/px4_ros_com/share/px4_ros_com//test/test_input.py
[9.529s] -- Installing: /home/ceu/ros2_ws/install/px4_ros_com/share/px4_ros_com//test/__init__.py
[9.529s] -- Up-to-date: /home/ceu/ros2_ws/install/px4_ros_com/share/ament_index/resource_index/package_run_dependencies/px4_ros_com
[9.529s] -- Up-to-date: /home/ceu/ros2_ws/install/px4_ros_com/share/ament_index/resource_index/parent_prefix_path/px4_ros_com
[9.529s] -- Up-to-date: /home/ceu/ros2_ws/install/px4_ros_com/share/px4_ros_com/environment/ament_prefix_path.sh
[9.529s] -- Installing: /home/ceu/ros2_ws/install/px4_ros_com/share/px4_ros_com/environment/ament_prefix_path.dsv
[9.529s] -- Up-to-date: /home/ceu/ros2_ws/install/px4_ros_com/share/px4_ros_com/environment/path.sh
[9.529s] -- Installing: /home/ceu/ros2_ws/install/px4_ros_com/share/px4_ros_com/environment/path.dsv
[9.529s] -- Up-to-date: /home/ceu/ros2_ws/install/px4_ros_com/share/px4_ros_com/local_setup.bash
[9.529s] -- Up-to-date: /home/ceu/ros2_ws/install/px4_ros_com/share/px4_ros_com/local_setup.sh
[9.529s] -- Up-to-date: /home/ceu/ros2_ws/install/px4_ros_com/share/px4_ros_com/local_setup.zsh
[9.530s] -- Installing: /home/ceu/ros2_ws/install/px4_ros_com/share/px4_ros_com/local_setup.dsv
[9.530s] -- Installing: /home/ceu/ros2_ws/install/px4_ros_com/share/px4_ros_com/package.dsv
[9.530s] -- Up-to-date: /home/ceu/ros2_ws/install/px4_ros_com/share/ament_index/resource_index/packages/px4_ros_com
[9.530s] -- Up-to-date: /home/ceu/ros2_ws/install/px4_ros_com/share/px4_ros_com/cmake/export_frame_transformsExport.cmake
[9.530s] -- Installing: /home/ceu/ros2_ws/install/px4_ros_com/share/px4_ros_com/cmake/export_frame_transformsExport-noconfig.cmake
[9.530s] -- Up-to-date: /home/ceu/ros2_ws/install/px4_ros_com/share/px4_ros_com/cmake/ament_cmake_export_dependencies-extras.cmake
[9.530s] -- Up-to-date: /home/ceu/ros2_ws/install/px4_ros_com/share/px4_ros_com/cmake/ament_cmake_export_targets-extras.cmake
[9.530s] -- Up-to-date: /home/ceu/ros2_ws/install/px4_ros_com/share/px4_ros_com/cmake/ament_cmake_export_include_directories-extras.cmake
[9.531s] -- Up-to-date: /home/ceu/ros2_ws/install/px4_ros_com/share/px4_ros_com/cmake/ament_cmake_export_libraries-extras.cmake
[9.531s] -- Up-to-date: /home/ceu/ros2_ws/install/px4_ros_com/share/px4_ros_com/cmake/px4_ros_comConfig.cmake
[9.531s] -- Up-to-date: /home/ceu/ros2_ws/install/px4_ros_com/share/px4_ros_com/cmake/px4_ros_comConfig-version.cmake
[9.531s] -- Installing: /home/ceu/ros2_ws/install/px4_ros_com/share/px4_ros_com/package.xml
[9.532s] Invoked command in '/home/ceu/ros2_ws/build/px4_ros_com' returned '0': AMENT_PREFIX_PATH=/home/ceu/ros2_ws/install/px4_msgs:${AMENT_PREFIX_PATH} CMAKE_PREFIX_PATH=/home/ceu/ros2_ws/install/px4_msgs:/opt/ros/foxy LD_LIBRARY_PATH=/home/ceu/ros2_ws/install/px4_msgs/lib:${LD_LIBRARY_PATH} PYTHONPATH=/home/ceu/ros2_ws/install/px4_msgs/lib/python3.8/site-packages:${PYTHONPATH} /usr/bin/cmake --install /home/ceu/ros2_ws/build/px4_ros_com
