[0.839s] Invoking command in '/home/ceu/ros2_ws/publish_lidar_data': PYTHONPATH=/home/ceu/ros2_ws/build/publish_lidar_data/prefix_override:/home/ceu/ros2_ws/install/publish_lidar_data/lib/python3.8/site-packages:${PYTHONPATH} /usr/bin/python3 setup.py egg_info --egg-base ../build/publish_lidar_data build --build-base /home/ceu/ros2_ws/build/publish_lidar_data/build install --record /home/ceu/ros2_ws/build/publish_lidar_data/install.log --install-scripts $base/lib/publish_lidar_data --single-version-externally-managed
[1.048s] /home/ceu/.local/lib/python3.8/site-packages/setuptools/dist.py:717: UserWarning: Usage of dash-separated 'script-dir' will not be supported in future versions. Please use the underscore name 'script_dir' instead
[1.048s]   warnings.warn(
[1.076s] running egg_info
[1.076s] writing ../build/publish_lidar_data/publish_lidar_data.egg-info/PKG-INFO
[1.076s] writing dependency_links to ../build/publish_lidar_data/publish_lidar_data.egg-info/dependency_links.txt
[1.077s] writing entry points to ../build/publish_lidar_data/publish_lidar_data.egg-info/entry_points.txt
[1.077s] writing requirements to ../build/publish_lidar_data/publish_lidar_data.egg-info/requires.txt
[1.077s] writing top-level names to ../build/publish_lidar_data/publish_lidar_data.egg-info/top_level.txt
[1.080s] reading manifest file '../build/publish_lidar_data/publish_lidar_data.egg-info/SOURCES.txt'
[1.080s] writing manifest file '../build/publish_lidar_data/publish_lidar_data.egg-info/SOURCES.txt'
[1.080s] running build
[1.081s] running build_py
[1.081s] running install
[1.081s] running install_lib
[1.083s] running install_data
[1.083s] running install_egg_info
[1.084s] removing '/home/ceu/ros2_ws/install/publish_lidar_data/lib/python3.8/site-packages/publish_lidar_data-0.0.0-py3.8.egg-info' (and everything under it)
[1.085s] Copying ../build/publish_lidar_data/publish_lidar_data.egg-info to /home/ceu/ros2_ws/install/publish_lidar_data/lib/python3.8/site-packages/publish_lidar_data-0.0.0-py3.8.egg-info
[1.085s] running install_scripts
[1.103s] Installing first_node script to /home/ceu/ros2_ws/install/publish_lidar_data/lib/publish_lidar_data
[1.103s] writing list of installed files to '/home/ceu/ros2_ws/build/publish_lidar_data/install.log'
[1.120s] Invoked command in '/home/ceu/ros2_ws/publish_lidar_data' returned '0': PYTHONPATH=/home/ceu/ros2_ws/build/publish_lidar_data/prefix_override:/home/ceu/ros2_ws/install/publish_lidar_data/lib/python3.8/site-packages:${PYTHONPATH} /usr/bin/python3 setup.py egg_info --egg-base ../build/publish_lidar_data build --build-base /home/ceu/ros2_ws/build/publish_lidar_data/build install --record /home/ceu/ros2_ws/build/publish_lidar_data/install.log --install-scripts $base/lib/publish_lidar_data --single-version-externally-managed
