[0.468s] Invoking command in '/home/ceu/ros2_ws/build/robot_control': CMAKE_PREFIX_PATH=/opt/ros/foxy /usr/bin/cmake /home/ceu/ros2_ws/src/lio_sam_gazebo_ros2/src/robot_control -DCMAKE_INSTALL_PREFIX=/home/ceu/ros2_ws/install/robot_control
[0.534s] -- The C compiler identification is GNU 9.4.0
[0.627s] -- The CXX compiler identification is GNU 9.4.0
[0.650s] -- Check for working C compiler: /usr/bin/cc
[0.754s] -- Check for working C compiler: /usr/bin/cc -- works
[0.756s] -- Detecting C compiler ABI info
[0.864s] -- Detecting C compiler ABI info - done
[0.891s] -- Detecting C compile features
[0.891s] -- Detecting C compile features - done
[0.896s] -- Check for working CXX compiler: /usr/bin/c++
[1.039s] -- Check for working CXX compiler: /usr/bin/c++ -- works
[1.040s] -- Detecting CXX compiler ABI info
[1.160s] -- Detecting CXX compiler ABI info - done
[1.176s] -- Detecting CXX compile features
[1.177s] -- Detecting CXX compile features - done
[1.180s] -- Found ament_cmake: 0.9.12 (/opt/ros/foxy/share/ament_cmake/cmake)
[1.211s] -- Found PythonInterp: /usr/bin/python3 (found suitable version "3.8.10", minimum required is "3") 
[1.211s] -- Using PYTHON_EXECUTABLE: /usr/bin/python3
[1.505s] -- Found ament_lint_auto: 0.9.8 (/opt/ros/foxy/share/ament_lint_auto/cmake)
[1.603s] -- Added test 'copyright' to check source files copyright and LICENSE
[1.604s] -- Added test 'flake8' to check Python code syntax and style conventions
[1.605s] -- Added test 'lint_cmake' to check CMake code style
[1.606s] -- Added test 'pep257' to check Python code against some of the style conventions in PEP 257
[1.607s] -- Added test 'xmllint' to check XML markup files
[1.609s] -- Configuring done
[1.611s] -- Generating done
[1.612s] -- Build files have been written to: /home/ceu/ros2_ws/build/robot_control
