[1.237s] Invoking command in '/home/ceu/ros2_ws/build/robot_gazebo': AMENT_PREFIX_PATH=/home/ceu/ros2_ws/install/robot_description:${AMENT_PREFIX_PATH} CMAKE_PREFIX_PATH=/home/ceu/ros2_ws/install/robot_description:/opt/ros/foxy /usr/bin/cmake --build /home/ceu/ros2_ws/build/robot_gazebo -- -j12 -l12
[2.840s] Invoked command in '/home/ceu/ros2_ws/build/robot_gazebo' returned '0': AMENT_PREFIX_PATH=/home/ceu/ros2_ws/install/robot_description:${AMENT_PREFIX_PATH} CMAKE_PREFIX_PATH=/home/ceu/ros2_ws/install/robot_description:/opt/ros/foxy /usr/bin/cmake --build /home/ceu/ros2_ws/build/robot_gazebo -- -j12 -l12
[2.842s] Invoking command in '/home/ceu/ros2_ws/build/robot_gazebo': AMENT_PREFIX_PATH=/home/ceu/ros2_ws/install/robot_description:${AMENT_PREFIX_PATH} CMAKE_PREFIX_PATH=/home/ceu/ros2_ws/install/robot_description:/opt/ros/foxy /usr/bin/cmake --install /home/ceu/ros2_ws/build/robot_gazebo
[2.844s] -- Install configuration: ""
[2.844s] -- Up-to-date: /home/ceu/ros2_ws/install/robot_gazebo/share/robot_gazebo//launch
[2.845s] -- Up-to-date: /home/ceu/ros2_ws/install/robot_gazebo/share/robot_gazebo//launch/robot_sim.launch.py
[2.845s] -- Up-to-date: /home/ceu/ros2_ws/install/robot_gazebo/share/robot_gazebo//launch/robot_state_publisher.launch.py
[2.846s] -- Up-to-date: /home/ceu/ros2_ws/install/robot_gazebo/share/robot_gazebo//models
[2.847s] -- Up-to-date: /home/ceu/ros2_ws/install/robot_gazebo/share/robot_gazebo//models/velodyne_description
[2.848s] -- Up-to-date: /home/ceu/ros2_ws/install/robot_gazebo/share/robot_gazebo//models/velodyne_description/rviz
[2.848s] -- Up-to-date: /home/ceu/ros2_ws/install/robot_gazebo/share/robot_gazebo//models/velodyne_description/rviz/example.rviz
[2.849s] -- Up-to-date: /home/ceu/ros2_ws/install/robot_gazebo/share/robot_gazebo//models/velodyne_description/launch
[2.849s] -- Up-to-date: /home/ceu/ros2_ws/install/robot_gazebo/share/robot_gazebo//models/velodyne_description/launch/example-launch.py
[2.850s] -- Up-to-date: /home/ceu/ros2_ws/install/robot_gazebo/share/robot_gazebo//models/velodyne_description/CHANGELOG.rst
[2.851s] -- Up-to-date: /home/ceu/ros2_ws/install/robot_gazebo/share/robot_gazebo//models/velodyne_description/models
[2.851s] -- Up-to-date: /home/ceu/ros2_ws/install/robot_gazebo/share/robot_gazebo//models/velodyne_description/models/rs_robot
[2.852s] -- Up-to-date: /home/ceu/ros2_ws/install/robot_gazebo/share/robot_gazebo//models/velodyne_description/models/rs_robot/model.config
[2.852s] -- Up-to-date: /home/ceu/ros2_ws/install/robot_gazebo/share/robot_gazebo//models/velodyne_description/models/rs_robot/meshes
[2.853s] -- Up-to-date: /home/ceu/ros2_ws/install/robot_gazebo/share/robot_gazebo//models/velodyne_description/models/rs_robot/meshes/STL
[2.853s] -- Up-to-date: /home/ceu/ros2_ws/install/robot_gazebo/share/robot_gazebo//models/velodyne_description/models/rs_robot/meshes/STL/lidar_head
[2.854s] -- Up-to-date: /home/ceu/ros2_ws/install/robot_gazebo/share/robot_gazebo//models/velodyne_description/models/rs_robot/meshes/STL/lidar_head/YDlidar_head v4.stl
[2.854s] -- Up-to-date: /home/ceu/ros2_ws/install/robot_gazebo/share/robot_gazebo//models/velodyne_description/models/rs_robot/meshes/STL/base
[2.855s] -- Up-to-date: /home/ceu/ros2_ws/install/robot_gazebo/share/robot_gazebo//models/velodyne_description/models/rs_robot/meshes/STL/base/base_link.stl
[2.855s] -- Up-to-date: /home/ceu/ros2_ws/install/robot_gazebo/share/robot_gazebo//models/velodyne_description/models/rs_robot/meshes/STL/base/base_link_old.stl
[2.856s] -- Up-to-date: /home/ceu/ros2_ws/install/robot_gazebo/share/robot_gazebo//models/velodyne_description/models/rs_robot/meshes/STL/lidar_base
[2.857s] -- Up-to-date: /home/ceu/ros2_ws/install/robot_gazebo/share/robot_gazebo//models/velodyne_description/models/rs_robot/meshes/STL/lidar_base/YDlidar_base.stl
[2.857s] -- Up-to-date: /home/ceu/ros2_ws/install/robot_gazebo/share/robot_gazebo//models/velodyne_description/models/rs_robot/meshes/STL/suspension
[2.857s] -- Up-to-date: /home/ceu/ros2_ws/install/robot_gazebo/share/robot_gazebo//models/velodyne_description/models/rs_robot/meshes/STL/suspension/sus_link.stl
[2.858s] -- Up-to-date: /home/ceu/ros2_ws/install/robot_gazebo/share/robot_gazebo//models/velodyne_description/models/rs_robot/meshes/STL/suspension/REAR_RIGHT_LINKSTL.stl
[2.859s] -- Up-to-date: /home/ceu/ros2_ws/install/robot_gazebo/share/robot_gazebo//models/velodyne_description/models/rs_robot/meshes/STL/suspension/REAR_LEFT_LINKSTL.stl
[2.860s] -- Up-to-date: /home/ceu/ros2_ws/install/robot_gazebo/share/robot_gazebo//models/velodyne_description/models/rs_robot/meshes/STL/suspension/FRONT_RIGHT_LINKSTL.stl
[2.860s] -- Up-to-date: /home/ceu/ros2_ws/install/robot_gazebo/share/robot_gazebo//models/velodyne_description/models/rs_robot/meshes/STL/suspension/FRONT_LEFT_LINKSTL.stl
[2.861s] -- Up-to-date: /home/ceu/ros2_ws/install/robot_gazebo/share/robot_gazebo//models/velodyne_description/models/rs_robot/meshes/STL/wheel
[2.861s] -- Up-to-date: /home/ceu/ros2_ws/install/robot_gazebo/share/robot_gazebo//models/velodyne_description/models/rs_robot/meshes/STL/wheel/robot_wheel.stl
[2.862s] -- Up-to-date: /home/ceu/ros2_ws/install/robot_gazebo/share/robot_gazebo//models/velodyne_description/models/rs_robot/meshes/STL/sensors
[2.863s] -- Up-to-date: /home/ceu/ros2_ws/install/robot_gazebo/share/robot_gazebo//models/velodyne_description/models/rs_robot/meshes/STL/sensors/gim30
[2.863s] -- Up-to-date: /home/ceu/ros2_ws/install/robot_gazebo/share/robot_gazebo//models/velodyne_description/models/rs_robot/meshes/STL/sensors/gim30/gim30.stl
[2.864s] -- Up-to-date: /home/ceu/ros2_ws/install/robot_gazebo/share/robot_gazebo//models/velodyne_description/models/rs_robot/meshes/STL/sensors/rear_lrf
[2.864s] -- Up-to-date: /home/ceu/ros2_ws/install/robot_gazebo/share/robot_gazebo//models/velodyne_description/models/rs_robot/meshes/STL/sensors/rear_lrf/rear_lrf.stl
[2.865s] -- Up-to-date: /home/ceu/ros2_ws/install/robot_gazebo/share/robot_gazebo//models/velodyne_description/models/rs_robot/meshes/STL/sensors/camera
[2.865s] -- Up-to-date: /home/ceu/ros2_ws/install/robot_gazebo/share/robot_gazebo//models/velodyne_description/models/rs_robot/meshes/STL/sensors/front_lrf
[2.866s] -- Up-to-date: /home/ceu/ros2_ws/install/robot_gazebo/share/robot_gazebo//models/velodyne_description/models/rs_robot/meshes/STL/sensors/front_lrf/front_lrf.stl
[2.866s] -- Up-to-date: /home/ceu/ros2_ws/install/robot_gazebo/share/robot_gazebo//models/velodyne_description/models/rs_robot/meshes/STL/sensors/gps
[2.867s] -- Up-to-date: /home/ceu/ros2_ws/install/robot_gazebo/share/robot_gazebo//models/velodyne_description/models/rs_robot/meshes/STL/sensors/gps/gps.stl
[2.867s] -- Up-to-date: /home/ceu/ros2_ws/install/robot_gazebo/share/robot_gazebo//models/velodyne_description/models/rs_robot/meshes/DAE
[2.868s] -- Up-to-date: /home/ceu/ros2_ws/install/robot_gazebo/share/robot_gazebo//models/velodyne_description/models/rs_robot/meshes/DAE/lidar_head
[2.869s] -- Up-to-date: /home/ceu/ros2_ws/install/robot_gazebo/share/robot_gazebo//models/velodyne_description/models/rs_robot/meshes/DAE/lidar_head/YDlidar_head.dae
[2.869s] -- Up-to-date: /home/ceu/ros2_ws/install/robot_gazebo/share/robot_gazebo//models/velodyne_description/models/rs_robot/meshes/DAE/base
[2.870s] -- Up-to-date: /home/ceu/ros2_ws/install/robot_gazebo/share/robot_gazebo//models/velodyne_description/models/rs_robot/meshes/DAE/base/base_linkOLD.dae
[2.870s] -- Up-to-date: /home/ceu/ros2_ws/install/robot_gazebo/share/robot_gazebo//models/velodyne_description/models/rs_robot/meshes/DAE/base/base_link.dae
[2.872s] -- Up-to-date: /home/ceu/ros2_ws/install/robot_gazebo/share/robot_gazebo//models/velodyne_description/models/rs_robot/meshes/DAE/lidar_base
[2.872s] -- Up-to-date: /home/ceu/ros2_ws/install/robot_gazebo/share/robot_gazebo//models/velodyne_description/models/rs_robot/meshes/DAE/lidar_base/YDlidar_base.dae
[2.872s] -- Up-to-date: /home/ceu/ros2_ws/install/robot_gazebo/share/robot_gazebo//models/velodyne_description/models/rs_robot/meshes/DAE/suspension
[2.872s] -- Up-to-date: /home/ceu/ros2_ws/install/robot_gazebo/share/robot_gazebo//models/velodyne_description/models/rs_robot/meshes/DAE/suspension/front_left_link.dae
[2.872s] -- Up-to-date: /home/ceu/ros2_ws/install/robot_gazebo/share/robot_gazebo//models/velodyne_description/models/rs_robot/meshes/DAE/suspension/front_right_link.dae
[2.873s] -- Up-to-date: /home/ceu/ros2_ws/install/robot_gazebo/share/robot_gazebo//models/velodyne_description/models/rs_robot/meshes/DAE/suspension/rear_left_link.dae
[2.873s] -- Up-to-date: /home/ceu/ros2_ws/install/robot_gazebo/share/robot_gazebo//models/velodyne_description/models/rs_robot/meshes/DAE/suspension/rear_right_link.dae
[2.873s] -- Up-to-date: /home/ceu/ros2_ws/install/robot_gazebo/share/robot_gazebo//models/velodyne_description/models/rs_robot/meshes/DAE/wheel
[2.873s] -- Up-to-date: /home/ceu/ros2_ws/install/robot_gazebo/share/robot_gazebo//models/velodyne_description/models/rs_robot/meshes/DAE/wheel/wheel_link.dae
[2.873s] -- Up-to-date: /home/ceu/ros2_ws/install/robot_gazebo/share/robot_gazebo//models/velodyne_description/models/rs_robot/meshes/DAE/sensors
[2.874s] -- Up-to-date: /home/ceu/ros2_ws/install/robot_gazebo/share/robot_gazebo//models/velodyne_description/models/rs_robot/meshes/DAE/sensors/gim30
[2.874s] -- Up-to-date: /home/ceu/ros2_ws/install/robot_gazebo/share/robot_gazebo//models/velodyne_description/models/rs_robot/meshes/DAE/sensors/gim30/gim30.dae
[2.874s] -- Up-to-date: /home/ceu/ros2_ws/install/robot_gazebo/share/robot_gazebo//models/velodyne_description/models/rs_robot/meshes/DAE/sensors/gim30/gim30_lrf_texture.png
[2.874s] -- Up-to-date: /home/ceu/ros2_ws/install/robot_gazebo/share/robot_gazebo//models/velodyne_description/models/rs_robot/meshes/DAE/sensors/rear_lrf
[2.874s] -- Up-to-date: /home/ceu/ros2_ws/install/robot_gazebo/share/robot_gazebo//models/velodyne_description/models/rs_robot/meshes/DAE/sensors/rear_lrf/rear_lrf.dae
[2.874s] -- Up-to-date: /home/ceu/ros2_ws/install/robot_gazebo/share/robot_gazebo//models/velodyne_description/models/rs_robot/meshes/DAE/sensors/rear_lrf/urg_texture.png
[2.874s] -- Up-to-date: /home/ceu/ros2_ws/install/robot_gazebo/share/robot_gazebo//models/velodyne_description/models/rs_robot/meshes/DAE/sensors/camera
[2.874s] -- Up-to-date: /home/ceu/ros2_ws/install/robot_gazebo/share/robot_gazebo//models/velodyne_description/models/rs_robot/meshes/DAE/sensors/camera/camera.dae
[2.874s] -- Up-to-date: /home/ceu/ros2_ws/install/robot_gazebo/share/robot_gazebo//models/velodyne_description/models/rs_robot/meshes/DAE/sensors/front_lrf
[2.875s] -- Up-to-date: /home/ceu/ros2_ws/install/robot_gazebo/share/robot_gazebo//models/velodyne_description/models/rs_robot/meshes/DAE/sensors/front_lrf/lrf_texture.png
[2.875s] -- Up-to-date: /home/ceu/ros2_ws/install/robot_gazebo/share/robot_gazebo//models/velodyne_description/models/rs_robot/meshes/DAE/sensors/front_lrf/front_lrf.dae
[2.875s] -- Up-to-date: /home/ceu/ros2_ws/install/robot_gazebo/share/robot_gazebo//models/velodyne_description/models/rs_robot/meshes/DAE/sensors/gps
[2.875s] -- Up-to-date: /home/ceu/ros2_ws/install/robot_gazebo/share/robot_gazebo//models/velodyne_description/models/rs_robot/meshes/DAE/sensors/gps/gps_texture.png
[2.875s] -- Up-to-date: /home/ceu/ros2_ws/install/robot_gazebo/share/robot_gazebo//models/velodyne_description/models/rs_robot/meshes/DAE/sensors/gps/gps.dae
[2.876s] -- Up-to-date: /home/ceu/ros2_ws/install/robot_gazebo/share/robot_gazebo//models/velodyne_description/models/rs_robot/rs_robot.sdf
[2.876s] -- Up-to-date: /home/ceu/ros2_ws/install/robot_gazebo/share/robot_gazebo//models/velodyne_description/CMakeLists.txt
[2.876s] -- Up-to-date: /home/ceu/ros2_ws/install/robot_gazebo/share/robot_gazebo//models/velodyne_description/urdf
[2.877s] -- Up-to-date: /home/ceu/ros2_ws/install/robot_gazebo/share/robot_gazebo//models/velodyne_description/urdf/VLP-16.urdf.xacro
[2.878s] -- Up-to-date: /home/ceu/ros2_ws/install/robot_gazebo/share/robot_gazebo//models/velodyne_description/urdf/VLP-32C.urdf.xacro
[2.878s] -- Up-to-date: /home/ceu/ros2_ws/install/robot_gazebo/share/robot_gazebo//models/velodyne_description/urdf/HDL-32E.urdf.xacro
[2.879s] -- Up-to-date: /home/ceu/ros2_ws/install/robot_gazebo/share/robot_gazebo//models/velodyne_description/urdf/example.urdf.xacro
[2.880s] -- Up-to-date: /home/ceu/ros2_ws/install/robot_gazebo/share/robot_gazebo//models/velodyne_description/package.xml
[2.880s] -- Up-to-date: /home/ceu/ros2_ws/install/robot_gazebo/share/robot_gazebo//models/velodyne_description/meshes
[2.881s] -- Up-to-date: /home/ceu/ros2_ws/install/robot_gazebo/share/robot_gazebo//models/velodyne_description/meshes/HDL32E_scan.dae
[2.882s] -- Up-to-date: /home/ceu/ros2_ws/install/robot_gazebo/share/robot_gazebo//models/velodyne_description/meshes/VLP16_scan.stl
[2.882s] -- Up-to-date: /home/ceu/ros2_ws/install/robot_gazebo/share/robot_gazebo//models/velodyne_description/meshes/HDL32E_base.stl
[2.883s] -- Up-to-date: /home/ceu/ros2_ws/install/robot_gazebo/share/robot_gazebo//models/velodyne_description/meshes/VLP16_base_2.stl
[2.884s] -- Up-to-date: /home/ceu/ros2_ws/install/robot_gazebo/share/robot_gazebo//models/velodyne_description/meshes/HDL32E_base.dae
[2.884s] -- Up-to-date: /home/ceu/ros2_ws/install/robot_gazebo/share/robot_gazebo//models/velodyne_description/meshes/VLP16_scan.dae
[2.885s] -- Up-to-date: /home/ceu/ros2_ws/install/robot_gazebo/share/robot_gazebo//models/velodyne_description/meshes/VLP16_base_2.dae
[2.887s] -- Up-to-date: /home/ceu/ros2_ws/install/robot_gazebo/share/robot_gazebo//models/velodyne_description/meshes/VLP16_base_1.dae
[2.888s] -- Up-to-date: /home/ceu/ros2_ws/install/robot_gazebo/share/robot_gazebo//models/velodyne_description/meshes/HDL32E_scan.stl
[2.888s] -- Up-to-date: /home/ceu/ros2_ws/install/robot_gazebo/share/robot_gazebo//models/velodyne_description/meshes/VLP16_base_1.stl
[2.889s] -- Up-to-date: /home/ceu/ros2_ws/install/robot_gazebo/share/robot_gazebo//models/velodyne_description/world
[2.889s] -- Up-to-date: /home/ceu/ros2_ws/install/robot_gazebo/share/robot_gazebo//models/velodyne_description/world/lio_sam.model
[2.889s] -- Up-to-date: /home/ceu/ros2_ws/install/robot_gazebo/share/robot_gazebo//models/velodyne_description/world/example.world
[2.889s] -- Up-to-date: /home/ceu/ros2_ws/install/robot_gazebo/share/robot_gazebo//models/robot
[2.889s] -- Up-to-date: /home/ceu/ros2_ws/install/robot_gazebo/share/robot_gazebo//models/robot/model.config
[2.890s] -- Up-to-date: /home/ceu/ros2_ws/install/robot_gazebo/share/robot_gazebo//models/robot/meshes
[2.890s] -- Up-to-date: /home/ceu/ros2_ws/install/robot_gazebo/share/robot_gazebo//models/robot/meshes/STL
[2.890s] -- Up-to-date: /home/ceu/ros2_ws/install/robot_gazebo/share/robot_gazebo//models/robot/meshes/STL/base
[2.890s] -- Up-to-date: /home/ceu/ros2_ws/install/robot_gazebo/share/robot_gazebo//models/robot/meshes/STL/base/base_link.stl
[2.890s] -- Up-to-date: /home/ceu/ros2_ws/install/robot_gazebo/share/robot_gazebo//models/robot/meshes/STL/front_wheel
[2.891s] -- Up-to-date: /home/ceu/ros2_ws/install/robot_gazebo/share/robot_gazebo//models/robot/meshes/STL/front_wheel/wheel.stl
[2.891s] -- Up-to-date: /home/ceu/ros2_ws/install/robot_gazebo/share/robot_gazebo//models/robot/meshes/STL/rear_wheel
[2.891s] -- Up-to-date: /home/ceu/ros2_ws/install/robot_gazebo/share/robot_gazebo//models/robot/meshes/STL/rear_wheel/wheel.stl
[2.891s] -- Up-to-date: /home/ceu/ros2_ws/install/robot_gazebo/share/robot_gazebo//models/robot/meshes/STL/suspension
[2.891s] -- Up-to-date: /home/ceu/ros2_ws/install/robot_gazebo/share/robot_gazebo//models/robot/meshes/STL/suspension/front_right_sus.stl
[2.891s] -- Up-to-date: /home/ceu/ros2_ws/install/robot_gazebo/share/robot_gazebo//models/robot/meshes/STL/suspension/front_left_sus.stl
[2.892s] -- Up-to-date: /home/ceu/ros2_ws/install/robot_gazebo/share/robot_gazebo//models/robot/meshes/STL/camera
[2.892s] -- Up-to-date: /home/ceu/ros2_ws/install/robot_gazebo/share/robot_gazebo//models/robot/meshes/STL/camera/camera.stl
[2.892s] -- Up-to-date: /home/ceu/ros2_ws/install/robot_gazebo/share/robot_gazebo//models/robot/meshes/DAE
[2.892s] -- Up-to-date: /home/ceu/ros2_ws/install/robot_gazebo/share/robot_gazebo//models/robot/meshes/DAE/base
[2.893s] -- Up-to-date: /home/ceu/ros2_ws/install/robot_gazebo/share/robot_gazebo//models/robot/meshes/DAE/base/base_link.dae
[2.893s] -- Up-to-date: /home/ceu/ros2_ws/install/robot_gazebo/share/robot_gazebo//models/robot/meshes/DAE/front_wheel
[2.894s] -- Up-to-date: /home/ceu/ros2_ws/install/robot_gazebo/share/robot_gazebo//models/robot/meshes/DAE/front_wheel/wheel.dae
[2.894s] -- Up-to-date: /home/ceu/ros2_ws/install/robot_gazebo/share/robot_gazebo//models/robot/meshes/DAE/rear_wheel
[2.895s] -- Up-to-date: /home/ceu/ros2_ws/install/robot_gazebo/share/robot_gazebo//models/robot/meshes/DAE/rear_wheel/wheel.dae
[2.896s] -- Up-to-date: /home/ceu/ros2_ws/install/robot_gazebo/share/robot_gazebo//models/robot/meshes/DAE/suspension
[2.897s] -- Up-to-date: /home/ceu/ros2_ws/install/robot_gazebo/share/robot_gazebo//models/robot/meshes/DAE/suspension/front_right_sus.dae
[2.897s] -- Up-to-date: /home/ceu/ros2_ws/install/robot_gazebo/share/robot_gazebo//models/robot/meshes/DAE/suspension/front_left_sus.dae
[2.898s] -- Up-to-date: /home/ceu/ros2_ws/install/robot_gazebo/share/robot_gazebo//models/robot/meshes/DAE/camera
[2.899s] -- Up-to-date: /home/ceu/ros2_ws/install/robot_gazebo/share/robot_gazebo//models/robot/meshes/DAE/camera/camera.dae
[2.900s] -- Up-to-date: /home/ceu/ros2_ws/install/robot_gazebo/share/robot_gazebo//models/robot/meshes/DAE/camera_stay
[2.901s] -- Up-to-date: /home/ceu/ros2_ws/install/robot_gazebo/share/robot_gazebo//models/robot/meshes/DAE/camera_stay/camera_stay.dae
[2.902s] -- Up-to-date: /home/ceu/ros2_ws/install/robot_gazebo/share/robot_gazebo//models/robot/robot.sdf
[2.903s] -- Up-to-date: /home/ceu/ros2_ws/install/robot_gazebo/share/robot_gazebo//urdf
[2.904s] -- Up-to-date: /home/ceu/ros2_ws/install/robot_gazebo/share/robot_gazebo//urdf/robot.urdf
[2.904s] -- Up-to-date: /home/ceu/ros2_ws/install/robot_gazebo/share/robot_gazebo//worlds
[2.905s] -- Up-to-date: /home/ceu/ros2_ws/install/robot_gazebo/share/robot_gazebo//worlds/lio_world.model
[2.906s] -- Up-to-date: /home/ceu/ros2_ws/install/robot_gazebo/lib/robot_gazebo/robot_sim.launch.py
[2.906s] -- Up-to-date: /home/ceu/ros2_ws/install/robot_gazebo/share/ament_index/resource_index/package_run_dependencies/robot_gazebo
[2.907s] -- Up-to-date: /home/ceu/ros2_ws/install/robot_gazebo/share/ament_index/resource_index/parent_prefix_path/robot_gazebo
[2.907s] -- Up-to-date: /home/ceu/ros2_ws/install/robot_gazebo/share/robot_gazebo/environment/ament_prefix_path.sh
[2.907s] -- Up-to-date: /home/ceu/ros2_ws/install/robot_gazebo/share/robot_gazebo/environment/ament_prefix_path.dsv
[2.907s] -- Up-to-date: /home/ceu/ros2_ws/install/robot_gazebo/share/robot_gazebo/environment/path.sh
[2.908s] -- Up-to-date: /home/ceu/ros2_ws/install/robot_gazebo/share/robot_gazebo/environment/path.dsv
[2.908s] -- Up-to-date: /home/ceu/ros2_ws/install/robot_gazebo/share/robot_gazebo/local_setup.bash
[2.908s] -- Up-to-date: /home/ceu/ros2_ws/install/robot_gazebo/share/robot_gazebo/local_setup.sh
[2.909s] -- Up-to-date: /home/ceu/ros2_ws/install/robot_gazebo/share/robot_gazebo/local_setup.zsh
[2.909s] -- Up-to-date: /home/ceu/ros2_ws/install/robot_gazebo/share/robot_gazebo/local_setup.dsv
[2.909s] -- Up-to-date: /home/ceu/ros2_ws/install/robot_gazebo/share/robot_gazebo/package.dsv
[2.910s] -- Up-to-date: /home/ceu/ros2_ws/install/robot_gazebo/share/ament_index/resource_index/packages/robot_gazebo
[2.911s] -- Up-to-date: /home/ceu/ros2_ws/install/robot_gazebo/share/robot_gazebo/cmake/robot_gazeboConfig.cmake
[2.912s] -- Up-to-date: /home/ceu/ros2_ws/install/robot_gazebo/share/robot_gazebo/cmake/robot_gazeboConfig-version.cmake
[2.914s] -- Up-to-date: /home/ceu/ros2_ws/install/robot_gazebo/share/robot_gazebo/package.xml
[2.915s] Invoked command in '/home/ceu/ros2_ws/build/robot_gazebo' returned '0': AMENT_PREFIX_PATH=/home/ceu/ros2_ws/install/robot_description:${AMENT_PREFIX_PATH} CMAKE_PREFIX_PATH=/home/ceu/ros2_ws/install/robot_description:/opt/ros/foxy /usr/bin/cmake --install /home/ceu/ros2_ws/build/robot_gazebo
