[0.798s] Invoking command in '/home/ceu/ros2_ws/src/publish_lidar_data': PYTHONPATH=/home/ceu/ros2_ws/build/publish_lidar_data/prefix_override:/home/ceu/ros2_ws/install/publish_lidar_data/lib/python3.8/site-packages:${PYTHONPATH} /usr/bin/python3 setup.py egg_info --egg-base ../../build/publish_lidar_data build --build-base /home/ceu/ros2_ws/build/publish_lidar_data/build install --record /home/ceu/ros2_ws/build/publish_lidar_data/install.log --install-scripts $base/lib/publish_lidar_data --single-version-externally-managed
[0.978s] /home/ceu/.local/lib/python3.8/site-packages/setuptools/dist.py:717: UserWarning: Usage of dash-separated 'script-dir' will not be supported in future versions. Please use the underscore name 'script_dir' instead
[0.978s]   warnings.warn(
[0.999s] running egg_info
[1.000s] writing ../../build/publish_lidar_data/publish_lidar_data.egg-info/PKG-INFO
[1.000s] writing dependency_links to ../../build/publish_lidar_data/publish_lidar_data.egg-info/dependency_links.txt
[1.000s] writing entry points to ../../build/publish_lidar_data/publish_lidar_data.egg-info/entry_points.txt
[1.000s] writing requirements to ../../build/publish_lidar_data/publish_lidar_data.egg-info/requires.txt
[1.000s] writing top-level names to ../../build/publish_lidar_data/publish_lidar_data.egg-info/top_level.txt
[1.003s] reading manifest file '../../build/publish_lidar_data/publish_lidar_data.egg-info/SOURCES.txt'
[1.004s] writing manifest file '../../build/publish_lidar_data/publish_lidar_data.egg-info/SOURCES.txt'
[1.004s] running build
[1.004s] running build_py
[1.004s] copying publish_lidar_data/__init__.py -> /home/ceu/ros2_ws/build/publish_lidar_data/build/lib/publish_lidar_data
[1.004s] copying publish_lidar_data/first_node.py -> /home/ceu/ros2_ws/build/publish_lidar_data/build/lib/publish_lidar_data
[1.004s] running install
[1.005s] running install_lib
[1.005s] copying /home/ceu/ros2_ws/build/publish_lidar_data/build/lib/publish_lidar_data/__init__.py -> /home/ceu/ros2_ws/install/publish_lidar_data/lib/python3.8/site-packages/publish_lidar_data
[1.005s] copying /home/ceu/ros2_ws/build/publish_lidar_data/build/lib/publish_lidar_data/first_node.py -> /home/ceu/ros2_ws/install/publish_lidar_data/lib/python3.8/site-packages/publish_lidar_data
[1.006s] byte-compiling /home/ceu/ros2_ws/install/publish_lidar_data/lib/python3.8/site-packages/publish_lidar_data/__init__.py to __init__.cpython-38.pyc
[1.006s] byte-compiling /home/ceu/ros2_ws/install/publish_lidar_data/lib/python3.8/site-packages/publish_lidar_data/first_node.py to first_node.cpython-38.pyc
[1.006s] running install_data
[1.007s] copying resource/publish_lidar_data -> /home/ceu/ros2_ws/install/publish_lidar_data/share/ament_index/resource_index/packages
[1.007s] copying package.xml -> /home/ceu/ros2_ws/install/publish_lidar_data/share/publish_lidar_data
[1.007s] running install_egg_info
[1.008s] removing '/home/ceu/ros2_ws/install/publish_lidar_data/lib/python3.8/site-packages/publish_lidar_data-0.0.0-py3.8.egg-info' (and everything under it)
[1.008s] Copying ../../build/publish_lidar_data/publish_lidar_data.egg-info to /home/ceu/ros2_ws/install/publish_lidar_data/lib/python3.8/site-packages/publish_lidar_data-0.0.0-py3.8.egg-info
[1.009s] running install_scripts
[1.023s] Installing first_node script to /home/ceu/ros2_ws/install/publish_lidar_data/lib/publish_lidar_data
[1.023s] writing list of installed files to '/home/ceu/ros2_ws/build/publish_lidar_data/install.log'
[1.036s] Invoked command in '/home/ceu/ros2_ws/src/publish_lidar_data' returned '0': PYTHONPATH=/home/ceu/ros2_ws/build/publish_lidar_data/prefix_override:/home/ceu/ros2_ws/install/publish_lidar_data/lib/python3.8/site-packages:${PYTHONPATH} /usr/bin/python3 setup.py egg_info --egg-base ../../build/publish_lidar_data build --build-base /home/ceu/ros2_ws/build/publish_lidar_data/build install --record /home/ceu/ros2_ws/build/publish_lidar_data/install.log --install-scripts $base/lib/publish_lidar_data --single-version-externally-managed
