/home/ceu/.local/lib/python3.8/site-packages/setuptools/dist.py:717: UserWarning: Usage of dash-separated 'script-dir' will not be supported in future versions. Please use the underscore name 'script_dir' instead
  warnings.warn(
running egg_info
writing ../../build/publish_lidar_data/publish_lidar_data.egg-info/PKG-INFO
writing dependency_links to ../../build/publish_lidar_data/publish_lidar_data.egg-info/dependency_links.txt
writing entry points to ../../build/publish_lidar_data/publish_lidar_data.egg-info/entry_points.txt
writing requirements to ../../build/publish_lidar_data/publish_lidar_data.egg-info/requires.txt
writing top-level names to ../../build/publish_lidar_data/publish_lidar_data.egg-info/top_level.txt
reading manifest file '../../build/publish_lidar_data/publish_lidar_data.egg-info/SOURCES.txt'
writing manifest file '../../build/publish_lidar_data/publish_lidar_data.egg-info/SOURCES.txt'
running build
running build_py
copying publish_lidar_data/first_node.py -> /home/ceu/FRAME_ws/build/publish_lidar_data/build/lib/publish_lidar_data
running install
running install_lib
copying /home/ceu/FRAME_ws/build/publish_lidar_data/build/lib/publish_lidar_data/first_node.py -> /home/ceu/FRAME_ws/install/publish_lidar_data/lib/python3.8/site-packages/publish_lidar_data
byte-compiling /home/ceu/FRAME_ws/install/publish_lidar_data/lib/python3.8/site-packages/publish_lidar_data/first_node.py to first_node.cpython-38.pyc
running install_data
copying package.xml -> /home/ceu/FRAME_ws/install/publish_lidar_data/share/publish_lidar_data
running install_egg_info
removing '/home/ceu/FRAME_ws/install/publish_lidar_data/lib/python3.8/site-packages/publish_lidar_data-0.0.0-py3.8.egg-info' (and everything under it)
Copying ../../build/publish_lidar_data/publish_lidar_data.egg-info to /home/ceu/FRAME_ws/install/publish_lidar_data/lib/python3.8/site-packages/publish_lidar_data-0.0.0-py3.8.egg-info
running install_scripts
Installing first_node script to /home/ceu/FRAME_ws/install/publish_lidar_data/lib/publish_lidar_data
writing list of installed files to '/home/ceu/FRAME_ws/build/publish_lidar_data/install.log'
