[0.802s] Invoking command in '/home/ceu/FRAME_ws/src/publish_lidar_data': PYTHONPATH=/home/ceu/FRAME_ws/build/publish_lidar_data/prefix_override:/home/ceu/FRAME_ws/install/publish_lidar_data/lib/python3.8/site-packages:${PYTHONPATH} /usr/bin/python3 setup.py egg_info --egg-base ../../build/publish_lidar_data build --build-base /home/ceu/FRAME_ws/build/publish_lidar_data/build install --record /home/ceu/FRAME_ws/build/publish_lidar_data/install.log --install-scripts $base/lib/publish_lidar_data --single-version-externally-managed
[1.016s] /home/ceu/.local/lib/python3.8/site-packages/setuptools/dist.py:717: UserWarning: Usage of dash-separated 'script-dir' will not be supported in future versions. Please use the underscore name 'script_dir' instead
[1.016s]   warnings.warn(
[1.045s] running egg_info
[1.045s] writing ../../build/publish_lidar_data/publish_lidar_data.egg-info/PKG-INFO
[1.046s] writing dependency_links to ../../build/publish_lidar_data/publish_lidar_data.egg-info/dependency_links.txt
[1.046s] writing entry points to ../../build/publish_lidar_data/publish_lidar_data.egg-info/entry_points.txt
[1.046s] writing requirements to ../../build/publish_lidar_data/publish_lidar_data.egg-info/requires.txt
[1.046s] writing top-level names to ../../build/publish_lidar_data/publish_lidar_data.egg-info/top_level.txt
[1.048s] reading manifest file '../../build/publish_lidar_data/publish_lidar_data.egg-info/SOURCES.txt'
[1.049s] writing manifest file '../../build/publish_lidar_data/publish_lidar_data.egg-info/SOURCES.txt'
[1.049s] running build
[1.049s] running build_py
[1.050s] copying publish_lidar_data/first_node.py -> /home/ceu/FRAME_ws/build/publish_lidar_data/build/lib/publish_lidar_data
[1.050s] running install
[1.050s] running install_lib
[1.051s] copying /home/ceu/FRAME_ws/build/publish_lidar_data/build/lib/publish_lidar_data/first_node.py -> /home/ceu/FRAME_ws/install/publish_lidar_data/lib/python3.8/site-packages/publish_lidar_data
[1.052s] byte-compiling /home/ceu/FRAME_ws/install/publish_lidar_data/lib/python3.8/site-packages/publish_lidar_data/first_node.py to first_node.cpython-38.pyc
[1.052s] running install_data
[1.053s] copying package.xml -> /home/ceu/FRAME_ws/install/publish_lidar_data/share/publish_lidar_data
[1.053s] running install_egg_info
[1.054s] removing '/home/ceu/FRAME_ws/install/publish_lidar_data/lib/python3.8/site-packages/publish_lidar_data-0.0.0-py3.8.egg-info' (and everything under it)
[1.054s] Copying ../../build/publish_lidar_data/publish_lidar_data.egg-info to /home/ceu/FRAME_ws/install/publish_lidar_data/lib/python3.8/site-packages/publish_lidar_data-0.0.0-py3.8.egg-info
[1.055s] running install_scripts
[1.073s] Installing first_node script to /home/ceu/FRAME_ws/install/publish_lidar_data/lib/publish_lidar_data
[1.074s] writing list of installed files to '/home/ceu/FRAME_ws/build/publish_lidar_data/install.log'
[1.094s] Invoked command in '/home/ceu/FRAME_ws/src/publish_lidar_data' returned '0': PYTHONPATH=/home/ceu/FRAME_ws/build/publish_lidar_data/prefix_override:/home/ceu/FRAME_ws/install/publish_lidar_data/lib/python3.8/site-packages:${PYTHONPATH} /usr/bin/python3 setup.py egg_info --egg-base ../../build/publish_lidar_data build --build-base /home/ceu/FRAME_ws/build/publish_lidar_data/build install --record /home/ceu/FRAME_ws/build/publish_lidar_data/install.log --install-scripts $base/lib/publish_lidar_data --single-version-externally-managed
