[1.330s] Invoking command in '/home/ceu/ros2_ws/src/px4-offboard': AMENT_PREFIX_PATH=/home/ceu/ros2_ws/install/px4_msgs:${AMENT_PREFIX_PATH} CMAKE_PREFIX_PATH=/home/ceu/ros2_ws/install/px4_msgs LD_LIBRARY_PATH=/home/ceu/ros2_ws/install/px4_msgs/lib:${LD_LIBRARY_PATH} PYTHONPATH=/home/ceu/ros2_ws/build/px4_offboard/prefix_override:/home/ceu/ros2_ws/install/px4_offboard/lib/python3.8/site-packages:/home/ceu/ros2_ws/install/px4_msgs/lib/python3.8/site-packages:${PYTHONPATH} /usr/bin/python3 setup.py egg_info --egg-base ../../build/px4_offboard build --build-base /home/ceu/ros2_ws/build/px4_offboard/build install --record /home/ceu/ros2_ws/build/px4_offboard/install.log --single-version-externally-managed
[1.630s] running egg_info
[1.631s] writing ../../build/px4_offboard/px4_offboard.egg-info/PKG-INFO
[1.631s] writing dependency_links to ../../build/px4_offboard/px4_offboard.egg-info/dependency_links.txt
[1.631s] writing entry points to ../../build/px4_offboard/px4_offboard.egg-info/entry_points.txt
[1.632s] writing requirements to ../../build/px4_offboard/px4_offboard.egg-info/requires.txt
[1.632s] writing top-level names to ../../build/px4_offboard/px4_offboard.egg-info/top_level.txt
[1.634s] reading manifest file '../../build/px4_offboard/px4_offboard.egg-info/SOURCES.txt'
[1.635s] adding license file 'LICENSE'
[1.635s] writing manifest file '../../build/px4_offboard/px4_offboard.egg-info/SOURCES.txt'
[1.635s] running build
[1.636s] running build_py
[1.636s] copying px4_offboard/visualizer.py -> /home/ceu/ros2_ws/build/px4_offboard/build/lib/px4_offboard
[1.636s] copying px4_offboard/offboard_control.py -> /home/ceu/ros2_ws/build/px4_offboard/build/lib/px4_offboard
[1.636s] copying px4_offboard/__init__.py -> /home/ceu/ros2_ws/build/px4_offboard/build/lib/px4_offboard
[1.636s] running install
[1.637s] running install_lib
[1.638s] copying /home/ceu/ros2_ws/build/px4_offboard/build/lib/px4_offboard/visualizer.py -> /home/ceu/ros2_ws/install/px4_offboard/lib/python3.8/site-packages/px4_offboard
[1.638s] copying /home/ceu/ros2_ws/build/px4_offboard/build/lib/px4_offboard/offboard_control.py -> /home/ceu/ros2_ws/install/px4_offboard/lib/python3.8/site-packages/px4_offboard
[1.638s] copying /home/ceu/ros2_ws/build/px4_offboard/build/lib/px4_offboard/__init__.py -> /home/ceu/ros2_ws/install/px4_offboard/lib/python3.8/site-packages/px4_offboard
[1.638s] byte-compiling /home/ceu/ros2_ws/install/px4_offboard/lib/python3.8/site-packages/px4_offboard/visualizer.py to visualizer.cpython-38.pyc
[1.640s] byte-compiling /home/ceu/ros2_ws/install/px4_offboard/lib/python3.8/site-packages/px4_offboard/offboard_control.py to offboard_control.cpython-38.pyc
[1.640s] byte-compiling /home/ceu/ros2_ws/install/px4_offboard/lib/python3.8/site-packages/px4_offboard/__init__.py to __init__.cpython-38.pyc
[1.641s] running install_data
[1.641s] copying resource/px4_offboard -> /home/ceu/ros2_ws/install/px4_offboard/share/ament_index/resource_index/packages
[1.641s] copying resource/visualize.rviz -> /home/ceu/ros2_ws/install/px4_offboard/share/ament_index/resource_index/packages
[1.641s] copying package.xml -> /home/ceu/ros2_ws/install/px4_offboard/share/px4_offboard
[1.642s] copying launch/visualize.launch.py -> /home/ceu/ros2_ws/install/px4_offboard/share/px4_offboard
[1.642s] copying launch/offboard_position_control.launch.py -> /home/ceu/ros2_ws/install/px4_offboard/share/px4_offboard
[1.642s] copying resource/visualize.rviz -> /home/ceu/ros2_ws/install/px4_offboard/share/px4_offboard
[1.642s] running install_egg_info
[1.644s] removing '/home/ceu/ros2_ws/install/px4_offboard/lib/python3.8/site-packages/px4_offboard-0.0.0-py3.8.egg-info' (and everything under it)
[1.644s] Copying ../../build/px4_offboard/px4_offboard.egg-info to /home/ceu/ros2_ws/install/px4_offboard/lib/python3.8/site-packages/px4_offboard-0.0.0-py3.8.egg-info
[1.645s] running install_scripts
[1.665s] Installing offboard_control script to /home/ceu/ros2_ws/install/px4_offboard/lib/px4_offboard
[1.666s] Installing visualizer script to /home/ceu/ros2_ws/install/px4_offboard/lib/px4_offboard
[1.666s] writing list of installed files to '/home/ceu/ros2_ws/build/px4_offboard/install.log'
[1.687s] Invoked command in '/home/ceu/ros2_ws/src/px4-offboard' returned '0': AMENT_PREFIX_PATH=/home/ceu/ros2_ws/install/px4_msgs:${AMENT_PREFIX_PATH} CMAKE_PREFIX_PATH=/home/ceu/ros2_ws/install/px4_msgs LD_LIBRARY_PATH=/home/ceu/ros2_ws/install/px4_msgs/lib:${LD_LIBRARY_PATH} PYTHONPATH=/home/ceu/ros2_ws/build/px4_offboard/prefix_override:/home/ceu/ros2_ws/install/px4_offboard/lib/python3.8/site-packages:/home/ceu/ros2_ws/install/px4_msgs/lib/python3.8/site-packages:${PYTHONPATH} /usr/bin/python3 setup.py egg_info --egg-base ../../build/px4_offboard build --build-base /home/ceu/ros2_ws/build/px4_offboard/build install --record /home/ceu/ros2_ws/build/px4_offboard/install.log --single-version-externally-managed
