[2.090s] DEBUG:colcon:Command line arguments: ['/usr/bin/colcon', 'build', '--packages-ignore', 'lio_sam']
[2.090s] DEBUG:colcon:Parsed command line arguments: Namespace(allow_overriding=[], ament_cmake_args=None, base_paths=['.'], build_base='build', catkin_cmake_args=None, catkin_skip_building_tests=False, cmake_args=None, cmake_clean_cache=False, cmake_clean_first=False, cmake_force_configure=False, cmake_target=None, cmake_target_skip_unavailable=False, continue_on_error=False, event_handlers=None, executor='parallel', ignore_user_meta=False, install_base='install', log_base=None, log_level=None, main=<bound method BuildVerb.main of <colcon_core.verb.build.BuildVerb object at 0x7f74385b1f40>>, merge_install=False, metas=['./colcon.meta'], packages_above=None, packages_above_and_dependencies=None, packages_above_depth=None, packages_end=None, packages_ignore=['lio_sam'], packages_ignore_regex=None, packages_select=None, packages_select_build_failed=False, packages_select_by_dep=None, packages_select_regex=None, packages_select_test_failures=False, packages_skip=None, packages_skip_build_finished=False, packages_skip_by_dep=None, packages_skip_regex=None, packages_skip_test_passed=False, packages_skip_up_to=None, packages_start=None, packages_up_to=None, packages_up_to_regex=None, parallel_workers=12, paths=None, symlink_install=False, test_result_base=None, verb_extension=<colcon_core.verb.build.BuildVerb object at 0x7f74385b1f40>, verb_name='build', verb_parser=<colcon_defaults.argument_parser.defaults.DefaultArgumentsDecorator object at 0x7f74385b14c0>)
[2.194s] Level 1:colcon.colcon_core.package_discovery:discover_packages(colcon_meta) check parameters
[2.194s] Level 1:colcon.colcon_core.package_discovery:discover_packages(recursive) check parameters
[2.194s] Level 1:colcon.colcon_core.package_discovery:discover_packages(ignore) check parameters
[2.194s] Level 1:colcon.colcon_core.package_discovery:discover_packages(path) check parameters
[2.194s] Level 1:colcon.colcon_core.package_discovery:discover_packages(colcon_meta) discover
[2.194s] Level 1:colcon.colcon_core.package_discovery:discover_packages(recursive) discover
[2.194s] INFO:colcon.colcon_core.package_discovery:Crawling recursively for packages in '/home/ceu/ros2_ws'
[2.194s] Level 1:colcon.colcon_core.package_identification:_identify(.) by extensions ['ignore', 'ignore_ament_install']
[2.194s] Level 1:colcon.colcon_core.package_identification:_identify(.) by extension 'ignore'
[2.194s] Level 1:colcon.colcon_core.package_identification:_identify(.) by extension 'ignore_ament_install'
[2.195s] Level 1:colcon.colcon_core.package_identification:_identify(.) by extensions ['colcon_pkg']
[2.195s] Level 1:colcon.colcon_core.package_identification:_identify(.) by extension 'colcon_pkg'
[2.195s] Level 1:colcon.colcon_core.package_identification:_identify(.) by extensions ['colcon_meta']
[2.195s] Level 1:colcon.colcon_core.package_identification:_identify(.) by extension 'colcon_meta'
[2.195s] Level 1:colcon.colcon_core.package_identification:_identify(.) by extensions ['ros']
[2.195s] Level 1:colcon.colcon_core.package_identification:_identify(.) by extension 'ros'
[2.219s] Level 1:colcon.colcon_core.package_identification:_identify(.) by extensions ['cmake', 'python']
[2.219s] Level 1:colcon.colcon_core.package_identification:_identify(.) by extension 'cmake'
[2.219s] Level 1:colcon.colcon_core.package_identification:_identify(.) by extension 'python'
[2.219s] Level 1:colcon.colcon_core.package_identification:_identify(.) by extensions ['python_setup_py']
[2.219s] Level 1:colcon.colcon_core.package_identification:_identify(.) by extension 'python_setup_py'
[2.219s] Level 1:colcon.colcon_core.package_identification:_identify(build) by extensions ['ignore', 'ignore_ament_install']
[2.219s] Level 1:colcon.colcon_core.package_identification:_identify(build) by extension 'ignore'
[2.219s] Level 1:colcon.colcon_core.package_identification:_identify(build) ignored
[2.219s] Level 1:colcon.colcon_core.package_identification:_identify(install) by extensions ['ignore', 'ignore_ament_install']
[2.219s] Level 1:colcon.colcon_core.package_identification:_identify(install) by extension 'ignore'
[2.219s] Level 1:colcon.colcon_core.package_identification:_identify(install) ignored
[2.220s] Level 1:colcon.colcon_core.package_identification:_identify(log) by extensions ['ignore', 'ignore_ament_install']
[2.220s] Level 1:colcon.colcon_core.package_identification:_identify(log) by extension 'ignore'
[2.220s] Level 1:colcon.colcon_core.package_identification:_identify(log) ignored
[2.220s] Level 1:colcon.colcon_core.package_identification:_identify(src) by extensions ['ignore', 'ignore_ament_install']
[2.220s] Level 1:colcon.colcon_core.package_identification:_identify(src) by extension 'ignore'
[2.220s] Level 1:colcon.colcon_core.package_identification:_identify(src) by extension 'ignore_ament_install'
[2.220s] Level 1:colcon.colcon_core.package_identification:_identify(src) by extensions ['colcon_pkg']
[2.220s] Level 1:colcon.colcon_core.package_identification:_identify(src) by extension 'colcon_pkg'
[2.220s] Level 1:colcon.colcon_core.package_identification:_identify(src) by extensions ['colcon_meta']
[2.220s] Level 1:colcon.colcon_core.package_identification:_identify(src) by extension 'colcon_meta'
[2.220s] Level 1:colcon.colcon_core.package_identification:_identify(src) by extensions ['ros']
[2.220s] Level 1:colcon.colcon_core.package_identification:_identify(src) by extension 'ros'
[2.220s] Level 1:colcon.colcon_core.package_identification:_identify(src) by extensions ['cmake', 'python']
[2.220s] Level 1:colcon.colcon_core.package_identification:_identify(src) by extension 'cmake'
[2.220s] Level 1:colcon.colcon_core.package_identification:_identify(src) by extension 'python'
[2.220s] Level 1:colcon.colcon_core.package_identification:_identify(src) by extensions ['python_setup_py']
[2.220s] Level 1:colcon.colcon_core.package_identification:_identify(src) by extension 'python_setup_py'
[2.220s] Level 1:colcon.colcon_core.package_identification:_identify(src/LIO-SAM) by extensions ['ignore', 'ignore_ament_install']
[2.220s] Level 1:colcon.colcon_core.package_identification:_identify(src/LIO-SAM) by extension 'ignore'
[2.220s] Level 1:colcon.colcon_core.package_identification:_identify(src/LIO-SAM) by extension 'ignore_ament_install'
[2.221s] Level 1:colcon.colcon_core.package_identification:_identify(src/LIO-SAM) by extensions ['colcon_pkg']
[2.221s] Level 1:colcon.colcon_core.package_identification:_identify(src/LIO-SAM) by extension 'colcon_pkg'
[2.221s] Level 1:colcon.colcon_core.package_identification:_identify(src/LIO-SAM) by extensions ['colcon_meta']
[2.221s] Level 1:colcon.colcon_core.package_identification:_identify(src/LIO-SAM) by extension 'colcon_meta'
[2.221s] Level 1:colcon.colcon_core.package_identification:_identify(src/LIO-SAM) by extensions ['ros']
[2.221s] Level 1:colcon.colcon_core.package_identification:_identify(src/LIO-SAM) by extension 'ros'
[2.223s] DEBUG:colcon.colcon_core.package_identification:Package 'src/LIO-SAM' with type 'ros.ament_cmake' and name 'lio_sam'
[2.223s] Level 1:colcon.colcon_core.package_identification:_identify(src/publish_lidar_data) by extensions ['ignore', 'ignore_ament_install']
[2.223s] Level 1:colcon.colcon_core.package_identification:_identify(src/publish_lidar_data) by extension 'ignore'
[2.223s] Level 1:colcon.colcon_core.package_identification:_identify(src/publish_lidar_data) by extension 'ignore_ament_install'
[2.223s] Level 1:colcon.colcon_core.package_identification:_identify(src/publish_lidar_data) by extensions ['colcon_pkg']
[2.223s] Level 1:colcon.colcon_core.package_identification:_identify(src/publish_lidar_data) by extension 'colcon_pkg'
[2.223s] Level 1:colcon.colcon_core.package_identification:_identify(src/publish_lidar_data) by extensions ['colcon_meta']
[2.223s] Level 1:colcon.colcon_core.package_identification:_identify(src/publish_lidar_data) by extension 'colcon_meta'
[2.223s] Level 1:colcon.colcon_core.package_identification:_identify(src/publish_lidar_data) by extensions ['ros']
[2.223s] Level 1:colcon.colcon_core.package_identification:_identify(src/publish_lidar_data) by extension 'ros'
[2.224s] DEBUG:colcon.colcon_core.package_identification:Package 'src/publish_lidar_data' with type 'ros.ament_python' and name 'publish_lidar_data'
[2.224s] Level 1:colcon.colcon_core.package_identification:_identify(src/px4_msgs) by extensions ['ignore', 'ignore_ament_install']
[2.225s] Level 1:colcon.colcon_core.package_identification:_identify(src/px4_msgs) by extension 'ignore'
[2.225s] Level 1:colcon.colcon_core.package_identification:_identify(src/px4_msgs) by extension 'ignore_ament_install'
[2.225s] Level 1:colcon.colcon_core.package_identification:_identify(src/px4_msgs) by extensions ['colcon_pkg']
[2.225s] Level 1:colcon.colcon_core.package_identification:_identify(src/px4_msgs) by extension 'colcon_pkg'
[2.225s] Level 1:colcon.colcon_core.package_identification:_identify(src/px4_msgs) by extensions ['colcon_meta']
[2.225s] Level 1:colcon.colcon_core.package_identification:_identify(src/px4_msgs) by extension 'colcon_meta'
[2.225s] Level 1:colcon.colcon_core.package_identification:_identify(src/px4_msgs) by extensions ['ros']
[2.225s] Level 1:colcon.colcon_core.package_identification:_identify(src/px4_msgs) by extension 'ros'
[2.225s] DEBUG:colcon.colcon_core.package_identification:Package 'src/px4_msgs' with type 'ros.ament_cmake' and name 'px4_msgs'
[2.225s] Level 1:colcon.colcon_core.package_identification:_identify(src/px4_ros_com) by extensions ['ignore', 'ignore_ament_install']
[2.226s] Level 1:colcon.colcon_core.package_identification:_identify(src/px4_ros_com) by extension 'ignore'
[2.226s] Level 1:colcon.colcon_core.package_identification:_identify(src/px4_ros_com) by extension 'ignore_ament_install'
[2.226s] Level 1:colcon.colcon_core.package_identification:_identify(src/px4_ros_com) by extensions ['colcon_pkg']
[2.226s] Level 1:colcon.colcon_core.package_identification:_identify(src/px4_ros_com) by extension 'colcon_pkg'
[2.226s] Level 1:colcon.colcon_core.package_identification:_identify(src/px4_ros_com) by extensions ['colcon_meta']
[2.226s] Level 1:colcon.colcon_core.package_identification:_identify(src/px4_ros_com) by extension 'colcon_meta'
[2.226s] Level 1:colcon.colcon_core.package_identification:_identify(src/px4_ros_com) by extensions ['ros']
[2.226s] Level 1:colcon.colcon_core.package_identification:_identify(src/px4_ros_com) by extension 'ros'
[2.227s] DEBUG:colcon.colcon_core.package_identification:Package 'src/px4_ros_com' with type 'ros.ament_cmake' and name 'px4_ros_com'
[2.227s] Level 1:colcon.colcon_core.package_discovery:discover_packages(recursive) using defaults
[2.227s] Level 1:colcon.colcon_core.package_discovery:discover_packages(ignore) discover
[2.227s] Level 1:colcon.colcon_core.package_discovery:discover_packages(ignore) using defaults
[2.227s] Level 1:colcon.colcon_core.package_discovery:discover_packages(path) discover
[2.227s] Level 1:colcon.colcon_core.package_discovery:discover_packages(path) using defaults
[2.408s] Level 1:colcon.colcon_core.package_discovery:discover_packages(prefix_path) check parameters
[2.408s] Level 1:colcon.colcon_core.package_discovery:discover_packages(prefix_path) discover
[2.475s] DEBUG:colcon.colcon_installed_package_information.package_discovery:Found 260 installed packages in /opt/ros/foxy
[2.476s] Level 1:colcon.colcon_core.package_discovery:discover_packages(prefix_path) using defaults
[2.614s] Level 5:colcon.colcon_core.verb:set package 'publish_lidar_data' build argument 'cmake_args' from command line to 'None'
[2.614s] Level 5:colcon.colcon_core.verb:set package 'publish_lidar_data' build argument 'cmake_target' from command line to 'None'
[2.614s] Level 5:colcon.colcon_core.verb:set package 'publish_lidar_data' build argument 'cmake_target_skip_unavailable' from command line to 'False'
[2.614s] Level 5:colcon.colcon_core.verb:set package 'publish_lidar_data' build argument 'cmake_clean_cache' from command line to 'False'
[2.614s] Level 5:colcon.colcon_core.verb:set package 'publish_lidar_data' build argument 'cmake_clean_first' from command line to 'False'
[2.614s] Level 5:colcon.colcon_core.verb:set package 'publish_lidar_data' build argument 'cmake_force_configure' from command line to 'False'
[2.614s] Level 5:colcon.colcon_core.verb:set package 'publish_lidar_data' build argument 'ament_cmake_args' from command line to 'None'
[2.614s] Level 5:colcon.colcon_core.verb:set package 'publish_lidar_data' build argument 'catkin_cmake_args' from command line to 'None'
[2.614s] Level 5:colcon.colcon_core.verb:set package 'publish_lidar_data' build argument 'catkin_skip_building_tests' from command line to 'False'
[2.614s] DEBUG:colcon.colcon_core.verb:Building package 'publish_lidar_data' with the following arguments: {'ament_cmake_args': None, 'build_base': '/home/ceu/ros2_ws/build/publish_lidar_data', 'catkin_cmake_args': None, 'catkin_skip_building_tests': False, 'cmake_args': None, 'cmake_clean_cache': False, 'cmake_clean_first': False, 'cmake_force_configure': False, 'cmake_target': None, 'cmake_target_skip_unavailable': False, 'install_base': '/home/ceu/ros2_ws/install/publish_lidar_data', 'merge_install': False, 'path': '/home/ceu/ros2_ws/src/publish_lidar_data', 'symlink_install': False, 'test_result_base': None}
[2.648s] Level 5:colcon.colcon_core.verb:set package 'px4_msgs' build argument 'cmake_args' from command line to 'None'
[2.648s] Level 5:colcon.colcon_core.verb:set package 'px4_msgs' build argument 'cmake_target' from command line to 'None'
[2.648s] Level 5:colcon.colcon_core.verb:set package 'px4_msgs' build argument 'cmake_target_skip_unavailable' from command line to 'False'
[2.648s] Level 5:colcon.colcon_core.verb:set package 'px4_msgs' build argument 'cmake_clean_cache' from command line to 'False'
[2.648s] Level 5:colcon.colcon_core.verb:set package 'px4_msgs' build argument 'cmake_clean_first' from command line to 'False'
[2.648s] Level 5:colcon.colcon_core.verb:set package 'px4_msgs' build argument 'cmake_force_configure' from command line to 'False'
[2.648s] Level 5:colcon.colcon_core.verb:set package 'px4_msgs' build argument 'ament_cmake_args' from command line to 'None'
[2.648s] Level 5:colcon.colcon_core.verb:set package 'px4_msgs' build argument 'catkin_cmake_args' from command line to 'None'
[2.648s] Level 5:colcon.colcon_core.verb:set package 'px4_msgs' build argument 'catkin_skip_building_tests' from command line to 'False'
[2.648s] DEBUG:colcon.colcon_core.verb:Building package 'px4_msgs' with the following arguments: {'ament_cmake_args': None, 'build_base': '/home/ceu/ros2_ws/build/px4_msgs', 'catkin_cmake_args': None, 'catkin_skip_building_tests': False, 'cmake_args': None, 'cmake_clean_cache': False, 'cmake_clean_first': False, 'cmake_force_configure': False, 'cmake_target': None, 'cmake_target_skip_unavailable': False, 'install_base': '/home/ceu/ros2_ws/install/px4_msgs', 'merge_install': False, 'path': '/home/ceu/ros2_ws/src/px4_msgs', 'symlink_install': False, 'test_result_base': None}
[2.682s] Level 5:colcon.colcon_core.verb:set package 'px4_ros_com' build argument 'cmake_args' from command line to 'None'
[2.682s] Level 5:colcon.colcon_core.verb:set package 'px4_ros_com' build argument 'cmake_target' from command line to 'None'
[2.682s] Level 5:colcon.colcon_core.verb:set package 'px4_ros_com' build argument 'cmake_target_skip_unavailable' from command line to 'False'
[2.682s] Level 5:colcon.colcon_core.verb:set package 'px4_ros_com' build argument 'cmake_clean_cache' from command line to 'False'
[2.682s] Level 5:colcon.colcon_core.verb:set package 'px4_ros_com' build argument 'cmake_clean_first' from command line to 'False'
[2.682s] Level 5:colcon.colcon_core.verb:set package 'px4_ros_com' build argument 'cmake_force_configure' from command line to 'False'
[2.682s] Level 5:colcon.colcon_core.verb:set package 'px4_ros_com' build argument 'ament_cmake_args' from command line to 'None'
[2.682s] Level 5:colcon.colcon_core.verb:set package 'px4_ros_com' build argument 'catkin_cmake_args' from command line to 'None'
[2.682s] Level 5:colcon.colcon_core.verb:set package 'px4_ros_com' build argument 'catkin_skip_building_tests' from command line to 'False'
[2.682s] DEBUG:colcon.colcon_core.verb:Building package 'px4_ros_com' with the following arguments: {'ament_cmake_args': None, 'build_base': '/home/ceu/ros2_ws/build/px4_ros_com', 'catkin_cmake_args': None, 'catkin_skip_building_tests': False, 'cmake_args': None, 'cmake_clean_cache': False, 'cmake_clean_first': False, 'cmake_force_configure': False, 'cmake_target': None, 'cmake_target_skip_unavailable': False, 'install_base': '/home/ceu/ros2_ws/install/px4_ros_com', 'merge_install': False, 'path': '/home/ceu/ros2_ws/src/px4_ros_com', 'symlink_install': False, 'test_result_base': None}
[2.716s] INFO:colcon.colcon_core.executor:Executing jobs using 'parallel' executor
[2.750s] DEBUG:colcon.colcon_parallel_executor.executor.parallel:run_until_complete
[2.750s] INFO:colcon.colcon_ros.task.ament_cmake.build:Building ROS package in '/home/ceu/ros2_ws/src/px4_msgs' with build type 'ament_cmake'
[2.751s] INFO:colcon.colcon_cmake.task.cmake.build:Building CMake package in '/home/ceu/ros2_ws/src/px4_msgs'
[2.786s] INFO:colcon.colcon_core.plugin_system:Skipping extension 'colcon_core.shell.bat': Not used on non-Windows systems
[2.786s] INFO:colcon.colcon_core.shell:Skip shell extension 'powershell' for command environment: Not usable outside of PowerShell
[2.786s] DEBUG:colcon.colcon_core.shell:Skip shell extension 'dsv' for command environment
[2.861s] INFO:colcon.colcon_ros.task.ament_python.build:Building ROS package in '/home/ceu/ros2_ws/src/publish_lidar_data' with build type 'ament_python'
[2.862s] Level 1:colcon.colcon_core.shell:create_environment_hook('publish_lidar_data', 'ament_prefix_path')
[2.899s] INFO:colcon.colcon_core.shell:Creating environment hook '/home/ceu/ros2_ws/install/publish_lidar_data/share/publish_lidar_data/hook/ament_prefix_path.ps1'
[2.899s] INFO:colcon.colcon_core.shell:Creating environment descriptor '/home/ceu/ros2_ws/install/publish_lidar_data/share/publish_lidar_data/hook/ament_prefix_path.dsv'
[2.900s] INFO:colcon.colcon_core.shell:Creating environment hook '/home/ceu/ros2_ws/install/publish_lidar_data/share/publish_lidar_data/hook/ament_prefix_path.sh'
[2.934s] INFO:colcon.colcon_core.shell:Skip shell extension 'powershell' for command environment: Not usable outside of PowerShell
[2.934s] DEBUG:colcon.colcon_core.shell:Skip shell extension 'dsv' for command environment
[3.014s] DEBUG:colcon.colcon_core.event_handler.log_command:Invoking command in '/home/ceu/ros2_ws/build/px4_msgs': CMAKE_PREFIX_PATH=/opt/ros/foxy /usr/bin/cmake --build /home/ceu/ros2_ws/build/px4_msgs -- -j12 -l12
[3.258s] INFO:colcon.colcon_core.task.python.build:Building Python package in '/home/ceu/ros2_ws/src/publish_lidar_data'
[3.294s] INFO:colcon.colcon_core.shell:Skip shell extension 'powershell' for command environment: Not usable outside of PowerShell
[3.294s] DEBUG:colcon.colcon_core.shell:Skip shell extension 'dsv' for command environment
[3.783s] DEBUG:colcon.colcon_core.event_handler.log_command:Invoking command in '/home/ceu/ros2_ws/src/publish_lidar_data': PYTHONPATH=/home/ceu/ros2_ws/build/publish_lidar_data/prefix_override:/home/ceu/ros2_ws/install/publish_lidar_data/lib/python3.8/site-packages:${PYTHONPATH} /usr/bin/python3 setup.py egg_info --egg-base ../../build/publish_lidar_data build --build-base /home/ceu/ros2_ws/build/publish_lidar_data/build install --record /home/ceu/ros2_ws/build/publish_lidar_data/install.log --install-scripts $base/lib/publish_lidar_data --single-version-externally-managed
[3.978s] DEBUG:colcon.colcon_core.event_handler.log_command:Invoked command in '/home/ceu/ros2_ws/build/px4_msgs' returned '0': CMAKE_PREFIX_PATH=/opt/ros/foxy /usr/bin/cmake --build /home/ceu/ros2_ws/build/px4_msgs -- -j12 -l12
[4.044s] DEBUG:colcon.colcon_core.event_handler.log_command:Invoked command in '/home/ceu/ros2_ws/src/publish_lidar_data' returned '0': PYTHONPATH=/home/ceu/ros2_ws/build/publish_lidar_data/prefix_override:/home/ceu/ros2_ws/install/publish_lidar_data/lib/python3.8/site-packages:${PYTHONPATH} /usr/bin/python3 setup.py egg_info --egg-base ../../build/publish_lidar_data build --build-base /home/ceu/ros2_ws/build/publish_lidar_data/build install --record /home/ceu/ros2_ws/build/publish_lidar_data/install.log --install-scripts $base/lib/publish_lidar_data --single-version-externally-managed
[4.083s] Level 1:colcon.colcon_core.environment:checking '/home/ceu/ros2_ws/install/publish_lidar_data' for CMake module files
[4.083s] Level 1:colcon.colcon_core.environment:checking '/home/ceu/ros2_ws/install/publish_lidar_data' for CMake config files
[4.083s] Level 1:colcon.colcon_core.environment:checking '/home/ceu/ros2_ws/install/publish_lidar_data/lib'
[4.084s] Level 1:colcon.colcon_core.environment:checking '/home/ceu/ros2_ws/install/publish_lidar_data/bin'
[4.084s] Level 1:colcon.colcon_core.environment:checking '/home/ceu/ros2_ws/install/publish_lidar_data/lib/pkgconfig/publish_lidar_data.pc'
[4.084s] Level 1:colcon.colcon_core.environment:checking '/home/ceu/ros2_ws/install/publish_lidar_data/lib/python3.8/site-packages'
[4.084s] Level 1:colcon.colcon_core.shell:create_environment_hook('publish_lidar_data', 'pythonpath')
[4.119s] INFO:colcon.colcon_core.shell:Creating environment hook '/home/ceu/ros2_ws/install/publish_lidar_data/share/publish_lidar_data/hook/pythonpath.ps1'
[4.119s] INFO:colcon.colcon_core.shell:Creating environment descriptor '/home/ceu/ros2_ws/install/publish_lidar_data/share/publish_lidar_data/hook/pythonpath.dsv'
[4.119s] INFO:colcon.colcon_core.shell:Creating environment hook '/home/ceu/ros2_ws/install/publish_lidar_data/share/publish_lidar_data/hook/pythonpath.sh'
[4.120s] Level 1:colcon.colcon_core.environment:checking '/home/ceu/ros2_ws/install/publish_lidar_data/bin'
[4.120s] Level 1:colcon.colcon_core.environment:create_environment_scripts_only(publish_lidar_data)
[4.156s] INFO:colcon.colcon_core.shell:Creating package script '/home/ceu/ros2_ws/install/publish_lidar_data/share/publish_lidar_data/package.ps1'
[4.157s] INFO:colcon.colcon_core.shell:Creating package descriptor '/home/ceu/ros2_ws/install/publish_lidar_data/share/publish_lidar_data/package.dsv'
[4.157s] INFO:colcon.colcon_core.shell:Creating package script '/home/ceu/ros2_ws/install/publish_lidar_data/share/publish_lidar_data/package.sh'
[4.158s] INFO:colcon.colcon_core.shell:Creating package script '/home/ceu/ros2_ws/install/publish_lidar_data/share/publish_lidar_data/package.bash'
[4.158s] INFO:colcon.colcon_core.shell:Creating package script '/home/ceu/ros2_ws/install/publish_lidar_data/share/publish_lidar_data/package.zsh'
[4.159s] Level 1:colcon.colcon_core.environment:create_file_with_runtime_dependencies(/home/ceu/ros2_ws/install/publish_lidar_data/share/colcon-core/packages/publish_lidar_data)
[14.500s] DEBUG:colcon.colcon_core.event_handler.log_command:Invoking command in '/home/ceu/ros2_ws/build/px4_msgs': CMAKE_PREFIX_PATH=/opt/ros/foxy /usr/bin/cmake --install /home/ceu/ros2_ws/build/px4_msgs
[14.751s] Level 1:colcon.colcon_core.environment:create_environment_scripts_only(px4_msgs)
[14.837s] Level 1:colcon.colcon_core.environment:checking '/home/ceu/ros2_ws/install/px4_msgs' for CMake module files
[14.838s] Level 1:colcon.colcon_core.environment:checking '/home/ceu/ros2_ws/install/px4_msgs' for CMake config files
[14.852s] Level 1:colcon.colcon_core.shell:create_environment_hook('px4_msgs', 'cmake_prefix_path')
[14.903s] INFO:colcon.colcon_core.shell:Creating environment hook '/home/ceu/ros2_ws/install/px4_msgs/share/px4_msgs/hook/cmake_prefix_path.ps1'
[14.904s] INFO:colcon.colcon_core.shell:Creating environment descriptor '/home/ceu/ros2_ws/install/px4_msgs/share/px4_msgs/hook/cmake_prefix_path.dsv'
[14.904s] INFO:colcon.colcon_core.shell:Creating environment hook '/home/ceu/ros2_ws/install/px4_msgs/share/px4_msgs/hook/cmake_prefix_path.sh'
[14.905s] Level 1:colcon.colcon_core.environment:checking '/home/ceu/ros2_ws/install/px4_msgs/lib'
[14.905s] Level 1:colcon.colcon_core.shell:create_environment_hook('px4_msgs', 'ld_library_path_lib')
[14.963s] DEBUG:colcon.colcon_core.event_handler.log_command:Invoked command in '/home/ceu/ros2_ws/build/px4_msgs' returned '0': CMAKE_PREFIX_PATH=/opt/ros/foxy /usr/bin/cmake --install /home/ceu/ros2_ws/build/px4_msgs
[14.964s] INFO:colcon.colcon_core.shell:Creating environment hook '/home/ceu/ros2_ws/install/px4_msgs/share/px4_msgs/hook/ld_library_path_lib.ps1'
[14.964s] INFO:colcon.colcon_core.shell:Creating environment descriptor '/home/ceu/ros2_ws/install/px4_msgs/share/px4_msgs/hook/ld_library_path_lib.dsv'
[14.964s] INFO:colcon.colcon_core.shell:Creating environment hook '/home/ceu/ros2_ws/install/px4_msgs/share/px4_msgs/hook/ld_library_path_lib.sh'
[14.964s] Level 1:colcon.colcon_core.environment:checking '/home/ceu/ros2_ws/install/px4_msgs/bin'
[14.964s] Level 1:colcon.colcon_core.environment:checking '/home/ceu/ros2_ws/install/px4_msgs/lib/pkgconfig/px4_msgs.pc'
[14.965s] Level 1:colcon.colcon_core.environment:checking '/home/ceu/ros2_ws/install/px4_msgs/lib/python3.8/site-packages'
[14.965s] Level 1:colcon.colcon_core.shell:create_environment_hook('px4_msgs', 'pythonpath')
[15.000s] INFO:colcon.colcon_core.shell:Creating environment hook '/home/ceu/ros2_ws/install/px4_msgs/share/px4_msgs/hook/pythonpath.ps1'
[15.000s] INFO:colcon.colcon_core.shell:Creating environment descriptor '/home/ceu/ros2_ws/install/px4_msgs/share/px4_msgs/hook/pythonpath.dsv'
[15.001s] INFO:colcon.colcon_core.shell:Creating environment hook '/home/ceu/ros2_ws/install/px4_msgs/share/px4_msgs/hook/pythonpath.sh'
[15.001s] Level 1:colcon.colcon_core.environment:checking '/home/ceu/ros2_ws/install/px4_msgs/bin'
[15.036s] INFO:colcon.colcon_core.shell:Creating package script '/home/ceu/ros2_ws/install/px4_msgs/share/px4_msgs/package.ps1'
[15.036s] INFO:colcon.colcon_core.shell:Creating package descriptor '/home/ceu/ros2_ws/install/px4_msgs/share/px4_msgs/package.dsv'
[15.036s] INFO:colcon.colcon_core.shell:Creating package script '/home/ceu/ros2_ws/install/px4_msgs/share/px4_msgs/package.sh'
[15.037s] INFO:colcon.colcon_core.shell:Creating package script '/home/ceu/ros2_ws/install/px4_msgs/share/px4_msgs/package.bash'
[15.037s] INFO:colcon.colcon_core.shell:Creating package script '/home/ceu/ros2_ws/install/px4_msgs/share/px4_msgs/package.zsh'
[15.037s] Level 1:colcon.colcon_core.environment:create_file_with_runtime_dependencies(/home/ceu/ros2_ws/install/px4_msgs/share/colcon-core/packages/px4_msgs)
[24.605s] Level 1:colcon.colcon_core.environment:create_environment_scripts_only(px4_msgs)
[24.639s] Level 1:colcon.colcon_core.environment:checking '/home/ceu/ros2_ws/install/px4_msgs' for CMake module files
[24.639s] Level 1:colcon.colcon_core.environment:checking '/home/ceu/ros2_ws/install/px4_msgs' for CMake config files
[24.643s] Level 1:colcon.colcon_core.shell:create_environment_hook('px4_msgs', 'cmake_prefix_path')
[24.676s] INFO:colcon.colcon_core.shell:Creating environment hook '/home/ceu/ros2_ws/install/px4_msgs/share/px4_msgs/hook/cmake_prefix_path.ps1'
[24.676s] INFO:colcon.colcon_core.shell:Creating environment descriptor '/home/ceu/ros2_ws/install/px4_msgs/share/px4_msgs/hook/cmake_prefix_path.dsv'
[24.677s] INFO:colcon.colcon_core.shell:Creating environment hook '/home/ceu/ros2_ws/install/px4_msgs/share/px4_msgs/hook/cmake_prefix_path.sh'
[24.677s] Level 1:colcon.colcon_core.environment:checking '/home/ceu/ros2_ws/install/px4_msgs/lib'
[24.677s] Level 1:colcon.colcon_core.shell:create_environment_hook('px4_msgs', 'ld_library_path_lib')
[24.720s] INFO:colcon.colcon_core.shell:Creating environment hook '/home/ceu/ros2_ws/install/px4_msgs/share/px4_msgs/hook/ld_library_path_lib.ps1'
[24.720s] INFO:colcon.colcon_core.shell:Creating environment descriptor '/home/ceu/ros2_ws/install/px4_msgs/share/px4_msgs/hook/ld_library_path_lib.dsv'
[24.720s] INFO:colcon.colcon_core.shell:Creating environment hook '/home/ceu/ros2_ws/install/px4_msgs/share/px4_msgs/hook/ld_library_path_lib.sh'
[24.720s] Level 1:colcon.colcon_core.environment:checking '/home/ceu/ros2_ws/install/px4_msgs/bin'
[24.720s] Level 1:colcon.colcon_core.environment:checking '/home/ceu/ros2_ws/install/px4_msgs/lib/pkgconfig/px4_msgs.pc'
[24.721s] Level 1:colcon.colcon_core.environment:checking '/home/ceu/ros2_ws/install/px4_msgs/lib/python3.8/site-packages'
[24.721s] Level 1:colcon.colcon_core.shell:create_environment_hook('px4_msgs', 'pythonpath')
[24.754s] INFO:colcon.colcon_core.shell:Creating environment hook '/home/ceu/ros2_ws/install/px4_msgs/share/px4_msgs/hook/pythonpath.ps1'
[24.754s] INFO:colcon.colcon_core.shell:Creating environment descriptor '/home/ceu/ros2_ws/install/px4_msgs/share/px4_msgs/hook/pythonpath.dsv'
[24.754s] INFO:colcon.colcon_core.shell:Creating environment hook '/home/ceu/ros2_ws/install/px4_msgs/share/px4_msgs/hook/pythonpath.sh'
[24.754s] Level 1:colcon.colcon_core.environment:checking '/home/ceu/ros2_ws/install/px4_msgs/bin'
[24.790s] INFO:colcon.colcon_core.shell:Creating package script '/home/ceu/ros2_ws/install/px4_msgs/share/px4_msgs/package.ps1'
[24.791s] INFO:colcon.colcon_core.shell:Creating package descriptor '/home/ceu/ros2_ws/install/px4_msgs/share/px4_msgs/package.dsv'
[24.791s] INFO:colcon.colcon_core.shell:Creating package script '/home/ceu/ros2_ws/install/px4_msgs/share/px4_msgs/package.sh'
[24.791s] INFO:colcon.colcon_core.shell:Creating package script '/home/ceu/ros2_ws/install/px4_msgs/share/px4_msgs/package.bash'
[24.792s] INFO:colcon.colcon_core.shell:Creating package script '/home/ceu/ros2_ws/install/px4_msgs/share/px4_msgs/package.zsh'
[24.792s] Level 1:colcon.colcon_core.environment:create_file_with_runtime_dependencies(/home/ceu/ros2_ws/install/px4_msgs/share/colcon-core/packages/px4_msgs)
[24.792s] INFO:colcon.colcon_ros.task.ament_cmake.build:Building ROS package in '/home/ceu/ros2_ws/src/px4_ros_com' with build type 'ament_cmake'
[24.792s] INFO:colcon.colcon_cmake.task.cmake.build:Building CMake package in '/home/ceu/ros2_ws/src/px4_ros_com'
[24.828s] INFO:colcon.colcon_core.shell:Skip shell extension 'powershell' for command environment: Not usable outside of PowerShell
[24.828s] DEBUG:colcon.colcon_core.shell:Skip shell extension 'dsv' for command environment
[24.903s] DEBUG:colcon.colcon_core.event_handler.log_command:Invoking command in '/home/ceu/ros2_ws/build/px4_ros_com': AMENT_PREFIX_PATH=/home/ceu/ros2_ws/install/px4_msgs:${AMENT_PREFIX_PATH} CMAKE_PREFIX_PATH=/home/ceu/ros2_ws/install/px4_msgs:/opt/ros/foxy LD_LIBRARY_PATH=/home/ceu/ros2_ws/install/px4_msgs/lib:${LD_LIBRARY_PATH} PYTHONPATH=/home/ceu/ros2_ws/install/px4_msgs/lib/python3.8/site-packages:${PYTHONPATH} /usr/bin/cmake --build /home/ceu/ros2_ws/build/px4_ros_com -- -j12 -l12
[24.961s] DEBUG:colcon.colcon_core.event_handler.log_command:Invoked command in '/home/ceu/ros2_ws/build/px4_ros_com' returned '0': AMENT_PREFIX_PATH=/home/ceu/ros2_ws/install/px4_msgs:${AMENT_PREFIX_PATH} CMAKE_PREFIX_PATH=/home/ceu/ros2_ws/install/px4_msgs:/opt/ros/foxy LD_LIBRARY_PATH=/home/ceu/ros2_ws/install/px4_msgs/lib:${LD_LIBRARY_PATH} PYTHONPATH=/home/ceu/ros2_ws/install/px4_msgs/lib/python3.8/site-packages:${PYTHONPATH} /usr/bin/cmake --build /home/ceu/ros2_ws/build/px4_ros_com -- -j12 -l12
[24.992s] DEBUG:colcon.colcon_core.event_handler.log_command:Invoking command in '/home/ceu/ros2_ws/build/px4_ros_com': AMENT_PREFIX_PATH=/home/ceu/ros2_ws/install/px4_msgs:${AMENT_PREFIX_PATH} CMAKE_PREFIX_PATH=/home/ceu/ros2_ws/install/px4_msgs:/opt/ros/foxy LD_LIBRARY_PATH=/home/ceu/ros2_ws/install/px4_msgs/lib:${LD_LIBRARY_PATH} PYTHONPATH=/home/ceu/ros2_ws/install/px4_msgs/lib/python3.8/site-packages:${PYTHONPATH} /usr/bin/cmake --install /home/ceu/ros2_ws/build/px4_ros_com
[25.003s] Level 1:colcon.colcon_core.environment:create_environment_scripts_only(px4_ros_com)
[25.003s] DEBUG:colcon.colcon_core.event_handler.log_command:Invoked command in '/home/ceu/ros2_ws/build/px4_ros_com' returned '0': AMENT_PREFIX_PATH=/home/ceu/ros2_ws/install/px4_msgs:${AMENT_PREFIX_PATH} CMAKE_PREFIX_PATH=/home/ceu/ros2_ws/install/px4_msgs:/opt/ros/foxy LD_LIBRARY_PATH=/home/ceu/ros2_ws/install/px4_msgs/lib:${LD_LIBRARY_PATH} PYTHONPATH=/home/ceu/ros2_ws/install/px4_msgs/lib/python3.8/site-packages:${PYTHONPATH} /usr/bin/cmake --install /home/ceu/ros2_ws/build/px4_ros_com
[25.039s] Level 1:colcon.colcon_core.environment:checking '/home/ceu/ros2_ws/install/px4_ros_com' for CMake module files
[25.039s] Level 1:colcon.colcon_core.environment:checking '/home/ceu/ros2_ws/install/px4_ros_com' for CMake config files
[25.040s] Level 1:colcon.colcon_core.shell:create_environment_hook('px4_ros_com', 'cmake_prefix_path')
[25.074s] INFO:colcon.colcon_core.shell:Creating environment hook '/home/ceu/ros2_ws/install/px4_ros_com/share/px4_ros_com/hook/cmake_prefix_path.ps1'
[25.074s] INFO:colcon.colcon_core.shell:Creating environment descriptor '/home/ceu/ros2_ws/install/px4_ros_com/share/px4_ros_com/hook/cmake_prefix_path.dsv'
[25.075s] INFO:colcon.colcon_core.shell:Creating environment hook '/home/ceu/ros2_ws/install/px4_ros_com/share/px4_ros_com/hook/cmake_prefix_path.sh'
[25.075s] Level 1:colcon.colcon_core.environment:checking '/home/ceu/ros2_ws/install/px4_ros_com/lib'
[25.075s] Level 1:colcon.colcon_core.shell:create_environment_hook('px4_ros_com', 'ld_library_path_lib')
[25.109s] INFO:colcon.colcon_core.shell:Creating environment hook '/home/ceu/ros2_ws/install/px4_ros_com/share/px4_ros_com/hook/ld_library_path_lib.ps1'
[25.109s] INFO:colcon.colcon_core.shell:Creating environment descriptor '/home/ceu/ros2_ws/install/px4_ros_com/share/px4_ros_com/hook/ld_library_path_lib.dsv'
[25.109s] INFO:colcon.colcon_core.shell:Creating environment hook '/home/ceu/ros2_ws/install/px4_ros_com/share/px4_ros_com/hook/ld_library_path_lib.sh'
[25.110s] Level 1:colcon.colcon_core.environment:checking '/home/ceu/ros2_ws/install/px4_ros_com/bin'
[25.110s] Level 1:colcon.colcon_core.environment:checking '/home/ceu/ros2_ws/install/px4_ros_com/lib/pkgconfig/px4_ros_com.pc'
[25.110s] Level 1:colcon.colcon_core.environment:checking '/home/ceu/ros2_ws/install/px4_ros_com/lib/python3.8/site-packages'
[25.110s] Level 1:colcon.colcon_core.environment:checking '/home/ceu/ros2_ws/install/px4_ros_com/bin'
[25.143s] INFO:colcon.colcon_core.shell:Creating package script '/home/ceu/ros2_ws/install/px4_ros_com/share/px4_ros_com/package.ps1'
[25.144s] INFO:colcon.colcon_core.shell:Creating package descriptor '/home/ceu/ros2_ws/install/px4_ros_com/share/px4_ros_com/package.dsv'
[25.144s] INFO:colcon.colcon_core.shell:Creating package script '/home/ceu/ros2_ws/install/px4_ros_com/share/px4_ros_com/package.sh'
[25.145s] INFO:colcon.colcon_core.shell:Creating package script '/home/ceu/ros2_ws/install/px4_ros_com/share/px4_ros_com/package.bash'
[25.145s] INFO:colcon.colcon_core.shell:Creating package script '/home/ceu/ros2_ws/install/px4_ros_com/share/px4_ros_com/package.zsh'
[25.145s] Level 1:colcon.colcon_core.environment:create_file_with_runtime_dependencies(/home/ceu/ros2_ws/install/px4_ros_com/share/colcon-core/packages/px4_ros_com)
[25.207s] Level 1:colcon.colcon_core.environment:create_environment_scripts_only(px4_ros_com)
[25.240s] Level 1:colcon.colcon_core.environment:checking '/home/ceu/ros2_ws/install/px4_ros_com' for CMake module files
[25.240s] Level 1:colcon.colcon_core.environment:checking '/home/ceu/ros2_ws/install/px4_ros_com' for CMake config files
[25.241s] Level 1:colcon.colcon_core.shell:create_environment_hook('px4_ros_com', 'cmake_prefix_path')
[25.274s] INFO:colcon.colcon_core.shell:Creating environment hook '/home/ceu/ros2_ws/install/px4_ros_com/share/px4_ros_com/hook/cmake_prefix_path.ps1'
[25.274s] INFO:colcon.colcon_core.shell:Creating environment descriptor '/home/ceu/ros2_ws/install/px4_ros_com/share/px4_ros_com/hook/cmake_prefix_path.dsv'
[25.275s] INFO:colcon.colcon_core.shell:Creating environment hook '/home/ceu/ros2_ws/install/px4_ros_com/share/px4_ros_com/hook/cmake_prefix_path.sh'
[25.275s] Level 1:colcon.colcon_core.environment:checking '/home/ceu/ros2_ws/install/px4_ros_com/lib'
[25.275s] Level 1:colcon.colcon_core.shell:create_environment_hook('px4_ros_com', 'ld_library_path_lib')
[25.309s] INFO:colcon.colcon_core.shell:Creating environment hook '/home/ceu/ros2_ws/install/px4_ros_com/share/px4_ros_com/hook/ld_library_path_lib.ps1'
[25.309s] INFO:colcon.colcon_core.shell:Creating environment descriptor '/home/ceu/ros2_ws/install/px4_ros_com/share/px4_ros_com/hook/ld_library_path_lib.dsv'
[25.309s] INFO:colcon.colcon_core.shell:Creating environment hook '/home/ceu/ros2_ws/install/px4_ros_com/share/px4_ros_com/hook/ld_library_path_lib.sh'
[25.310s] Level 1:colcon.colcon_core.environment:checking '/home/ceu/ros2_ws/install/px4_ros_com/bin'
[25.310s] Level 1:colcon.colcon_core.environment:checking '/home/ceu/ros2_ws/install/px4_ros_com/lib/pkgconfig/px4_ros_com.pc'
[25.310s] Level 1:colcon.colcon_core.environment:checking '/home/ceu/ros2_ws/install/px4_ros_com/lib/python3.8/site-packages'
[25.310s] Level 1:colcon.colcon_core.environment:checking '/home/ceu/ros2_ws/install/px4_ros_com/bin'
[25.344s] INFO:colcon.colcon_core.shell:Creating package script '/home/ceu/ros2_ws/install/px4_ros_com/share/px4_ros_com/package.ps1'
[25.344s] INFO:colcon.colcon_core.shell:Creating package descriptor '/home/ceu/ros2_ws/install/px4_ros_com/share/px4_ros_com/package.dsv'
[25.344s] INFO:colcon.colcon_core.shell:Creating package script '/home/ceu/ros2_ws/install/px4_ros_com/share/px4_ros_com/package.sh'
[25.345s] INFO:colcon.colcon_core.shell:Creating package script '/home/ceu/ros2_ws/install/px4_ros_com/share/px4_ros_com/package.bash'
[25.345s] INFO:colcon.colcon_core.shell:Creating package script '/home/ceu/ros2_ws/install/px4_ros_com/share/px4_ros_com/package.zsh'
[25.345s] Level 1:colcon.colcon_core.environment:create_file_with_runtime_dependencies(/home/ceu/ros2_ws/install/px4_ros_com/share/colcon-core/packages/px4_ros_com)
[25.345s] DEBUG:colcon.colcon_parallel_executor.executor.parallel:closing loop
[25.346s] DEBUG:colcon.colcon_parallel_executor.executor.parallel:loop closed
[25.346s] DEBUG:colcon.colcon_parallel_executor.executor.parallel:run_until_complete finished with '0'
[25.346s] DEBUG:colcon.colcon_core.event_reactor:joining thread
[25.385s] INFO:colcon.colcon_core.plugin_system:Skipping extension 'colcon_notification.desktop_notification.terminal_notifier': Not used on non-Darwin systems
[25.385s] INFO:colcon.colcon_core.plugin_system:Skipping extension 'colcon_notification.desktop_notification.win32': Not used on non-Windows systems
[25.385s] INFO:colcon.colcon_notification.desktop_notification:Sending desktop notification using 'notify2'
[25.397s] DEBUG:colcon.colcon_core.event_reactor:joined thread
[25.432s] INFO:colcon.colcon_core.shell:Creating prefix script '/home/ceu/ros2_ws/install/local_setup.ps1'
[25.433s] INFO:colcon.colcon_core.shell:Creating prefix util module '/home/ceu/ros2_ws/install/_local_setup_util_ps1.py'
[25.434s] INFO:colcon.colcon_core.shell:Creating prefix chain script '/home/ceu/ros2_ws/install/setup.ps1'
[25.468s] INFO:colcon.colcon_core.shell:Creating prefix script '/home/ceu/ros2_ws/install/local_setup.sh'
[25.468s] INFO:colcon.colcon_core.shell:Creating prefix util module '/home/ceu/ros2_ws/install/_local_setup_util_sh.py'
[25.469s] INFO:colcon.colcon_core.shell:Creating prefix chain script '/home/ceu/ros2_ws/install/setup.sh'
[25.503s] INFO:colcon.colcon_core.shell:Creating prefix script '/home/ceu/ros2_ws/install/local_setup.bash'
[25.503s] INFO:colcon.colcon_core.shell:Creating prefix chain script '/home/ceu/ros2_ws/install/setup.bash'
[25.537s] INFO:colcon.colcon_core.shell:Creating prefix script '/home/ceu/ros2_ws/install/local_setup.zsh'
[25.537s] INFO:colcon.colcon_core.shell:Creating prefix chain script '/home/ceu/ros2_ws/install/setup.zsh'
