[2.718s] DEBUG:colcon:Command line arguments: ['/usr/bin/colcon', 'build', '--packages-select', 'publish_lidar_data', 'px4_msgs', 'px4_ros_com', 'px4_offboard_control']
[2.718s] DEBUG:colcon:Parsed command line arguments: Namespace(allow_overriding=[], ament_cmake_args=None, base_paths=['.'], build_base='build', catkin_cmake_args=None, catkin_skip_building_tests=False, cmake_args=None, cmake_clean_cache=False, cmake_clean_first=False, cmake_force_configure=False, cmake_target=None, cmake_target_skip_unavailable=False, continue_on_error=False, event_handlers=None, executor='parallel', ignore_user_meta=False, install_base='install', log_base=None, log_level=None, main=<bound method BuildVerb.main of <colcon_core.verb.build.BuildVerb object at 0x7ff784e9ed00>>, merge_install=False, metas=['./colcon.meta'], packages_above=None, packages_above_and_dependencies=None, packages_above_depth=None, packages_end=None, packages_ignore=None, packages_ignore_regex=None, packages_select=['publish_lidar_data', 'px4_msgs', 'px4_ros_com', 'px4_offboard_control'], packages_select_build_failed=False, packages_select_by_dep=None, packages_select_regex=None, packages_select_test_failures=False, packages_skip=None, packages_skip_build_finished=False, packages_skip_by_dep=None, packages_skip_regex=None, packages_skip_test_passed=False, packages_skip_up_to=None, packages_start=None, packages_up_to=None, packages_up_to_regex=None, parallel_workers=12, paths=None, symlink_install=False, test_result_base=None, verb_extension=<colcon_core.verb.build.BuildVerb object at 0x7ff784e9ed00>, verb_name='build', verb_parser=<colcon_defaults.argument_parser.defaults.DefaultArgumentsDecorator object at 0x7ff784e9e3a0>)
[2.835s] Level 1:colcon.colcon_core.package_discovery:discover_packages(colcon_meta) check parameters
[2.835s] Level 1:colcon.colcon_core.package_discovery:discover_packages(recursive) check parameters
[2.835s] Level 1:colcon.colcon_core.package_discovery:discover_packages(ignore) check parameters
[2.835s] Level 1:colcon.colcon_core.package_discovery:discover_packages(path) check parameters
[2.835s] Level 1:colcon.colcon_core.package_discovery:discover_packages(colcon_meta) discover
[2.835s] Level 1:colcon.colcon_core.package_discovery:discover_packages(recursive) discover
[2.835s] INFO:colcon.colcon_core.package_discovery:Crawling recursively for packages in '/home/ceu/FRAME_ws'
[2.835s] Level 1:colcon.colcon_core.package_identification:_identify(.) by extensions ['ignore', 'ignore_ament_install']
[2.835s] Level 1:colcon.colcon_core.package_identification:_identify(.) by extension 'ignore'
[2.835s] Level 1:colcon.colcon_core.package_identification:_identify(.) by extension 'ignore_ament_install'
[2.835s] Level 1:colcon.colcon_core.package_identification:_identify(.) by extensions ['colcon_pkg']
[2.835s] Level 1:colcon.colcon_core.package_identification:_identify(.) by extension 'colcon_pkg'
[2.835s] Level 1:colcon.colcon_core.package_identification:_identify(.) by extensions ['colcon_meta']
[2.836s] Level 1:colcon.colcon_core.package_identification:_identify(.) by extension 'colcon_meta'
[2.836s] Level 1:colcon.colcon_core.package_identification:_identify(.) by extensions ['ros']
[2.836s] Level 1:colcon.colcon_core.package_identification:_identify(.) by extension 'ros'
[2.868s] Level 1:colcon.colcon_core.package_identification:_identify(.) by extensions ['cmake', 'python']
[2.868s] Level 1:colcon.colcon_core.package_identification:_identify(.) by extension 'cmake'
[2.868s] Level 1:colcon.colcon_core.package_identification:_identify(.) by extension 'python'
[2.868s] Level 1:colcon.colcon_core.package_identification:_identify(.) by extensions ['python_setup_py']
[2.868s] Level 1:colcon.colcon_core.package_identification:_identify(.) by extension 'python_setup_py'
[2.868s] Level 1:colcon.colcon_core.package_identification:_identify(build) by extensions ['ignore', 'ignore_ament_install']
[2.868s] Level 1:colcon.colcon_core.package_identification:_identify(build) by extension 'ignore'
[2.868s] Level 1:colcon.colcon_core.package_identification:_identify(build) ignored
[2.868s] Level 1:colcon.colcon_core.package_identification:_identify(install) by extensions ['ignore', 'ignore_ament_install']
[2.868s] Level 1:colcon.colcon_core.package_identification:_identify(install) by extension 'ignore'
[2.868s] Level 1:colcon.colcon_core.package_identification:_identify(install) ignored
[2.869s] Level 1:colcon.colcon_core.package_identification:_identify(log) by extensions ['ignore', 'ignore_ament_install']
[2.869s] Level 1:colcon.colcon_core.package_identification:_identify(log) by extension 'ignore'
[2.869s] Level 1:colcon.colcon_core.package_identification:_identify(log) ignored
[2.869s] Level 1:colcon.colcon_core.package_identification:_identify(src) by extensions ['ignore', 'ignore_ament_install']
[2.869s] Level 1:colcon.colcon_core.package_identification:_identify(src) by extension 'ignore'
[2.869s] Level 1:colcon.colcon_core.package_identification:_identify(src) by extension 'ignore_ament_install'
[2.869s] Level 1:colcon.colcon_core.package_identification:_identify(src) by extensions ['colcon_pkg']
[2.869s] Level 1:colcon.colcon_core.package_identification:_identify(src) by extension 'colcon_pkg'
[2.869s] Level 1:colcon.colcon_core.package_identification:_identify(src) by extensions ['colcon_meta']
[2.869s] Level 1:colcon.colcon_core.package_identification:_identify(src) by extension 'colcon_meta'
[2.869s] Level 1:colcon.colcon_core.package_identification:_identify(src) by extensions ['ros']
[2.869s] Level 1:colcon.colcon_core.package_identification:_identify(src) by extension 'ros'
[2.869s] Level 1:colcon.colcon_core.package_identification:_identify(src) by extensions ['cmake', 'python']
[2.869s] Level 1:colcon.colcon_core.package_identification:_identify(src) by extension 'cmake'
[2.869s] Level 1:colcon.colcon_core.package_identification:_identify(src) by extension 'python'
[2.869s] Level 1:colcon.colcon_core.package_identification:_identify(src) by extensions ['python_setup_py']
[2.869s] Level 1:colcon.colcon_core.package_identification:_identify(src) by extension 'python_setup_py'
[2.870s] Level 1:colcon.colcon_core.package_identification:_identify(src/LIO-SAM) by extensions ['ignore', 'ignore_ament_install']
[2.870s] Level 1:colcon.colcon_core.package_identification:_identify(src/LIO-SAM) by extension 'ignore'
[2.870s] Level 1:colcon.colcon_core.package_identification:_identify(src/LIO-SAM) by extension 'ignore_ament_install'
[2.870s] Level 1:colcon.colcon_core.package_identification:_identify(src/LIO-SAM) by extensions ['colcon_pkg']
[2.870s] Level 1:colcon.colcon_core.package_identification:_identify(src/LIO-SAM) by extension 'colcon_pkg'
[2.870s] Level 1:colcon.colcon_core.package_identification:_identify(src/LIO-SAM) by extensions ['colcon_meta']
[2.870s] Level 1:colcon.colcon_core.package_identification:_identify(src/LIO-SAM) by extension 'colcon_meta'
[2.870s] Level 1:colcon.colcon_core.package_identification:_identify(src/LIO-SAM) by extensions ['ros']
[2.870s] Level 1:colcon.colcon_core.package_identification:_identify(src/LIO-SAM) by extension 'ros'
[2.873s] DEBUG:colcon.colcon_core.package_identification:Package 'src/LIO-SAM' with type 'ros.ament_cmake' and name 'lio_sam'
[2.873s] Level 1:colcon.colcon_core.package_identification:_identify(src/build) by extensions ['ignore', 'ignore_ament_install']
[2.873s] Level 1:colcon.colcon_core.package_identification:_identify(src/build) by extension 'ignore'
[2.873s] Level 1:colcon.colcon_core.package_identification:_identify(src/build) ignored
[2.873s] Level 1:colcon.colcon_core.package_identification:_identify(src/install) by extensions ['ignore', 'ignore_ament_install']
[2.874s] Level 1:colcon.colcon_core.package_identification:_identify(src/install) by extension 'ignore'
[2.874s] Level 1:colcon.colcon_core.package_identification:_identify(src/install) ignored
[2.874s] Level 1:colcon.colcon_core.package_identification:_identify(src/log) by extensions ['ignore', 'ignore_ament_install']
[2.874s] Level 1:colcon.colcon_core.package_identification:_identify(src/log) by extension 'ignore'
[2.874s] Level 1:colcon.colcon_core.package_identification:_identify(src/log) ignored
[2.874s] Level 1:colcon.colcon_core.package_identification:_identify(src/publish_lidar_data) by extensions ['ignore', 'ignore_ament_install']
[2.874s] Level 1:colcon.colcon_core.package_identification:_identify(src/publish_lidar_data) by extension 'ignore'
[2.874s] Level 1:colcon.colcon_core.package_identification:_identify(src/publish_lidar_data) by extension 'ignore_ament_install'
[2.874s] Level 1:colcon.colcon_core.package_identification:_identify(src/publish_lidar_data) by extensions ['colcon_pkg']
[2.874s] Level 1:colcon.colcon_core.package_identification:_identify(src/publish_lidar_data) by extension 'colcon_pkg'
[2.874s] Level 1:colcon.colcon_core.package_identification:_identify(src/publish_lidar_data) by extensions ['colcon_meta']
[2.874s] Level 1:colcon.colcon_core.package_identification:_identify(src/publish_lidar_data) by extension 'colcon_meta'
[2.875s] Level 1:colcon.colcon_core.package_identification:_identify(src/publish_lidar_data) by extensions ['ros']
[2.875s] Level 1:colcon.colcon_core.package_identification:_identify(src/publish_lidar_data) by extension 'ros'
[2.876s] DEBUG:colcon.colcon_core.package_identification:Found ROS schema reference in package manifest in 'src/publish_lidar_data'
[2.876s] WARNING:colcon.colcon_core.package_identification:Failed to parse ROS package manifest in 'src/publish_lidar_data': Error(s) in package 'src/publish_lidar_data/package.xml':
Invalid email "ceu@cego6160@colorado.edu" for person "ceu"
[2.876s] Level 1:colcon.colcon_core.package_identification:_identify(src/publish_lidar_data) by extensions ['cmake', 'python']
[2.876s] Level 1:colcon.colcon_core.package_identification:_identify(src/publish_lidar_data) by extension 'cmake'
[2.876s] Level 1:colcon.colcon_core.package_identification:_identify(src/publish_lidar_data) by extension 'python'
[2.877s] DEBUG:colcon.colcon_core.package_identification:Python package in 'src/publish_lidar_data' passes arguments to the setup() function which requires a different identification extension than 'python'
[2.877s] Level 1:colcon.colcon_core.package_identification:_identify(src/publish_lidar_data) by extensions ['python_setup_py']
[2.877s] Level 1:colcon.colcon_core.package_identification:_identify(src/publish_lidar_data) by extension 'python_setup_py'
[3.147s] DEBUG:colcon.colcon_core.package_identification:Package 'src/publish_lidar_data' with type 'python' and name 'publish_lidar_data'
[3.147s] Level 1:colcon.colcon_core.package_identification:_identify(src/px4-offboard) by extensions ['ignore', 'ignore_ament_install']
[3.147s] Level 1:colcon.colcon_core.package_identification:_identify(src/px4-offboard) by extension 'ignore'
[3.147s] Level 1:colcon.colcon_core.package_identification:_identify(src/px4-offboard) by extension 'ignore_ament_install'
[3.147s] Level 1:colcon.colcon_core.package_identification:_identify(src/px4-offboard) by extensions ['colcon_pkg']
[3.147s] Level 1:colcon.colcon_core.package_identification:_identify(src/px4-offboard) by extension 'colcon_pkg'
[3.147s] Level 1:colcon.colcon_core.package_identification:_identify(src/px4-offboard) by extensions ['colcon_meta']
[3.147s] Level 1:colcon.colcon_core.package_identification:_identify(src/px4-offboard) by extension 'colcon_meta'
[3.147s] Level 1:colcon.colcon_core.package_identification:_identify(src/px4-offboard) by extensions ['ros']
[3.147s] Level 1:colcon.colcon_core.package_identification:_identify(src/px4-offboard) by extension 'ros'
[3.148s] DEBUG:colcon.colcon_core.package_identification:Package 'src/px4-offboard' with type 'ros.ament_python' and name 'px4_offboard'
[3.148s] Level 1:colcon.colcon_core.package_identification:_identify(src/px4_msgs) by extensions ['ignore', 'ignore_ament_install']
[3.148s] Level 1:colcon.colcon_core.package_identification:_identify(src/px4_msgs) by extension 'ignore'
[3.149s] Level 1:colcon.colcon_core.package_identification:_identify(src/px4_msgs) by extension 'ignore_ament_install'
[3.149s] Level 1:colcon.colcon_core.package_identification:_identify(src/px4_msgs) by extensions ['colcon_pkg']
[3.149s] Level 1:colcon.colcon_core.package_identification:_identify(src/px4_msgs) by extension 'colcon_pkg'
[3.149s] Level 1:colcon.colcon_core.package_identification:_identify(src/px4_msgs) by extensions ['colcon_meta']
[3.149s] Level 1:colcon.colcon_core.package_identification:_identify(src/px4_msgs) by extension 'colcon_meta'
[3.149s] Level 1:colcon.colcon_core.package_identification:_identify(src/px4_msgs) by extensions ['ros']
[3.149s] Level 1:colcon.colcon_core.package_identification:_identify(src/px4_msgs) by extension 'ros'
[3.149s] DEBUG:colcon.colcon_core.package_identification:Package 'src/px4_msgs' with type 'ros.ament_cmake' and name 'px4_msgs'
[3.149s] Level 1:colcon.colcon_core.package_identification:_identify(src/px4_ros_com) by extensions ['ignore', 'ignore_ament_install']
[3.149s] Level 1:colcon.colcon_core.package_identification:_identify(src/px4_ros_com) by extension 'ignore'
[3.150s] Level 1:colcon.colcon_core.package_identification:_identify(src/px4_ros_com) by extension 'ignore_ament_install'
[3.150s] Level 1:colcon.colcon_core.package_identification:_identify(src/px4_ros_com) by extensions ['colcon_pkg']
[3.150s] Level 1:colcon.colcon_core.package_identification:_identify(src/px4_ros_com) by extension 'colcon_pkg'
[3.150s] Level 1:colcon.colcon_core.package_identification:_identify(src/px4_ros_com) by extensions ['colcon_meta']
[3.150s] Level 1:colcon.colcon_core.package_identification:_identify(src/px4_ros_com) by extension 'colcon_meta'
[3.150s] Level 1:colcon.colcon_core.package_identification:_identify(src/px4_ros_com) by extensions ['ros']
[3.150s] Level 1:colcon.colcon_core.package_identification:_identify(src/px4_ros_com) by extension 'ros'
[3.151s] DEBUG:colcon.colcon_core.package_identification:Package 'src/px4_ros_com' with type 'ros.ament_cmake' and name 'px4_ros_com'
[3.151s] Level 1:colcon.colcon_core.package_discovery:discover_packages(recursive) using defaults
[3.151s] Level 1:colcon.colcon_core.package_discovery:discover_packages(ignore) discover
[3.151s] Level 1:colcon.colcon_core.package_discovery:discover_packages(ignore) using defaults
[3.151s] Level 1:colcon.colcon_core.package_discovery:discover_packages(path) discover
[3.151s] Level 1:colcon.colcon_core.package_discovery:discover_packages(path) using defaults
[3.189s] WARNING:colcon.colcon_core.package_selection:ignoring unknown package 'px4_offboard_control' in --packages-select
[3.291s] INFO:colcon.colcon_core.package_selection:Skipping not selected package 'lio_sam' in 'src/LIO-SAM'
[3.291s] INFO:colcon.colcon_core.package_selection:Skipping not selected package 'px4_offboard' in 'src/px4-offboard'
[3.373s] Level 1:colcon.colcon_core.package_discovery:discover_packages(prefix_path) check parameters
[3.373s] Level 1:colcon.colcon_core.package_discovery:discover_packages(prefix_path) discover
[3.458s] DEBUG:colcon.colcon_installed_package_information.package_discovery:Found 260 installed packages in /opt/ros/foxy
[3.460s] Level 1:colcon.colcon_core.package_discovery:discover_packages(prefix_path) using defaults
[3.625s] Level 5:colcon.colcon_core.verb:set package 'publish_lidar_data' build argument 'cmake_args' from command line to 'None'
[3.625s] Level 5:colcon.colcon_core.verb:set package 'publish_lidar_data' build argument 'cmake_target' from command line to 'None'
[3.625s] Level 5:colcon.colcon_core.verb:set package 'publish_lidar_data' build argument 'cmake_target_skip_unavailable' from command line to 'False'
[3.625s] Level 5:colcon.colcon_core.verb:set package 'publish_lidar_data' build argument 'cmake_clean_cache' from command line to 'False'
[3.625s] Level 5:colcon.colcon_core.verb:set package 'publish_lidar_data' build argument 'cmake_clean_first' from command line to 'False'
[3.625s] Level 5:colcon.colcon_core.verb:set package 'publish_lidar_data' build argument 'cmake_force_configure' from command line to 'False'
[3.625s] Level 5:colcon.colcon_core.verb:set package 'publish_lidar_data' build argument 'ament_cmake_args' from command line to 'None'
[3.625s] Level 5:colcon.colcon_core.verb:set package 'publish_lidar_data' build argument 'catkin_cmake_args' from command line to 'None'
[3.625s] Level 5:colcon.colcon_core.verb:set package 'publish_lidar_data' build argument 'catkin_skip_building_tests' from command line to 'False'
[3.625s] DEBUG:colcon.colcon_core.verb:Building package 'publish_lidar_data' with the following arguments: {'ament_cmake_args': None, 'build_base': '/home/ceu/FRAME_ws/build/publish_lidar_data', 'catkin_cmake_args': None, 'catkin_skip_building_tests': False, 'cmake_args': None, 'cmake_clean_cache': False, 'cmake_clean_first': False, 'cmake_force_configure': False, 'cmake_target': None, 'cmake_target_skip_unavailable': False, 'install_base': '/home/ceu/FRAME_ws/install/publish_lidar_data', 'merge_install': False, 'path': '/home/ceu/FRAME_ws/src/publish_lidar_data', 'symlink_install': False, 'test_result_base': None}
[3.675s] Level 5:colcon.colcon_core.verb:set package 'px4_msgs' build argument 'cmake_args' from command line to 'None'
[3.675s] Level 5:colcon.colcon_core.verb:set package 'px4_msgs' build argument 'cmake_target' from command line to 'None'
[3.675s] Level 5:colcon.colcon_core.verb:set package 'px4_msgs' build argument 'cmake_target_skip_unavailable' from command line to 'False'
[3.675s] Level 5:colcon.colcon_core.verb:set package 'px4_msgs' build argument 'cmake_clean_cache' from command line to 'False'
[3.675s] Level 5:colcon.colcon_core.verb:set package 'px4_msgs' build argument 'cmake_clean_first' from command line to 'False'
[3.675s] Level 5:colcon.colcon_core.verb:set package 'px4_msgs' build argument 'cmake_force_configure' from command line to 'False'
[3.675s] Level 5:colcon.colcon_core.verb:set package 'px4_msgs' build argument 'ament_cmake_args' from command line to 'None'
[3.675s] Level 5:colcon.colcon_core.verb:set package 'px4_msgs' build argument 'catkin_cmake_args' from command line to 'None'
[3.675s] Level 5:colcon.colcon_core.verb:set package 'px4_msgs' build argument 'catkin_skip_building_tests' from command line to 'False'
[3.675s] DEBUG:colcon.colcon_core.verb:Building package 'px4_msgs' with the following arguments: {'ament_cmake_args': None, 'build_base': '/home/ceu/FRAME_ws/build/px4_msgs', 'catkin_cmake_args': None, 'catkin_skip_building_tests': False, 'cmake_args': None, 'cmake_clean_cache': False, 'cmake_clean_first': False, 'cmake_force_configure': False, 'cmake_target': None, 'cmake_target_skip_unavailable': False, 'install_base': '/home/ceu/FRAME_ws/install/px4_msgs', 'merge_install': False, 'path': '/home/ceu/FRAME_ws/src/px4_msgs', 'symlink_install': False, 'test_result_base': None}
[3.729s] Level 5:colcon.colcon_core.verb:set package 'px4_ros_com' build argument 'cmake_args' from command line to 'None'
[3.729s] Level 5:colcon.colcon_core.verb:set package 'px4_ros_com' build argument 'cmake_target' from command line to 'None'
[3.729s] Level 5:colcon.colcon_core.verb:set package 'px4_ros_com' build argument 'cmake_target_skip_unavailable' from command line to 'False'
[3.729s] Level 5:colcon.colcon_core.verb:set package 'px4_ros_com' build argument 'cmake_clean_cache' from command line to 'False'
[3.729s] Level 5:colcon.colcon_core.verb:set package 'px4_ros_com' build argument 'cmake_clean_first' from command line to 'False'
[3.729s] Level 5:colcon.colcon_core.verb:set package 'px4_ros_com' build argument 'cmake_force_configure' from command line to 'False'
[3.730s] Level 5:colcon.colcon_core.verb:set package 'px4_ros_com' build argument 'ament_cmake_args' from command line to 'None'
[3.730s] Level 5:colcon.colcon_core.verb:set package 'px4_ros_com' build argument 'catkin_cmake_args' from command line to 'None'
[3.730s] Level 5:colcon.colcon_core.verb:set package 'px4_ros_com' build argument 'catkin_skip_building_tests' from command line to 'False'
[3.730s] DEBUG:colcon.colcon_core.verb:Building package 'px4_ros_com' with the following arguments: {'ament_cmake_args': None, 'build_base': '/home/ceu/FRAME_ws/build/px4_ros_com', 'catkin_cmake_args': None, 'catkin_skip_building_tests': False, 'cmake_args': None, 'cmake_clean_cache': False, 'cmake_clean_first': False, 'cmake_force_configure': False, 'cmake_target': None, 'cmake_target_skip_unavailable': False, 'install_base': '/home/ceu/FRAME_ws/install/px4_ros_com', 'merge_install': False, 'path': '/home/ceu/FRAME_ws/src/px4_ros_com', 'symlink_install': False, 'test_result_base': None}
[3.783s] INFO:colcon.colcon_core.executor:Executing jobs using 'parallel' executor
[3.826s] DEBUG:colcon.colcon_parallel_executor.executor.parallel:run_until_complete
[3.826s] INFO:colcon.colcon_ros.task.ament_cmake.build:Building ROS package in '/home/ceu/FRAME_ws/src/px4_msgs' with build type 'ament_cmake'
[3.826s] INFO:colcon.colcon_cmake.task.cmake.build:Building CMake package in '/home/ceu/FRAME_ws/src/px4_msgs'
[3.870s] INFO:colcon.colcon_core.plugin_system:Skipping extension 'colcon_core.shell.bat': Not used on non-Windows systems
[3.870s] INFO:colcon.colcon_core.shell:Skip shell extension 'powershell' for command environment: Not usable outside of PowerShell
[3.870s] DEBUG:colcon.colcon_core.shell:Skip shell extension 'dsv' for command environment
[3.959s] INFO:colcon.colcon_core.task.python.build:Building Python package in '/home/ceu/FRAME_ws/src/publish_lidar_data'
[4.005s] INFO:colcon.colcon_core.shell:Skip shell extension 'powershell' for command environment: Not usable outside of PowerShell
[4.005s] DEBUG:colcon.colcon_core.shell:Skip shell extension 'dsv' for command environment
[4.116s] DEBUG:colcon.colcon_core.event_handler.log_command:Invoking command in '/home/ceu/FRAME_ws/build/px4_msgs': CMAKE_PREFIX_PATH=/opt/ros/foxy /usr/bin/cmake --build /home/ceu/FRAME_ws/build/px4_msgs -- -j12 -l12
[4.662s] DEBUG:colcon.colcon_core.event_handler.log_command:Invoked command in '/home/ceu/FRAME_ws/build/px4_msgs' returned '2': CMAKE_PREFIX_PATH=/opt/ros/foxy /usr/bin/cmake --build /home/ceu/FRAME_ws/build/px4_msgs -- -j12 -l12
[4.763s] DEBUG:colcon.colcon_core.event_handler.log_command:Invoking command in '/home/ceu/FRAME_ws/src/publish_lidar_data': PYTHONPATH=/home/ceu/FRAME_ws/build/publish_lidar_data/prefix_override:/home/ceu/FRAME_ws/install/publish_lidar_data/lib/python3.8/site-packages:${PYTHONPATH} /usr/bin/python3 setup.py egg_info --egg-base ../../build/publish_lidar_data build --build-base /home/ceu/FRAME_ws/build/publish_lidar_data/build install --record /home/ceu/FRAME_ws/build/publish_lidar_data/install.log --install-scripts $base/lib/publish_lidar_data --single-version-externally-managed
[5.054s] DEBUG:colcon.colcon_core.event_handler.log_command:Invoked command in '/home/ceu/FRAME_ws/src/publish_lidar_data' returned '0': PYTHONPATH=/home/ceu/FRAME_ws/build/publish_lidar_data/prefix_override:/home/ceu/FRAME_ws/install/publish_lidar_data/lib/python3.8/site-packages:${PYTHONPATH} /usr/bin/python3 setup.py egg_info --egg-base ../../build/publish_lidar_data build --build-base /home/ceu/FRAME_ws/build/publish_lidar_data/build install --record /home/ceu/FRAME_ws/build/publish_lidar_data/install.log --install-scripts $base/lib/publish_lidar_data --single-version-externally-managed
[5.104s] Level 1:colcon.colcon_core.environment:checking '/home/ceu/FRAME_ws/install/publish_lidar_data' for CMake module files
[5.104s] Level 1:colcon.colcon_core.environment:checking '/home/ceu/FRAME_ws/install/publish_lidar_data' for CMake config files
[5.105s] Level 1:colcon.colcon_core.environment:checking '/home/ceu/FRAME_ws/install/publish_lidar_data/lib'
[5.105s] Level 1:colcon.colcon_core.environment:checking '/home/ceu/FRAME_ws/install/publish_lidar_data/bin'
[5.105s] Level 1:colcon.colcon_core.environment:checking '/home/ceu/FRAME_ws/install/publish_lidar_data/lib/pkgconfig/publish_lidar_data.pc'
[5.106s] Level 1:colcon.colcon_core.environment:checking '/home/ceu/FRAME_ws/install/publish_lidar_data/lib/python3.8/site-packages'
[5.106s] Level 1:colcon.colcon_core.shell:create_environment_hook('publish_lidar_data', 'pythonpath')
[5.154s] INFO:colcon.colcon_core.shell:Creating environment hook '/home/ceu/FRAME_ws/install/publish_lidar_data/share/publish_lidar_data/hook/pythonpath.ps1'
[5.155s] INFO:colcon.colcon_core.shell:Creating environment descriptor '/home/ceu/FRAME_ws/install/publish_lidar_data/share/publish_lidar_data/hook/pythonpath.dsv'
[5.155s] INFO:colcon.colcon_core.shell:Creating environment hook '/home/ceu/FRAME_ws/install/publish_lidar_data/share/publish_lidar_data/hook/pythonpath.sh'
[5.157s] Level 1:colcon.colcon_core.environment:checking '/home/ceu/FRAME_ws/install/publish_lidar_data/bin'
[5.157s] Level 1:colcon.colcon_core.environment:create_environment_scripts_only(publish_lidar_data)
[5.203s] INFO:colcon.colcon_core.shell:Creating package script '/home/ceu/FRAME_ws/install/publish_lidar_data/share/publish_lidar_data/package.ps1'
[5.204s] INFO:colcon.colcon_core.shell:Creating package descriptor '/home/ceu/FRAME_ws/install/publish_lidar_data/share/publish_lidar_data/package.dsv'
[5.205s] INFO:colcon.colcon_core.shell:Creating package script '/home/ceu/FRAME_ws/install/publish_lidar_data/share/publish_lidar_data/package.sh'
[5.205s] INFO:colcon.colcon_core.shell:Creating package script '/home/ceu/FRAME_ws/install/publish_lidar_data/share/publish_lidar_data/package.bash'
[5.206s] INFO:colcon.colcon_core.shell:Creating package script '/home/ceu/FRAME_ws/install/publish_lidar_data/share/publish_lidar_data/package.zsh'
[5.207s] Level 1:colcon.colcon_core.environment:create_file_with_runtime_dependencies(/home/ceu/FRAME_ws/install/publish_lidar_data/share/colcon-core/packages/publish_lidar_data)
[7.894s] Level 1:colcon.colcon_core.environment:create_environment_scripts_only(px4_msgs)
[7.942s] Level 1:colcon.colcon_core.environment:checking '/home/ceu/FRAME_ws/install/px4_msgs' for CMake module files
[7.942s] Level 1:colcon.colcon_core.environment:checking '/home/ceu/FRAME_ws/install/px4_msgs' for CMake config files
[7.949s] Level 1:colcon.colcon_core.shell:create_environment_hook('px4_msgs', 'cmake_prefix_path')
[7.997s] INFO:colcon.colcon_core.shell:Creating environment hook '/home/ceu/FRAME_ws/install/px4_msgs/share/px4_msgs/hook/cmake_prefix_path.ps1'
[7.998s] INFO:colcon.colcon_core.shell:Creating environment descriptor '/home/ceu/FRAME_ws/install/px4_msgs/share/px4_msgs/hook/cmake_prefix_path.dsv'
[7.998s] INFO:colcon.colcon_core.shell:Creating environment hook '/home/ceu/FRAME_ws/install/px4_msgs/share/px4_msgs/hook/cmake_prefix_path.sh'
[7.999s] Level 1:colcon.colcon_core.environment:checking '/home/ceu/FRAME_ws/install/px4_msgs/lib'
[7.999s] Level 1:colcon.colcon_core.shell:create_environment_hook('px4_msgs', 'ld_library_path_lib')
[8.045s] INFO:colcon.colcon_core.shell:Creating environment hook '/home/ceu/FRAME_ws/install/px4_msgs/share/px4_msgs/hook/ld_library_path_lib.ps1'
[8.045s] INFO:colcon.colcon_core.shell:Creating environment descriptor '/home/ceu/FRAME_ws/install/px4_msgs/share/px4_msgs/hook/ld_library_path_lib.dsv'
[8.045s] INFO:colcon.colcon_core.shell:Creating environment hook '/home/ceu/FRAME_ws/install/px4_msgs/share/px4_msgs/hook/ld_library_path_lib.sh'
[8.046s] Level 1:colcon.colcon_core.environment:checking '/home/ceu/FRAME_ws/install/px4_msgs/bin'
[8.046s] Level 1:colcon.colcon_core.environment:checking '/home/ceu/FRAME_ws/install/px4_msgs/lib/pkgconfig/px4_msgs.pc'
[8.046s] Level 1:colcon.colcon_core.environment:checking '/home/ceu/FRAME_ws/install/px4_msgs/lib/python3.8/site-packages'
[8.046s] Level 1:colcon.colcon_core.shell:create_environment_hook('px4_msgs', 'pythonpath')
[8.090s] INFO:colcon.colcon_core.shell:Creating environment hook '/home/ceu/FRAME_ws/install/px4_msgs/share/px4_msgs/hook/pythonpath.ps1'
[8.091s] INFO:colcon.colcon_core.shell:Creating environment descriptor '/home/ceu/FRAME_ws/install/px4_msgs/share/px4_msgs/hook/pythonpath.dsv'
[8.091s] INFO:colcon.colcon_core.shell:Creating environment hook '/home/ceu/FRAME_ws/install/px4_msgs/share/px4_msgs/hook/pythonpath.sh'
[8.092s] Level 1:colcon.colcon_core.environment:checking '/home/ceu/FRAME_ws/install/px4_msgs/bin'
[8.137s] INFO:colcon.colcon_core.shell:Creating package script '/home/ceu/FRAME_ws/install/px4_msgs/share/px4_msgs/package.ps1'
[8.138s] INFO:colcon.colcon_core.shell:Creating package descriptor '/home/ceu/FRAME_ws/install/px4_msgs/share/px4_msgs/package.dsv'
[8.138s] INFO:colcon.colcon_core.shell:Creating package script '/home/ceu/FRAME_ws/install/px4_msgs/share/px4_msgs/package.sh'
[8.139s] INFO:colcon.colcon_core.shell:Creating package script '/home/ceu/FRAME_ws/install/px4_msgs/share/px4_msgs/package.bash'
[8.139s] INFO:colcon.colcon_core.shell:Creating package script '/home/ceu/FRAME_ws/install/px4_msgs/share/px4_msgs/package.zsh'
[8.140s] Level 1:colcon.colcon_core.environment:create_file_with_runtime_dependencies(/home/ceu/FRAME_ws/install/px4_msgs/share/colcon-core/packages/px4_msgs)
[8.140s] DEBUG:colcon.colcon_parallel_executor.executor.parallel:closing loop
[8.140s] DEBUG:colcon.colcon_parallel_executor.executor.parallel:loop closed
[8.140s] DEBUG:colcon.colcon_parallel_executor.executor.parallel:run_until_complete finished with '2'
[8.140s] DEBUG:colcon.colcon_core.event_reactor:joining thread
[8.185s] INFO:colcon.colcon_core.plugin_system:Skipping extension 'colcon_notification.desktop_notification.terminal_notifier': Not used on non-Darwin systems
[8.185s] INFO:colcon.colcon_core.plugin_system:Skipping extension 'colcon_notification.desktop_notification.win32': Not used on non-Windows systems
[8.185s] INFO:colcon.colcon_notification.desktop_notification:Sending desktop notification using 'notify2'
[8.199s] DEBUG:colcon.colcon_core.event_reactor:joined thread
[8.244s] INFO:colcon.colcon_core.shell:Creating prefix script '/home/ceu/FRAME_ws/install/local_setup.ps1'
[8.245s] INFO:colcon.colcon_core.shell:Creating prefix util module '/home/ceu/FRAME_ws/install/_local_setup_util_ps1.py'
[8.246s] INFO:colcon.colcon_core.shell:Creating prefix chain script '/home/ceu/FRAME_ws/install/setup.ps1'
[8.298s] INFO:colcon.colcon_core.shell:Creating prefix script '/home/ceu/FRAME_ws/install/local_setup.sh'
[8.299s] INFO:colcon.colcon_core.shell:Creating prefix util module '/home/ceu/FRAME_ws/install/_local_setup_util_sh.py'
[8.299s] INFO:colcon.colcon_core.shell:Creating prefix chain script '/home/ceu/FRAME_ws/install/setup.sh'
[8.355s] INFO:colcon.colcon_core.shell:Creating prefix script '/home/ceu/FRAME_ws/install/local_setup.bash'
[8.356s] INFO:colcon.colcon_core.shell:Creating prefix chain script '/home/ceu/FRAME_ws/install/setup.bash'
[8.396s] INFO:colcon.colcon_core.shell:Creating prefix script '/home/ceu/FRAME_ws/install/local_setup.zsh'
[8.397s] INFO:colcon.colcon_core.shell:Creating prefix chain script '/home/ceu/FRAME_ws/install/setup.zsh'
