[1.269s] Invoking command in '/home/ceu/ros2_ws/src/publish_lidar_data': PYTHONPATH=/home/ceu/ros2_ws/build/publish_lidar_data/prefix_override:/home/ceu/ros2_ws/install/publish_lidar_data/lib/python3.8/site-packages:${PYTHONPATH} /usr/bin/python3 setup.py egg_info --egg-base ../../build/publish_lidar_data build --build-base /home/ceu/ros2_ws/build/publish_lidar_data/build install --record /home/ceu/ros2_ws/build/publish_lidar_data/install.log --install-scripts $base/lib/publish_lidar_data --single-version-externally-managed
[1.592s] /home/ceu/.local/lib/python3.8/site-packages/setuptools/dist.py:717: UserWarning: Usage of dash-separated 'script-dir' will not be supported in future versions. Please use the underscore name 'script_dir' instead
[1.593s]   warnings.warn(
[1.643s] running egg_info
[1.644s] creating ../../build/publish_lidar_data/publish_lidar_data.egg-info
[1.644s] writing ../../build/publish_lidar_data/publish_lidar_data.egg-info/PKG-INFO
[1.646s] writing dependency_links to ../../build/publish_lidar_data/publish_lidar_data.egg-info/dependency_links.txt
[1.650s] writing entry points to ../../build/publish_lidar_data/publish_lidar_data.egg-info/entry_points.txt
[1.651s] writing requirements to ../../build/publish_lidar_data/publish_lidar_data.egg-info/requires.txt
[1.651s] writing top-level names to ../../build/publish_lidar_data/publish_lidar_data.egg-info/top_level.txt
[1.651s] writing manifest file '../../build/publish_lidar_data/publish_lidar_data.egg-info/SOURCES.txt'
[1.651s] reading manifest file '../../build/publish_lidar_data/publish_lidar_data.egg-info/SOURCES.txt'
[1.651s] writing manifest file '../../build/publish_lidar_data/publish_lidar_data.egg-info/SOURCES.txt'
[1.651s] running build
[1.651s] running build_py
[1.651s] creating /home/ceu/ros2_ws/build/publish_lidar_data/build
[1.652s] creating /home/ceu/ros2_ws/build/publish_lidar_data/build/lib
[1.652s] creating /home/ceu/ros2_ws/build/publish_lidar_data/build/lib/publish_lidar_data
[1.652s] copying publish_lidar_data/__init__.py -> /home/ceu/ros2_ws/build/publish_lidar_data/build/lib/publish_lidar_data
[1.652s] copying publish_lidar_data/first_node.py -> /home/ceu/ros2_ws/build/publish_lidar_data/build/lib/publish_lidar_data
[1.652s] running install
[1.652s] running install_lib
[1.656s] running install_data
[1.656s] running install_egg_info
[1.657s] removing '/home/ceu/ros2_ws/install/publish_lidar_data/lib/python3.8/site-packages/publish_lidar_data-0.0.0-py3.8.egg-info' (and everything under it)
[1.658s] Copying ../../build/publish_lidar_data/publish_lidar_data.egg-info to /home/ceu/ros2_ws/install/publish_lidar_data/lib/python3.8/site-packages/publish_lidar_data-0.0.0-py3.8.egg-info
[1.660s] running install_scripts
[1.681s] Installing first_node script to /home/ceu/ros2_ws/install/publish_lidar_data/lib/publish_lidar_data
[1.681s] writing list of installed files to '/home/ceu/ros2_ws/build/publish_lidar_data/install.log'
[1.766s] Invoked command in '/home/ceu/ros2_ws/src/publish_lidar_data' returned '0': PYTHONPATH=/home/ceu/ros2_ws/build/publish_lidar_data/prefix_override:/home/ceu/ros2_ws/install/publish_lidar_data/lib/python3.8/site-packages:${PYTHONPATH} /usr/bin/python3 setup.py egg_info --egg-base ../../build/publish_lidar_data build --build-base /home/ceu/ros2_ws/build/publish_lidar_data/build install --record /home/ceu/ros2_ws/build/publish_lidar_data/install.log --install-scripts $base/lib/publish_lidar_data --single-version-externally-managed
