[0.843s] Invoking command in '/home/ceu/ros2_ws/src/px4-offboard': PYTHONPATH=/home/ceu/ros2_ws/src/build/px4_offboard/prefix_override:/home/ceu/ros2_ws/src/install/px4_offboard/lib/python3.8/site-packages:${PYTHONPATH} /usr/bin/python3 setup.py egg_info --egg-base ../build/px4_offboard build --build-base /home/ceu/ros2_ws/src/build/px4_offboard/build install --record /home/ceu/ros2_ws/src/build/px4_offboard/install.log --single-version-externally-managed
[1.041s] running egg_info
[1.041s] creating ../build/px4_offboard/px4_offboard.egg-info
[1.042s] writing ../build/px4_offboard/px4_offboard.egg-info/PKG-INFO
[1.042s] writing dependency_links to ../build/px4_offboard/px4_offboard.egg-info/dependency_links.txt
[1.042s] writing entry points to ../build/px4_offboard/px4_offboard.egg-info/entry_points.txt
[1.042s] writing requirements to ../build/px4_offboard/px4_offboard.egg-info/requires.txt
[1.042s] writing top-level names to ../build/px4_offboard/px4_offboard.egg-info/top_level.txt
[1.043s] writing manifest file '../build/px4_offboard/px4_offboard.egg-info/SOURCES.txt'
[1.045s] reading manifest file '../build/px4_offboard/px4_offboard.egg-info/SOURCES.txt'
[1.045s] adding license file 'LICENSE'
[1.046s] writing manifest file '../build/px4_offboard/px4_offboard.egg-info/SOURCES.txt'
[1.046s] running build
[1.046s] running build_py
[1.046s] creating /home/ceu/ros2_ws/src/build/px4_offboard/build
[1.046s] creating /home/ceu/ros2_ws/src/build/px4_offboard/build/lib
[1.046s] creating /home/ceu/ros2_ws/src/build/px4_offboard/build/lib/px4_offboard
[1.046s] copying px4_offboard/visualizer.py -> /home/ceu/ros2_ws/src/build/px4_offboard/build/lib/px4_offboard
[1.046s] copying px4_offboard/offboard_control.py -> /home/ceu/ros2_ws/src/build/px4_offboard/build/lib/px4_offboard
[1.046s] copying px4_offboard/__init__.py -> /home/ceu/ros2_ws/src/build/px4_offboard/build/lib/px4_offboard
[1.046s] running install
[1.047s] running install_lib
[1.047s] creating /home/ceu/ros2_ws/src/install/px4_offboard/lib/python3.8/site-packages/px4_offboard
[1.047s] copying /home/ceu/ros2_ws/src/build/px4_offboard/build/lib/px4_offboard/visualizer.py -> /home/ceu/ros2_ws/src/install/px4_offboard/lib/python3.8/site-packages/px4_offboard
[1.048s] copying /home/ceu/ros2_ws/src/build/px4_offboard/build/lib/px4_offboard/offboard_control.py -> /home/ceu/ros2_ws/src/install/px4_offboard/lib/python3.8/site-packages/px4_offboard
[1.048s] copying /home/ceu/ros2_ws/src/build/px4_offboard/build/lib/px4_offboard/__init__.py -> /home/ceu/ros2_ws/src/install/px4_offboard/lib/python3.8/site-packages/px4_offboard
[1.048s] byte-compiling /home/ceu/ros2_ws/src/install/px4_offboard/lib/python3.8/site-packages/px4_offboard/visualizer.py to visualizer.cpython-38.pyc
[1.049s] byte-compiling /home/ceu/ros2_ws/src/install/px4_offboard/lib/python3.8/site-packages/px4_offboard/offboard_control.py to offboard_control.cpython-38.pyc
[1.050s] byte-compiling /home/ceu/ros2_ws/src/install/px4_offboard/lib/python3.8/site-packages/px4_offboard/__init__.py to __init__.cpython-38.pyc
[1.050s] running install_data
[1.050s] creating /home/ceu/ros2_ws/src/install/px4_offboard/share/ament_index
[1.050s] creating /home/ceu/ros2_ws/src/install/px4_offboard/share/ament_index/resource_index
[1.050s] creating /home/ceu/ros2_ws/src/install/px4_offboard/share/ament_index/resource_index/packages
[1.050s] copying resource/px4_offboard -> /home/ceu/ros2_ws/src/install/px4_offboard/share/ament_index/resource_index/packages
[1.050s] copying resource/visualize.rviz -> /home/ceu/ros2_ws/src/install/px4_offboard/share/ament_index/resource_index/packages
[1.051s] copying package.xml -> /home/ceu/ros2_ws/src/install/px4_offboard/share/px4_offboard
[1.051s] copying launch/visualize.launch.py -> /home/ceu/ros2_ws/src/install/px4_offboard/share/px4_offboard
[1.051s] copying launch/offboard_position_control.launch.py -> /home/ceu/ros2_ws/src/install/px4_offboard/share/px4_offboard
[1.051s] copying resource/visualize.rviz -> /home/ceu/ros2_ws/src/install/px4_offboard/share/px4_offboard
[1.051s] running install_egg_info
[1.052s] Copying ../build/px4_offboard/px4_offboard.egg-info to /home/ceu/ros2_ws/src/install/px4_offboard/lib/python3.8/site-packages/px4_offboard-0.0.0-py3.8.egg-info
[1.053s] running install_scripts
[1.067s] Installing offboard_control script to /home/ceu/ros2_ws/src/install/px4_offboard/lib/px4_offboard
[1.067s] Installing visualizer script to /home/ceu/ros2_ws/src/install/px4_offboard/lib/px4_offboard
[1.067s] writing list of installed files to '/home/ceu/ros2_ws/src/build/px4_offboard/install.log'
[1.081s] Invoked command in '/home/ceu/ros2_ws/src/px4-offboard' returned '0': PYTHONPATH=/home/ceu/ros2_ws/src/build/px4_offboard/prefix_override:/home/ceu/ros2_ws/src/install/px4_offboard/lib/python3.8/site-packages:${PYTHONPATH} /usr/bin/python3 setup.py egg_info --egg-base ../build/px4_offboard build --build-base /home/ceu/ros2_ws/src/build/px4_offboard/build install --record /home/ceu/ros2_ws/src/build/px4_offboard/install.log --single-version-externally-managed
