[2.082s] DEBUG:colcon:Command line arguments: ['/usr/bin/colcon', 'build']
[2.082s] DEBUG:colcon:Parsed command line arguments: Namespace(allow_overriding=[], ament_cmake_args=None, base_paths=['.'], build_base='build', catkin_cmake_args=None, catkin_skip_building_tests=False, cmake_args=None, cmake_clean_cache=False, cmake_clean_first=False, cmake_force_configure=False, cmake_target=None, cmake_target_skip_unavailable=False, continue_on_error=False, event_handlers=None, executor='parallel', ignore_user_meta=False, install_base='install', log_base=None, log_level=None, main=<bound method BuildVerb.main of <colcon_core.verb.build.BuildVerb object at 0x7f55e9090580>>, merge_install=False, metas=['./colcon.meta'], packages_above=None, packages_above_and_dependencies=None, packages_above_depth=None, packages_end=None, packages_ignore=None, packages_ignore_regex=None, packages_select=None, packages_select_build_failed=False, packages_select_by_dep=None, packages_select_regex=None, packages_select_test_failures=False, packages_skip=None, packages_skip_build_finished=False, packages_skip_by_dep=None, packages_skip_regex=None, packages_skip_test_passed=False, packages_skip_up_to=None, packages_start=None, packages_up_to=None, packages_up_to_regex=None, parallel_workers=12, paths=None, symlink_install=False, test_result_base=None, verb_extension=<colcon_core.verb.build.BuildVerb object at 0x7f55e9090580>, verb_name='build', verb_parser=<colcon_defaults.argument_parser.defaults.DefaultArgumentsDecorator object at 0x7f55e90958e0>)
[2.183s] Level 1:colcon.colcon_core.package_discovery:discover_packages(colcon_meta) check parameters
[2.183s] Level 1:colcon.colcon_core.package_discovery:discover_packages(recursive) check parameters
[2.183s] Level 1:colcon.colcon_core.package_discovery:discover_packages(ignore) check parameters
[2.183s] Level 1:colcon.colcon_core.package_discovery:discover_packages(path) check parameters
[2.183s] Level 1:colcon.colcon_core.package_discovery:discover_packages(colcon_meta) discover
[2.183s] Level 1:colcon.colcon_core.package_discovery:discover_packages(recursive) discover
[2.183s] INFO:colcon.colcon_core.package_discovery:Crawling recursively for packages in '/home/ceu/ros2_ws'
[2.183s] Level 1:colcon.colcon_core.package_identification:_identify(.) by extensions ['ignore', 'ignore_ament_install']
[2.183s] Level 1:colcon.colcon_core.package_identification:_identify(.) by extension 'ignore'
[2.183s] Level 1:colcon.colcon_core.package_identification:_identify(.) by extension 'ignore_ament_install'
[2.183s] Level 1:colcon.colcon_core.package_identification:_identify(.) by extensions ['colcon_pkg']
[2.183s] Level 1:colcon.colcon_core.package_identification:_identify(.) by extension 'colcon_pkg'
[2.183s] Level 1:colcon.colcon_core.package_identification:_identify(.) by extensions ['colcon_meta']
[2.183s] Level 1:colcon.colcon_core.package_identification:_identify(.) by extension 'colcon_meta'
[2.183s] Level 1:colcon.colcon_core.package_identification:_identify(.) by extensions ['ros']
[2.183s] Level 1:colcon.colcon_core.package_identification:_identify(.) by extension 'ros'
[2.203s] Level 1:colcon.colcon_core.package_identification:_identify(.) by extensions ['cmake', 'python']
[2.203s] Level 1:colcon.colcon_core.package_identification:_identify(.) by extension 'cmake'
[2.203s] Level 1:colcon.colcon_core.package_identification:_identify(.) by extension 'python'
[2.203s] Level 1:colcon.colcon_core.package_identification:_identify(.) by extensions ['python_setup_py']
[2.203s] Level 1:colcon.colcon_core.package_identification:_identify(.) by extension 'python_setup_py'
[2.203s] Level 1:colcon.colcon_core.package_identification:_identify(build) by extensions ['ignore', 'ignore_ament_install']
[2.203s] Level 1:colcon.colcon_core.package_identification:_identify(build) by extension 'ignore'
[2.203s] Level 1:colcon.colcon_core.package_identification:_identify(build) ignored
[2.203s] Level 1:colcon.colcon_core.package_identification:_identify(install) by extensions ['ignore', 'ignore_ament_install']
[2.203s] Level 1:colcon.colcon_core.package_identification:_identify(install) by extension 'ignore'
[2.203s] Level 1:colcon.colcon_core.package_identification:_identify(install) ignored
[2.203s] Level 1:colcon.colcon_core.package_identification:_identify(log) by extensions ['ignore', 'ignore_ament_install']
[2.203s] Level 1:colcon.colcon_core.package_identification:_identify(log) by extension 'ignore'
[2.203s] Level 1:colcon.colcon_core.package_identification:_identify(log) ignored
[2.203s] Level 1:colcon.colcon_core.package_identification:_identify(src) by extensions ['ignore', 'ignore_ament_install']
[2.204s] Level 1:colcon.colcon_core.package_identification:_identify(src) by extension 'ignore'
[2.204s] Level 1:colcon.colcon_core.package_identification:_identify(src) by extension 'ignore_ament_install'
[2.204s] Level 1:colcon.colcon_core.package_identification:_identify(src) by extensions ['colcon_pkg']
[2.204s] Level 1:colcon.colcon_core.package_identification:_identify(src) by extension 'colcon_pkg'
[2.204s] Level 1:colcon.colcon_core.package_identification:_identify(src) by extensions ['colcon_meta']
[2.204s] Level 1:colcon.colcon_core.package_identification:_identify(src) by extension 'colcon_meta'
[2.204s] Level 1:colcon.colcon_core.package_identification:_identify(src) by extensions ['ros']
[2.204s] Level 1:colcon.colcon_core.package_identification:_identify(src) by extension 'ros'
[2.204s] Level 1:colcon.colcon_core.package_identification:_identify(src) by extensions ['cmake', 'python']
[2.204s] Level 1:colcon.colcon_core.package_identification:_identify(src) by extension 'cmake'
[2.204s] Level 1:colcon.colcon_core.package_identification:_identify(src) by extension 'python'
[2.204s] Level 1:colcon.colcon_core.package_identification:_identify(src) by extensions ['python_setup_py']
[2.204s] Level 1:colcon.colcon_core.package_identification:_identify(src) by extension 'python_setup_py'
[2.204s] Level 1:colcon.colcon_core.package_identification:_identify(src/PX4-Autopilot) by extensions ['ignore', 'ignore_ament_install']
[2.204s] Level 1:colcon.colcon_core.package_identification:_identify(src/PX4-Autopilot) by extension 'ignore'
[2.204s] Level 1:colcon.colcon_core.package_identification:_identify(src/PX4-Autopilot) by extension 'ignore_ament_install'
[2.205s] Level 1:colcon.colcon_core.package_identification:_identify(src/PX4-Autopilot) by extensions ['colcon_pkg']
[2.205s] Level 1:colcon.colcon_core.package_identification:_identify(src/PX4-Autopilot) by extension 'colcon_pkg'
[2.205s] Level 1:colcon.colcon_core.package_identification:_identify(src/PX4-Autopilot) by extensions ['colcon_meta']
[2.205s] Level 1:colcon.colcon_core.package_identification:_identify(src/PX4-Autopilot) by extension 'colcon_meta'
[2.205s] Level 1:colcon.colcon_core.package_identification:_identify(src/PX4-Autopilot) by extensions ['ros']
[2.205s] Level 1:colcon.colcon_core.package_identification:_identify(src/PX4-Autopilot) by extension 'ros'
[2.207s] DEBUG:colcon.colcon_core.package_identification:Package 'src/PX4-Autopilot' with type 'ros.ament_cmake' and name 'px4'
[2.207s] Level 1:colcon.colcon_core.package_identification:_identify(src/publish_lidar_data) by extensions ['ignore', 'ignore_ament_install']
[2.207s] Level 1:colcon.colcon_core.package_identification:_identify(src/publish_lidar_data) by extension 'ignore'
[2.207s] Level 1:colcon.colcon_core.package_identification:_identify(src/publish_lidar_data) by extension 'ignore_ament_install'
[2.207s] Level 1:colcon.colcon_core.package_identification:_identify(src/publish_lidar_data) by extensions ['colcon_pkg']
[2.207s] Level 1:colcon.colcon_core.package_identification:_identify(src/publish_lidar_data) by extension 'colcon_pkg'
[2.207s] Level 1:colcon.colcon_core.package_identification:_identify(src/publish_lidar_data) by extensions ['colcon_meta']
[2.207s] Level 1:colcon.colcon_core.package_identification:_identify(src/publish_lidar_data) by extension 'colcon_meta'
[2.207s] Level 1:colcon.colcon_core.package_identification:_identify(src/publish_lidar_data) by extensions ['ros']
[2.207s] Level 1:colcon.colcon_core.package_identification:_identify(src/publish_lidar_data) by extension 'ros'
[2.208s] DEBUG:colcon.colcon_core.package_identification:Package 'src/publish_lidar_data' with type 'ros.ament_python' and name 'publish_lidar_data'
[2.208s] Level 1:colcon.colcon_core.package_identification:_identify(src/px4-offboard) by extensions ['ignore', 'ignore_ament_install']
[2.208s] Level 1:colcon.colcon_core.package_identification:_identify(src/px4-offboard) by extension 'ignore'
[2.208s] Level 1:colcon.colcon_core.package_identification:_identify(src/px4-offboard) by extension 'ignore_ament_install'
[2.208s] Level 1:colcon.colcon_core.package_identification:_identify(src/px4-offboard) by extensions ['colcon_pkg']
[2.208s] Level 1:colcon.colcon_core.package_identification:_identify(src/px4-offboard) by extension 'colcon_pkg'
[2.208s] Level 1:colcon.colcon_core.package_identification:_identify(src/px4-offboard) by extensions ['colcon_meta']
[2.208s] Level 1:colcon.colcon_core.package_identification:_identify(src/px4-offboard) by extension 'colcon_meta'
[2.208s] Level 1:colcon.colcon_core.package_identification:_identify(src/px4-offboard) by extensions ['ros']
[2.208s] Level 1:colcon.colcon_core.package_identification:_identify(src/px4-offboard) by extension 'ros'
[2.209s] DEBUG:colcon.colcon_core.package_identification:Package 'src/px4-offboard' with type 'ros.ament_python' and name 'px4_offboard'
[2.209s] Level 1:colcon.colcon_core.package_identification:_identify(src/px4_msgs) by extensions ['ignore', 'ignore_ament_install']
[2.209s] Level 1:colcon.colcon_core.package_identification:_identify(src/px4_msgs) by extension 'ignore'
[2.209s] Level 1:colcon.colcon_core.package_identification:_identify(src/px4_msgs) by extension 'ignore_ament_install'
[2.209s] Level 1:colcon.colcon_core.package_identification:_identify(src/px4_msgs) by extensions ['colcon_pkg']
[2.209s] Level 1:colcon.colcon_core.package_identification:_identify(src/px4_msgs) by extension 'colcon_pkg'
[2.209s] Level 1:colcon.colcon_core.package_identification:_identify(src/px4_msgs) by extensions ['colcon_meta']
[2.209s] Level 1:colcon.colcon_core.package_identification:_identify(src/px4_msgs) by extension 'colcon_meta'
[2.209s] Level 1:colcon.colcon_core.package_identification:_identify(src/px4_msgs) by extensions ['ros']
[2.209s] Level 1:colcon.colcon_core.package_identification:_identify(src/px4_msgs) by extension 'ros'
[2.210s] DEBUG:colcon.colcon_core.package_identification:Package 'src/px4_msgs' with type 'ros.ament_cmake' and name 'px4_msgs'
[2.210s] Level 1:colcon.colcon_core.package_identification:_identify(src/px4_ros_com) by extensions ['ignore', 'ignore_ament_install']
[2.210s] Level 1:colcon.colcon_core.package_identification:_identify(src/px4_ros_com) by extension 'ignore'
[2.210s] Level 1:colcon.colcon_core.package_identification:_identify(src/px4_ros_com) by extension 'ignore_ament_install'
[2.210s] Level 1:colcon.colcon_core.package_identification:_identify(src/px4_ros_com) by extensions ['colcon_pkg']
[2.210s] Level 1:colcon.colcon_core.package_identification:_identify(src/px4_ros_com) by extension 'colcon_pkg'
[2.210s] Level 1:colcon.colcon_core.package_identification:_identify(src/px4_ros_com) by extensions ['colcon_meta']
[2.210s] Level 1:colcon.colcon_core.package_identification:_identify(src/px4_ros_com) by extension 'colcon_meta'
[2.210s] Level 1:colcon.colcon_core.package_identification:_identify(src/px4_ros_com) by extensions ['ros']
[2.210s] Level 1:colcon.colcon_core.package_identification:_identify(src/px4_ros_com) by extension 'ros'
[2.211s] DEBUG:colcon.colcon_core.package_identification:Package 'src/px4_ros_com' with type 'ros.ament_cmake' and name 'px4_ros_com'
[2.211s] Level 1:colcon.colcon_core.package_identification:_identify(src/ros_gz) by extensions ['ignore', 'ignore_ament_install']
[2.211s] Level 1:colcon.colcon_core.package_identification:_identify(src/ros_gz) by extension 'ignore'
[2.211s] Level 1:colcon.colcon_core.package_identification:_identify(src/ros_gz) by extension 'ignore_ament_install'
[2.211s] Level 1:colcon.colcon_core.package_identification:_identify(src/ros_gz) by extensions ['colcon_pkg']
[2.211s] Level 1:colcon.colcon_core.package_identification:_identify(src/ros_gz) by extension 'colcon_pkg'
[2.211s] Level 1:colcon.colcon_core.package_identification:_identify(src/ros_gz) by extensions ['colcon_meta']
[2.211s] Level 1:colcon.colcon_core.package_identification:_identify(src/ros_gz) by extension 'colcon_meta'
[2.211s] Level 1:colcon.colcon_core.package_identification:_identify(src/ros_gz) by extensions ['ros']
[2.211s] Level 1:colcon.colcon_core.package_identification:_identify(src/ros_gz) by extension 'ros'
[2.211s] Level 1:colcon.colcon_core.package_identification:_identify(src/ros_gz) by extensions ['cmake', 'python']
[2.211s] Level 1:colcon.colcon_core.package_identification:_identify(src/ros_gz) by extension 'cmake'
[2.212s] Level 1:colcon.colcon_core.package_identification:_identify(src/ros_gz) by extension 'python'
[2.212s] Level 1:colcon.colcon_core.package_identification:_identify(src/ros_gz) by extensions ['python_setup_py']
[2.212s] Level 1:colcon.colcon_core.package_identification:_identify(src/ros_gz) by extension 'python_setup_py'
[2.212s] Level 1:colcon.colcon_core.package_identification:_identify(src/ros_gz/img) by extensions ['ignore', 'ignore_ament_install']
[2.212s] Level 1:colcon.colcon_core.package_identification:_identify(src/ros_gz/img) by extension 'ignore'
[2.212s] Level 1:colcon.colcon_core.package_identification:_identify(src/ros_gz/img) by extension 'ignore_ament_install'
[2.212s] Level 1:colcon.colcon_core.package_identification:_identify(src/ros_gz/img) by extensions ['colcon_pkg']
[2.212s] Level 1:colcon.colcon_core.package_identification:_identify(src/ros_gz/img) by extension 'colcon_pkg'
[2.212s] Level 1:colcon.colcon_core.package_identification:_identify(src/ros_gz/img) by extensions ['colcon_meta']
[2.212s] Level 1:colcon.colcon_core.package_identification:_identify(src/ros_gz/img) by extension 'colcon_meta'
[2.212s] Level 1:colcon.colcon_core.package_identification:_identify(src/ros_gz/img) by extensions ['ros']
[2.212s] Level 1:colcon.colcon_core.package_identification:_identify(src/ros_gz/img) by extension 'ros'
[2.212s] Level 1:colcon.colcon_core.package_identification:_identify(src/ros_gz/img) by extensions ['cmake', 'python']
[2.212s] Level 1:colcon.colcon_core.package_identification:_identify(src/ros_gz/img) by extension 'cmake'
[2.212s] Level 1:colcon.colcon_core.package_identification:_identify(src/ros_gz/img) by extension 'python'
[2.212s] Level 1:colcon.colcon_core.package_identification:_identify(src/ros_gz/img) by extensions ['python_setup_py']
[2.212s] Level 1:colcon.colcon_core.package_identification:_identify(src/ros_gz/img) by extension 'python_setup_py'
[2.212s] Level 1:colcon.colcon_core.package_identification:_identify(src/ros_gz/ros_gz) by extensions ['ignore', 'ignore_ament_install']
[2.212s] Level 1:colcon.colcon_core.package_identification:_identify(src/ros_gz/ros_gz) by extension 'ignore'
[2.212s] Level 1:colcon.colcon_core.package_identification:_identify(src/ros_gz/ros_gz) by extension 'ignore_ament_install'
[2.212s] Level 1:colcon.colcon_core.package_identification:_identify(src/ros_gz/ros_gz) by extensions ['colcon_pkg']
[2.212s] Level 1:colcon.colcon_core.package_identification:_identify(src/ros_gz/ros_gz) by extension 'colcon_pkg'
[2.213s] Level 1:colcon.colcon_core.package_identification:_identify(src/ros_gz/ros_gz) by extensions ['colcon_meta']
[2.213s] Level 1:colcon.colcon_core.package_identification:_identify(src/ros_gz/ros_gz) by extension 'colcon_meta'
[2.213s] Level 1:colcon.colcon_core.package_identification:_identify(src/ros_gz/ros_gz) by extensions ['ros']
[2.213s] Level 1:colcon.colcon_core.package_identification:_identify(src/ros_gz/ros_gz) by extension 'ros'
[2.213s] DEBUG:colcon.colcon_core.package_identification:Package 'src/ros_gz/ros_gz' with type 'ros.ament_cmake' and name 'ros_gz'
[2.213s] Level 1:colcon.colcon_core.package_identification:_identify(src/ros_gz/ros_gz_bridge) by extensions ['ignore', 'ignore_ament_install']
[2.213s] Level 1:colcon.colcon_core.package_identification:_identify(src/ros_gz/ros_gz_bridge) by extension 'ignore'
[2.213s] Level 1:colcon.colcon_core.package_identification:_identify(src/ros_gz/ros_gz_bridge) by extension 'ignore_ament_install'
[2.213s] Level 1:colcon.colcon_core.package_identification:_identify(src/ros_gz/ros_gz_bridge) by extensions ['colcon_pkg']
[2.213s] Level 1:colcon.colcon_core.package_identification:_identify(src/ros_gz/ros_gz_bridge) by extension 'colcon_pkg'
[2.213s] Level 1:colcon.colcon_core.package_identification:_identify(src/ros_gz/ros_gz_bridge) by extensions ['colcon_meta']
[2.213s] Level 1:colcon.colcon_core.package_identification:_identify(src/ros_gz/ros_gz_bridge) by extension 'colcon_meta'
[2.213s] Level 1:colcon.colcon_core.package_identification:_identify(src/ros_gz/ros_gz_bridge) by extensions ['ros']
[2.213s] Level 1:colcon.colcon_core.package_identification:_identify(src/ros_gz/ros_gz_bridge) by extension 'ros'
[2.221s] DEBUG:colcon.colcon_core.package_identification:Package 'src/ros_gz/ros_gz_bridge' with type 'ros.ament_cmake' and name 'ros_gz_bridge'
[2.221s] Level 1:colcon.colcon_core.package_identification:_identify(src/ros_gz/ros_gz_image) by extensions ['ignore', 'ignore_ament_install']
[2.221s] Level 1:colcon.colcon_core.package_identification:_identify(src/ros_gz/ros_gz_image) by extension 'ignore'
[2.221s] Level 1:colcon.colcon_core.package_identification:_identify(src/ros_gz/ros_gz_image) by extension 'ignore_ament_install'
[2.221s] Level 1:colcon.colcon_core.package_identification:_identify(src/ros_gz/ros_gz_image) by extensions ['colcon_pkg']
[2.221s] Level 1:colcon.colcon_core.package_identification:_identify(src/ros_gz/ros_gz_image) by extension 'colcon_pkg'
[2.221s] Level 1:colcon.colcon_core.package_identification:_identify(src/ros_gz/ros_gz_image) by extensions ['colcon_meta']
[2.221s] Level 1:colcon.colcon_core.package_identification:_identify(src/ros_gz/ros_gz_image) by extension 'colcon_meta'
[2.221s] Level 1:colcon.colcon_core.package_identification:_identify(src/ros_gz/ros_gz_image) by extensions ['ros']
[2.221s] Level 1:colcon.colcon_core.package_identification:_identify(src/ros_gz/ros_gz_image) by extension 'ros'
[2.226s] DEBUG:colcon.colcon_core.package_identification:Package 'src/ros_gz/ros_gz_image' with type 'ros.ament_cmake' and name 'ros_gz_image'
[2.226s] Level 1:colcon.colcon_core.package_identification:_identify(src/ros_gz/ros_gz_interfaces) by extensions ['ignore', 'ignore_ament_install']
[2.226s] Level 1:colcon.colcon_core.package_identification:_identify(src/ros_gz/ros_gz_interfaces) by extension 'ignore'
[2.226s] Level 1:colcon.colcon_core.package_identification:_identify(src/ros_gz/ros_gz_interfaces) by extension 'ignore_ament_install'
[2.226s] Level 1:colcon.colcon_core.package_identification:_identify(src/ros_gz/ros_gz_interfaces) by extensions ['colcon_pkg']
[2.226s] Level 1:colcon.colcon_core.package_identification:_identify(src/ros_gz/ros_gz_interfaces) by extension 'colcon_pkg'
[2.226s] Level 1:colcon.colcon_core.package_identification:_identify(src/ros_gz/ros_gz_interfaces) by extensions ['colcon_meta']
[2.226s] Level 1:colcon.colcon_core.package_identification:_identify(src/ros_gz/ros_gz_interfaces) by extension 'colcon_meta'
[2.226s] Level 1:colcon.colcon_core.package_identification:_identify(src/ros_gz/ros_gz_interfaces) by extensions ['ros']
[2.226s] Level 1:colcon.colcon_core.package_identification:_identify(src/ros_gz/ros_gz_interfaces) by extension 'ros'
[2.227s] DEBUG:colcon.colcon_core.package_identification:Package 'src/ros_gz/ros_gz_interfaces' with type 'ros.ament_cmake' and name 'ros_gz_interfaces'
[2.227s] Level 1:colcon.colcon_core.package_identification:_identify(src/ros_gz/ros_gz_point_cloud) by extensions ['ignore', 'ignore_ament_install']
[2.227s] Level 1:colcon.colcon_core.package_identification:_identify(src/ros_gz/ros_gz_point_cloud) by extension 'ignore'
[2.227s] Level 1:colcon.colcon_core.package_identification:_identify(src/ros_gz/ros_gz_point_cloud) ignored
[2.227s] Level 1:colcon.colcon_core.package_identification:_identify(src/ros_gz/ros_gz_sim) by extensions ['ignore', 'ignore_ament_install']
[2.227s] Level 1:colcon.colcon_core.package_identification:_identify(src/ros_gz/ros_gz_sim) by extension 'ignore'
[2.227s] Level 1:colcon.colcon_core.package_identification:_identify(src/ros_gz/ros_gz_sim) by extension 'ignore_ament_install'
[2.227s] Level 1:colcon.colcon_core.package_identification:_identify(src/ros_gz/ros_gz_sim) by extensions ['colcon_pkg']
[2.227s] Level 1:colcon.colcon_core.package_identification:_identify(src/ros_gz/ros_gz_sim) by extension 'colcon_pkg'
[2.227s] Level 1:colcon.colcon_core.package_identification:_identify(src/ros_gz/ros_gz_sim) by extensions ['colcon_meta']
[2.227s] Level 1:colcon.colcon_core.package_identification:_identify(src/ros_gz/ros_gz_sim) by extension 'colcon_meta'
[2.227s] Level 1:colcon.colcon_core.package_identification:_identify(src/ros_gz/ros_gz_sim) by extensions ['ros']
[2.227s] Level 1:colcon.colcon_core.package_identification:_identify(src/ros_gz/ros_gz_sim) by extension 'ros'
[2.236s] DEBUG:colcon.colcon_core.package_identification:Package 'src/ros_gz/ros_gz_sim' with type 'ros.ament_cmake' and name 'ros_gz_sim'
[2.236s] Level 1:colcon.colcon_core.package_identification:_identify(src/ros_gz/ros_gz_sim_demos) by extensions ['ignore', 'ignore_ament_install']
[2.236s] Level 1:colcon.colcon_core.package_identification:_identify(src/ros_gz/ros_gz_sim_demos) by extension 'ignore'
[2.236s] Level 1:colcon.colcon_core.package_identification:_identify(src/ros_gz/ros_gz_sim_demos) by extension 'ignore_ament_install'
[2.236s] Level 1:colcon.colcon_core.package_identification:_identify(src/ros_gz/ros_gz_sim_demos) by extensions ['colcon_pkg']
[2.236s] Level 1:colcon.colcon_core.package_identification:_identify(src/ros_gz/ros_gz_sim_demos) by extension 'colcon_pkg'
[2.236s] Level 1:colcon.colcon_core.package_identification:_identify(src/ros_gz/ros_gz_sim_demos) by extensions ['colcon_meta']
[2.236s] Level 1:colcon.colcon_core.package_identification:_identify(src/ros_gz/ros_gz_sim_demos) by extension 'colcon_meta'
[2.236s] Level 1:colcon.colcon_core.package_identification:_identify(src/ros_gz/ros_gz_sim_demos) by extensions ['ros']
[2.236s] Level 1:colcon.colcon_core.package_identification:_identify(src/ros_gz/ros_gz_sim_demos) by extension 'ros'
[2.238s] DEBUG:colcon.colcon_core.package_identification:Package 'src/ros_gz/ros_gz_sim_demos' with type 'ros.ament_cmake' and name 'ros_gz_sim_demos'
[2.238s] Level 1:colcon.colcon_core.package_discovery:discover_packages(recursive) using defaults
[2.238s] Level 1:colcon.colcon_core.package_discovery:discover_packages(ignore) discover
[2.238s] Level 1:colcon.colcon_core.package_discovery:discover_packages(ignore) using defaults
[2.238s] Level 1:colcon.colcon_core.package_discovery:discover_packages(path) discover
[2.238s] Level 1:colcon.colcon_core.package_discovery:discover_packages(path) using defaults
[2.471s] Level 1:colcon.colcon_core.package_discovery:discover_packages(prefix_path) check parameters
[2.471s] Level 1:colcon.colcon_core.package_discovery:discover_packages(prefix_path) discover
[2.553s] DEBUG:colcon.colcon_installed_package_information.package_discovery:Found 260 installed packages in /opt/ros/foxy
[2.555s] Level 1:colcon.colcon_core.package_discovery:discover_packages(prefix_path) using defaults
[2.721s] Level 5:colcon.colcon_core.verb:set package 'publish_lidar_data' build argument 'cmake_args' from command line to 'None'
[2.721s] Level 5:colcon.colcon_core.verb:set package 'publish_lidar_data' build argument 'cmake_target' from command line to 'None'
[2.721s] Level 5:colcon.colcon_core.verb:set package 'publish_lidar_data' build argument 'cmake_target_skip_unavailable' from command line to 'False'
[2.721s] Level 5:colcon.colcon_core.verb:set package 'publish_lidar_data' build argument 'cmake_clean_cache' from command line to 'False'
[2.721s] Level 5:colcon.colcon_core.verb:set package 'publish_lidar_data' build argument 'cmake_clean_first' from command line to 'False'
[2.721s] Level 5:colcon.colcon_core.verb:set package 'publish_lidar_data' build argument 'cmake_force_configure' from command line to 'False'
[2.721s] Level 5:colcon.colcon_core.verb:set package 'publish_lidar_data' build argument 'ament_cmake_args' from command line to 'None'
[2.721s] Level 5:colcon.colcon_core.verb:set package 'publish_lidar_data' build argument 'catkin_cmake_args' from command line to 'None'
[2.721s] Level 5:colcon.colcon_core.verb:set package 'publish_lidar_data' build argument 'catkin_skip_building_tests' from command line to 'False'
[2.721s] DEBUG:colcon.colcon_core.verb:Building package 'publish_lidar_data' with the following arguments: {'ament_cmake_args': None, 'build_base': '/home/ceu/ros2_ws/build/publish_lidar_data', 'catkin_cmake_args': None, 'catkin_skip_building_tests': False, 'cmake_args': None, 'cmake_clean_cache': False, 'cmake_clean_first': False, 'cmake_force_configure': False, 'cmake_target': None, 'cmake_target_skip_unavailable': False, 'install_base': '/home/ceu/ros2_ws/install/publish_lidar_data', 'merge_install': False, 'path': '/home/ceu/ros2_ws/src/publish_lidar_data', 'symlink_install': False, 'test_result_base': None}
[2.767s] Level 5:colcon.colcon_core.verb:set package 'px4' build argument 'cmake_args' from command line to 'None'
[2.767s] Level 5:colcon.colcon_core.verb:set package 'px4' build argument 'cmake_target' from command line to 'None'
[2.767s] Level 5:colcon.colcon_core.verb:set package 'px4' build argument 'cmake_target_skip_unavailable' from command line to 'False'
[2.767s] Level 5:colcon.colcon_core.verb:set package 'px4' build argument 'cmake_clean_cache' from command line to 'False'
[2.767s] Level 5:colcon.colcon_core.verb:set package 'px4' build argument 'cmake_clean_first' from command line to 'False'
[2.767s] Level 5:colcon.colcon_core.verb:set package 'px4' build argument 'cmake_force_configure' from command line to 'False'
[2.767s] Level 5:colcon.colcon_core.verb:set package 'px4' build argument 'ament_cmake_args' from command line to 'None'
[2.767s] Level 5:colcon.colcon_core.verb:set package 'px4' build argument 'catkin_cmake_args' from command line to 'None'
[2.767s] Level 5:colcon.colcon_core.verb:set package 'px4' build argument 'catkin_skip_building_tests' from command line to 'False'
[2.767s] DEBUG:colcon.colcon_core.verb:Building package 'px4' with the following arguments: {'ament_cmake_args': None, 'build_base': '/home/ceu/ros2_ws/build/px4', 'catkin_cmake_args': None, 'catkin_skip_building_tests': False, 'cmake_args': None, 'cmake_clean_cache': False, 'cmake_clean_first': False, 'cmake_force_configure': False, 'cmake_target': None, 'cmake_target_skip_unavailable': False, 'install_base': '/home/ceu/ros2_ws/install/px4', 'merge_install': False, 'path': '/home/ceu/ros2_ws/src/PX4-Autopilot', 'symlink_install': False, 'test_result_base': None}
[2.800s] Level 5:colcon.colcon_core.verb:set package 'px4_msgs' build argument 'cmake_args' from command line to 'None'
[2.800s] Level 5:colcon.colcon_core.verb:set package 'px4_msgs' build argument 'cmake_target' from command line to 'None'
[2.800s] Level 5:colcon.colcon_core.verb:set package 'px4_msgs' build argument 'cmake_target_skip_unavailable' from command line to 'False'
[2.800s] Level 5:colcon.colcon_core.verb:set package 'px4_msgs' build argument 'cmake_clean_cache' from command line to 'False'
[2.800s] Level 5:colcon.colcon_core.verb:set package 'px4_msgs' build argument 'cmake_clean_first' from command line to 'False'
[2.800s] Level 5:colcon.colcon_core.verb:set package 'px4_msgs' build argument 'cmake_force_configure' from command line to 'False'
[2.800s] Level 5:colcon.colcon_core.verb:set package 'px4_msgs' build argument 'ament_cmake_args' from command line to 'None'
[2.800s] Level 5:colcon.colcon_core.verb:set package 'px4_msgs' build argument 'catkin_cmake_args' from command line to 'None'
[2.800s] Level 5:colcon.colcon_core.verb:set package 'px4_msgs' build argument 'catkin_skip_building_tests' from command line to 'False'
[2.801s] DEBUG:colcon.colcon_core.verb:Building package 'px4_msgs' with the following arguments: {'ament_cmake_args': None, 'build_base': '/home/ceu/ros2_ws/build/px4_msgs', 'catkin_cmake_args': None, 'catkin_skip_building_tests': False, 'cmake_args': None, 'cmake_clean_cache': False, 'cmake_clean_first': False, 'cmake_force_configure': False, 'cmake_target': None, 'cmake_target_skip_unavailable': False, 'install_base': '/home/ceu/ros2_ws/install/px4_msgs', 'merge_install': False, 'path': '/home/ceu/ros2_ws/src/px4_msgs', 'symlink_install': False, 'test_result_base': None}
[2.834s] Level 5:colcon.colcon_core.verb:set package 'ros_gz_interfaces' build argument 'cmake_args' from command line to 'None'
[2.834s] Level 5:colcon.colcon_core.verb:set package 'ros_gz_interfaces' build argument 'cmake_target' from command line to 'None'
[2.834s] Level 5:colcon.colcon_core.verb:set package 'ros_gz_interfaces' build argument 'cmake_target_skip_unavailable' from command line to 'False'
[2.834s] Level 5:colcon.colcon_core.verb:set package 'ros_gz_interfaces' build argument 'cmake_clean_cache' from command line to 'False'
[2.834s] Level 5:colcon.colcon_core.verb:set package 'ros_gz_interfaces' build argument 'cmake_clean_first' from command line to 'False'
[2.834s] Level 5:colcon.colcon_core.verb:set package 'ros_gz_interfaces' build argument 'cmake_force_configure' from command line to 'False'
[2.834s] Level 5:colcon.colcon_core.verb:set package 'ros_gz_interfaces' build argument 'ament_cmake_args' from command line to 'None'
[2.834s] Level 5:colcon.colcon_core.verb:set package 'ros_gz_interfaces' build argument 'catkin_cmake_args' from command line to 'None'
[2.834s] Level 5:colcon.colcon_core.verb:set package 'ros_gz_interfaces' build argument 'catkin_skip_building_tests' from command line to 'False'
[2.835s] DEBUG:colcon.colcon_core.verb:Building package 'ros_gz_interfaces' with the following arguments: {'ament_cmake_args': None, 'build_base': '/home/ceu/ros2_ws/build/ros_gz_interfaces', 'catkin_cmake_args': None, 'catkin_skip_building_tests': False, 'cmake_args': None, 'cmake_clean_cache': False, 'cmake_clean_first': False, 'cmake_force_configure': False, 'cmake_target': None, 'cmake_target_skip_unavailable': False, 'install_base': '/home/ceu/ros2_ws/install/ros_gz_interfaces', 'merge_install': False, 'path': '/home/ceu/ros2_ws/src/ros_gz/ros_gz_interfaces', 'symlink_install': False, 'test_result_base': None}
[2.875s] Level 5:colcon.colcon_core.verb:set package 'ros_gz_sim' build argument 'cmake_args' from command line to 'None'
[2.875s] Level 5:colcon.colcon_core.verb:set package 'ros_gz_sim' build argument 'cmake_target' from command line to 'None'
[2.875s] Level 5:colcon.colcon_core.verb:set package 'ros_gz_sim' build argument 'cmake_target_skip_unavailable' from command line to 'False'
[2.875s] Level 5:colcon.colcon_core.verb:set package 'ros_gz_sim' build argument 'cmake_clean_cache' from command line to 'False'
[2.875s] Level 5:colcon.colcon_core.verb:set package 'ros_gz_sim' build argument 'cmake_clean_first' from command line to 'False'
[2.875s] Level 5:colcon.colcon_core.verb:set package 'ros_gz_sim' build argument 'cmake_force_configure' from command line to 'False'
[2.875s] Level 5:colcon.colcon_core.verb:set package 'ros_gz_sim' build argument 'ament_cmake_args' from command line to 'None'
[2.875s] Level 5:colcon.colcon_core.verb:set package 'ros_gz_sim' build argument 'catkin_cmake_args' from command line to 'None'
[2.875s] Level 5:colcon.colcon_core.verb:set package 'ros_gz_sim' build argument 'catkin_skip_building_tests' from command line to 'False'
[2.875s] DEBUG:colcon.colcon_core.verb:Building package 'ros_gz_sim' with the following arguments: {'ament_cmake_args': None, 'build_base': '/home/ceu/ros2_ws/build/ros_gz_sim', 'catkin_cmake_args': None, 'catkin_skip_building_tests': False, 'cmake_args': None, 'cmake_clean_cache': False, 'cmake_clean_first': False, 'cmake_force_configure': False, 'cmake_target': None, 'cmake_target_skip_unavailable': False, 'install_base': '/home/ceu/ros2_ws/install/ros_gz_sim', 'merge_install': False, 'path': '/home/ceu/ros2_ws/src/ros_gz/ros_gz_sim', 'symlink_install': False, 'test_result_base': None}
[2.934s] Level 5:colcon.colcon_core.verb:set package 'px4_offboard' build argument 'cmake_args' from command line to 'None'
[2.935s] Level 5:colcon.colcon_core.verb:set package 'px4_offboard' build argument 'cmake_target' from command line to 'None'
[2.935s] Level 5:colcon.colcon_core.verb:set package 'px4_offboard' build argument 'cmake_target_skip_unavailable' from command line to 'False'
[2.935s] Level 5:colcon.colcon_core.verb:set package 'px4_offboard' build argument 'cmake_clean_cache' from command line to 'False'
[2.935s] Level 5:colcon.colcon_core.verb:set package 'px4_offboard' build argument 'cmake_clean_first' from command line to 'False'
[2.935s] Level 5:colcon.colcon_core.verb:set package 'px4_offboard' build argument 'cmake_force_configure' from command line to 'False'
[2.935s] Level 5:colcon.colcon_core.verb:set package 'px4_offboard' build argument 'ament_cmake_args' from command line to 'None'
[2.935s] Level 5:colcon.colcon_core.verb:set package 'px4_offboard' build argument 'catkin_cmake_args' from command line to 'None'
[2.935s] Level 5:colcon.colcon_core.verb:set package 'px4_offboard' build argument 'catkin_skip_building_tests' from command line to 'False'
[2.935s] DEBUG:colcon.colcon_core.verb:Building package 'px4_offboard' with the following arguments: {'ament_cmake_args': None, 'build_base': '/home/ceu/ros2_ws/build/px4_offboard', 'catkin_cmake_args': None, 'catkin_skip_building_tests': False, 'cmake_args': None, 'cmake_clean_cache': False, 'cmake_clean_first': False, 'cmake_force_configure': False, 'cmake_target': None, 'cmake_target_skip_unavailable': False, 'install_base': '/home/ceu/ros2_ws/install/px4_offboard', 'merge_install': False, 'path': '/home/ceu/ros2_ws/src/px4-offboard', 'symlink_install': False, 'test_result_base': None}
[2.968s] Level 5:colcon.colcon_core.verb:set package 'px4_ros_com' build argument 'cmake_args' from command line to 'None'
[2.968s] Level 5:colcon.colcon_core.verb:set package 'px4_ros_com' build argument 'cmake_target' from command line to 'None'
[2.968s] Level 5:colcon.colcon_core.verb:set package 'px4_ros_com' build argument 'cmake_target_skip_unavailable' from command line to 'False'
[2.968s] Level 5:colcon.colcon_core.verb:set package 'px4_ros_com' build argument 'cmake_clean_cache' from command line to 'False'
[2.968s] Level 5:colcon.colcon_core.verb:set package 'px4_ros_com' build argument 'cmake_clean_first' from command line to 'False'
[2.968s] Level 5:colcon.colcon_core.verb:set package 'px4_ros_com' build argument 'cmake_force_configure' from command line to 'False'
[2.968s] Level 5:colcon.colcon_core.verb:set package 'px4_ros_com' build argument 'ament_cmake_args' from command line to 'None'
[2.968s] Level 5:colcon.colcon_core.verb:set package 'px4_ros_com' build argument 'catkin_cmake_args' from command line to 'None'
[2.968s] Level 5:colcon.colcon_core.verb:set package 'px4_ros_com' build argument 'catkin_skip_building_tests' from command line to 'False'
[2.968s] DEBUG:colcon.colcon_core.verb:Building package 'px4_ros_com' with the following arguments: {'ament_cmake_args': None, 'build_base': '/home/ceu/ros2_ws/build/px4_ros_com', 'catkin_cmake_args': None, 'catkin_skip_building_tests': False, 'cmake_args': None, 'cmake_clean_cache': False, 'cmake_clean_first': False, 'cmake_force_configure': False, 'cmake_target': None, 'cmake_target_skip_unavailable': False, 'install_base': '/home/ceu/ros2_ws/install/px4_ros_com', 'merge_install': False, 'path': '/home/ceu/ros2_ws/src/px4_ros_com', 'symlink_install': False, 'test_result_base': None}
[3.005s] Level 5:colcon.colcon_core.verb:set package 'ros_gz_bridge' build argument 'cmake_args' from command line to 'None'
[3.005s] Level 5:colcon.colcon_core.verb:set package 'ros_gz_bridge' build argument 'cmake_target' from command line to 'None'
[3.005s] Level 5:colcon.colcon_core.verb:set package 'ros_gz_bridge' build argument 'cmake_target_skip_unavailable' from command line to 'False'
[3.005s] Level 5:colcon.colcon_core.verb:set package 'ros_gz_bridge' build argument 'cmake_clean_cache' from command line to 'False'
[3.005s] Level 5:colcon.colcon_core.verb:set package 'ros_gz_bridge' build argument 'cmake_clean_first' from command line to 'False'
[3.005s] Level 5:colcon.colcon_core.verb:set package 'ros_gz_bridge' build argument 'cmake_force_configure' from command line to 'False'
[3.005s] Level 5:colcon.colcon_core.verb:set package 'ros_gz_bridge' build argument 'ament_cmake_args' from command line to 'None'
[3.005s] Level 5:colcon.colcon_core.verb:set package 'ros_gz_bridge' build argument 'catkin_cmake_args' from command line to 'None'
[3.005s] Level 5:colcon.colcon_core.verb:set package 'ros_gz_bridge' build argument 'catkin_skip_building_tests' from command line to 'False'
[3.005s] DEBUG:colcon.colcon_core.verb:Building package 'ros_gz_bridge' with the following arguments: {'ament_cmake_args': None, 'build_base': '/home/ceu/ros2_ws/build/ros_gz_bridge', 'catkin_cmake_args': None, 'catkin_skip_building_tests': False, 'cmake_args': None, 'cmake_clean_cache': False, 'cmake_clean_first': False, 'cmake_force_configure': False, 'cmake_target': None, 'cmake_target_skip_unavailable': False, 'install_base': '/home/ceu/ros2_ws/install/ros_gz_bridge', 'merge_install': False, 'path': '/home/ceu/ros2_ws/src/ros_gz/ros_gz_bridge', 'symlink_install': False, 'test_result_base': None}
[3.040s] Level 5:colcon.colcon_core.verb:set package 'ros_gz_image' build argument 'cmake_args' from command line to 'None'
[3.040s] Level 5:colcon.colcon_core.verb:set package 'ros_gz_image' build argument 'cmake_target' from command line to 'None'
[3.040s] Level 5:colcon.colcon_core.verb:set package 'ros_gz_image' build argument 'cmake_target_skip_unavailable' from command line to 'False'
[3.040s] Level 5:colcon.colcon_core.verb:set package 'ros_gz_image' build argument 'cmake_clean_cache' from command line to 'False'
[3.040s] Level 5:colcon.colcon_core.verb:set package 'ros_gz_image' build argument 'cmake_clean_first' from command line to 'False'
[3.040s] Level 5:colcon.colcon_core.verb:set package 'ros_gz_image' build argument 'cmake_force_configure' from command line to 'False'
[3.040s] Level 5:colcon.colcon_core.verb:set package 'ros_gz_image' build argument 'ament_cmake_args' from command line to 'None'
[3.040s] Level 5:colcon.colcon_core.verb:set package 'ros_gz_image' build argument 'catkin_cmake_args' from command line to 'None'
[3.040s] Level 5:colcon.colcon_core.verb:set package 'ros_gz_image' build argument 'catkin_skip_building_tests' from command line to 'False'
[3.040s] DEBUG:colcon.colcon_core.verb:Building package 'ros_gz_image' with the following arguments: {'ament_cmake_args': None, 'build_base': '/home/ceu/ros2_ws/build/ros_gz_image', 'catkin_cmake_args': None, 'catkin_skip_building_tests': False, 'cmake_args': None, 'cmake_clean_cache': False, 'cmake_clean_first': False, 'cmake_force_configure': False, 'cmake_target': None, 'cmake_target_skip_unavailable': False, 'install_base': '/home/ceu/ros2_ws/install/ros_gz_image', 'merge_install': False, 'path': '/home/ceu/ros2_ws/src/ros_gz/ros_gz_image', 'symlink_install': False, 'test_result_base': None}
[3.074s] Level 5:colcon.colcon_core.verb:set package 'ros_gz_sim_demos' build argument 'cmake_args' from command line to 'None'
[3.074s] Level 5:colcon.colcon_core.verb:set package 'ros_gz_sim_demos' build argument 'cmake_target' from command line to 'None'
[3.074s] Level 5:colcon.colcon_core.verb:set package 'ros_gz_sim_demos' build argument 'cmake_target_skip_unavailable' from command line to 'False'
[3.074s] Level 5:colcon.colcon_core.verb:set package 'ros_gz_sim_demos' build argument 'cmake_clean_cache' from command line to 'False'
[3.074s] Level 5:colcon.colcon_core.verb:set package 'ros_gz_sim_demos' build argument 'cmake_clean_first' from command line to 'False'
[3.074s] Level 5:colcon.colcon_core.verb:set package 'ros_gz_sim_demos' build argument 'cmake_force_configure' from command line to 'False'
[3.074s] Level 5:colcon.colcon_core.verb:set package 'ros_gz_sim_demos' build argument 'ament_cmake_args' from command line to 'None'
[3.074s] Level 5:colcon.colcon_core.verb:set package 'ros_gz_sim_demos' build argument 'catkin_cmake_args' from command line to 'None'
[3.074s] Level 5:colcon.colcon_core.verb:set package 'ros_gz_sim_demos' build argument 'catkin_skip_building_tests' from command line to 'False'
[3.074s] DEBUG:colcon.colcon_core.verb:Building package 'ros_gz_sim_demos' with the following arguments: {'ament_cmake_args': None, 'build_base': '/home/ceu/ros2_ws/build/ros_gz_sim_demos', 'catkin_cmake_args': None, 'catkin_skip_building_tests': False, 'cmake_args': None, 'cmake_clean_cache': False, 'cmake_clean_first': False, 'cmake_force_configure': False, 'cmake_target': None, 'cmake_target_skip_unavailable': False, 'install_base': '/home/ceu/ros2_ws/install/ros_gz_sim_demos', 'merge_install': False, 'path': '/home/ceu/ros2_ws/src/ros_gz/ros_gz_sim_demos', 'symlink_install': False, 'test_result_base': None}
[3.109s] Level 5:colcon.colcon_core.verb:set package 'ros_gz' build argument 'cmake_args' from command line to 'None'
[3.109s] Level 5:colcon.colcon_core.verb:set package 'ros_gz' build argument 'cmake_target' from command line to 'None'
[3.109s] Level 5:colcon.colcon_core.verb:set package 'ros_gz' build argument 'cmake_target_skip_unavailable' from command line to 'False'
[3.109s] Level 5:colcon.colcon_core.verb:set package 'ros_gz' build argument 'cmake_clean_cache' from command line to 'False'
[3.109s] Level 5:colcon.colcon_core.verb:set package 'ros_gz' build argument 'cmake_clean_first' from command line to 'False'
[3.109s] Level 5:colcon.colcon_core.verb:set package 'ros_gz' build argument 'cmake_force_configure' from command line to 'False'
[3.109s] Level 5:colcon.colcon_core.verb:set package 'ros_gz' build argument 'ament_cmake_args' from command line to 'None'
[3.109s] Level 5:colcon.colcon_core.verb:set package 'ros_gz' build argument 'catkin_cmake_args' from command line to 'None'
[3.109s] Level 5:colcon.colcon_core.verb:set package 'ros_gz' build argument 'catkin_skip_building_tests' from command line to 'False'
[3.109s] DEBUG:colcon.colcon_core.verb:Building package 'ros_gz' with the following arguments: {'ament_cmake_args': None, 'build_base': '/home/ceu/ros2_ws/build/ros_gz', 'catkin_cmake_args': None, 'catkin_skip_building_tests': False, 'cmake_args': None, 'cmake_clean_cache': False, 'cmake_clean_first': False, 'cmake_force_configure': False, 'cmake_target': None, 'cmake_target_skip_unavailable': False, 'install_base': '/home/ceu/ros2_ws/install/ros_gz', 'merge_install': False, 'path': '/home/ceu/ros2_ws/src/ros_gz/ros_gz', 'symlink_install': False, 'test_result_base': None}
[3.144s] INFO:colcon.colcon_core.executor:Executing jobs using 'parallel' executor
[3.178s] DEBUG:colcon.colcon_parallel_executor.executor.parallel:run_until_complete
[3.178s] INFO:colcon.colcon_ros.task.ament_cmake.build:Building ROS package in '/home/ceu/ros2_ws/src/ros_gz/ros_gz_interfaces' with build type 'ament_cmake'
[3.179s] INFO:colcon.colcon_cmake.task.cmake.build:Building CMake package in '/home/ceu/ros2_ws/src/ros_gz/ros_gz_interfaces'
[3.227s] INFO:colcon.colcon_core.plugin_system:Skipping extension 'colcon_core.shell.bat': Not used on non-Windows systems
[3.228s] INFO:colcon.colcon_core.shell:Skip shell extension 'powershell' for command environment: Not usable outside of PowerShell
[3.228s] DEBUG:colcon.colcon_core.shell:Skip shell extension 'dsv' for command environment
[3.336s] INFO:colcon.colcon_ros.task.ament_cmake.build:Building ROS package in '/home/ceu/ros2_ws/src/px4_msgs' with build type 'ament_cmake'
[3.337s] INFO:colcon.colcon_cmake.task.cmake.build:Building CMake package in '/home/ceu/ros2_ws/src/px4_msgs'
[3.390s] INFO:colcon.colcon_core.shell:Skip shell extension 'powershell' for command environment: Not usable outside of PowerShell
[3.390s] DEBUG:colcon.colcon_core.shell:Skip shell extension 'dsv' for command environment
[3.474s] INFO:colcon.colcon_ros.task.ament_cmake.build:Building ROS package in '/home/ceu/ros2_ws/src/ros_gz/ros_gz_sim' with build type 'ament_cmake'
[3.475s] INFO:colcon.colcon_cmake.task.cmake.build:Building CMake package in '/home/ceu/ros2_ws/src/ros_gz/ros_gz_sim'
[3.510s] INFO:colcon.colcon_core.shell:Skip shell extension 'powershell' for command environment: Not usable outside of PowerShell
[3.510s] DEBUG:colcon.colcon_core.shell:Skip shell extension 'dsv' for command environment
[3.580s] INFO:colcon.colcon_ros.task.ament_python.build:Building ROS package in '/home/ceu/ros2_ws/src/publish_lidar_data' with build type 'ament_python'
[3.581s] Level 1:colcon.colcon_core.shell:create_environment_hook('publish_lidar_data', 'ament_prefix_path')
[3.616s] INFO:colcon.colcon_core.shell:Creating environment hook '/home/ceu/ros2_ws/install/publish_lidar_data/share/publish_lidar_data/hook/ament_prefix_path.ps1'
[3.625s] INFO:colcon.colcon_core.shell:Creating environment descriptor '/home/ceu/ros2_ws/install/publish_lidar_data/share/publish_lidar_data/hook/ament_prefix_path.dsv'
[3.626s] INFO:colcon.colcon_core.shell:Creating environment hook '/home/ceu/ros2_ws/install/publish_lidar_data/share/publish_lidar_data/hook/ament_prefix_path.sh'
[3.672s] INFO:colcon.colcon_core.shell:Skip shell extension 'powershell' for command environment: Not usable outside of PowerShell
[3.672s] DEBUG:colcon.colcon_core.shell:Skip shell extension 'dsv' for command environment
[3.741s] INFO:colcon.colcon_ros.task.ament_cmake.build:Building ROS package in '/home/ceu/ros2_ws/src/PX4-Autopilot' with build type 'ament_cmake'
[3.742s] INFO:colcon.colcon_cmake.task.cmake.build:Building CMake package in '/home/ceu/ros2_ws/src/PX4-Autopilot'
[3.777s] INFO:colcon.colcon_core.shell:Skip shell extension 'powershell' for command environment: Not usable outside of PowerShell
[3.777s] DEBUG:colcon.colcon_core.shell:Skip shell extension 'dsv' for command environment
[3.854s] DEBUG:colcon.colcon_core.event_handler.log_command:Invoking command in '/home/ceu/ros2_ws/build/ros_gz_interfaces': CMAKE_PREFIX_PATH=/opt/ros/foxy /usr/bin/cmake /home/ceu/ros2_ws/src/ros_gz/ros_gz_interfaces -DCMAKE_INSTALL_PREFIX=/home/ceu/ros2_ws/install/ros_gz_interfaces
[3.860s] DEBUG:colcon.colcon_core.event_handler.log_command:Invoking command in '/home/ceu/ros2_ws/build/px4_msgs': CMAKE_PREFIX_PATH=/opt/ros/foxy /usr/bin/cmake --build /home/ceu/ros2_ws/build/px4_msgs -- -j12 -l12
[3.865s] DEBUG:colcon.colcon_core.event_handler.log_command:Invoking command in '/home/ceu/ros2_ws/build/ros_gz_sim': CMAKE_PREFIX_PATH=/opt/ros/foxy /usr/bin/cmake /home/ceu/ros2_ws/src/ros_gz/ros_gz_sim -DCMAKE_INSTALL_PREFIX=/home/ceu/ros2_ws/install/ros_gz_sim
[4.096s] INFO:colcon.colcon_core.task.python.build:Building Python package in '/home/ceu/ros2_ws/src/publish_lidar_data'
[4.133s] INFO:colcon.colcon_core.shell:Skip shell extension 'powershell' for command environment: Not usable outside of PowerShell
[4.133s] DEBUG:colcon.colcon_core.shell:Skip shell extension 'dsv' for command environment
[4.232s] DEBUG:colcon.colcon_core.event_handler.log_command:Invoking command in '/home/ceu/ros2_ws/build/px4': CMAKE_PREFIX_PATH=/opt/ros/foxy /usr/bin/cmake --build /home/ceu/ros2_ws/build/px4 -- -j12 -l12
[4.718s] DEBUG:colcon.colcon_core.event_handler.log_command:Invoking command in '/home/ceu/ros2_ws/src/publish_lidar_data': PYTHONPATH=/home/ceu/ros2_ws/build/publish_lidar_data/prefix_override:/home/ceu/ros2_ws/install/publish_lidar_data/lib/python3.8/site-packages:${PYTHONPATH} /usr/bin/python3 setup.py egg_info --egg-base ../../build/publish_lidar_data build --build-base /home/ceu/ros2_ws/build/publish_lidar_data/build install --record /home/ceu/ros2_ws/build/publish_lidar_data/install.log --install-scripts $base/lib/publish_lidar_data --single-version-externally-managed
[4.912s] DEBUG:colcon.colcon_core.event_handler.log_command:Invoked command in '/home/ceu/ros2_ws/build/px4' returned '0': CMAKE_PREFIX_PATH=/opt/ros/foxy /usr/bin/cmake --build /home/ceu/ros2_ws/build/px4 -- -j12 -l12
[4.984s] DEBUG:colcon.colcon_core.event_handler.log_command:Invoked command in '/home/ceu/ros2_ws/build/px4_msgs' returned '0': CMAKE_PREFIX_PATH=/opt/ros/foxy /usr/bin/cmake --build /home/ceu/ros2_ws/build/px4_msgs -- -j12 -l12
[5.050s] DEBUG:colcon.colcon_core.event_handler.log_command:Invoking command in '/home/ceu/ros2_ws/build/px4': CMAKE_PREFIX_PATH=/opt/ros/foxy /usr/bin/cmake --install /home/ceu/ros2_ws/build/px4
[5.055s] DEBUG:colcon.colcon_core.event_handler.log_command:Invoked command in '/home/ceu/ros2_ws/src/publish_lidar_data' returned '0': PYTHONPATH=/home/ceu/ros2_ws/build/publish_lidar_data/prefix_override:/home/ceu/ros2_ws/install/publish_lidar_data/lib/python3.8/site-packages:${PYTHONPATH} /usr/bin/python3 setup.py egg_info --egg-base ../../build/publish_lidar_data build --build-base /home/ceu/ros2_ws/build/publish_lidar_data/build install --record /home/ceu/ros2_ws/build/publish_lidar_data/install.log --install-scripts $base/lib/publish_lidar_data --single-version-externally-managed
[5.222s] Level 1:colcon.colcon_core.environment:checking '/home/ceu/ros2_ws/install/publish_lidar_data' for CMake module files
[5.223s] Level 1:colcon.colcon_core.environment:checking '/home/ceu/ros2_ws/install/publish_lidar_data' for CMake config files
[5.238s] Level 1:colcon.colcon_core.environment:checking '/home/ceu/ros2_ws/install/publish_lidar_data/lib'
[5.238s] Level 1:colcon.colcon_core.environment:checking '/home/ceu/ros2_ws/install/publish_lidar_data/bin'
[5.240s] Level 1:colcon.colcon_core.environment:checking '/home/ceu/ros2_ws/install/publish_lidar_data/lib/pkgconfig/publish_lidar_data.pc'
[5.240s] Level 1:colcon.colcon_core.environment:checking '/home/ceu/ros2_ws/install/publish_lidar_data/lib/python3.8/site-packages'
[5.240s] Level 1:colcon.colcon_core.shell:create_environment_hook('publish_lidar_data', 'pythonpath')
[5.393s] INFO:colcon.colcon_core.shell:Creating environment hook '/home/ceu/ros2_ws/install/publish_lidar_data/share/publish_lidar_data/hook/pythonpath.ps1'
[5.394s] INFO:colcon.colcon_core.shell:Creating environment descriptor '/home/ceu/ros2_ws/install/publish_lidar_data/share/publish_lidar_data/hook/pythonpath.dsv'
[5.395s] INFO:colcon.colcon_core.shell:Creating environment hook '/home/ceu/ros2_ws/install/publish_lidar_data/share/publish_lidar_data/hook/pythonpath.sh'
[5.396s] Level 1:colcon.colcon_core.environment:checking '/home/ceu/ros2_ws/install/publish_lidar_data/bin'
[5.396s] Level 1:colcon.colcon_core.environment:create_environment_scripts_only(publish_lidar_data)
[5.495s] INFO:colcon.colcon_core.shell:Creating package script '/home/ceu/ros2_ws/install/publish_lidar_data/share/publish_lidar_data/package.ps1'
[5.497s] INFO:colcon.colcon_core.shell:Creating package descriptor '/home/ceu/ros2_ws/install/publish_lidar_data/share/publish_lidar_data/package.dsv'
[5.498s] INFO:colcon.colcon_core.shell:Creating package script '/home/ceu/ros2_ws/install/publish_lidar_data/share/publish_lidar_data/package.sh'
[5.500s] INFO:colcon.colcon_core.shell:Creating package script '/home/ceu/ros2_ws/install/publish_lidar_data/share/publish_lidar_data/package.bash'
[5.501s] INFO:colcon.colcon_core.shell:Creating package script '/home/ceu/ros2_ws/install/publish_lidar_data/share/publish_lidar_data/package.zsh'
[5.503s] Level 1:colcon.colcon_core.environment:create_file_with_runtime_dependencies(/home/ceu/ros2_ws/install/publish_lidar_data/share/colcon-core/packages/publish_lidar_data)
[5.504s] Level 1:colcon.colcon_core.environment:create_environment_scripts_only(px4)
[5.606s] Level 1:colcon.colcon_core.environment:checking '/home/ceu/ros2_ws/install/px4' for CMake module files
[5.607s] Level 1:colcon.colcon_core.environment:checking '/home/ceu/ros2_ws/install/px4' for CMake config files
[5.650s] Level 1:colcon.colcon_core.shell:create_environment_hook('px4', 'cmake_prefix_path')
[5.750s] INFO:colcon.colcon_core.shell:Creating environment hook '/home/ceu/ros2_ws/install/px4/share/px4/hook/cmake_prefix_path.ps1'
[5.750s] INFO:colcon.colcon_core.shell:Creating environment descriptor '/home/ceu/ros2_ws/install/px4/share/px4/hook/cmake_prefix_path.dsv'
[5.751s] INFO:colcon.colcon_core.shell:Creating environment hook '/home/ceu/ros2_ws/install/px4/share/px4/hook/cmake_prefix_path.sh'
[5.752s] Level 1:colcon.colcon_core.environment:checking '/home/ceu/ros2_ws/install/px4/lib'
[5.753s] Level 1:colcon.colcon_core.shell:create_environment_hook('px4', 'ld_library_path_lib')
[5.843s] INFO:colcon.colcon_core.shell:Creating environment hook '/home/ceu/ros2_ws/install/px4/share/px4/hook/ld_library_path_lib.ps1'
[5.844s] INFO:colcon.colcon_core.shell:Creating environment descriptor '/home/ceu/ros2_ws/install/px4/share/px4/hook/ld_library_path_lib.dsv'
[5.845s] INFO:colcon.colcon_core.shell:Creating environment hook '/home/ceu/ros2_ws/install/px4/share/px4/hook/ld_library_path_lib.sh'
[5.845s] Level 1:colcon.colcon_core.environment:checking '/home/ceu/ros2_ws/install/px4/bin'
[5.845s] Level 1:colcon.colcon_core.environment:checking '/home/ceu/ros2_ws/install/px4/lib/pkgconfig/px4.pc'
[5.846s] Level 1:colcon.colcon_core.environment:checking '/home/ceu/ros2_ws/install/px4/lib/python3.8/site-packages'
[5.846s] Level 1:colcon.colcon_core.shell:create_environment_hook('px4', 'pythonpath')
[5.916s] INFO:colcon.colcon_core.shell:Creating environment hook '/home/ceu/ros2_ws/install/px4/share/px4/hook/pythonpath.ps1'
[5.917s] INFO:colcon.colcon_core.shell:Creating environment descriptor '/home/ceu/ros2_ws/install/px4/share/px4/hook/pythonpath.dsv'
[5.918s] INFO:colcon.colcon_core.shell:Creating environment hook '/home/ceu/ros2_ws/install/px4/share/px4/hook/pythonpath.sh'
[5.918s] Level 1:colcon.colcon_core.environment:checking '/home/ceu/ros2_ws/install/px4/bin'
[5.999s] INFO:colcon.colcon_core.shell:Creating package script '/home/ceu/ros2_ws/install/px4/share/px4/package.ps1'
[6.000s] INFO:colcon.colcon_core.shell:Creating package descriptor '/home/ceu/ros2_ws/install/px4/share/px4/package.dsv'
[6.001s] INFO:colcon.colcon_core.shell:Creating package script '/home/ceu/ros2_ws/install/px4/share/px4/package.sh'
[6.002s] INFO:colcon.colcon_core.shell:Creating package script '/home/ceu/ros2_ws/install/px4/share/px4/package.bash'
[6.002s] INFO:colcon.colcon_core.shell:Creating package script '/home/ceu/ros2_ws/install/px4/share/px4/package.zsh'
[6.003s] Level 1:colcon.colcon_core.environment:create_file_with_runtime_dependencies(/home/ceu/ros2_ws/install/px4/share/colcon-core/packages/px4)
[6.033s] Level 1:colcon.colcon_core.environment:create_environment_scripts_only(ros_gz_sim)
[6.112s] Level 1:colcon.colcon_core.environment:checking '/home/ceu/ros2_ws/install/ros_gz_sim' for CMake module files
[6.112s] Level 1:colcon.colcon_core.environment:checking '/home/ceu/ros2_ws/install/ros_gz_sim' for CMake config files
[6.113s] Level 1:colcon.colcon_core.environment:checking '/home/ceu/ros2_ws/install/ros_gz_sim/bin'
[6.113s] Level 1:colcon.colcon_core.environment:checking '/home/ceu/ros2_ws/install/ros_gz_sim/lib/pkgconfig/ros_gz_sim.pc'
[6.113s] Level 1:colcon.colcon_core.environment:checking '/home/ceu/ros2_ws/install/ros_gz_sim/lib/python3.8/site-packages'
[6.113s] Level 1:colcon.colcon_core.environment:checking '/home/ceu/ros2_ws/install/ros_gz_sim/bin'
[6.184s] INFO:colcon.colcon_core.shell:Creating package script '/home/ceu/ros2_ws/install/ros_gz_sim/share/ros_gz_sim/package.ps1'
[6.185s] INFO:colcon.colcon_core.shell:Creating package descriptor '/home/ceu/ros2_ws/install/ros_gz_sim/share/ros_gz_sim/package.dsv'
[6.185s] INFO:colcon.colcon_core.shell:Creating package script '/home/ceu/ros2_ws/install/ros_gz_sim/share/ros_gz_sim/package.sh'
[6.186s] INFO:colcon.colcon_core.shell:Creating package script '/home/ceu/ros2_ws/install/ros_gz_sim/share/ros_gz_sim/package.bash'
[6.187s] INFO:colcon.colcon_core.shell:Creating package script '/home/ceu/ros2_ws/install/ros_gz_sim/share/ros_gz_sim/package.zsh'
[6.187s] Level 1:colcon.colcon_core.environment:create_file_with_runtime_dependencies(/home/ceu/ros2_ws/install/ros_gz_sim/share/colcon-core/packages/ros_gz_sim)
[6.194s] DEBUG:colcon.colcon_core.event_handler.log_command:Invoked command in '/home/ceu/ros2_ws/build/px4' returned '0': CMAKE_PREFIX_PATH=/opt/ros/foxy /usr/bin/cmake --install /home/ceu/ros2_ws/build/px4
[6.196s] DEBUG:colcon.colcon_core.event_handler.log_command:Invoked command in '/home/ceu/ros2_ws/build/ros_gz_sim' returned '1': CMAKE_PREFIX_PATH=/opt/ros/foxy /usr/bin/cmake /home/ceu/ros2_ws/src/ros_gz/ros_gz_sim -DCMAKE_INSTALL_PREFIX=/home/ceu/ros2_ws/install/ros_gz_sim
[12.450s] DEBUG:colcon.colcon_parallel_executor.executor.parallel:closing loop
[12.450s] DEBUG:colcon.colcon_parallel_executor.executor.parallel:loop closed
[12.450s] DEBUG:colcon.colcon_parallel_executor.executor.parallel:run_until_complete finished with '1'
[12.451s] DEBUG:colcon.colcon_core.event_reactor:joining thread
[12.529s] INFO:colcon.colcon_core.plugin_system:Skipping extension 'colcon_notification.desktop_notification.terminal_notifier': Not used on non-Darwin systems
[12.529s] INFO:colcon.colcon_core.plugin_system:Skipping extension 'colcon_notification.desktop_notification.win32': Not used on non-Windows systems
[12.530s] INFO:colcon.colcon_notification.desktop_notification:Sending desktop notification using 'notify2'
[12.543s] DEBUG:colcon.colcon_core.event_reactor:joined thread
[12.577s] INFO:colcon.colcon_core.shell:Creating prefix script '/home/ceu/ros2_ws/install/local_setup.ps1'
[12.578s] INFO:colcon.colcon_core.shell:Creating prefix util module '/home/ceu/ros2_ws/install/_local_setup_util_ps1.py'
[12.579s] INFO:colcon.colcon_core.shell:Creating prefix chain script '/home/ceu/ros2_ws/install/setup.ps1'
[12.613s] INFO:colcon.colcon_core.shell:Creating prefix script '/home/ceu/ros2_ws/install/local_setup.sh'
[12.613s] INFO:colcon.colcon_core.shell:Creating prefix util module '/home/ceu/ros2_ws/install/_local_setup_util_sh.py'
[12.613s] INFO:colcon.colcon_core.shell:Creating prefix chain script '/home/ceu/ros2_ws/install/setup.sh'
[12.656s] INFO:colcon.colcon_core.shell:Creating prefix script '/home/ceu/ros2_ws/install/local_setup.bash'
[12.656s] INFO:colcon.colcon_core.shell:Creating prefix chain script '/home/ceu/ros2_ws/install/setup.bash'
[12.691s] INFO:colcon.colcon_core.shell:Creating prefix script '/home/ceu/ros2_ws/install/local_setup.zsh'
[12.691s] INFO:colcon.colcon_core.shell:Creating prefix chain script '/home/ceu/ros2_ws/install/setup.zsh'
