[2.219s] DEBUG:colcon:Command line arguments: ['/usr/bin/colcon', 'build']
[2.219s] DEBUG:colcon:Parsed command line arguments: Namespace(allow_overriding=[], ament_cmake_args=None, base_paths=['.'], build_base='build', catkin_cmake_args=None, catkin_skip_building_tests=False, cmake_args=None, cmake_clean_cache=False, cmake_clean_first=False, cmake_force_configure=False, cmake_target=None, cmake_target_skip_unavailable=False, continue_on_error=False, event_handlers=None, executor='parallel', ignore_user_meta=False, install_base='install', log_base=None, log_level=None, main=<bound method BuildVerb.main of <colcon_core.verb.build.BuildVerb object at 0x7f163379f910>>, merge_install=False, metas=['./colcon.meta'], packages_above=None, packages_above_and_dependencies=None, packages_above_depth=None, packages_end=None, packages_ignore=None, packages_ignore_regex=None, packages_select=None, packages_select_build_failed=False, packages_select_by_dep=None, packages_select_regex=None, packages_select_test_failures=False, packages_skip=None, packages_skip_build_finished=False, packages_skip_by_dep=None, packages_skip_regex=None, packages_skip_test_passed=False, packages_skip_up_to=None, packages_start=None, packages_up_to=None, packages_up_to_regex=None, parallel_workers=12, paths=None, symlink_install=False, test_result_base=None, verb_extension=<colcon_core.verb.build.BuildVerb object at 0x7f163379f910>, verb_name='build', verb_parser=<colcon_defaults.argument_parser.defaults.DefaultArgumentsDecorator object at 0x7f163379f940>)
[2.326s] Level 1:colcon.colcon_core.package_discovery:discover_packages(colcon_meta) check parameters
[2.326s] Level 1:colcon.colcon_core.package_discovery:discover_packages(recursive) check parameters
[2.326s] Level 1:colcon.colcon_core.package_discovery:discover_packages(ignore) check parameters
[2.326s] Level 1:colcon.colcon_core.package_discovery:discover_packages(path) check parameters
[2.326s] Level 1:colcon.colcon_core.package_discovery:discover_packages(colcon_meta) discover
[2.326s] Level 1:colcon.colcon_core.package_discovery:discover_packages(recursive) discover
[2.326s] INFO:colcon.colcon_core.package_discovery:Crawling recursively for packages in '/home/ceu/ros2_ws'
[2.326s] Level 1:colcon.colcon_core.package_identification:_identify(.) by extensions ['ignore', 'ignore_ament_install']
[2.326s] Level 1:colcon.colcon_core.package_identification:_identify(.) by extension 'ignore'
[2.326s] Level 1:colcon.colcon_core.package_identification:_identify(.) by extension 'ignore_ament_install'
[2.326s] Level 1:colcon.colcon_core.package_identification:_identify(.) by extensions ['colcon_pkg']
[2.326s] Level 1:colcon.colcon_core.package_identification:_identify(.) by extension 'colcon_pkg'
[2.326s] Level 1:colcon.colcon_core.package_identification:_identify(.) by extensions ['colcon_meta']
[2.326s] Level 1:colcon.colcon_core.package_identification:_identify(.) by extension 'colcon_meta'
[2.326s] Level 1:colcon.colcon_core.package_identification:_identify(.) by extensions ['ros']
[2.326s] Level 1:colcon.colcon_core.package_identification:_identify(.) by extension 'ros'
[2.346s] Level 1:colcon.colcon_core.package_identification:_identify(.) by extensions ['cmake', 'python']
[2.347s] Level 1:colcon.colcon_core.package_identification:_identify(.) by extension 'cmake'
[2.347s] Level 1:colcon.colcon_core.package_identification:_identify(.) by extension 'python'
[2.347s] Level 1:colcon.colcon_core.package_identification:_identify(.) by extensions ['python_setup_py']
[2.347s] Level 1:colcon.colcon_core.package_identification:_identify(.) by extension 'python_setup_py'
[2.347s] Level 1:colcon.colcon_core.package_identification:_identify(build) by extensions ['ignore', 'ignore_ament_install']
[2.347s] Level 1:colcon.colcon_core.package_identification:_identify(build) by extension 'ignore'
[2.347s] Level 1:colcon.colcon_core.package_identification:_identify(build) ignored
[2.347s] Level 1:colcon.colcon_core.package_identification:_identify(install) by extensions ['ignore', 'ignore_ament_install']
[2.347s] Level 1:colcon.colcon_core.package_identification:_identify(install) by extension 'ignore'
[2.347s] Level 1:colcon.colcon_core.package_identification:_identify(install) ignored
[2.347s] Level 1:colcon.colcon_core.package_identification:_identify(log) by extensions ['ignore', 'ignore_ament_install']
[2.347s] Level 1:colcon.colcon_core.package_identification:_identify(log) by extension 'ignore'
[2.347s] Level 1:colcon.colcon_core.package_identification:_identify(log) ignored
[2.347s] Level 1:colcon.colcon_core.package_identification:_identify(src) by extensions ['ignore', 'ignore_ament_install']
[2.348s] Level 1:colcon.colcon_core.package_identification:_identify(src) by extension 'ignore'
[2.348s] Level 1:colcon.colcon_core.package_identification:_identify(src) by extension 'ignore_ament_install'
[2.348s] Level 1:colcon.colcon_core.package_identification:_identify(src) by extensions ['colcon_pkg']
[2.348s] Level 1:colcon.colcon_core.package_identification:_identify(src) by extension 'colcon_pkg'
[2.348s] Level 1:colcon.colcon_core.package_identification:_identify(src) by extensions ['colcon_meta']
[2.348s] Level 1:colcon.colcon_core.package_identification:_identify(src) by extension 'colcon_meta'
[2.348s] Level 1:colcon.colcon_core.package_identification:_identify(src) by extensions ['ros']
[2.348s] Level 1:colcon.colcon_core.package_identification:_identify(src) by extension 'ros'
[2.348s] Level 1:colcon.colcon_core.package_identification:_identify(src) by extensions ['cmake', 'python']
[2.348s] Level 1:colcon.colcon_core.package_identification:_identify(src) by extension 'cmake'
[2.348s] Level 1:colcon.colcon_core.package_identification:_identify(src) by extension 'python'
[2.348s] Level 1:colcon.colcon_core.package_identification:_identify(src) by extensions ['python_setup_py']
[2.348s] Level 1:colcon.colcon_core.package_identification:_identify(src) by extension 'python_setup_py'
[2.348s] Level 1:colcon.colcon_core.package_identification:_identify(src/LIO-SAM) by extensions ['ignore', 'ignore_ament_install']
[2.348s] Level 1:colcon.colcon_core.package_identification:_identify(src/LIO-SAM) by extension 'ignore'
[2.348s] Level 1:colcon.colcon_core.package_identification:_identify(src/LIO-SAM) by extension 'ignore_ament_install'
[2.348s] Level 1:colcon.colcon_core.package_identification:_identify(src/LIO-SAM) by extensions ['colcon_pkg']
[2.348s] Level 1:colcon.colcon_core.package_identification:_identify(src/LIO-SAM) by extension 'colcon_pkg'
[2.348s] Level 1:colcon.colcon_core.package_identification:_identify(src/LIO-SAM) by extensions ['colcon_meta']
[2.348s] Level 1:colcon.colcon_core.package_identification:_identify(src/LIO-SAM) by extension 'colcon_meta'
[2.348s] Level 1:colcon.colcon_core.package_identification:_identify(src/LIO-SAM) by extensions ['ros']
[2.348s] Level 1:colcon.colcon_core.package_identification:_identify(src/LIO-SAM) by extension 'ros'
[2.349s] Level 1:colcon.colcon_core.package_identification:_identify(src/LIO-SAM) by extensions ['cmake', 'python']
[2.349s] Level 1:colcon.colcon_core.package_identification:_identify(src/LIO-SAM) by extension 'cmake'
[2.349s] Level 1:colcon.colcon_core.package_identification:_identify(src/LIO-SAM) by extension 'python'
[2.349s] Level 1:colcon.colcon_core.package_identification:_identify(src/LIO-SAM) by extensions ['python_setup_py']
[2.349s] Level 1:colcon.colcon_core.package_identification:_identify(src/LIO-SAM) by extension 'python_setup_py'
[2.349s] Level 1:colcon.colcon_core.package_identification:_identify(src/PX4-Autopilot) by extensions ['ignore', 'ignore_ament_install']
[2.349s] Level 1:colcon.colcon_core.package_identification:_identify(src/PX4-Autopilot) by extension 'ignore'
[2.349s] Level 1:colcon.colcon_core.package_identification:_identify(src/PX4-Autopilot) by extension 'ignore_ament_install'
[2.349s] Level 1:colcon.colcon_core.package_identification:_identify(src/PX4-Autopilot) by extensions ['colcon_pkg']
[2.349s] Level 1:colcon.colcon_core.package_identification:_identify(src/PX4-Autopilot) by extension 'colcon_pkg'
[2.349s] Level 1:colcon.colcon_core.package_identification:_identify(src/PX4-Autopilot) by extensions ['colcon_meta']
[2.349s] Level 1:colcon.colcon_core.package_identification:_identify(src/PX4-Autopilot) by extension 'colcon_meta'
[2.349s] Level 1:colcon.colcon_core.package_identification:_identify(src/PX4-Autopilot) by extensions ['ros']
[2.349s] Level 1:colcon.colcon_core.package_identification:_identify(src/PX4-Autopilot) by extension 'ros'
[2.352s] DEBUG:colcon.colcon_core.package_identification:Package 'src/PX4-Autopilot' with type 'ros.ament_cmake' and name 'px4'
[2.352s] Level 1:colcon.colcon_core.package_identification:_identify(src/lio_sam_gazebo_ros2) by extensions ['ignore', 'ignore_ament_install']
[2.352s] Level 1:colcon.colcon_core.package_identification:_identify(src/lio_sam_gazebo_ros2) by extension 'ignore'
[2.352s] Level 1:colcon.colcon_core.package_identification:_identify(src/lio_sam_gazebo_ros2) by extension 'ignore_ament_install'
[2.353s] Level 1:colcon.colcon_core.package_identification:_identify(src/lio_sam_gazebo_ros2) by extensions ['colcon_pkg']
[2.353s] Level 1:colcon.colcon_core.package_identification:_identify(src/lio_sam_gazebo_ros2) by extension 'colcon_pkg'
[2.353s] Level 1:colcon.colcon_core.package_identification:_identify(src/lio_sam_gazebo_ros2) by extensions ['colcon_meta']
[2.353s] Level 1:colcon.colcon_core.package_identification:_identify(src/lio_sam_gazebo_ros2) by extension 'colcon_meta'
[2.353s] Level 1:colcon.colcon_core.package_identification:_identify(src/lio_sam_gazebo_ros2) by extensions ['ros']
[2.353s] Level 1:colcon.colcon_core.package_identification:_identify(src/lio_sam_gazebo_ros2) by extension 'ros'
[2.353s] Level 1:colcon.colcon_core.package_identification:_identify(src/lio_sam_gazebo_ros2) by extensions ['cmake', 'python']
[2.353s] Level 1:colcon.colcon_core.package_identification:_identify(src/lio_sam_gazebo_ros2) by extension 'cmake'
[2.353s] Level 1:colcon.colcon_core.package_identification:_identify(src/lio_sam_gazebo_ros2) by extension 'python'
[2.353s] Level 1:colcon.colcon_core.package_identification:_identify(src/lio_sam_gazebo_ros2) by extensions ['python_setup_py']
[2.353s] Level 1:colcon.colcon_core.package_identification:_identify(src/lio_sam_gazebo_ros2) by extension 'python_setup_py'
[2.353s] Level 1:colcon.colcon_core.package_identification:_identify(src/lio_sam_gazebo_ros2/build) by extensions ['ignore', 'ignore_ament_install']
[2.353s] Level 1:colcon.colcon_core.package_identification:_identify(src/lio_sam_gazebo_ros2/build) by extension 'ignore'
[2.353s] Level 1:colcon.colcon_core.package_identification:_identify(src/lio_sam_gazebo_ros2/build) ignored
[2.353s] Level 1:colcon.colcon_core.package_identification:_identify(src/lio_sam_gazebo_ros2/install) by extensions ['ignore', 'ignore_ament_install']
[2.353s] Level 1:colcon.colcon_core.package_identification:_identify(src/lio_sam_gazebo_ros2/install) by extension 'ignore'
[2.353s] Level 1:colcon.colcon_core.package_identification:_identify(src/lio_sam_gazebo_ros2/install) ignored
[2.354s] Level 1:colcon.colcon_core.package_identification:_identify(src/lio_sam_gazebo_ros2/log) by extensions ['ignore', 'ignore_ament_install']
[2.354s] Level 1:colcon.colcon_core.package_identification:_identify(src/lio_sam_gazebo_ros2/log) by extension 'ignore'
[2.354s] Level 1:colcon.colcon_core.package_identification:_identify(src/lio_sam_gazebo_ros2/log) ignored
[2.354s] Level 1:colcon.colcon_core.package_identification:_identify(src/lio_sam_gazebo_ros2/src) by extensions ['ignore', 'ignore_ament_install']
[2.354s] Level 1:colcon.colcon_core.package_identification:_identify(src/lio_sam_gazebo_ros2/src) by extension 'ignore'
[2.354s] Level 1:colcon.colcon_core.package_identification:_identify(src/lio_sam_gazebo_ros2/src) by extension 'ignore_ament_install'
[2.354s] Level 1:colcon.colcon_core.package_identification:_identify(src/lio_sam_gazebo_ros2/src) by extensions ['colcon_pkg']
[2.354s] Level 1:colcon.colcon_core.package_identification:_identify(src/lio_sam_gazebo_ros2/src) by extension 'colcon_pkg'
[2.354s] Level 1:colcon.colcon_core.package_identification:_identify(src/lio_sam_gazebo_ros2/src) by extensions ['colcon_meta']
[2.354s] Level 1:colcon.colcon_core.package_identification:_identify(src/lio_sam_gazebo_ros2/src) by extension 'colcon_meta'
[2.354s] Level 1:colcon.colcon_core.package_identification:_identify(src/lio_sam_gazebo_ros2/src) by extensions ['ros']
[2.354s] Level 1:colcon.colcon_core.package_identification:_identify(src/lio_sam_gazebo_ros2/src) by extension 'ros'
[2.354s] Level 1:colcon.colcon_core.package_identification:_identify(src/lio_sam_gazebo_ros2/src) by extensions ['cmake', 'python']
[2.354s] Level 1:colcon.colcon_core.package_identification:_identify(src/lio_sam_gazebo_ros2/src) by extension 'cmake'
[2.354s] Level 1:colcon.colcon_core.package_identification:_identify(src/lio_sam_gazebo_ros2/src) by extension 'python'
[2.354s] Level 1:colcon.colcon_core.package_identification:_identify(src/lio_sam_gazebo_ros2/src) by extensions ['python_setup_py']
[2.354s] Level 1:colcon.colcon_core.package_identification:_identify(src/lio_sam_gazebo_ros2/src) by extension 'python_setup_py'
[2.354s] Level 1:colcon.colcon_core.package_identification:_identify(src/lio_sam_gazebo_ros2/src/LIO-SAM-ros2) by extensions ['ignore', 'ignore_ament_install']
[2.354s] Level 1:colcon.colcon_core.package_identification:_identify(src/lio_sam_gazebo_ros2/src/LIO-SAM-ros2) by extension 'ignore'
[2.355s] Level 1:colcon.colcon_core.package_identification:_identify(src/lio_sam_gazebo_ros2/src/LIO-SAM-ros2) by extension 'ignore_ament_install'
[2.355s] Level 1:colcon.colcon_core.package_identification:_identify(src/lio_sam_gazebo_ros2/src/LIO-SAM-ros2) by extensions ['colcon_pkg']
[2.355s] Level 1:colcon.colcon_core.package_identification:_identify(src/lio_sam_gazebo_ros2/src/LIO-SAM-ros2) by extension 'colcon_pkg'
[2.355s] Level 1:colcon.colcon_core.package_identification:_identify(src/lio_sam_gazebo_ros2/src/LIO-SAM-ros2) by extensions ['colcon_meta']
[2.355s] Level 1:colcon.colcon_core.package_identification:_identify(src/lio_sam_gazebo_ros2/src/LIO-SAM-ros2) by extension 'colcon_meta'
[2.355s] Level 1:colcon.colcon_core.package_identification:_identify(src/lio_sam_gazebo_ros2/src/LIO-SAM-ros2) by extensions ['ros']
[2.355s] Level 1:colcon.colcon_core.package_identification:_identify(src/lio_sam_gazebo_ros2/src/LIO-SAM-ros2) by extension 'ros'
[2.356s] DEBUG:colcon.colcon_core.package_identification:Package 'src/lio_sam_gazebo_ros2/src/LIO-SAM-ros2' with type 'ros.ament_cmake' and name 'lio_sam'
[2.356s] Level 1:colcon.colcon_core.package_identification:_identify(src/lio_sam_gazebo_ros2/src/robot_control) by extensions ['ignore', 'ignore_ament_install']
[2.356s] Level 1:colcon.colcon_core.package_identification:_identify(src/lio_sam_gazebo_ros2/src/robot_control) by extension 'ignore'
[2.356s] Level 1:colcon.colcon_core.package_identification:_identify(src/lio_sam_gazebo_ros2/src/robot_control) by extension 'ignore_ament_install'
[2.356s] Level 1:colcon.colcon_core.package_identification:_identify(src/lio_sam_gazebo_ros2/src/robot_control) by extensions ['colcon_pkg']
[2.356s] Level 1:colcon.colcon_core.package_identification:_identify(src/lio_sam_gazebo_ros2/src/robot_control) by extension 'colcon_pkg'
[2.356s] Level 1:colcon.colcon_core.package_identification:_identify(src/lio_sam_gazebo_ros2/src/robot_control) by extensions ['colcon_meta']
[2.356s] Level 1:colcon.colcon_core.package_identification:_identify(src/lio_sam_gazebo_ros2/src/robot_control) by extension 'colcon_meta'
[2.356s] Level 1:colcon.colcon_core.package_identification:_identify(src/lio_sam_gazebo_ros2/src/robot_control) by extensions ['ros']
[2.356s] Level 1:colcon.colcon_core.package_identification:_identify(src/lio_sam_gazebo_ros2/src/robot_control) by extension 'ros'
[2.356s] DEBUG:colcon.colcon_core.package_identification:Package 'src/lio_sam_gazebo_ros2/src/robot_control' with type 'ros.ament_cmake' and name 'robot_control'
[2.357s] Level 1:colcon.colcon_core.package_identification:_identify(src/lio_sam_gazebo_ros2/src/robot_description) by extensions ['ignore', 'ignore_ament_install']
[2.357s] Level 1:colcon.colcon_core.package_identification:_identify(src/lio_sam_gazebo_ros2/src/robot_description) by extension 'ignore'
[2.357s] Level 1:colcon.colcon_core.package_identification:_identify(src/lio_sam_gazebo_ros2/src/robot_description) by extension 'ignore_ament_install'
[2.357s] Level 1:colcon.colcon_core.package_identification:_identify(src/lio_sam_gazebo_ros2/src/robot_description) by extensions ['colcon_pkg']
[2.357s] Level 1:colcon.colcon_core.package_identification:_identify(src/lio_sam_gazebo_ros2/src/robot_description) by extension 'colcon_pkg'
[2.357s] Level 1:colcon.colcon_core.package_identification:_identify(src/lio_sam_gazebo_ros2/src/robot_description) by extensions ['colcon_meta']
[2.357s] Level 1:colcon.colcon_core.package_identification:_identify(src/lio_sam_gazebo_ros2/src/robot_description) by extension 'colcon_meta'
[2.357s] Level 1:colcon.colcon_core.package_identification:_identify(src/lio_sam_gazebo_ros2/src/robot_description) by extensions ['ros']
[2.357s] Level 1:colcon.colcon_core.package_identification:_identify(src/lio_sam_gazebo_ros2/src/robot_description) by extension 'ros'
[2.357s] DEBUG:colcon.colcon_core.package_identification:Package 'src/lio_sam_gazebo_ros2/src/robot_description' with type 'ros.ament_cmake' and name 'robot_description'
[2.357s] Level 1:colcon.colcon_core.package_identification:_identify(src/lio_sam_gazebo_ros2/src/robot_gazebo) by extensions ['ignore', 'ignore_ament_install']
[2.358s] Level 1:colcon.colcon_core.package_identification:_identify(src/lio_sam_gazebo_ros2/src/robot_gazebo) by extension 'ignore'
[2.358s] Level 1:colcon.colcon_core.package_identification:_identify(src/lio_sam_gazebo_ros2/src/robot_gazebo) by extension 'ignore_ament_install'
[2.358s] Level 1:colcon.colcon_core.package_identification:_identify(src/lio_sam_gazebo_ros2/src/robot_gazebo) by extensions ['colcon_pkg']
[2.358s] Level 1:colcon.colcon_core.package_identification:_identify(src/lio_sam_gazebo_ros2/src/robot_gazebo) by extension 'colcon_pkg'
[2.358s] Level 1:colcon.colcon_core.package_identification:_identify(src/lio_sam_gazebo_ros2/src/robot_gazebo) by extensions ['colcon_meta']
[2.358s] Level 1:colcon.colcon_core.package_identification:_identify(src/lio_sam_gazebo_ros2/src/robot_gazebo) by extension 'colcon_meta'
[2.358s] Level 1:colcon.colcon_core.package_identification:_identify(src/lio_sam_gazebo_ros2/src/robot_gazebo) by extensions ['ros']
[2.358s] Level 1:colcon.colcon_core.package_identification:_identify(src/lio_sam_gazebo_ros2/src/robot_gazebo) by extension 'ros'
[2.358s] DEBUG:colcon.colcon_core.package_identification:Package 'src/lio_sam_gazebo_ros2/src/robot_gazebo' with type 'ros.ament_cmake' and name 'robot_gazebo'
[2.358s] Level 1:colcon.colcon_core.package_identification:_identify(src/lio_sam_gazebo_ros2/src/velodyne_simulator) by extensions ['ignore', 'ignore_ament_install']
[2.358s] Level 1:colcon.colcon_core.package_identification:_identify(src/lio_sam_gazebo_ros2/src/velodyne_simulator) by extension 'ignore'
[2.358s] Level 1:colcon.colcon_core.package_identification:_identify(src/lio_sam_gazebo_ros2/src/velodyne_simulator) by extension 'ignore_ament_install'
[2.358s] Level 1:colcon.colcon_core.package_identification:_identify(src/lio_sam_gazebo_ros2/src/velodyne_simulator) by extensions ['colcon_pkg']
[2.359s] Level 1:colcon.colcon_core.package_identification:_identify(src/lio_sam_gazebo_ros2/src/velodyne_simulator) by extension 'colcon_pkg'
[2.359s] Level 1:colcon.colcon_core.package_identification:_identify(src/lio_sam_gazebo_ros2/src/velodyne_simulator) by extensions ['colcon_meta']
[2.359s] Level 1:colcon.colcon_core.package_identification:_identify(src/lio_sam_gazebo_ros2/src/velodyne_simulator) by extension 'colcon_meta'
[2.359s] Level 1:colcon.colcon_core.package_identification:_identify(src/lio_sam_gazebo_ros2/src/velodyne_simulator) by extensions ['ros']
[2.359s] Level 1:colcon.colcon_core.package_identification:_identify(src/lio_sam_gazebo_ros2/src/velodyne_simulator) by extension 'ros'
[2.359s] Level 1:colcon.colcon_core.package_identification:_identify(src/lio_sam_gazebo_ros2/src/velodyne_simulator) by extensions ['cmake', 'python']
[2.359s] Level 1:colcon.colcon_core.package_identification:_identify(src/lio_sam_gazebo_ros2/src/velodyne_simulator) by extension 'cmake'
[2.359s] Level 1:colcon.colcon_core.package_identification:_identify(src/lio_sam_gazebo_ros2/src/velodyne_simulator) by extension 'python'
[2.359s] Level 1:colcon.colcon_core.package_identification:_identify(src/lio_sam_gazebo_ros2/src/velodyne_simulator) by extensions ['python_setup_py']
[2.359s] Level 1:colcon.colcon_core.package_identification:_identify(src/lio_sam_gazebo_ros2/src/velodyne_simulator) by extension 'python_setup_py'
[2.359s] Level 1:colcon.colcon_core.package_identification:_identify(src/lio_sam_gazebo_ros2/src/velodyne_simulator/img) by extensions ['ignore', 'ignore_ament_install']
[2.359s] Level 1:colcon.colcon_core.package_identification:_identify(src/lio_sam_gazebo_ros2/src/velodyne_simulator/img) by extension 'ignore'
[2.359s] Level 1:colcon.colcon_core.package_identification:_identify(src/lio_sam_gazebo_ros2/src/velodyne_simulator/img) by extension 'ignore_ament_install'
[2.359s] Level 1:colcon.colcon_core.package_identification:_identify(src/lio_sam_gazebo_ros2/src/velodyne_simulator/img) by extensions ['colcon_pkg']
[2.359s] Level 1:colcon.colcon_core.package_identification:_identify(src/lio_sam_gazebo_ros2/src/velodyne_simulator/img) by extension 'colcon_pkg'
[2.359s] Level 1:colcon.colcon_core.package_identification:_identify(src/lio_sam_gazebo_ros2/src/velodyne_simulator/img) by extensions ['colcon_meta']
[2.359s] Level 1:colcon.colcon_core.package_identification:_identify(src/lio_sam_gazebo_ros2/src/velodyne_simulator/img) by extension 'colcon_meta'
[2.359s] Level 1:colcon.colcon_core.package_identification:_identify(src/lio_sam_gazebo_ros2/src/velodyne_simulator/img) by extensions ['ros']
[2.359s] Level 1:colcon.colcon_core.package_identification:_identify(src/lio_sam_gazebo_ros2/src/velodyne_simulator/img) by extension 'ros'
[2.359s] Level 1:colcon.colcon_core.package_identification:_identify(src/lio_sam_gazebo_ros2/src/velodyne_simulator/img) by extensions ['cmake', 'python']
[2.359s] Level 1:colcon.colcon_core.package_identification:_identify(src/lio_sam_gazebo_ros2/src/velodyne_simulator/img) by extension 'cmake'
[2.359s] Level 1:colcon.colcon_core.package_identification:_identify(src/lio_sam_gazebo_ros2/src/velodyne_simulator/img) by extension 'python'
[2.360s] Level 1:colcon.colcon_core.package_identification:_identify(src/lio_sam_gazebo_ros2/src/velodyne_simulator/img) by extensions ['python_setup_py']
[2.360s] Level 1:colcon.colcon_core.package_identification:_identify(src/lio_sam_gazebo_ros2/src/velodyne_simulator/img) by extension 'python_setup_py'
[2.360s] Level 1:colcon.colcon_core.package_identification:_identify(src/lio_sam_gazebo_ros2/src/velodyne_simulator/velodyne_description) by extensions ['ignore', 'ignore_ament_install']
[2.360s] Level 1:colcon.colcon_core.package_identification:_identify(src/lio_sam_gazebo_ros2/src/velodyne_simulator/velodyne_description) by extension 'ignore'
[2.360s] Level 1:colcon.colcon_core.package_identification:_identify(src/lio_sam_gazebo_ros2/src/velodyne_simulator/velodyne_description) by extension 'ignore_ament_install'
[2.360s] Level 1:colcon.colcon_core.package_identification:_identify(src/lio_sam_gazebo_ros2/src/velodyne_simulator/velodyne_description) by extensions ['colcon_pkg']
[2.360s] Level 1:colcon.colcon_core.package_identification:_identify(src/lio_sam_gazebo_ros2/src/velodyne_simulator/velodyne_description) by extension 'colcon_pkg'
[2.360s] Level 1:colcon.colcon_core.package_identification:_identify(src/lio_sam_gazebo_ros2/src/velodyne_simulator/velodyne_description) by extensions ['colcon_meta']
[2.360s] Level 1:colcon.colcon_core.package_identification:_identify(src/lio_sam_gazebo_ros2/src/velodyne_simulator/velodyne_description) by extension 'colcon_meta'
[2.360s] Level 1:colcon.colcon_core.package_identification:_identify(src/lio_sam_gazebo_ros2/src/velodyne_simulator/velodyne_description) by extensions ['ros']
[2.360s] Level 1:colcon.colcon_core.package_identification:_identify(src/lio_sam_gazebo_ros2/src/velodyne_simulator/velodyne_description) by extension 'ros'
[2.360s] DEBUG:colcon.colcon_core.package_identification:Package 'src/lio_sam_gazebo_ros2/src/velodyne_simulator/velodyne_description' with type 'ros.ament_cmake' and name 'velodyne_description'
[2.361s] Level 1:colcon.colcon_core.package_identification:_identify(src/lio_sam_gazebo_ros2/src/velodyne_simulator/velodyne_gazebo_plugins) by extensions ['ignore', 'ignore_ament_install']
[2.361s] Level 1:colcon.colcon_core.package_identification:_identify(src/lio_sam_gazebo_ros2/src/velodyne_simulator/velodyne_gazebo_plugins) by extension 'ignore'
[2.361s] Level 1:colcon.colcon_core.package_identification:_identify(src/lio_sam_gazebo_ros2/src/velodyne_simulator/velodyne_gazebo_plugins) by extension 'ignore_ament_install'
[2.361s] Level 1:colcon.colcon_core.package_identification:_identify(src/lio_sam_gazebo_ros2/src/velodyne_simulator/velodyne_gazebo_plugins) by extensions ['colcon_pkg']
[2.361s] Level 1:colcon.colcon_core.package_identification:_identify(src/lio_sam_gazebo_ros2/src/velodyne_simulator/velodyne_gazebo_plugins) by extension 'colcon_pkg'
[2.361s] Level 1:colcon.colcon_core.package_identification:_identify(src/lio_sam_gazebo_ros2/src/velodyne_simulator/velodyne_gazebo_plugins) by extensions ['colcon_meta']
[2.361s] Level 1:colcon.colcon_core.package_identification:_identify(src/lio_sam_gazebo_ros2/src/velodyne_simulator/velodyne_gazebo_plugins) by extension 'colcon_meta'
[2.361s] Level 1:colcon.colcon_core.package_identification:_identify(src/lio_sam_gazebo_ros2/src/velodyne_simulator/velodyne_gazebo_plugins) by extensions ['ros']
[2.361s] Level 1:colcon.colcon_core.package_identification:_identify(src/lio_sam_gazebo_ros2/src/velodyne_simulator/velodyne_gazebo_plugins) by extension 'ros'
[2.362s] DEBUG:colcon.colcon_core.package_identification:Package 'src/lio_sam_gazebo_ros2/src/velodyne_simulator/velodyne_gazebo_plugins' with type 'ros.ament_cmake' and name 'velodyne_gazebo_plugins'
[2.362s] Level 1:colcon.colcon_core.package_identification:_identify(src/lio_sam_gazebo_ros2/src/velodyne_simulator/velodyne_simulator) by extensions ['ignore', 'ignore_ament_install']
[2.362s] Level 1:colcon.colcon_core.package_identification:_identify(src/lio_sam_gazebo_ros2/src/velodyne_simulator/velodyne_simulator) by extension 'ignore'
[2.362s] Level 1:colcon.colcon_core.package_identification:_identify(src/lio_sam_gazebo_ros2/src/velodyne_simulator/velodyne_simulator) by extension 'ignore_ament_install'
[2.362s] Level 1:colcon.colcon_core.package_identification:_identify(src/lio_sam_gazebo_ros2/src/velodyne_simulator/velodyne_simulator) by extensions ['colcon_pkg']
[2.362s] Level 1:colcon.colcon_core.package_identification:_identify(src/lio_sam_gazebo_ros2/src/velodyne_simulator/velodyne_simulator) by extension 'colcon_pkg'
[2.362s] Level 1:colcon.colcon_core.package_identification:_identify(src/lio_sam_gazebo_ros2/src/velodyne_simulator/velodyne_simulator) by extensions ['colcon_meta']
[2.362s] Level 1:colcon.colcon_core.package_identification:_identify(src/lio_sam_gazebo_ros2/src/velodyne_simulator/velodyne_simulator) by extension 'colcon_meta'
[2.362s] Level 1:colcon.colcon_core.package_identification:_identify(src/lio_sam_gazebo_ros2/src/velodyne_simulator/velodyne_simulator) by extensions ['ros']
[2.362s] Level 1:colcon.colcon_core.package_identification:_identify(src/lio_sam_gazebo_ros2/src/velodyne_simulator/velodyne_simulator) by extension 'ros'
[2.362s] DEBUG:colcon.colcon_core.package_identification:Package 'src/lio_sam_gazebo_ros2/src/velodyne_simulator/velodyne_simulator' with type 'ros.ament_cmake' and name 'velodyne_simulator'
[2.363s] Level 1:colcon.colcon_core.package_identification:_identify(src/publish_lidar_data) by extensions ['ignore', 'ignore_ament_install']
[2.363s] Level 1:colcon.colcon_core.package_identification:_identify(src/publish_lidar_data) by extension 'ignore'
[2.363s] Level 1:colcon.colcon_core.package_identification:_identify(src/publish_lidar_data) by extension 'ignore_ament_install'
[2.363s] Level 1:colcon.colcon_core.package_identification:_identify(src/publish_lidar_data) by extensions ['colcon_pkg']
[2.363s] Level 1:colcon.colcon_core.package_identification:_identify(src/publish_lidar_data) by extension 'colcon_pkg'
[2.363s] Level 1:colcon.colcon_core.package_identification:_identify(src/publish_lidar_data) by extensions ['colcon_meta']
[2.363s] Level 1:colcon.colcon_core.package_identification:_identify(src/publish_lidar_data) by extension 'colcon_meta'
[2.363s] Level 1:colcon.colcon_core.package_identification:_identify(src/publish_lidar_data) by extensions ['ros']
[2.363s] Level 1:colcon.colcon_core.package_identification:_identify(src/publish_lidar_data) by extension 'ros'
[2.364s] DEBUG:colcon.colcon_core.package_identification:Found ROS schema reference in package manifest in 'src/publish_lidar_data'
[2.364s] WARNING:colcon.colcon_core.package_identification:Failed to parse ROS package manifest in 'src/publish_lidar_data': Error(s) in package 'src/publish_lidar_data/package.xml':
Invalid email "ceu@cego6160@colorado.edu" for person "ceu"
[2.364s] Level 1:colcon.colcon_core.package_identification:_identify(src/publish_lidar_data) by extensions ['cmake', 'python']
[2.364s] Level 1:colcon.colcon_core.package_identification:_identify(src/publish_lidar_data) by extension 'cmake'
[2.364s] Level 1:colcon.colcon_core.package_identification:_identify(src/publish_lidar_data) by extension 'python'
[2.364s] DEBUG:colcon.colcon_core.package_identification:Python package in 'src/publish_lidar_data' passes arguments to the setup() function which requires a different identification extension than 'python'
[2.364s] Level 1:colcon.colcon_core.package_identification:_identify(src/publish_lidar_data) by extensions ['python_setup_py']
[2.364s] Level 1:colcon.colcon_core.package_identification:_identify(src/publish_lidar_data) by extension 'python_setup_py'
[2.602s] DEBUG:colcon.colcon_core.package_identification:Package 'src/publish_lidar_data' with type 'python' and name 'publish_lidar_data'
[2.602s] Level 1:colcon.colcon_core.package_identification:_identify(src/px4-offboard) by extensions ['ignore', 'ignore_ament_install']
[2.602s] Level 1:colcon.colcon_core.package_identification:_identify(src/px4-offboard) by extension 'ignore'
[2.602s] Level 1:colcon.colcon_core.package_identification:_identify(src/px4-offboard) by extension 'ignore_ament_install'
[2.602s] Level 1:colcon.colcon_core.package_identification:_identify(src/px4-offboard) by extensions ['colcon_pkg']
[2.602s] Level 1:colcon.colcon_core.package_identification:_identify(src/px4-offboard) by extension 'colcon_pkg'
[2.602s] Level 1:colcon.colcon_core.package_identification:_identify(src/px4-offboard) by extensions ['colcon_meta']
[2.602s] Level 1:colcon.colcon_core.package_identification:_identify(src/px4-offboard) by extension 'colcon_meta'
[2.602s] Level 1:colcon.colcon_core.package_identification:_identify(src/px4-offboard) by extensions ['ros']
[2.602s] Level 1:colcon.colcon_core.package_identification:_identify(src/px4-offboard) by extension 'ros'
[2.603s] DEBUG:colcon.colcon_core.package_identification:Package 'src/px4-offboard' with type 'ros.ament_python' and name 'px4_offboard'
[2.603s] Level 1:colcon.colcon_core.package_identification:_identify(src/px4_msgs) by extensions ['ignore', 'ignore_ament_install']
[2.604s] Level 1:colcon.colcon_core.package_identification:_identify(src/px4_msgs) by extension 'ignore'
[2.604s] Level 1:colcon.colcon_core.package_identification:_identify(src/px4_msgs) by extension 'ignore_ament_install'
[2.604s] Level 1:colcon.colcon_core.package_identification:_identify(src/px4_msgs) by extensions ['colcon_pkg']
[2.604s] Level 1:colcon.colcon_core.package_identification:_identify(src/px4_msgs) by extension 'colcon_pkg'
[2.604s] Level 1:colcon.colcon_core.package_identification:_identify(src/px4_msgs) by extensions ['colcon_meta']
[2.604s] Level 1:colcon.colcon_core.package_identification:_identify(src/px4_msgs) by extension 'colcon_meta'
[2.604s] Level 1:colcon.colcon_core.package_identification:_identify(src/px4_msgs) by extensions ['ros']
[2.604s] Level 1:colcon.colcon_core.package_identification:_identify(src/px4_msgs) by extension 'ros'
[2.604s] DEBUG:colcon.colcon_core.package_identification:Package 'src/px4_msgs' with type 'ros.ament_cmake' and name 'px4_msgs'
[2.605s] Level 1:colcon.colcon_core.package_identification:_identify(src/px4_ros_com) by extensions ['ignore', 'ignore_ament_install']
[2.605s] Level 1:colcon.colcon_core.package_identification:_identify(src/px4_ros_com) by extension 'ignore'
[2.605s] Level 1:colcon.colcon_core.package_identification:_identify(src/px4_ros_com) by extension 'ignore_ament_install'
[2.605s] Level 1:colcon.colcon_core.package_identification:_identify(src/px4_ros_com) by extensions ['colcon_pkg']
[2.605s] Level 1:colcon.colcon_core.package_identification:_identify(src/px4_ros_com) by extension 'colcon_pkg'
[2.605s] Level 1:colcon.colcon_core.package_identification:_identify(src/px4_ros_com) by extensions ['colcon_meta']
[2.605s] Level 1:colcon.colcon_core.package_identification:_identify(src/px4_ros_com) by extension 'colcon_meta'
[2.605s] Level 1:colcon.colcon_core.package_identification:_identify(src/px4_ros_com) by extensions ['ros']
[2.605s] Level 1:colcon.colcon_core.package_identification:_identify(src/px4_ros_com) by extension 'ros'
[2.606s] DEBUG:colcon.colcon_core.package_identification:Package 'src/px4_ros_com' with type 'ros.ament_cmake' and name 'px4_ros_com'
[2.607s] Level 1:colcon.colcon_core.package_discovery:discover_packages(recursive) using defaults
[2.607s] Level 1:colcon.colcon_core.package_discovery:discover_packages(ignore) discover
[2.607s] Level 1:colcon.colcon_core.package_discovery:discover_packages(ignore) using defaults
[2.607s] Level 1:colcon.colcon_core.package_discovery:discover_packages(path) discover
[2.607s] Level 1:colcon.colcon_core.package_discovery:discover_packages(path) using defaults
[2.836s] Level 1:colcon.colcon_core.package_discovery:discover_packages(prefix_path) check parameters
[2.836s] Level 1:colcon.colcon_core.package_discovery:discover_packages(prefix_path) discover
[2.936s] DEBUG:colcon.colcon_installed_package_information.package_discovery:Found 291 installed packages in /opt/ros/foxy
[2.938s] Level 1:colcon.colcon_core.package_discovery:discover_packages(prefix_path) using defaults
[3.124s] Level 5:colcon.colcon_core.verb:set package 'lio_sam' build argument 'cmake_args' from command line to 'None'
[3.124s] Level 5:colcon.colcon_core.verb:set package 'lio_sam' build argument 'cmake_target' from command line to 'None'
[3.124s] Level 5:colcon.colcon_core.verb:set package 'lio_sam' build argument 'cmake_target_skip_unavailable' from command line to 'False'
[3.124s] Level 5:colcon.colcon_core.verb:set package 'lio_sam' build argument 'cmake_clean_cache' from command line to 'False'
[3.125s] Level 5:colcon.colcon_core.verb:set package 'lio_sam' build argument 'cmake_clean_first' from command line to 'False'
[3.125s] Level 5:colcon.colcon_core.verb:set package 'lio_sam' build argument 'cmake_force_configure' from command line to 'False'
[3.125s] Level 5:colcon.colcon_core.verb:set package 'lio_sam' build argument 'ament_cmake_args' from command line to 'None'
[3.125s] Level 5:colcon.colcon_core.verb:set package 'lio_sam' build argument 'catkin_cmake_args' from command line to 'None'
[3.125s] Level 5:colcon.colcon_core.verb:set package 'lio_sam' build argument 'catkin_skip_building_tests' from command line to 'False'
[3.125s] DEBUG:colcon.colcon_core.verb:Building package 'lio_sam' with the following arguments: {'ament_cmake_args': None, 'build_base': '/home/ceu/ros2_ws/build/lio_sam', 'catkin_cmake_args': None, 'catkin_skip_building_tests': False, 'cmake_args': None, 'cmake_clean_cache': False, 'cmake_clean_first': False, 'cmake_force_configure': False, 'cmake_target': None, 'cmake_target_skip_unavailable': False, 'install_base': '/home/ceu/ros2_ws/install/lio_sam', 'merge_install': False, 'path': '/home/ceu/ros2_ws/src/lio_sam_gazebo_ros2/src/LIO-SAM-ros2', 'symlink_install': False, 'test_result_base': None}
[3.167s] Level 5:colcon.colcon_core.verb:set package 'publish_lidar_data' build argument 'cmake_args' from command line to 'None'
[3.167s] Level 5:colcon.colcon_core.verb:set package 'publish_lidar_data' build argument 'cmake_target' from command line to 'None'
[3.167s] Level 5:colcon.colcon_core.verb:set package 'publish_lidar_data' build argument 'cmake_target_skip_unavailable' from command line to 'False'
[3.167s] Level 5:colcon.colcon_core.verb:set package 'publish_lidar_data' build argument 'cmake_clean_cache' from command line to 'False'
[3.167s] Level 5:colcon.colcon_core.verb:set package 'publish_lidar_data' build argument 'cmake_clean_first' from command line to 'False'
[3.167s] Level 5:colcon.colcon_core.verb:set package 'publish_lidar_data' build argument 'cmake_force_configure' from command line to 'False'
[3.167s] Level 5:colcon.colcon_core.verb:set package 'publish_lidar_data' build argument 'ament_cmake_args' from command line to 'None'
[3.167s] Level 5:colcon.colcon_core.verb:set package 'publish_lidar_data' build argument 'catkin_cmake_args' from command line to 'None'
[3.167s] Level 5:colcon.colcon_core.verb:set package 'publish_lidar_data' build argument 'catkin_skip_building_tests' from command line to 'False'
[3.167s] DEBUG:colcon.colcon_core.verb:Building package 'publish_lidar_data' with the following arguments: {'ament_cmake_args': None, 'build_base': '/home/ceu/ros2_ws/build/publish_lidar_data', 'catkin_cmake_args': None, 'catkin_skip_building_tests': False, 'cmake_args': None, 'cmake_clean_cache': False, 'cmake_clean_first': False, 'cmake_force_configure': False, 'cmake_target': None, 'cmake_target_skip_unavailable': False, 'install_base': '/home/ceu/ros2_ws/install/publish_lidar_data', 'merge_install': False, 'path': '/home/ceu/ros2_ws/src/publish_lidar_data', 'symlink_install': False, 'test_result_base': None}
[3.209s] Level 5:colcon.colcon_core.verb:set package 'px4' build argument 'cmake_args' from command line to 'None'
[3.209s] Level 5:colcon.colcon_core.verb:set package 'px4' build argument 'cmake_target' from command line to 'None'
[3.209s] Level 5:colcon.colcon_core.verb:set package 'px4' build argument 'cmake_target_skip_unavailable' from command line to 'False'
[3.209s] Level 5:colcon.colcon_core.verb:set package 'px4' build argument 'cmake_clean_cache' from command line to 'False'
[3.209s] Level 5:colcon.colcon_core.verb:set package 'px4' build argument 'cmake_clean_first' from command line to 'False'
[3.209s] Level 5:colcon.colcon_core.verb:set package 'px4' build argument 'cmake_force_configure' from command line to 'False'
[3.209s] Level 5:colcon.colcon_core.verb:set package 'px4' build argument 'ament_cmake_args' from command line to 'None'
[3.209s] Level 5:colcon.colcon_core.verb:set package 'px4' build argument 'catkin_cmake_args' from command line to 'None'
[3.209s] Level 5:colcon.colcon_core.verb:set package 'px4' build argument 'catkin_skip_building_tests' from command line to 'False'
[3.209s] DEBUG:colcon.colcon_core.verb:Building package 'px4' with the following arguments: {'ament_cmake_args': None, 'build_base': '/home/ceu/ros2_ws/build/px4', 'catkin_cmake_args': None, 'catkin_skip_building_tests': False, 'cmake_args': None, 'cmake_clean_cache': False, 'cmake_clean_first': False, 'cmake_force_configure': False, 'cmake_target': None, 'cmake_target_skip_unavailable': False, 'install_base': '/home/ceu/ros2_ws/install/px4', 'merge_install': False, 'path': '/home/ceu/ros2_ws/src/PX4-Autopilot', 'symlink_install': False, 'test_result_base': None}
[3.250s] Level 5:colcon.colcon_core.verb:set package 'px4_msgs' build argument 'cmake_args' from command line to 'None'
[3.250s] Level 5:colcon.colcon_core.verb:set package 'px4_msgs' build argument 'cmake_target' from command line to 'None'
[3.250s] Level 5:colcon.colcon_core.verb:set package 'px4_msgs' build argument 'cmake_target_skip_unavailable' from command line to 'False'
[3.250s] Level 5:colcon.colcon_core.verb:set package 'px4_msgs' build argument 'cmake_clean_cache' from command line to 'False'
[3.250s] Level 5:colcon.colcon_core.verb:set package 'px4_msgs' build argument 'cmake_clean_first' from command line to 'False'
[3.250s] Level 5:colcon.colcon_core.verb:set package 'px4_msgs' build argument 'cmake_force_configure' from command line to 'False'
[3.250s] Level 5:colcon.colcon_core.verb:set package 'px4_msgs' build argument 'ament_cmake_args' from command line to 'None'
[3.250s] Level 5:colcon.colcon_core.verb:set package 'px4_msgs' build argument 'catkin_cmake_args' from command line to 'None'
[3.250s] Level 5:colcon.colcon_core.verb:set package 'px4_msgs' build argument 'catkin_skip_building_tests' from command line to 'False'
[3.250s] DEBUG:colcon.colcon_core.verb:Building package 'px4_msgs' with the following arguments: {'ament_cmake_args': None, 'build_base': '/home/ceu/ros2_ws/build/px4_msgs', 'catkin_cmake_args': None, 'catkin_skip_building_tests': False, 'cmake_args': None, 'cmake_clean_cache': False, 'cmake_clean_first': False, 'cmake_force_configure': False, 'cmake_target': None, 'cmake_target_skip_unavailable': False, 'install_base': '/home/ceu/ros2_ws/install/px4_msgs', 'merge_install': False, 'path': '/home/ceu/ros2_ws/src/px4_msgs', 'symlink_install': False, 'test_result_base': None}
[3.292s] Level 5:colcon.colcon_core.verb:set package 'robot_control' build argument 'cmake_args' from command line to 'None'
[3.292s] Level 5:colcon.colcon_core.verb:set package 'robot_control' build argument 'cmake_target' from command line to 'None'
[3.292s] Level 5:colcon.colcon_core.verb:set package 'robot_control' build argument 'cmake_target_skip_unavailable' from command line to 'False'
[3.292s] Level 5:colcon.colcon_core.verb:set package 'robot_control' build argument 'cmake_clean_cache' from command line to 'False'
[3.292s] Level 5:colcon.colcon_core.verb:set package 'robot_control' build argument 'cmake_clean_first' from command line to 'False'
[3.292s] Level 5:colcon.colcon_core.verb:set package 'robot_control' build argument 'cmake_force_configure' from command line to 'False'
[3.292s] Level 5:colcon.colcon_core.verb:set package 'robot_control' build argument 'ament_cmake_args' from command line to 'None'
[3.292s] Level 5:colcon.colcon_core.verb:set package 'robot_control' build argument 'catkin_cmake_args' from command line to 'None'
[3.292s] Level 5:colcon.colcon_core.verb:set package 'robot_control' build argument 'catkin_skip_building_tests' from command line to 'False'
[3.292s] DEBUG:colcon.colcon_core.verb:Building package 'robot_control' with the following arguments: {'ament_cmake_args': None, 'build_base': '/home/ceu/ros2_ws/build/robot_control', 'catkin_cmake_args': None, 'catkin_skip_building_tests': False, 'cmake_args': None, 'cmake_clean_cache': False, 'cmake_clean_first': False, 'cmake_force_configure': False, 'cmake_target': None, 'cmake_target_skip_unavailable': False, 'install_base': '/home/ceu/ros2_ws/install/robot_control', 'merge_install': False, 'path': '/home/ceu/ros2_ws/src/lio_sam_gazebo_ros2/src/robot_control', 'symlink_install': False, 'test_result_base': None}
[3.340s] Level 5:colcon.colcon_core.verb:set package 'robot_description' build argument 'cmake_args' from command line to 'None'
[3.341s] Level 5:colcon.colcon_core.verb:set package 'robot_description' build argument 'cmake_target' from command line to 'None'
[3.341s] Level 5:colcon.colcon_core.verb:set package 'robot_description' build argument 'cmake_target_skip_unavailable' from command line to 'False'
[3.341s] Level 5:colcon.colcon_core.verb:set package 'robot_description' build argument 'cmake_clean_cache' from command line to 'False'
[3.341s] Level 5:colcon.colcon_core.verb:set package 'robot_description' build argument 'cmake_clean_first' from command line to 'False'
[3.341s] Level 5:colcon.colcon_core.verb:set package 'robot_description' build argument 'cmake_force_configure' from command line to 'False'
[3.341s] Level 5:colcon.colcon_core.verb:set package 'robot_description' build argument 'ament_cmake_args' from command line to 'None'
[3.341s] Level 5:colcon.colcon_core.verb:set package 'robot_description' build argument 'catkin_cmake_args' from command line to 'None'
[3.341s] Level 5:colcon.colcon_core.verb:set package 'robot_description' build argument 'catkin_skip_building_tests' from command line to 'False'
[3.341s] DEBUG:colcon.colcon_core.verb:Building package 'robot_description' with the following arguments: {'ament_cmake_args': None, 'build_base': '/home/ceu/ros2_ws/build/robot_description', 'catkin_cmake_args': None, 'catkin_skip_building_tests': False, 'cmake_args': None, 'cmake_clean_cache': False, 'cmake_clean_first': False, 'cmake_force_configure': False, 'cmake_target': None, 'cmake_target_skip_unavailable': False, 'install_base': '/home/ceu/ros2_ws/install/robot_description', 'merge_install': False, 'path': '/home/ceu/ros2_ws/src/lio_sam_gazebo_ros2/src/robot_description', 'symlink_install': False, 'test_result_base': None}
[3.378s] Level 5:colcon.colcon_core.verb:set package 'velodyne_description' build argument 'cmake_args' from command line to 'None'
[3.378s] Level 5:colcon.colcon_core.verb:set package 'velodyne_description' build argument 'cmake_target' from command line to 'None'
[3.379s] Level 5:colcon.colcon_core.verb:set package 'velodyne_description' build argument 'cmake_target_skip_unavailable' from command line to 'False'
[3.379s] Level 5:colcon.colcon_core.verb:set package 'velodyne_description' build argument 'cmake_clean_cache' from command line to 'False'
[3.379s] Level 5:colcon.colcon_core.verb:set package 'velodyne_description' build argument 'cmake_clean_first' from command line to 'False'
[3.379s] Level 5:colcon.colcon_core.verb:set package 'velodyne_description' build argument 'cmake_force_configure' from command line to 'False'
[3.379s] Level 5:colcon.colcon_core.verb:set package 'velodyne_description' build argument 'ament_cmake_args' from command line to 'None'
[3.379s] Level 5:colcon.colcon_core.verb:set package 'velodyne_description' build argument 'catkin_cmake_args' from command line to 'None'
[3.379s] Level 5:colcon.colcon_core.verb:set package 'velodyne_description' build argument 'catkin_skip_building_tests' from command line to 'False'
[3.379s] DEBUG:colcon.colcon_core.verb:Building package 'velodyne_description' with the following arguments: {'ament_cmake_args': None, 'build_base': '/home/ceu/ros2_ws/build/velodyne_description', 'catkin_cmake_args': None, 'catkin_skip_building_tests': False, 'cmake_args': None, 'cmake_clean_cache': False, 'cmake_clean_first': False, 'cmake_force_configure': False, 'cmake_target': None, 'cmake_target_skip_unavailable': False, 'install_base': '/home/ceu/ros2_ws/install/velodyne_description', 'merge_install': False, 'path': '/home/ceu/ros2_ws/src/lio_sam_gazebo_ros2/src/velodyne_simulator/velodyne_description', 'symlink_install': False, 'test_result_base': None}
[3.421s] Level 5:colcon.colcon_core.verb:set package 'velodyne_gazebo_plugins' build argument 'cmake_args' from command line to 'None'
[3.421s] Level 5:colcon.colcon_core.verb:set package 'velodyne_gazebo_plugins' build argument 'cmake_target' from command line to 'None'
[3.421s] Level 5:colcon.colcon_core.verb:set package 'velodyne_gazebo_plugins' build argument 'cmake_target_skip_unavailable' from command line to 'False'
[3.421s] Level 5:colcon.colcon_core.verb:set package 'velodyne_gazebo_plugins' build argument 'cmake_clean_cache' from command line to 'False'
[3.421s] Level 5:colcon.colcon_core.verb:set package 'velodyne_gazebo_plugins' build argument 'cmake_clean_first' from command line to 'False'
[3.421s] Level 5:colcon.colcon_core.verb:set package 'velodyne_gazebo_plugins' build argument 'cmake_force_configure' from command line to 'False'
[3.421s] Level 5:colcon.colcon_core.verb:set package 'velodyne_gazebo_plugins' build argument 'ament_cmake_args' from command line to 'None'
[3.421s] Level 5:colcon.colcon_core.verb:set package 'velodyne_gazebo_plugins' build argument 'catkin_cmake_args' from command line to 'None'
[3.421s] Level 5:colcon.colcon_core.verb:set package 'velodyne_gazebo_plugins' build argument 'catkin_skip_building_tests' from command line to 'False'
[3.421s] DEBUG:colcon.colcon_core.verb:Building package 'velodyne_gazebo_plugins' with the following arguments: {'ament_cmake_args': None, 'build_base': '/home/ceu/ros2_ws/build/velodyne_gazebo_plugins', 'catkin_cmake_args': None, 'catkin_skip_building_tests': False, 'cmake_args': None, 'cmake_clean_cache': False, 'cmake_clean_first': False, 'cmake_force_configure': False, 'cmake_target': None, 'cmake_target_skip_unavailable': False, 'install_base': '/home/ceu/ros2_ws/install/velodyne_gazebo_plugins', 'merge_install': False, 'path': '/home/ceu/ros2_ws/src/lio_sam_gazebo_ros2/src/velodyne_simulator/velodyne_gazebo_plugins', 'symlink_install': False, 'test_result_base': None}
[3.459s] Level 5:colcon.colcon_core.verb:set package 'px4_offboard' build argument 'cmake_args' from command line to 'None'
[3.460s] Level 5:colcon.colcon_core.verb:set package 'px4_offboard' build argument 'cmake_target' from command line to 'None'
[3.460s] Level 5:colcon.colcon_core.verb:set package 'px4_offboard' build argument 'cmake_target_skip_unavailable' from command line to 'False'
[3.460s] Level 5:colcon.colcon_core.verb:set package 'px4_offboard' build argument 'cmake_clean_cache' from command line to 'False'
[3.460s] Level 5:colcon.colcon_core.verb:set package 'px4_offboard' build argument 'cmake_clean_first' from command line to 'False'
[3.460s] Level 5:colcon.colcon_core.verb:set package 'px4_offboard' build argument 'cmake_force_configure' from command line to 'False'
[3.460s] Level 5:colcon.colcon_core.verb:set package 'px4_offboard' build argument 'ament_cmake_args' from command line to 'None'
[3.460s] Level 5:colcon.colcon_core.verb:set package 'px4_offboard' build argument 'catkin_cmake_args' from command line to 'None'
[3.460s] Level 5:colcon.colcon_core.verb:set package 'px4_offboard' build argument 'catkin_skip_building_tests' from command line to 'False'
[3.460s] DEBUG:colcon.colcon_core.verb:Building package 'px4_offboard' with the following arguments: {'ament_cmake_args': None, 'build_base': '/home/ceu/ros2_ws/build/px4_offboard', 'catkin_cmake_args': None, 'catkin_skip_building_tests': False, 'cmake_args': None, 'cmake_clean_cache': False, 'cmake_clean_first': False, 'cmake_force_configure': False, 'cmake_target': None, 'cmake_target_skip_unavailable': False, 'install_base': '/home/ceu/ros2_ws/install/px4_offboard', 'merge_install': False, 'path': '/home/ceu/ros2_ws/src/px4-offboard', 'symlink_install': False, 'test_result_base': None}
[3.501s] Level 5:colcon.colcon_core.verb:set package 'px4_ros_com' build argument 'cmake_args' from command line to 'None'
[3.501s] Level 5:colcon.colcon_core.verb:set package 'px4_ros_com' build argument 'cmake_target' from command line to 'None'
[3.501s] Level 5:colcon.colcon_core.verb:set package 'px4_ros_com' build argument 'cmake_target_skip_unavailable' from command line to 'False'
[3.501s] Level 5:colcon.colcon_core.verb:set package 'px4_ros_com' build argument 'cmake_clean_cache' from command line to 'False'
[3.501s] Level 5:colcon.colcon_core.verb:set package 'px4_ros_com' build argument 'cmake_clean_first' from command line to 'False'
[3.501s] Level 5:colcon.colcon_core.verb:set package 'px4_ros_com' build argument 'cmake_force_configure' from command line to 'False'
[3.501s] Level 5:colcon.colcon_core.verb:set package 'px4_ros_com' build argument 'ament_cmake_args' from command line to 'None'
[3.501s] Level 5:colcon.colcon_core.verb:set package 'px4_ros_com' build argument 'catkin_cmake_args' from command line to 'None'
[3.501s] Level 5:colcon.colcon_core.verb:set package 'px4_ros_com' build argument 'catkin_skip_building_tests' from command line to 'False'
[3.501s] DEBUG:colcon.colcon_core.verb:Building package 'px4_ros_com' with the following arguments: {'ament_cmake_args': None, 'build_base': '/home/ceu/ros2_ws/build/px4_ros_com', 'catkin_cmake_args': None, 'catkin_skip_building_tests': False, 'cmake_args': None, 'cmake_clean_cache': False, 'cmake_clean_first': False, 'cmake_force_configure': False, 'cmake_target': None, 'cmake_target_skip_unavailable': False, 'install_base': '/home/ceu/ros2_ws/install/px4_ros_com', 'merge_install': False, 'path': '/home/ceu/ros2_ws/src/px4_ros_com', 'symlink_install': False, 'test_result_base': None}
[3.540s] Level 5:colcon.colcon_core.verb:set package 'robot_gazebo' build argument 'cmake_args' from command line to 'None'
[3.540s] Level 5:colcon.colcon_core.verb:set package 'robot_gazebo' build argument 'cmake_target' from command line to 'None'
[3.540s] Level 5:colcon.colcon_core.verb:set package 'robot_gazebo' build argument 'cmake_target_skip_unavailable' from command line to 'False'
[3.540s] Level 5:colcon.colcon_core.verb:set package 'robot_gazebo' build argument 'cmake_clean_cache' from command line to 'False'
[3.540s] Level 5:colcon.colcon_core.verb:set package 'robot_gazebo' build argument 'cmake_clean_first' from command line to 'False'
[3.540s] Level 5:colcon.colcon_core.verb:set package 'robot_gazebo' build argument 'cmake_force_configure' from command line to 'False'
[3.540s] Level 5:colcon.colcon_core.verb:set package 'robot_gazebo' build argument 'ament_cmake_args' from command line to 'None'
[3.540s] Level 5:colcon.colcon_core.verb:set package 'robot_gazebo' build argument 'catkin_cmake_args' from command line to 'None'
[3.540s] Level 5:colcon.colcon_core.verb:set package 'robot_gazebo' build argument 'catkin_skip_building_tests' from command line to 'False'
[3.540s] DEBUG:colcon.colcon_core.verb:Building package 'robot_gazebo' with the following arguments: {'ament_cmake_args': None, 'build_base': '/home/ceu/ros2_ws/build/robot_gazebo', 'catkin_cmake_args': None, 'catkin_skip_building_tests': False, 'cmake_args': None, 'cmake_clean_cache': False, 'cmake_clean_first': False, 'cmake_force_configure': False, 'cmake_target': None, 'cmake_target_skip_unavailable': False, 'install_base': '/home/ceu/ros2_ws/install/robot_gazebo', 'merge_install': False, 'path': '/home/ceu/ros2_ws/src/lio_sam_gazebo_ros2/src/robot_gazebo', 'symlink_install': False, 'test_result_base': None}
[3.578s] Level 5:colcon.colcon_core.verb:set package 'velodyne_simulator' build argument 'cmake_args' from command line to 'None'
[3.578s] Level 5:colcon.colcon_core.verb:set package 'velodyne_simulator' build argument 'cmake_target' from command line to 'None'
[3.578s] Level 5:colcon.colcon_core.verb:set package 'velodyne_simulator' build argument 'cmake_target_skip_unavailable' from command line to 'False'
[3.578s] Level 5:colcon.colcon_core.verb:set package 'velodyne_simulator' build argument 'cmake_clean_cache' from command line to 'False'
[3.578s] Level 5:colcon.colcon_core.verb:set package 'velodyne_simulator' build argument 'cmake_clean_first' from command line to 'False'
[3.578s] Level 5:colcon.colcon_core.verb:set package 'velodyne_simulator' build argument 'cmake_force_configure' from command line to 'False'
[3.579s] Level 5:colcon.colcon_core.verb:set package 'velodyne_simulator' build argument 'ament_cmake_args' from command line to 'None'
[3.579s] Level 5:colcon.colcon_core.verb:set package 'velodyne_simulator' build argument 'catkin_cmake_args' from command line to 'None'
[3.579s] Level 5:colcon.colcon_core.verb:set package 'velodyne_simulator' build argument 'catkin_skip_building_tests' from command line to 'False'
[3.579s] DEBUG:colcon.colcon_core.verb:Building package 'velodyne_simulator' with the following arguments: {'ament_cmake_args': None, 'build_base': '/home/ceu/ros2_ws/build/velodyne_simulator', 'catkin_cmake_args': None, 'catkin_skip_building_tests': False, 'cmake_args': None, 'cmake_clean_cache': False, 'cmake_clean_first': False, 'cmake_force_configure': False, 'cmake_target': None, 'cmake_target_skip_unavailable': False, 'install_base': '/home/ceu/ros2_ws/install/velodyne_simulator', 'merge_install': False, 'path': '/home/ceu/ros2_ws/src/lio_sam_gazebo_ros2/src/velodyne_simulator/velodyne_simulator', 'symlink_install': False, 'test_result_base': None}
[3.616s] INFO:colcon.colcon_core.executor:Executing jobs using 'parallel' executor
[3.653s] DEBUG:colcon.colcon_parallel_executor.executor.parallel:run_until_complete
[3.653s] INFO:colcon.colcon_ros.task.ament_cmake.build:Building ROS package in '/home/ceu/ros2_ws/src/px4_msgs' with build type 'ament_cmake'
[3.653s] INFO:colcon.colcon_cmake.task.cmake.build:Building CMake package in '/home/ceu/ros2_ws/src/px4_msgs'
[3.703s] INFO:colcon.colcon_core.plugin_system:Skipping extension 'colcon_core.shell.bat': Not used on non-Windows systems
[3.703s] INFO:colcon.colcon_core.shell:Skip shell extension 'powershell' for command environment: Not usable outside of PowerShell
[3.703s] DEBUG:colcon.colcon_core.shell:Skip shell extension 'dsv' for command environment
[3.781s] INFO:colcon.colcon_ros.task.ament_cmake.build:Building ROS package in '/home/ceu/ros2_ws/src/lio_sam_gazebo_ros2/src/robot_description' with build type 'ament_cmake'
[3.782s] INFO:colcon.colcon_cmake.task.cmake.build:Building CMake package in '/home/ceu/ros2_ws/src/lio_sam_gazebo_ros2/src/robot_description'
[3.819s] INFO:colcon.colcon_core.shell:Skip shell extension 'powershell' for command environment: Not usable outside of PowerShell
[3.819s] DEBUG:colcon.colcon_core.shell:Skip shell extension 'dsv' for command environment
[3.897s] INFO:colcon.colcon_ros.task.ament_cmake.build:Building ROS package in '/home/ceu/ros2_ws/src/lio_sam_gazebo_ros2/src/velodyne_simulator/velodyne_description' with build type 'ament_cmake'
[3.898s] INFO:colcon.colcon_cmake.task.cmake.build:Building CMake package in '/home/ceu/ros2_ws/src/lio_sam_gazebo_ros2/src/velodyne_simulator/velodyne_description'
[3.935s] INFO:colcon.colcon_core.shell:Skip shell extension 'powershell' for command environment: Not usable outside of PowerShell
[3.935s] DEBUG:colcon.colcon_core.shell:Skip shell extension 'dsv' for command environment
[4.013s] INFO:colcon.colcon_ros.task.ament_cmake.build:Building ROS package in '/home/ceu/ros2_ws/src/lio_sam_gazebo_ros2/src/velodyne_simulator/velodyne_gazebo_plugins' with build type 'ament_cmake'
[4.013s] INFO:colcon.colcon_cmake.task.cmake.build:Building CMake package in '/home/ceu/ros2_ws/src/lio_sam_gazebo_ros2/src/velodyne_simulator/velodyne_gazebo_plugins'
[4.052s] INFO:colcon.colcon_core.shell:Skip shell extension 'powershell' for command environment: Not usable outside of PowerShell
[4.052s] DEBUG:colcon.colcon_core.shell:Skip shell extension 'dsv' for command environment
[4.133s] INFO:colcon.colcon_ros.task.ament_cmake.build:Building ROS package in '/home/ceu/ros2_ws/src/lio_sam_gazebo_ros2/src/LIO-SAM-ros2' with build type 'ament_cmake'
[4.133s] INFO:colcon.colcon_cmake.task.cmake.build:Building CMake package in '/home/ceu/ros2_ws/src/lio_sam_gazebo_ros2/src/LIO-SAM-ros2'
[4.175s] INFO:colcon.colcon_core.shell:Skip shell extension 'powershell' for command environment: Not usable outside of PowerShell
[4.175s] DEBUG:colcon.colcon_core.shell:Skip shell extension 'dsv' for command environment
[4.260s] INFO:colcon.colcon_core.task.python.build:Building Python package in '/home/ceu/ros2_ws/src/publish_lidar_data'
[4.302s] INFO:colcon.colcon_core.shell:Skip shell extension 'powershell' for command environment: Not usable outside of PowerShell
[4.302s] DEBUG:colcon.colcon_core.shell:Skip shell extension 'dsv' for command environment
[4.392s] INFO:colcon.colcon_ros.task.ament_cmake.build:Building ROS package in '/home/ceu/ros2_ws/src/PX4-Autopilot' with build type 'ament_cmake'
[4.393s] INFO:colcon.colcon_cmake.task.cmake.build:Building CMake package in '/home/ceu/ros2_ws/src/PX4-Autopilot'
[4.446s] INFO:colcon.colcon_core.shell:Skip shell extension 'powershell' for command environment: Not usable outside of PowerShell
[4.447s] DEBUG:colcon.colcon_core.shell:Skip shell extension 'dsv' for command environment
[4.531s] INFO:colcon.colcon_ros.task.ament_cmake.build:Building ROS package in '/home/ceu/ros2_ws/src/lio_sam_gazebo_ros2/src/robot_control' with build type 'ament_cmake'
[4.532s] INFO:colcon.colcon_cmake.task.cmake.build:Building CMake package in '/home/ceu/ros2_ws/src/lio_sam_gazebo_ros2/src/robot_control'
[4.573s] INFO:colcon.colcon_core.shell:Skip shell extension 'powershell' for command environment: Not usable outside of PowerShell
[4.573s] DEBUG:colcon.colcon_core.shell:Skip shell extension 'dsv' for command environment
[4.676s] DEBUG:colcon.colcon_core.event_handler.log_command:Invoking command in '/home/ceu/ros2_ws/build/px4_msgs': CMAKE_PREFIX_PATH=/opt/ros/foxy /usr/bin/cmake --build /home/ceu/ros2_ws/build/px4_msgs -- -j12 -l12
[4.685s] DEBUG:colcon.colcon_core.event_handler.log_command:Invoking command in '/home/ceu/ros2_ws/build/robot_description': CMAKE_PREFIX_PATH=/opt/ros/foxy /usr/bin/cmake /home/ceu/ros2_ws/src/lio_sam_gazebo_ros2/src/robot_description -DCMAKE_INSTALL_PREFIX=/home/ceu/ros2_ws/install/robot_description
[4.688s] DEBUG:colcon.colcon_core.event_handler.log_command:Invoking command in '/home/ceu/ros2_ws/build/velodyne_description': CMAKE_PREFIX_PATH=/opt/ros/foxy /usr/bin/cmake /home/ceu/ros2_ws/src/lio_sam_gazebo_ros2/src/velodyne_simulator/velodyne_description -DCMAKE_INSTALL_PREFIX=/home/ceu/ros2_ws/install/velodyne_description
[4.691s] DEBUG:colcon.colcon_core.event_handler.log_command:Invoking command in '/home/ceu/ros2_ws/build/velodyne_gazebo_plugins': CMAKE_PREFIX_PATH=/opt/ros/foxy /usr/bin/cmake /home/ceu/ros2_ws/src/lio_sam_gazebo_ros2/src/velodyne_simulator/velodyne_gazebo_plugins -DCMAKE_INSTALL_PREFIX=/home/ceu/ros2_ws/install/velodyne_gazebo_plugins
[4.699s] DEBUG:colcon.colcon_core.event_handler.log_command:Invoking command in '/home/ceu/ros2_ws/build/lio_sam': CMAKE_PREFIX_PATH=/opt/ros/foxy /usr/bin/cmake /home/ceu/ros2_ws/src/lio_sam_gazebo_ros2/src/LIO-SAM-ros2 -DCMAKE_INSTALL_PREFIX=/home/ceu/ros2_ws/install/lio_sam
[4.996s] DEBUG:colcon.colcon_core.event_handler.log_command:Invoking command in '/home/ceu/ros2_ws/build/px4': CMAKE_PREFIX_PATH=/opt/ros/foxy /usr/bin/cmake --build /home/ceu/ros2_ws/build/px4 -- -j12 -l12
[5.001s] DEBUG:colcon.colcon_core.event_handler.log_command:Invoking command in '/home/ceu/ros2_ws/build/robot_control': CMAKE_PREFIX_PATH=/opt/ros/foxy /usr/bin/cmake /home/ceu/ros2_ws/src/lio_sam_gazebo_ros2/src/robot_control -DCMAKE_INSTALL_PREFIX=/home/ceu/ros2_ws/install/robot_control
[5.012s] DEBUG:colcon.colcon_core.event_handler.log_command:Invoked command in '/home/ceu/ros2_ws/build/lio_sam' returned '1': CMAKE_PREFIX_PATH=/opt/ros/foxy /usr/bin/cmake /home/ceu/ros2_ws/src/lio_sam_gazebo_ros2/src/LIO-SAM-ros2 -DCMAKE_INSTALL_PREFIX=/home/ceu/ros2_ws/install/lio_sam
[5.024s] Level 1:colcon.colcon_core.environment:create_environment_scripts_only(lio_sam)
[5.111s] Level 1:colcon.colcon_core.environment:checking '/home/ceu/ros2_ws/install/lio_sam' for CMake module files
[5.112s] Level 1:colcon.colcon_core.environment:checking '/home/ceu/ros2_ws/install/lio_sam' for CMake config files
[5.113s] Level 1:colcon.colcon_core.environment:checking '/home/ceu/ros2_ws/install/lio_sam/bin'
[5.113s] Level 1:colcon.colcon_core.environment:checking '/home/ceu/ros2_ws/install/lio_sam/lib/pkgconfig/lio_sam.pc'
[5.114s] Level 1:colcon.colcon_core.environment:checking '/home/ceu/ros2_ws/install/lio_sam/lib/python3.8/site-packages'
[5.114s] Level 1:colcon.colcon_core.environment:checking '/home/ceu/ros2_ws/install/lio_sam/bin'
[5.210s] INFO:colcon.colcon_core.shell:Creating package script '/home/ceu/ros2_ws/install/lio_sam/share/lio_sam/package.ps1'
[5.212s] INFO:colcon.colcon_core.shell:Creating package descriptor '/home/ceu/ros2_ws/install/lio_sam/share/lio_sam/package.dsv'
[5.213s] INFO:colcon.colcon_core.shell:Creating package script '/home/ceu/ros2_ws/install/lio_sam/share/lio_sam/package.sh'
[5.214s] INFO:colcon.colcon_core.shell:Creating package script '/home/ceu/ros2_ws/install/lio_sam/share/lio_sam/package.bash'
[5.216s] INFO:colcon.colcon_core.shell:Creating package script '/home/ceu/ros2_ws/install/lio_sam/share/lio_sam/package.zsh'
[5.217s] Level 1:colcon.colcon_core.environment:create_file_with_runtime_dependencies(/home/ceu/ros2_ws/install/lio_sam/share/colcon-core/packages/lio_sam)
[8.057s] DEBUG:colcon.colcon_parallel_executor.executor.parallel:closing loop
[8.057s] DEBUG:colcon.colcon_parallel_executor.executor.parallel:loop closed
[8.057s] DEBUG:colcon.colcon_parallel_executor.executor.parallel:run_until_complete finished with '1'
[8.058s] DEBUG:colcon.colcon_core.event_reactor:joining thread
[8.105s] INFO:colcon.colcon_core.plugin_system:Skipping extension 'colcon_notification.desktop_notification.terminal_notifier': Not used on non-Darwin systems
[8.105s] INFO:colcon.colcon_core.plugin_system:Skipping extension 'colcon_notification.desktop_notification.win32': Not used on non-Windows systems
[8.105s] INFO:colcon.colcon_notification.desktop_notification:Sending desktop notification using 'notify2'
[8.117s] DEBUG:colcon.colcon_core.event_reactor:joined thread
[8.156s] INFO:colcon.colcon_core.shell:Creating prefix script '/home/ceu/ros2_ws/install/local_setup.ps1'
[8.157s] INFO:colcon.colcon_core.shell:Creating prefix util module '/home/ceu/ros2_ws/install/_local_setup_util_ps1.py'
[8.158s] INFO:colcon.colcon_core.shell:Creating prefix chain script '/home/ceu/ros2_ws/install/setup.ps1'
[8.200s] INFO:colcon.colcon_core.shell:Creating prefix script '/home/ceu/ros2_ws/install/local_setup.sh'
[8.200s] INFO:colcon.colcon_core.shell:Creating prefix util module '/home/ceu/ros2_ws/install/_local_setup_util_sh.py'
[8.200s] INFO:colcon.colcon_core.shell:Creating prefix chain script '/home/ceu/ros2_ws/install/setup.sh'
[8.243s] INFO:colcon.colcon_core.shell:Creating prefix script '/home/ceu/ros2_ws/install/local_setup.bash'
[8.244s] INFO:colcon.colcon_core.shell:Creating prefix chain script '/home/ceu/ros2_ws/install/setup.bash'
[8.286s] INFO:colcon.colcon_core.shell:Creating prefix script '/home/ceu/ros2_ws/install/local_setup.zsh'
[8.287s] INFO:colcon.colcon_core.shell:Creating prefix chain script '/home/ceu/ros2_ws/install/setup.zsh'
