[0.959s] Invoking command in '/home/ceu/ros2_ws/src/px4-offboard': PYTHONPATH=/home/ceu/ros2_ws/src/build/px4_offboard/prefix_override:/home/ceu/ros2_ws/src/install/px4_offboard/lib/python3.8/site-packages:${PYTHONPATH} /usr/bin/python3 setup.py egg_info --egg-base ../build/px4_offboard build --build-base /home/ceu/ros2_ws/src/build/px4_offboard/build install --record /home/ceu/ros2_ws/src/build/px4_offboard/install.log --single-version-externally-managed
[1.179s] running egg_info
[1.179s] writing ../build/px4_offboard/px4_offboard.egg-info/PKG-INFO
[1.179s] writing dependency_links to ../build/px4_offboard/px4_offboard.egg-info/dependency_links.txt
[1.180s] writing entry points to ../build/px4_offboard/px4_offboard.egg-info/entry_points.txt
[1.180s] writing requirements to ../build/px4_offboard/px4_offboard.egg-info/requires.txt
[1.180s] writing top-level names to ../build/px4_offboard/px4_offboard.egg-info/top_level.txt
[1.182s] reading manifest file '../build/px4_offboard/px4_offboard.egg-info/SOURCES.txt'
[1.182s] adding license file 'LICENSE'
[1.183s] writing manifest file '../build/px4_offboard/px4_offboard.egg-info/SOURCES.txt'
[1.183s] running build
[1.183s] running build_py
[1.184s] running install
[1.185s] running install_lib
[1.186s] running install_data
[1.186s] running install_egg_info
[1.188s] removing '/home/ceu/ros2_ws/src/install/px4_offboard/lib/python3.8/site-packages/px4_offboard-0.0.0-py3.8.egg-info' (and everything under it)
[1.188s] Copying ../build/px4_offboard/px4_offboard.egg-info to /home/ceu/ros2_ws/src/install/px4_offboard/lib/python3.8/site-packages/px4_offboard-0.0.0-py3.8.egg-info
[1.189s] running install_scripts
[1.204s] Installing offboard_control script to /home/ceu/ros2_ws/src/install/px4_offboard/lib/px4_offboard
[1.204s] Installing visualizer script to /home/ceu/ros2_ws/src/install/px4_offboard/lib/px4_offboard
[1.204s] writing list of installed files to '/home/ceu/ros2_ws/src/build/px4_offboard/install.log'
[1.221s] Invoked command in '/home/ceu/ros2_ws/src/px4-offboard' returned '0': PYTHONPATH=/home/ceu/ros2_ws/src/build/px4_offboard/prefix_override:/home/ceu/ros2_ws/src/install/px4_offboard/lib/python3.8/site-packages:${PYTHONPATH} /usr/bin/python3 setup.py egg_info --egg-base ../build/px4_offboard build --build-base /home/ceu/ros2_ws/src/build/px4_offboard/build install --record /home/ceu/ros2_ws/src/build/px4_offboard/install.log --single-version-externally-managed
