[0.866s] Invoking command in '/home/ceu/ros2_ws/src/publish_lidar_data': PYTHONPATH=/home/ceu/ros2_ws/build/publish_lidar_data/prefix_override:/home/ceu/ros2_ws/install/publish_lidar_data/lib/python3.8/site-packages:${PYTHONPATH} /usr/bin/python3 setup.py egg_info --egg-base ../../build/publish_lidar_data build --build-base /home/ceu/ros2_ws/build/publish_lidar_data/build install --record /home/ceu/ros2_ws/build/publish_lidar_data/install.log --install-scripts $base/lib/publish_lidar_data --single-version-externally-managed
[1.094s] /home/ceu/.local/lib/python3.8/site-packages/setuptools/dist.py:717: UserWarning: Usage of dash-separated 'script-dir' will not be supported in future versions. Please use the underscore name 'script_dir' instead
[1.094s]   warnings.warn(
[1.124s] running egg_info
[1.125s] writing ../../build/publish_lidar_data/publish_lidar_data.egg-info/PKG-INFO
[1.125s] writing dependency_links to ../../build/publish_lidar_data/publish_lidar_data.egg-info/dependency_links.txt
[1.125s] writing entry points to ../../build/publish_lidar_data/publish_lidar_data.egg-info/entry_points.txt
[1.125s] writing requirements to ../../build/publish_lidar_data/publish_lidar_data.egg-info/requires.txt
[1.125s] writing top-level names to ../../build/publish_lidar_data/publish_lidar_data.egg-info/top_level.txt
[1.128s] reading manifest file '../../build/publish_lidar_data/publish_lidar_data.egg-info/SOURCES.txt'
[1.129s] writing manifest file '../../build/publish_lidar_data/publish_lidar_data.egg-info/SOURCES.txt'
[1.129s] running build
[1.129s] running build_py
[1.129s] copying publish_lidar_data/__init__.py -> /home/ceu/ros2_ws/build/publish_lidar_data/build/lib/publish_lidar_data
[1.130s] copying publish_lidar_data/first_node.py -> /home/ceu/ros2_ws/build/publish_lidar_data/build/lib/publish_lidar_data
[1.130s] running install
[1.130s] running install_lib
[1.131s] copying /home/ceu/ros2_ws/build/publish_lidar_data/build/lib/publish_lidar_data/__init__.py -> /home/ceu/ros2_ws/install/publish_lidar_data/lib/python3.8/site-packages/publish_lidar_data
[1.131s] copying /home/ceu/ros2_ws/build/publish_lidar_data/build/lib/publish_lidar_data/first_node.py -> /home/ceu/ros2_ws/install/publish_lidar_data/lib/python3.8/site-packages/publish_lidar_data
[1.132s] byte-compiling /home/ceu/ros2_ws/install/publish_lidar_data/lib/python3.8/site-packages/publish_lidar_data/__init__.py to __init__.cpython-38.pyc
[1.132s] byte-compiling /home/ceu/ros2_ws/install/publish_lidar_data/lib/python3.8/site-packages/publish_lidar_data/first_node.py to first_node.cpython-38.pyc
[1.132s] running install_data
[1.133s] copying resource/publish_lidar_data -> /home/ceu/ros2_ws/install/publish_lidar_data/share/ament_index/resource_index/packages
[1.133s] copying package.xml -> /home/ceu/ros2_ws/install/publish_lidar_data/share/publish_lidar_data
[1.133s] running install_egg_info
[1.135s] removing '/home/ceu/ros2_ws/install/publish_lidar_data/lib/python3.8/site-packages/publish_lidar_data-0.0.0-py3.8.egg-info' (and everything under it)
[1.135s] Copying ../../build/publish_lidar_data/publish_lidar_data.egg-info to /home/ceu/ros2_ws/install/publish_lidar_data/lib/python3.8/site-packages/publish_lidar_data-0.0.0-py3.8.egg-info
[1.136s] running install_scripts
[1.156s] Installing first_node script to /home/ceu/ros2_ws/install/publish_lidar_data/lib/publish_lidar_data
[1.156s] writing list of installed files to '/home/ceu/ros2_ws/build/publish_lidar_data/install.log'
[1.176s] Invoked command in '/home/ceu/ros2_ws/src/publish_lidar_data' returned '0': PYTHONPATH=/home/ceu/ros2_ws/build/publish_lidar_data/prefix_override:/home/ceu/ros2_ws/install/publish_lidar_data/lib/python3.8/site-packages:${PYTHONPATH} /usr/bin/python3 setup.py egg_info --egg-base ../../build/publish_lidar_data build --build-base /home/ceu/ros2_ws/build/publish_lidar_data/build install --record /home/ceu/ros2_ws/build/publish_lidar_data/install.log --install-scripts $base/lib/publish_lidar_data --single-version-externally-managed
