Traceback (most recent call last):
Traceback (most recent call last):
Traceback (most recent call last):
Traceback (most recent call last):
  File "/opt/ros/foxy/lib/rosidl_typesupport_introspection_c/rosidl_typesupport_introspection_c", line 23, in <module>
  File "/opt/ros/foxy/lib/rosidl_typesupport_cpp/rosidl_typesupport_cpp", line 28, in <module>
  File "/opt/ros/foxy/lib/rosidl_typesupport_introspection_cpp/rosidl_typesupport_introspection_cpp", line 23, in <module>
  File "/opt/ros/foxy/lib/rosidl_typesupport_fastrtps_cpp/rosidl_typesupport_fastrtps_cpp", line 23, in <module>
Traceback (most recent call last):
  File "/opt/ros/foxy/lib/rosidl_typesupport_c/rosidl_typesupport_c", line 28, in <module>
make[2]: *** Deleting file 'rosidl_typesupport_introspection_c/px4_msgs/msg/detail/action_request__rosidl_typesupport_introspection_c.h'
make[2]: *** Deleting file 'rosidl_typesupport_fastrtps_cpp/px4_msgs/msg/detail/dds_fastrtps/action_request__type_support.cpp'
make[2]: *** Deleting file 'rosidl_typesupport_introspection_cpp/px4_msgs/msg/detail/action_request__rosidl_typesupport_introspection_cpp.hpp'
make[2]: *** Deleting file 'rosidl_typesupport_c/px4_msgs/msg/action_request__type_support.cpp'
make[2]: *** Deleting file 'rosidl_typesupport_cpp/px4_msgs/msg/action_request__type_support.cpp'
    sys.exit(main())
    sys.exit(main())
  File "/opt/ros/foxy/lib/rosidl_typesupport_introspection_cpp/rosidl_typesupport_introspection_cpp", line 19, in main
    sys.exit(main())
  File "/opt/ros/foxy/lib/rosidl_typesupport_fastrtps_cpp/rosidl_typesupport_fastrtps_cpp", line 19, in main
  File "/opt/ros/foxy/lib/rosidl_typesupport_c/rosidl_typesupport_c", line 24, in main
    sys.exit(main())
    sys.exit(main())
  File "/opt/ros/foxy/lib/rosidl_typesupport_introspection_c/rosidl_typesupport_introspection_c", line 19, in main
  File "/opt/ros/foxy/lib/rosidl_typesupport_cpp/rosidl_typesupport_cpp", line 24, in main
    return generate_c(args.generator_arguments_file, args.typesupports)
    return generate_cpp(args.generator_arguments_file)
  File "/opt/ros/foxy/lib/python3.8/site-packages/rosidl_typesupport_c/__init__.py", line 28, in generate_c
  File "/opt/ros/foxy/lib/python3.8/site-packages/rosidl_typesupport_introspection_cpp/__init__.py", line 24, in generate_cpp
    return generate_cpp(args.generator_arguments_file)
  File "/opt/ros/foxy/lib/python3.8/site-packages/rosidl_typesupport_fastrtps_cpp/__init__.py", line 24, in generate_cpp
    return generate_c(args.generator_arguments_file)
    generate_files(
    generate_files(generator_arguments_file, mapping)
  File "/opt/ros/foxy/lib/python3.8/site-packages/rosidl_typesupport_introspection_c/__init__.py", line 24, in generate_c
  File "/opt/ros/foxy/lib/python3.8/site-packages/rosidl_cmake/__init__.py", line 87, in generate_files
  File "/opt/ros/foxy/lib/python3.8/site-packages/rosidl_cmake/__init__.py", line 74, in generate_files
    return generate_cpp(args.generator_arguments_file, args.typesupports)
  File "/opt/ros/foxy/lib/python3.8/site-packages/rosidl_typesupport_cpp/__init__.py", line 28, in generate_cpp
    generate_files(generator_arguments_file, mapping)
  File "/opt/ros/foxy/lib/python3.8/site-packages/rosidl_cmake/__init__.py", line 74, in generate_files
    expand_template(
  File "/opt/ros/foxy/lib/python3.8/site-packages/rosidl_cmake/__init__.py", line 149, in expand_template
    idl_file = parse_idl_file(locator)
  File "/opt/ros/foxy/lib/python3.8/site-packages/rosidl_parser/parser.py", line 64, in parse_idl_file
    generate_files(generator_arguments_file, mapping)
  File "/opt/ros/foxy/lib/python3.8/site-packages/rosidl_cmake/__init__.py", line 87, in generate_files
    generate_files(
  File "/opt/ros/foxy/lib/python3.8/site-packages/rosidl_cmake/__init__.py", line 74, in generate_files
    interpreter.string(template_content, template_path, locals=data)
    content = parse_idl_string(string, png_file=png_file)
  File "/home/ceu/.local/lib/python3.8/site-packages/em.py", line 2391, in string
  File "/opt/ros/foxy/lib/python3.8/site-packages/rosidl_parser/parser.py", line 72, in parse_idl_string
    idl_file = parse_idl_file(locator)
  File "/opt/ros/foxy/lib/python3.8/site-packages/rosidl_parser/parser.py", line 64, in parse_idl_file
    expand_template(
  File "/opt/ros/foxy/lib/python3.8/site-packages/rosidl_cmake/__init__.py", line 149, in expand_template
    tree = get_ast_from_idl_string(idl_string)
  File "/opt/ros/foxy/lib/python3.8/site-packages/rosidl_parser/parser.py", line 89, in get_ast_from_idl_string
    idl_file = parse_idl_file(locator)
  File "/opt/ros/foxy/lib/python3.8/site-packages/rosidl_parser/parser.py", line 64, in parse_idl_file
    content = parse_idl_string(string, png_file=png_file)
    return _parser.parse(idl_string)
  File "/opt/ros/foxy/lib/python3.8/site-packages/rosidl_parser/parser.py", line 72, in parse_idl_string
  File "/usr/lib/python3/dist-packages/lark/lark.py", line 293, in parse
    interpreter.string(template_content, template_path, locals=data)
  File "/home/ceu/.local/lib/python3.8/site-packages/em.py", line 2391, in string
    content = parse_idl_string(string, png_file=png_file)
  File "/opt/ros/foxy/lib/python3.8/site-packages/rosidl_parser/parser.py", line 72, in parse_idl_string
    tree = get_ast_from_idl_string(idl_string)
  File "/opt/ros/foxy/lib/python3.8/site-packages/rosidl_parser/parser.py", line 89, in get_ast_from_idl_string
    tree = get_ast_from_idl_string(idl_string)
  File "/opt/ros/foxy/lib/python3.8/site-packages/rosidl_parser/parser.py", line 89, in get_ast_from_idl_string
    return _parser.parse(idl_string)
  File "/usr/lib/python3/dist-packages/lark/lark.py", line 293, in parse
    return _parser.parse(idl_string)
  File "/usr/lib/python3/dist-packages/lark/lark.py", line 293, in parse
    return self.parser.parse(text, start=start)
  File "/usr/lib/python3/dist-packages/lark/parser_frontends.py", line 193, in parse
    return self.parser.parse(text, start=start)
    return self.parser.parse(text, start=start)
  File "/usr/lib/python3/dist-packages/lark/parser_frontends.py", line 193, in parse
  File "/usr/lib/python3/dist-packages/lark/parser_frontends.py", line 193, in parse
    return self._parse(text, start)
  File "/usr/lib/python3/dist-packages/lark/parser_frontends.py", line 54, in _parse
    return self._parse(text, start)
    return self._parse(text, start)
  File "/usr/lib/python3/dist-packages/lark/parser_frontends.py", line 54, in _parse
  File "/usr/lib/python3/dist-packages/lark/parser_frontends.py", line 54, in _parse
    return self.parser.parse(input, start, *args)
  File "/usr/lib/python3/dist-packages/lark/parsers/earley.py", line 292, in parse
    return self.parser.parse(input, start, *args)
    return self.parser.parse(input, start, *args)
  File "/usr/lib/python3/dist-packages/lark/parsers/earley.py", line 292, in parse
  File "/usr/lib/python3/dist-packages/lark/parsers/earley.py", line 292, in parse
    to_scan = self._parse(stream, columns, to_scan, start_symbol)
  File "/usr/lib/python3/dist-packages/lark/parsers/xearley.py", line 135, in _parse
    to_scan = self._parse(stream, columns, to_scan, start_symbol)
    to_scan = self._parse(stream, columns, to_scan, start_symbol)
  File "/usr/lib/python3/dist-packages/lark/parsers/xearley.py", line 135, in _parse
  File "/usr/lib/python3/dist-packages/lark/parsers/xearley.py", line 135, in _parse
    self.predict_and_complete(i, to_scan, columns, transitives)
  File "/usr/lib/python3/dist-packages/lark/parsers/earley.py", line 129, in predict_and_complete
    self.predict_and_complete(i, to_scan, columns, transitives)
    self.predict_and_complete(i, to_scan, columns, transitives)
  File "/usr/lib/python3/dist-packages/lark/parsers/earley.py", line 129, in predict_and_complete
  File "/usr/lib/python3/dist-packages/lark/parsers/earley.py", line 111, in predict_and_complete
    new_item = Item(rule, 0, i)
  File "/usr/lib/python3/dist-packages/lark/parsers/earley_common.py", line 23, in __init__
    self.safe(scanner, True, locals)
  File "/home/ceu/.local/lib/python3.8/site-packages/em.py", line 2401, in safe
    self.safe(scanner, True, locals)
  File "/home/ceu/.local/lib/python3.8/site-packages/em.py", line 2401, in safe
    originators = [originator for originator in columns[item.start] if originator.expect is not None and originator.expect == item.s]
    new_item = Item(rule, 0, i)
  File "/usr/lib/python3/dist-packages/lark/parsers/earley.py", line 111, in <listcomp>
  File "/usr/lib/python3/dist-packages/lark/parsers/earley_common.py", line 36, in __init__
    self.is_complete = len(rule.expansion) == ptr
KeyboardInterrupt
    originators = [originator for originator in columns[item.start] if originator.expect is not None and originator.expect == item.s]
    self._hash = hash((self.s, self.start))
KeyboardInterrupt
KeyboardInterrupt
    self.parse(scanner, locals)
  File "/home/ceu/.local/lib/python3.8/site-packages/em.py", line 2417, in parse
    self.parse(scanner, locals)
  File "/home/ceu/.local/lib/python3.8/site-packages/em.py", line 2421, in parse
    token = scanner.one()
  File "/home/ceu/.local/lib/python3.8/site-packages/em.py", line 1984, in one
    token.run(self, locals)
  File "/home/ceu/.local/lib/python3.8/site-packages/em.py", line 1547, in run
    self.subrun(info[0][1], interpreter, locals)
  File "/home/ceu/.local/lib/python3.8/site-packages/em.py", line 1631, in subrun
    token.scan(self)
  File "/home/ceu/.local/lib/python3.8/site-packages/em.py", line 1468, in scan
    self.subscan(scanner, self.type)
  File "/home/ceu/.local/lib/python3.8/site-packages/em.py", line 1483, in subscan
    token.run(interpreter, locals)
  File "/home/ceu/.local/lib/python3.8/site-packages/em.py", line 1425, in run
    token = scanner.one()
  File "/home/ceu/.local/lib/python3.8/site-packages/em.py", line 1984, in one
    interpreter.execute(self.code, locals)
  File "/home/ceu/.local/lib/python3.8/site-packages/em.py", line 2596, in execute
    token.scan(self)
  File "/home/ceu/.local/lib/python3.8/site-packages/em.py", line 1421, in scan
    _exec(statements, self.globals, locals)
  File "<string>", line 2, in <module>
  File "/opt/ros/foxy/lib/python3.8/site-packages/rosidl_cmake/__init__.py", line 198, in _expand_template
    i = scanner.complex('{', '}', 0)
  File "/home/ceu/.local/lib/python3.8/site-packages/em.py", line 1893, in complex
    interpreter.string(content, str(template_path), kwargs)
  File "/home/ceu/.local/lib/python3.8/site-packages/em.py", line 2391, in string
    newQuote = self.check(i, quote)
  File "/home/ceu/.local/lib/python3.8/site-packages/em.py", line 1777, in check
    self.safe(scanner, True, locals)
  File "/home/ceu/.local/lib/python3.8/site-packages/em.py", line 2401, in safe
    if archetype is None:
KeyboardInterrupt
    self.parse(scanner, locals)
  File "/home/ceu/.local/lib/python3.8/site-packages/em.py", line 2421, in parse
    token.run(self, locals)
  File "/home/ceu/.local/lib/python3.8/site-packages/em.py", line 1527, in run
    self.subrun(subtokens, interpreter, locals)
  File "/home/ceu/.local/lib/python3.8/site-packages/em.py", line 1631, in subrun
    token.run(interpreter, locals)
  File "/home/ceu/.local/lib/python3.8/site-packages/em.py", line 1333, in run
    result = interpreter.evaluate(self.testCode, locals)
  File "/home/ceu/.local/lib/python3.8/site-packages/em.py", line 2573, in evaluate
    result = eval(expression, self.globals, locals)
  File "<string>", line 1, in <module>
KeyboardInterrupt
Exception ignored in: <function Interpreter.__del__ at 0x7f815dd0d550>
Traceback (most recent call last):
  File "/home/ceu/.local/lib/python3.8/site-packages/em.py", line 2094, in __del__
  File "/home/ceu/.local/lib/python3.8/site-packages/em.py", line 2157, in shutdown
  File "/home/ceu/.local/lib/python3.8/site-packages/em.py", line 2647, in finalize
  File "/home/ceu/.local/lib/python3.8/site-packages/em.py", line 2200, in push
AttributeError: '_io.TextIOWrapper' object has no attribute 'push'
make[2]: *** [CMakeFiles/px4_msgs__rosidl_typesupport_c.dir/build.make:259: rosidl_typesupport_c/px4_msgs/msg/action_request__type_support.cpp] Interrupt
make[1]: *** [CMakeFiles/Makefile2:444: CMakeFiles/px4_msgs__rosidl_typesupport_c.dir/all] Interrupt
make[2]: *** [CMakeFiles/px4_msgs__rosidl_typesupport_cpp.dir/build.make:259: rosidl_typesupport_cpp/px4_msgs/msg/action_request__type_support.cpp] Interrupt
make[1]: *** [CMakeFiles/Makefile2:471: CMakeFiles/px4_msgs__rosidl_typesupport_cpp.dir/all] Interrupt
Exception ignored in: <function Interpreter.__del__ at 0x7f4d9473c820>
Traceback (most recent call last):
  File "/home/ceu/.local/lib/python3.8/site-packages/em.py", line 2094, in __del__
  File "/home/ceu/.local/lib/python3.8/site-packages/em.py", line 2157, in shutdown
  File "/home/ceu/.local/lib/python3.8/site-packages/em.py", line 2647, in finalize
  File "/home/ceu/.local/lib/python3.8/site-packages/em.py", line 2200, in push
AttributeError: '_io.TextIOWrapper' object has no attribute 'push'
make[2]: *** [CMakeFiles/px4_msgs__rosidl_typesupport_fastrtps_cpp.dir/build.make:261: rosidl_typesupport_fastrtps_cpp/px4_msgs/msg/detail/dds_fastrtps/action_request__type_support.cpp] Interrupt
make[1]: *** [CMakeFiles/Makefile2:390: CMakeFiles/px4_msgs__rosidl_typesupport_fastrtps_cpp.dir/all] Interrupt
make[2]: *** [CMakeFiles/px4_msgs__rosidl_typesupport_introspection_c.dir/build.make:261: rosidl_typesupport_introspection_c/px4_msgs/msg/detail/action_request__rosidl_typesupport_introspection_c.h] Interrupt
make[1]: *** [CMakeFiles/Makefile2:417: CMakeFiles/px4_msgs__rosidl_typesupport_introspection_c.dir/all] Interrupt
make[2]: *** [CMakeFiles/px4_msgs__rosidl_typesupport_introspection_cpp.dir/build.make:261: rosidl_typesupport_introspection_cpp/px4_msgs/msg/detail/action_request__rosidl_typesupport_introspection_cpp.hpp] Interrupt
make[1]: *** [CMakeFiles/Makefile2:525: CMakeFiles/px4_msgs__rosidl_typesupport_introspection_cpp.dir/all] Interrupt
make: *** [Makefile:141: all] Interrupt
