[0.069s] Invoking command in '/home/ceu/ros2_ws/build/px4_msgs': CMAKE_PREFIX_PATH=/opt/ros/foxy /usr/bin/cmake /home/ceu/ros2_ws/src/px4_msgs -DCMAKE_INSTALL_PREFIX=/home/ceu/ros2_ws/install/px4_msgs
[0.173s] -- The C compiler identification is GNU 9.4.0
[0.261s] -- The CXX compiler identification is GNU 9.4.0
[0.267s] -- Check for working C compiler: /usr/bin/cc
[0.327s] -- Check for working C compiler: /usr/bin/cc -- works
[0.328s] -- Detecting C compiler ABI info
[0.387s] -- Detecting C compiler ABI info - done
[0.398s] -- Detecting C compile features
[0.398s] -- Detecting C compile features - done
[0.401s] -- Check for working CXX compiler: /usr/bin/c++
[0.469s] -- Check for working CXX compiler: /usr/bin/c++ -- works
[0.470s] -- Detecting CXX compiler ABI info
[0.541s] -- Detecting CXX compiler ABI info - done
[0.553s] -- Detecting CXX compile features
[0.554s] -- Detecting CXX compile features - done
[0.555s] -- Found ament_cmake: 0.9.12 (/opt/ros/foxy/share/ament_cmake/cmake)
[0.579s] -- Found PythonInterp: /usr/bin/python3 (found suitable version "3.8.10", minimum required is "3") 
[0.579s] -- Using PYTHON_EXECUTABLE: /usr/bin/python3
[0.765s] -- Found builtin_interfaces: 1.0.0 (/opt/ros/foxy/share/builtin_interfaces/cmake)
[0.794s] -- Using all available rosidl_typesupport_c: rosidl_typesupport_fastrtps_c;rosidl_typesupport_introspection_c
[0.800s] -- Found rosidl_adapter: 1.3.1 (/opt/ros/foxy/share/rosidl_adapter/cmake)
[0.870s] -- Found OpenSSL: /usr/lib/x86_64-linux-gnu/libcrypto.so (found version "1.1.1f")  
[0.896s] -- Found FastRTPS: /opt/ros/foxy/include  
[0.973s] -- Using all available rosidl_typesupport_cpp: rosidl_typesupport_fastrtps_cpp;rosidl_typesupport_introspection_cpp
[1.002s] -- Found rosidl_default_generators: 1.0.1 (/opt/ros/foxy/share/rosidl_default_generators/cmake)
[1.057s] -- Found PythonInterp: /usr/bin/python3 (found version "3.8.10") 
[2.391s] -- Found ament_cmake_cppcheck: 0.9.8 (/opt/ros/foxy/share/ament_cmake_cppcheck/cmake)
[2.393s] -- Found ament_cmake_cpplint: 0.9.8 (/opt/ros/foxy/share/ament_cmake_cpplint/cmake)
[2.395s] -- Found ament_cmake_uncrustify: 0.9.8 (/opt/ros/foxy/share/ament_cmake_uncrustify/cmake)
[2.398s] -- Found ament_cmake_ros: 0.9.2 (/opt/ros/foxy/share/ament_cmake_ros/cmake)
[2.590s] -- Using all available rosidl_typesupport_c: rosidl_typesupport_fastrtps_c;rosidl_typesupport_introspection_c
[2.665s] -- Using all available rosidl_typesupport_cpp: rosidl_typesupport_fastrtps_cpp;rosidl_typesupport_introspection_cpp
[2.690s] -- Found PythonInterp: /usr/bin/python3 (found suitable version "3.8.10", minimum required is "3.5") 
[2.691s] -- Found python_cmake_module: 0.8.1 (/opt/ros/foxy/share/python_cmake_module/cmake)
[2.716s] -- Found PythonLibs: /usr/lib/x86_64-linux-gnu/libpython3.8.so (found suitable version "3.8.10", minimum required is "3.5") 
[2.716s] -- Using PYTHON_EXECUTABLE: /usr/bin/python3
[2.716s] -- Using PYTHON_INCLUDE_DIRS: /usr/include/python3.8
[2.716s] -- Using PYTHON_LIBRARIES: /usr/lib/x86_64-linux-gnu/libpython3.8.so
[2.735s] -- Found PythonExtra: .so  
[2.890s] -- Found ament_cmake_flake8: 0.9.8 (/opt/ros/foxy/share/ament_cmake_flake8/cmake)
[2.892s] -- Found ament_cmake_pep257: 0.9.8 (/opt/ros/foxy/share/ament_cmake_pep257/cmake)
[2.913s] -- Configuring done
[3.422s] -- Generating done
[3.425s] -- Build files have been written to: /home/ceu/ros2_ws/build/px4_msgs
[3.438s] Invoked command in '/home/ceu/ros2_ws/build/px4_msgs' returned '0': CMAKE_PREFIX_PATH=/opt/ros/foxy /usr/bin/cmake /home/ceu/ros2_ws/src/px4_msgs -DCMAKE_INSTALL_PREFIX=/home/ceu/ros2_ws/install/px4_msgs
[3.440s] Invoking command in '/home/ceu/ros2_ws/build/px4_msgs': CMAKE_PREFIX_PATH=/opt/ros/foxy /usr/bin/cmake --build /home/ceu/ros2_ws/build/px4_msgs -- -j12 -l12
[3.971s] [  0%] [34m[1mGenerating C code for ROS interfaces[0m
[3.975s] [35m[1mScanning dependencies of target px4_msgs__cpp[0m
[3.994s] [  0%] [34m[1mGenerating C++ code for ROS interfaces[0m
[33.552s] [  0%] Built target px4_msgs__cpp
[33.570s] [  0%] [34m[1mGenerating C++ type support dispatch for ROS interfaces[0m
[33.572s] [  0%] [34m[1mGenerating C++ introspection for ROS interfaces[0m
[33.572s] [  0%] [34m[1mGenerating C++ type support for eProsima Fast-RTPS[0m
[36.089s] [35m[1mScanning dependencies of target px4_msgs__rosidl_generator_c[0m
[36.217s] [  0%] [32mBuilding C object CMakeFiles/px4_msgs__rosidl_generator_c.dir/rosidl_generator_c/px4_msgs/msg/detail/actuator_controls_status__functions.c.o[0m
[36.217s] [  0%] [32mBuilding C object CMakeFiles/px4_msgs__rosidl_generator_c.dir/rosidl_generator_c/px4_msgs/msg/detail/actuator_servos__functions.c.o[0m
[36.218s] [  0%] [32mBuilding C object CMakeFiles/px4_msgs__rosidl_generator_c.dir/rosidl_generator_c/px4_msgs/msg/detail/actuator_motors__functions.c.o[0m
[36.218s] [  0%] [32mBuilding C object CMakeFiles/px4_msgs__rosidl_generator_c.dir/rosidl_generator_c/px4_msgs/msg/detail/actuator_test__functions.c.o[0m
[36.218s] [  1%] [32mBuilding C object CMakeFiles/px4_msgs__rosidl_generator_c.dir/rosidl_generator_c/px4_msgs/msg/detail/actuator_servos_trim__functions.c.o[0m
[36.218s] [  1%] [32mBuilding C object CMakeFiles/px4_msgs__rosidl_generator_c.dir/rosidl_generator_c/px4_msgs/msg/detail/actuator_armed__functions.c.o[0m
[36.218s] [  1%] [32mBuilding C object CMakeFiles/px4_msgs__rosidl_generator_c.dir/rosidl_generator_c/px4_msgs/msg/detail/actuator_outputs__functions.c.o[0m
[36.220s] [  1%] [32mBuilding C object CMakeFiles/px4_msgs__rosidl_generator_c.dir/rosidl_generator_c/px4_msgs/msg/detail/adc_report__functions.c.o[0m
[36.224s] [  1%] [32mBuilding C object CMakeFiles/px4_msgs__rosidl_generator_c.dir/rosidl_generator_c/px4_msgs/msg/detail/action_request__functions.c.o[0m
[36.307s] [  1%] [32mBuilding C object CMakeFiles/px4_msgs__rosidl_generator_c.dir/rosidl_generator_c/px4_msgs/msg/detail/airspeed_validated__functions.c.o[0m
[36.307s] [  1%] [32mBuilding C object CMakeFiles/px4_msgs__rosidl_generator_c.dir/rosidl_generator_c/px4_msgs/msg/detail/autotune_attitude_control_status__functions.c.o[0m
[36.307s] [  1%] [32mBuilding C object CMakeFiles/px4_msgs__rosidl_generator_c.dir/rosidl_generator_c/px4_msgs/msg/detail/airspeed__functions.c.o[0m
[36.307s] [  1%] [32mBuilding C object CMakeFiles/px4_msgs__rosidl_generator_c.dir/rosidl_generator_c/px4_msgs/msg/detail/airspeed_wind__functions.c.o[0m
[36.311s] [  1%] [32mBuilding C object CMakeFiles/px4_msgs__rosidl_generator_c.dir/rosidl_generator_c/px4_msgs/msg/detail/battery_status__functions.c.o[0m
[36.312s] [  1%] [32mBuilding C object CMakeFiles/px4_msgs__rosidl_generator_c.dir/rosidl_generator_c/px4_msgs/msg/detail/button_event__functions.c.o[0m
[36.312s] [  1%] [32mBuilding C object CMakeFiles/px4_msgs__rosidl_generator_c.dir/rosidl_generator_c/px4_msgs/msg/detail/camera_status__functions.c.o[0m
[36.314s] [  1%] [32mBuilding C object CMakeFiles/px4_msgs__rosidl_generator_c.dir/rosidl_generator_c/px4_msgs/msg/detail/camera_capture__functions.c.o[0m
[36.322s] [  1%] [32mBuilding C object CMakeFiles/px4_msgs__rosidl_generator_c.dir/rosidl_generator_c/px4_msgs/msg/detail/camera_trigger__functions.c.o[0m
[36.397s] [  1%] [32mBuilding C object CMakeFiles/px4_msgs__rosidl_generator_c.dir/rosidl_generator_c/px4_msgs/msg/detail/cellular_status__functions.c.o[0m
[36.397s] [  1%] [32mBuilding C object CMakeFiles/px4_msgs__rosidl_generator_c.dir/rosidl_generator_c/px4_msgs/msg/detail/collision_constraints__functions.c.o[0m
[36.400s] [  1%] [32mBuilding C object CMakeFiles/px4_msgs__rosidl_generator_c.dir/rosidl_generator_c/px4_msgs/msg/detail/control_allocator_status__functions.c.o[0m
[36.403s] [  1%] [32mBuilding C object CMakeFiles/px4_msgs__rosidl_generator_c.dir/rosidl_generator_c/px4_msgs/msg/detail/collision_report__functions.c.o[0m
[36.405s] [  2%] [32mBuilding C object CMakeFiles/px4_msgs__rosidl_generator_c.dir/rosidl_generator_c/px4_msgs/msg/detail/cpuload__functions.c.o[0m
[36.408s] [  2%] [32mBuilding C object CMakeFiles/px4_msgs__rosidl_generator_c.dir/rosidl_generator_c/px4_msgs/msg/detail/dataman_response__functions.c.o[0m
[36.408s] [  2%] [32mBuilding C object CMakeFiles/px4_msgs__rosidl_generator_c.dir/rosidl_generator_c/px4_msgs/msg/detail/debug_array__functions.c.o[0m
[36.409s] [  2%] [32mBuilding C object CMakeFiles/px4_msgs__rosidl_generator_c.dir/rosidl_generator_c/px4_msgs/msg/detail/dataman_request__functions.c.o[0m
[36.409s] [  2%] [32mBuilding C object CMakeFiles/px4_msgs__rosidl_generator_c.dir/rosidl_generator_c/px4_msgs/msg/detail/debug_key_value__functions.c.o[0m
[36.484s] [  2%] [32mBuilding C object CMakeFiles/px4_msgs__rosidl_generator_c.dir/rosidl_generator_c/px4_msgs/msg/detail/debug_value__functions.c.o[0m
[36.485s] [  2%] [32mBuilding C object CMakeFiles/px4_msgs__rosidl_generator_c.dir/rosidl_generator_c/px4_msgs/msg/detail/debug_vect__functions.c.o[0m
[36.491s] [  2%] [32mBuilding C object CMakeFiles/px4_msgs__rosidl_generator_c.dir/rosidl_generator_c/px4_msgs/msg/detail/differential_pressure__functions.c.o[0m
[36.494s] [  2%] [32mBuilding C object CMakeFiles/px4_msgs__rosidl_generator_c.dir/rosidl_generator_c/px4_msgs/msg/detail/ekf2_timestamps__functions.c.o[0m
[36.494s] [  2%] [32mBuilding C object CMakeFiles/px4_msgs__rosidl_generator_c.dir/rosidl_generator_c/px4_msgs/msg/detail/distance_sensor__functions.c.o[0m
[36.496s] [  2%] [32mBuilding C object CMakeFiles/px4_msgs__rosidl_generator_c.dir/rosidl_generator_c/px4_msgs/msg/detail/esc_report__functions.c.o[0m
[36.498s] [  2%] [32mBuilding C object CMakeFiles/px4_msgs__rosidl_generator_c.dir/rosidl_generator_c/px4_msgs/msg/detail/esc_status__functions.c.o[0m
[36.499s] [  2%] [32mBuilding C object CMakeFiles/px4_msgs__rosidl_generator_c.dir/rosidl_generator_c/px4_msgs/msg/detail/estimator_aid_source1d__functions.c.o[0m
[36.511s] [  2%] [32mBuilding C object CMakeFiles/px4_msgs__rosidl_generator_c.dir/rosidl_generator_c/px4_msgs/msg/detail/estimator_aid_source2d__functions.c.o[0m
[36.569s] [  2%] [32mBuilding C object CMakeFiles/px4_msgs__rosidl_generator_c.dir/rosidl_generator_c/px4_msgs/msg/detail/estimator_aid_source3d__functions.c.o[0m
[36.581s] [  3%] [32mBuilding C object CMakeFiles/px4_msgs__rosidl_generator_c.dir/rosidl_generator_c/px4_msgs/msg/detail/estimator_bias__functions.c.o[0m
[36.585s] [  3%] [32mBuilding C object CMakeFiles/px4_msgs__rosidl_generator_c.dir/rosidl_generator_c/px4_msgs/msg/detail/estimator_bias3d__functions.c.o[0m
[36.585s] [  3%] [32mBuilding C object CMakeFiles/px4_msgs__rosidl_generator_c.dir/rosidl_generator_c/px4_msgs/msg/detail/estimator_event_flags__functions.c.o[0m
[36.588s] [  3%] [32mBuilding C object CMakeFiles/px4_msgs__rosidl_generator_c.dir/rosidl_generator_c/px4_msgs/msg/detail/estimator_gps_status__functions.c.o[0m
[36.588s] [  3%] [32mBuilding C object CMakeFiles/px4_msgs__rosidl_generator_c.dir/rosidl_generator_c/px4_msgs/msg/detail/estimator_innovations__functions.c.o[0m
[36.595s] [  3%] [32mBuilding C object CMakeFiles/px4_msgs__rosidl_generator_c.dir/rosidl_generator_c/px4_msgs/msg/detail/estimator_selector_status__functions.c.o[0m
[36.609s] [  3%] [32mBuilding C object CMakeFiles/px4_msgs__rosidl_generator_c.dir/rosidl_generator_c/px4_msgs/msg/detail/estimator_sensor_bias__functions.c.o[0m
[36.624s] [  3%] [32mBuilding C object CMakeFiles/px4_msgs__rosidl_generator_c.dir/rosidl_generator_c/px4_msgs/msg/detail/estimator_states__functions.c.o[0m
[36.662s] [  3%] [32mBuilding C object CMakeFiles/px4_msgs__rosidl_generator_c.dir/rosidl_generator_c/px4_msgs/msg/detail/estimator_status__functions.c.o[0m
[36.671s] [  3%] [32mBuilding C object CMakeFiles/px4_msgs__rosidl_generator_c.dir/rosidl_generator_c/px4_msgs/msg/detail/estimator_status_flags__functions.c.o[0m
[36.676s] [  3%] [32mBuilding C object CMakeFiles/px4_msgs__rosidl_generator_c.dir/rosidl_generator_c/px4_msgs/msg/detail/failsafe_flags__functions.c.o[0m
[36.678s] [  3%] [32mBuilding C object CMakeFiles/px4_msgs__rosidl_generator_c.dir/rosidl_generator_c/px4_msgs/msg/detail/failure_detector_status__functions.c.o[0m
[36.680s] [  3%] [32mBuilding C object CMakeFiles/px4_msgs__rosidl_generator_c.dir/rosidl_generator_c/px4_msgs/msg/detail/event__functions.c.o[0m
[36.687s] [  3%] [32mBuilding C object CMakeFiles/px4_msgs__rosidl_generator_c.dir/rosidl_generator_c/px4_msgs/msg/detail/follow_target__functions.c.o[0m
[36.703s] [  3%] [32mBuilding C object CMakeFiles/px4_msgs__rosidl_generator_c.dir/rosidl_generator_c/px4_msgs/msg/detail/follow_target_estimator__functions.c.o[0m
[36.712s] [  4%] [32mBuilding C object CMakeFiles/px4_msgs__rosidl_generator_c.dir/rosidl_generator_c/px4_msgs/msg/detail/follow_target_status__functions.c.o[0m
[36.735s] [  4%] [32mBuilding C object CMakeFiles/px4_msgs__rosidl_generator_c.dir/rosidl_generator_c/px4_msgs/msg/detail/generator_status__functions.c.o[0m
[36.760s] [  4%] [32mBuilding C object CMakeFiles/px4_msgs__rosidl_generator_c.dir/rosidl_generator_c/px4_msgs/msg/detail/geofence_result__functions.c.o[0m
[36.769s] [  4%] [32mBuilding C object CMakeFiles/px4_msgs__rosidl_generator_c.dir/rosidl_generator_c/px4_msgs/msg/detail/gimbal_controls__functions.c.o[0m
[36.769s] [  4%] [32mBuilding C object CMakeFiles/px4_msgs__rosidl_generator_c.dir/rosidl_generator_c/px4_msgs/msg/detail/gimbal_device_attitude_status__functions.c.o[0m
[36.770s] [  4%] [32mBuilding C object CMakeFiles/px4_msgs__rosidl_generator_c.dir/rosidl_generator_c/px4_msgs/msg/detail/gimbal_device_information__functions.c.o[0m
[36.775s] [  4%] [32mBuilding C object CMakeFiles/px4_msgs__rosidl_generator_c.dir/rosidl_generator_c/px4_msgs/msg/detail/gimbal_manager_information__functions.c.o[0m
[36.775s] [  4%] [32mBuilding C object CMakeFiles/px4_msgs__rosidl_generator_c.dir/rosidl_generator_c/px4_msgs/msg/detail/gimbal_device_set_attitude__functions.c.o[0m
[36.804s] [  4%] [32mBuilding C object CMakeFiles/px4_msgs__rosidl_generator_c.dir/rosidl_generator_c/px4_msgs/msg/detail/gimbal_manager_set_attitude__functions.c.o[0m
[36.820s] [  4%] [32mBuilding C object CMakeFiles/px4_msgs__rosidl_generator_c.dir/rosidl_generator_c/px4_msgs/msg/detail/gimbal_manager_set_manual_control__functions.c.o[0m
[36.830s] [  4%] [32mBuilding C object CMakeFiles/px4_msgs__rosidl_generator_c.dir/rosidl_generator_c/px4_msgs/msg/detail/gimbal_manager_status__functions.c.o[0m
[36.853s] [  4%] [32mBuilding C object CMakeFiles/px4_msgs__rosidl_generator_c.dir/rosidl_generator_c/px4_msgs/msg/detail/gpio_config__functions.c.o[0m
[36.856s] [  4%] [32mBuilding C object CMakeFiles/px4_msgs__rosidl_generator_c.dir/rosidl_generator_c/px4_msgs/msg/detail/gpio_in__functions.c.o[0m
[36.856s] [  4%] [32mBuilding C object CMakeFiles/px4_msgs__rosidl_generator_c.dir/rosidl_generator_c/px4_msgs/msg/detail/gpio_out__functions.c.o[0m
[36.859s] [  4%] [32mBuilding C object CMakeFiles/px4_msgs__rosidl_generator_c.dir/rosidl_generator_c/px4_msgs/msg/detail/gpio_request__functions.c.o[0m
[36.864s] [  4%] [32mBuilding C object CMakeFiles/px4_msgs__rosidl_generator_c.dir/rosidl_generator_c/px4_msgs/msg/detail/gps_dump__functions.c.o[0m
[36.880s] [  5%] [32mBuilding C object CMakeFiles/px4_msgs__rosidl_generator_c.dir/rosidl_generator_c/px4_msgs/msg/detail/gps_inject_data__functions.c.o[0m
[36.906s] [  5%] [32mBuilding C object CMakeFiles/px4_msgs__rosidl_generator_c.dir/rosidl_generator_c/px4_msgs/msg/detail/health_report__functions.c.o[0m
[36.906s] [  5%] [32mBuilding C object CMakeFiles/px4_msgs__rosidl_generator_c.dir/rosidl_generator_c/px4_msgs/msg/detail/gripper__functions.c.o[0m
[36.920s] [  5%] [32mBuilding C object CMakeFiles/px4_msgs__rosidl_generator_c.dir/rosidl_generator_c/px4_msgs/msg/detail/heater_status__functions.c.o[0m
[36.942s] [  5%] [32mBuilding C object CMakeFiles/px4_msgs__rosidl_generator_c.dir/rosidl_generator_c/px4_msgs/msg/detail/hover_thrust_estimate__functions.c.o[0m
[36.943s] [  5%] [32mBuilding C object CMakeFiles/px4_msgs__rosidl_generator_c.dir/rosidl_generator_c/px4_msgs/msg/detail/input_rc__functions.c.o[0m
[36.943s] [  5%] [32mBuilding C object CMakeFiles/px4_msgs__rosidl_generator_c.dir/rosidl_generator_c/px4_msgs/msg/detail/internal_combustion_engine_status__functions.c.o[0m
[36.946s] [  5%] [32mBuilding C object CMakeFiles/px4_msgs__rosidl_generator_c.dir/rosidl_generator_c/px4_msgs/msg/detail/home_position__functions.c.o[0m
[36.965s] [  5%] [32mBuilding C object CMakeFiles/px4_msgs__rosidl_generator_c.dir/rosidl_generator_c/px4_msgs/msg/detail/iridiumsbd_status__functions.c.o[0m
[36.970s] [  5%] [32mBuilding C object CMakeFiles/px4_msgs__rosidl_generator_c.dir/rosidl_generator_c/px4_msgs/msg/detail/irlock_report__functions.c.o[0m
[36.993s] [  5%] [32mBuilding C object CMakeFiles/px4_msgs__rosidl_generator_c.dir/rosidl_generator_c/px4_msgs/msg/detail/landing_gear_wheel__functions.c.o[0m
[36.996s] [  5%] [32mBuilding C object CMakeFiles/px4_msgs__rosidl_generator_c.dir/rosidl_generator_c/px4_msgs/msg/detail/landing_gear__functions.c.o[0m
[37.014s] [  5%] [32mBuilding C object CMakeFiles/px4_msgs__rosidl_generator_c.dir/rosidl_generator_c/px4_msgs/msg/detail/landing_target_innovations__functions.c.o[0m
[37.035s] [  5%] [32mBuilding C object CMakeFiles/px4_msgs__rosidl_generator_c.dir/rosidl_generator_c/px4_msgs/msg/detail/landing_target_pose__functions.c.o[0m
[37.036s] [  5%] [32mBuilding C object CMakeFiles/px4_msgs__rosidl_generator_c.dir/rosidl_generator_c/px4_msgs/msg/detail/launch_detection_status__functions.c.o[0m
[37.037s] [  6%] [32mBuilding C object CMakeFiles/px4_msgs__rosidl_generator_c.dir/rosidl_generator_c/px4_msgs/msg/detail/led_control__functions.c.o[0m
[37.049s] [  6%] [32mBuilding C object CMakeFiles/px4_msgs__rosidl_generator_c.dir/rosidl_generator_c/px4_msgs/msg/detail/log_message__functions.c.o[0m
[37.056s] [  6%] [32mBuilding C object CMakeFiles/px4_msgs__rosidl_generator_c.dir/rosidl_generator_c/px4_msgs/msg/detail/logger_status__functions.c.o[0m
[37.070s] [  6%] [32mBuilding C object CMakeFiles/px4_msgs__rosidl_generator_c.dir/rosidl_generator_c/px4_msgs/msg/detail/mag_worker_data__functions.c.o[0m
[37.080s] [  6%] [32mBuilding C object CMakeFiles/px4_msgs__rosidl_generator_c.dir/rosidl_generator_c/px4_msgs/msg/detail/magnetometer_bias_estimate__functions.c.o[0m
[37.083s] [  6%] [32mBuilding C object CMakeFiles/px4_msgs__rosidl_generator_c.dir/rosidl_generator_c/px4_msgs/msg/detail/manual_control_setpoint__functions.c.o[0m
[37.106s] [  6%] [32mBuilding C object CMakeFiles/px4_msgs__rosidl_generator_c.dir/rosidl_generator_c/px4_msgs/msg/detail/manual_control_switches__functions.c.o[0m
[37.125s] [  6%] [32mBuilding C object CMakeFiles/px4_msgs__rosidl_generator_c.dir/rosidl_generator_c/px4_msgs/msg/detail/mavlink_log__functions.c.o[0m
[37.130s] [  6%] [32mBuilding C object CMakeFiles/px4_msgs__rosidl_generator_c.dir/rosidl_generator_c/px4_msgs/msg/detail/mavlink_tunnel__functions.c.o[0m
[37.130s] [  6%] [32mBuilding C object CMakeFiles/px4_msgs__rosidl_generator_c.dir/rosidl_generator_c/px4_msgs/msg/detail/mission__functions.c.o[0m
[37.140s] [  6%] [32mBuilding C object CMakeFiles/px4_msgs__rosidl_generator_c.dir/rosidl_generator_c/px4_msgs/msg/detail/mission_result__functions.c.o[0m
[37.155s] [  6%] [32mBuilding C object CMakeFiles/px4_msgs__rosidl_generator_c.dir/rosidl_generator_c/px4_msgs/msg/detail/mode_completed__functions.c.o[0m
[37.164s] [  6%] [32mBuilding C object CMakeFiles/px4_msgs__rosidl_generator_c.dir/rosidl_generator_c/px4_msgs/msg/detail/mount_orientation__functions.c.o[0m
[37.175s] [  6%] [32mBuilding C object CMakeFiles/px4_msgs__rosidl_generator_c.dir/rosidl_generator_c/px4_msgs/msg/detail/navigator_mission_item__functions.c.o[0m
[37.182s] [  6%] [32mBuilding C object CMakeFiles/px4_msgs__rosidl_generator_c.dir/rosidl_generator_c/px4_msgs/msg/detail/normalized_unsigned_setpoint__functions.c.o[0m
[37.202s] [  6%] [32mBuilding C object CMakeFiles/px4_msgs__rosidl_generator_c.dir/rosidl_generator_c/px4_msgs/msg/detail/npfg_status__functions.c.o[0m
[37.213s] [  7%] [32mBuilding C object CMakeFiles/px4_msgs__rosidl_generator_c.dir/rosidl_generator_c/px4_msgs/msg/detail/obstacle_distance__functions.c.o[0m
[37.219s] [  7%] [32mBuilding C object CMakeFiles/px4_msgs__rosidl_generator_c.dir/rosidl_generator_c/px4_msgs/msg/detail/offboard_control_mode__functions.c.o[0m
[37.229s] [  7%] [32mBuilding C object CMakeFiles/px4_msgs__rosidl_generator_c.dir/rosidl_generator_c/px4_msgs/msg/detail/onboard_computer_status__functions.c.o[0m
[37.235s] [  7%] [32mBuilding C object CMakeFiles/px4_msgs__rosidl_generator_c.dir/rosidl_generator_c/px4_msgs/msg/detail/orb_test__functions.c.o[0m
[37.270s] [  7%] [32mBuilding C object CMakeFiles/px4_msgs__rosidl_generator_c.dir/rosidl_generator_c/px4_msgs/msg/detail/orb_test_medium__functions.c.o[0m
[37.271s] [  7%] [32mBuilding C object CMakeFiles/px4_msgs__rosidl_generator_c.dir/rosidl_generator_c/px4_msgs/msg/detail/orb_test_large__functions.c.o[0m
[37.276s] [  7%] [32mBuilding C object CMakeFiles/px4_msgs__rosidl_generator_c.dir/rosidl_generator_c/px4_msgs/msg/detail/orbit_status__functions.c.o[0m
[37.276s] [  7%] [32mBuilding C object CMakeFiles/px4_msgs__rosidl_generator_c.dir/rosidl_generator_c/px4_msgs/msg/detail/parameter_update__functions.c.o[0m
[37.297s] [  7%] [32mBuilding C object CMakeFiles/px4_msgs__rosidl_generator_c.dir/rosidl_generator_c/px4_msgs/msg/detail/ping__functions.c.o[0m
[37.307s] [  7%] [32mBuilding C object CMakeFiles/px4_msgs__rosidl_generator_c.dir/rosidl_generator_c/px4_msgs/msg/detail/position_controller_landing_status__functions.c.o[0m
[37.307s] [  7%] [32mBuilding C object CMakeFiles/px4_msgs__rosidl_generator_c.dir/rosidl_generator_c/px4_msgs/msg/detail/position_controller_status__functions.c.o[0m
[37.334s] [  7%] [32mBuilding C object CMakeFiles/px4_msgs__rosidl_generator_c.dir/rosidl_generator_c/px4_msgs/msg/detail/position_setpoint__functions.c.o[0m
[37.355s] [  7%] [32mBuilding C object CMakeFiles/px4_msgs__rosidl_generator_c.dir/rosidl_generator_c/px4_msgs/msg/detail/position_setpoint_triplet__functions.c.o[0m
[37.355s] [  7%] [32mBuilding C object CMakeFiles/px4_msgs__rosidl_generator_c.dir/rosidl_generator_c/px4_msgs/msg/detail/power_button_state__functions.c.o[0m
[37.364s] [  7%] [32mBuilding C object CMakeFiles/px4_msgs__rosidl_generator_c.dir/rosidl_generator_c/px4_msgs/msg/detail/power_monitor__functions.c.o[0m
[37.374s] [  8%] [32mBuilding C object CMakeFiles/px4_msgs__rosidl_generator_c.dir/rosidl_generator_c/px4_msgs/msg/detail/pps_capture__functions.c.o[0m
[37.394s] [  8%] [32mBuilding C object CMakeFiles/px4_msgs__rosidl_generator_c.dir/rosidl_generator_c/px4_msgs/msg/detail/pwm_input__functions.c.o[0m
[37.405s] [  8%] [32mBuilding C object CMakeFiles/px4_msgs__rosidl_generator_c.dir/rosidl_generator_c/px4_msgs/msg/detail/px4io_status__functions.c.o[0m
[37.413s] [  8%] [32mBuilding C object CMakeFiles/px4_msgs__rosidl_generator_c.dir/rosidl_generator_c/px4_msgs/msg/detail/qshell_req__functions.c.o[0m
[37.414s] [  8%] [32mBuilding C object CMakeFiles/px4_msgs__rosidl_generator_c.dir/rosidl_generator_c/px4_msgs/msg/detail/qshell_retval__functions.c.o[0m
[37.432s] [  8%] [32mBuilding C object CMakeFiles/px4_msgs__rosidl_generator_c.dir/rosidl_generator_c/px4_msgs/msg/detail/radio_status__functions.c.o[0m
[37.442s] [  8%] [32mBuilding C object CMakeFiles/px4_msgs__rosidl_generator_c.dir/rosidl_generator_c/px4_msgs/msg/detail/rate_ctrl_status__functions.c.o[0m
[37.449s] [  8%] [32mBuilding C object CMakeFiles/px4_msgs__rosidl_generator_c.dir/rosidl_generator_c/px4_msgs/msg/detail/rc_channels__functions.c.o[0m
[37.453s] [  8%] [32mBuilding C object CMakeFiles/px4_msgs__rosidl_generator_c.dir/rosidl_generator_c/px4_msgs/msg/detail/rc_parameter_map__functions.c.o[0m
[37.467s] [  8%] [32mBuilding C object CMakeFiles/px4_msgs__rosidl_generator_c.dir/rosidl_generator_c/px4_msgs/msg/detail/rpm__functions.c.o[0m
[37.494s] [  8%] [32mBuilding C object CMakeFiles/px4_msgs__rosidl_generator_c.dir/rosidl_generator_c/px4_msgs/msg/detail/rtl_time_estimate__functions.c.o[0m
[37.507s] [  8%] [32mBuilding C object CMakeFiles/px4_msgs__rosidl_generator_c.dir/rosidl_generator_c/px4_msgs/msg/detail/satellite_info__functions.c.o[0m
[37.513s] [  8%] [32mBuilding C object CMakeFiles/px4_msgs__rosidl_generator_c.dir/rosidl_generator_c/px4_msgs/msg/detail/sensor_accel__functions.c.o[0m
[37.522s] [  8%] [32mBuilding C object CMakeFiles/px4_msgs__rosidl_generator_c.dir/rosidl_generator_c/px4_msgs/msg/detail/sensor_baro__functions.c.o[0m
[37.523s] [  8%] [32mBuilding C object CMakeFiles/px4_msgs__rosidl_generator_c.dir/rosidl_generator_c/px4_msgs/msg/detail/sensor_accel_fifo__functions.c.o[0m
[37.531s] [  8%] [32mBuilding C object CMakeFiles/px4_msgs__rosidl_generator_c.dir/rosidl_generator_c/px4_msgs/msg/detail/sensor_combined__functions.c.o[0m
[37.539s] [  9%] [32mBuilding C object CMakeFiles/px4_msgs__rosidl_generator_c.dir/rosidl_generator_c/px4_msgs/msg/detail/sensor_correction__functions.c.o[0m
[37.542s] [  9%] [32mBuilding C object CMakeFiles/px4_msgs__rosidl_generator_c.dir/rosidl_generator_c/px4_msgs/msg/detail/sensor_gnss_relative__functions.c.o[0m
[37.586s] [  9%] [32mBuilding C object CMakeFiles/px4_msgs__rosidl_generator_c.dir/rosidl_generator_c/px4_msgs/msg/detail/sensor_gps__functions.c.o[0m
[37.587s] [  9%] [32mBuilding C object CMakeFiles/px4_msgs__rosidl_generator_c.dir/rosidl_generator_c/px4_msgs/msg/detail/sensor_gyro__functions.c.o[0m
[37.606s] [  9%] [32mBuilding C object CMakeFiles/px4_msgs__rosidl_generator_c.dir/rosidl_generator_c/px4_msgs/msg/detail/sensor_gyro_fft__functions.c.o[0m
[37.609s] [  9%] [32mBuilding C object CMakeFiles/px4_msgs__rosidl_generator_c.dir/rosidl_generator_c/px4_msgs/msg/detail/sensor_gyro_fifo__functions.c.o[0m
[37.631s] [  9%] [32mBuilding C object CMakeFiles/px4_msgs__rosidl_generator_c.dir/rosidl_generator_c/px4_msgs/msg/detail/sensor_hygrometer__functions.c.o[0m
[37.631s] [  9%] [32mBuilding C object CMakeFiles/px4_msgs__rosidl_generator_c.dir/rosidl_generator_c/px4_msgs/msg/detail/sensor_mag__functions.c.o[0m
[37.633s] [  9%] [32mBuilding C object CMakeFiles/px4_msgs__rosidl_generator_c.dir/rosidl_generator_c/px4_msgs/msg/detail/sensor_optical_flow__functions.c.o[0m
[37.647s] [  9%] [32mBuilding C object CMakeFiles/px4_msgs__rosidl_generator_c.dir/rosidl_generator_c/px4_msgs/msg/detail/sensor_preflight_mag__functions.c.o[0m
[37.678s] [  9%] [32mBuilding C object CMakeFiles/px4_msgs__rosidl_generator_c.dir/rosidl_generator_c/px4_msgs/msg/detail/sensor_uwb__functions.c.o[0m
[37.687s] [  9%] [32mBuilding C object CMakeFiles/px4_msgs__rosidl_generator_c.dir/rosidl_generator_c/px4_msgs/msg/detail/sensors_status__functions.c.o[0m
[37.687s] [  9%] [32mBuilding C object CMakeFiles/px4_msgs__rosidl_generator_c.dir/rosidl_generator_c/px4_msgs/msg/detail/sensor_selection__functions.c.o[0m
[37.705s] [  9%] [32mBuilding C object CMakeFiles/px4_msgs__rosidl_generator_c.dir/rosidl_generator_c/px4_msgs/msg/detail/sensors_status_imu__functions.c.o[0m
[37.715s] [  9%] [32mBuilding C object CMakeFiles/px4_msgs__rosidl_generator_c.dir/rosidl_generator_c/px4_msgs/msg/detail/system_power__functions.c.o[0m
[37.732s] [ 10%] [32mBuilding C object CMakeFiles/px4_msgs__rosidl_generator_c.dir/rosidl_generator_c/px4_msgs/msg/detail/takeoff_status__functions.c.o[0m
[37.738s] [ 10%] [32mBuilding C object CMakeFiles/px4_msgs__rosidl_generator_c.dir/rosidl_generator_c/px4_msgs/msg/detail/task_stack_info__functions.c.o[0m
[37.739s] [ 10%] [32mBuilding C object CMakeFiles/px4_msgs__rosidl_generator_c.dir/rosidl_generator_c/px4_msgs/msg/detail/tecs_status__functions.c.o[0m
[37.751s] [ 10%] [32mBuilding C object CMakeFiles/px4_msgs__rosidl_generator_c.dir/rosidl_generator_c/px4_msgs/msg/detail/telemetry_status__functions.c.o[0m
[37.777s] [ 10%] [32mBuilding C object CMakeFiles/px4_msgs__rosidl_generator_c.dir/rosidl_generator_c/px4_msgs/msg/detail/tiltrotor_extra_controls__functions.c.o[0m
[37.787s] [ 10%] [32mBuilding C object CMakeFiles/px4_msgs__rosidl_generator_c.dir/rosidl_generator_c/px4_msgs/msg/detail/timesync_status__functions.c.o[0m
[37.787s] [ 10%] [32mBuilding C object CMakeFiles/px4_msgs__rosidl_generator_c.dir/rosidl_generator_c/px4_msgs/msg/detail/trajectory_bezier__functions.c.o[0m
[37.796s] [ 10%] [32mBuilding C object CMakeFiles/px4_msgs__rosidl_generator_c.dir/rosidl_generator_c/px4_msgs/msg/detail/trajectory_setpoint__functions.c.o[0m
[37.830s] [ 10%] [32mBuilding C object CMakeFiles/px4_msgs__rosidl_generator_c.dir/rosidl_generator_c/px4_msgs/msg/detail/trajectory_waypoint__functions.c.o[0m
[37.833s] [ 10%] [32mBuilding C object CMakeFiles/px4_msgs__rosidl_generator_c.dir/rosidl_generator_c/px4_msgs/msg/detail/transponder_report__functions.c.o[0m
[37.837s] [ 10%] [32mBuilding C object CMakeFiles/px4_msgs__rosidl_generator_c.dir/rosidl_generator_c/px4_msgs/msg/detail/tune_control__functions.c.o[0m
[37.853s] [ 10%] [32mBuilding C object CMakeFiles/px4_msgs__rosidl_generator_c.dir/rosidl_generator_c/px4_msgs/msg/detail/uavcan_parameter_request__functions.c.o[0m
[37.866s] [ 10%] [32mBuilding C object CMakeFiles/px4_msgs__rosidl_generator_c.dir/rosidl_generator_c/px4_msgs/msg/detail/ulog_stream__functions.c.o[0m
[37.867s] [ 10%] [32mBuilding C object CMakeFiles/px4_msgs__rosidl_generator_c.dir/rosidl_generator_c/px4_msgs/msg/detail/uavcan_parameter_value__functions.c.o[0m
[37.914s] [ 10%] [32mBuilding C object CMakeFiles/px4_msgs__rosidl_generator_c.dir/rosidl_generator_c/px4_msgs/msg/detail/ulog_stream_ack__functions.c.o[0m
[37.922s] [ 11%] [32mBuilding C object CMakeFiles/px4_msgs__rosidl_generator_c.dir/rosidl_generator_c/px4_msgs/msg/detail/vehicle_acceleration__functions.c.o[0m
[37.933s] [ 11%] [32mBuilding C object CMakeFiles/px4_msgs__rosidl_generator_c.dir/rosidl_generator_c/px4_msgs/msg/detail/vehicle_air_data__functions.c.o[0m
[37.951s] [ 11%] [32mBuilding C object CMakeFiles/px4_msgs__rosidl_generator_c.dir/rosidl_generator_c/px4_msgs/msg/detail/vehicle_angular_acceleration_setpoint__functions.c.o[0m
[37.951s] [ 11%] [32mBuilding C object CMakeFiles/px4_msgs__rosidl_generator_c.dir/rosidl_generator_c/px4_msgs/msg/detail/vehicle_angular_velocity__functions.c.o[0m
[37.965s] [ 11%] [32mBuilding C object CMakeFiles/px4_msgs__rosidl_generator_c.dir/rosidl_generator_c/px4_msgs/msg/detail/vehicle_attitude_setpoint__functions.c.o[0m
[37.968s] [ 11%] [32mBuilding C object CMakeFiles/px4_msgs__rosidl_generator_c.dir/rosidl_generator_c/px4_msgs/msg/detail/vehicle_command__functions.c.o[0m
[37.977s] [ 11%] [32mBuilding C object CMakeFiles/px4_msgs__rosidl_generator_c.dir/rosidl_generator_c/px4_msgs/msg/detail/vehicle_attitude__functions.c.o[0m
[37.994s] [ 11%] [32mBuilding C object CMakeFiles/px4_msgs__rosidl_generator_c.dir/rosidl_generator_c/px4_msgs/msg/detail/vehicle_command_ack__functions.c.o[0m
[38.003s] [ 11%] [32mBuilding C object CMakeFiles/px4_msgs__rosidl_generator_c.dir/rosidl_generator_c/px4_msgs/msg/detail/vehicle_constraints__functions.c.o[0m
[38.017s] [ 11%] [32mBuilding C object CMakeFiles/px4_msgs__rosidl_generator_c.dir/rosidl_generator_c/px4_msgs/msg/detail/vehicle_control_mode__functions.c.o[0m
[38.024s] [ 11%] [32mBuilding C object CMakeFiles/px4_msgs__rosidl_generator_c.dir/rosidl_generator_c/px4_msgs/msg/detail/vehicle_global_position__functions.c.o[0m
[38.039s] [ 11%] [32mBuilding C object CMakeFiles/px4_msgs__rosidl_generator_c.dir/rosidl_generator_c/px4_msgs/msg/detail/vehicle_imu__functions.c.o[0m
[38.064s] [ 11%] [32mBuilding C object CMakeFiles/px4_msgs__rosidl_generator_c.dir/rosidl_generator_c/px4_msgs/msg/detail/vehicle_land_detected__functions.c.o[0m
[38.064s] [ 11%] [32mBuilding C object CMakeFiles/px4_msgs__rosidl_generator_c.dir/rosidl_generator_c/px4_msgs/msg/detail/vehicle_imu_status__functions.c.o[0m
[38.071s] [ 11%] [32mBuilding C object CMakeFiles/px4_msgs__rosidl_generator_c.dir/rosidl_generator_c/px4_msgs/msg/detail/vehicle_local_position__functions.c.o[0m
[38.082s] [ 11%] [32mBuilding C object CMakeFiles/px4_msgs__rosidl_generator_c.dir/rosidl_generator_c/px4_msgs/msg/detail/vehicle_local_position_setpoint__functions.c.o[0m
[38.084s] [ 12%] [32mBuilding C object CMakeFiles/px4_msgs__rosidl_generator_c.dir/rosidl_generator_c/px4_msgs/msg/detail/vehicle_magnetometer__functions.c.o[0m
[38.110s] [ 12%] [32mBuilding C object CMakeFiles/px4_msgs__rosidl_generator_c.dir/rosidl_generator_c/px4_msgs/msg/detail/vehicle_optical_flow__functions.c.o[0m
[38.113s] [ 12%] [32mBuilding C object CMakeFiles/px4_msgs__rosidl_generator_c.dir/rosidl_generator_c/px4_msgs/msg/detail/vehicle_optical_flow_vel__functions.c.o[0m
[38.114s] [ 12%] [32mBuilding C object CMakeFiles/px4_msgs__rosidl_generator_c.dir/rosidl_generator_c/px4_msgs/msg/detail/vehicle_odometry__functions.c.o[0m
[38.153s] [ 12%] [32mBuilding C object CMakeFiles/px4_msgs__rosidl_generator_c.dir/rosidl_generator_c/px4_msgs/msg/detail/vehicle_rates_setpoint__functions.c.o[0m
[38.162s] [ 12%] [32mBuilding C object CMakeFiles/px4_msgs__rosidl_generator_c.dir/rosidl_generator_c/px4_msgs/msg/detail/vehicle_roi__functions.c.o[0m
[38.170s] [ 12%] [32mBuilding C object CMakeFiles/px4_msgs__rosidl_generator_c.dir/rosidl_generator_c/px4_msgs/msg/detail/vehicle_status__functions.c.o[0m
[38.172s] [ 12%] [32mBuilding C object CMakeFiles/px4_msgs__rosidl_generator_c.dir/rosidl_generator_c/px4_msgs/msg/detail/vehicle_torque_setpoint__functions.c.o[0m
[38.172s] [ 12%] [32mBuilding C object CMakeFiles/px4_msgs__rosidl_generator_c.dir/rosidl_generator_c/px4_msgs/msg/detail/vehicle_trajectory_bezier__functions.c.o[0m
[38.172s] [ 12%] [32mBuilding C object CMakeFiles/px4_msgs__rosidl_generator_c.dir/rosidl_generator_c/px4_msgs/msg/detail/vehicle_thrust_setpoint__functions.c.o[0m
[38.207s] [ 12%] [32mBuilding C object CMakeFiles/px4_msgs__rosidl_generator_c.dir/rosidl_generator_c/px4_msgs/msg/detail/vtol_vehicle_status__functions.c.o[0m
[38.210s] [ 12%] [32mBuilding C object CMakeFiles/px4_msgs__rosidl_generator_c.dir/rosidl_generator_c/px4_msgs/msg/detail/vehicle_trajectory_waypoint__functions.c.o[0m
[38.222s] [ 12%] [32mBuilding C object CMakeFiles/px4_msgs__rosidl_generator_c.dir/rosidl_generator_c/px4_msgs/msg/detail/wind__functions.c.o[0m
[38.244s] [ 12%] [32mBuilding C object CMakeFiles/px4_msgs__rosidl_generator_c.dir/rosidl_generator_c/px4_msgs/msg/detail/yaw_estimator_status__functions.c.o[0m
[38.317s] [ 12%] [32m[1mLinking C shared library libpx4_msgs__rosidl_generator_c.so[0m
[38.425s] [ 12%] Built target px4_msgs__rosidl_generator_c
[38.444s] [ 13%] [34m[1mGenerating C type support dispatch for ROS interfaces[0m
[38.447s] [ 14%] [34m[1mGenerating C introspection for ROS interfaces[0m
[47.577s] Traceback (most recent call last):
[47.578s] Traceback (most recent call last):
[47.578s] Traceback (most recent call last):
[47.578s] Traceback (most recent call last):
[47.578s]   File "/opt/ros/foxy/lib/rosidl_typesupport_introspection_c/rosidl_typesupport_introspection_c", line 23, in <module>
[47.578s]   File "/opt/ros/foxy/lib/rosidl_typesupport_cpp/rosidl_typesupport_cpp", line 28, in <module>
[47.578s]   File "/opt/ros/foxy/lib/rosidl_typesupport_introspection_cpp/rosidl_typesupport_introspection_cpp", line 23, in <module>
[47.579s]   File "/opt/ros/foxy/lib/rosidl_typesupport_fastrtps_cpp/rosidl_typesupport_fastrtps_cpp", line 23, in <module>
[47.579s] Traceback (most recent call last):
[47.579s]   File "/opt/ros/foxy/lib/rosidl_typesupport_c/rosidl_typesupport_c", line 28, in <module>
[47.579s] make[2]: *** Deleting file 'rosidl_typesupport_introspection_c/px4_msgs/msg/detail/action_request__rosidl_typesupport_introspection_c.h'
[47.579s] make[2]: *** Deleting file 'rosidl_typesupport_fastrtps_cpp/px4_msgs/msg/detail/dds_fastrtps/action_request__type_support.cpp'
[47.579s] make[2]: *** Deleting file 'rosidl_typesupport_introspection_cpp/px4_msgs/msg/detail/action_request__rosidl_typesupport_introspection_cpp.hpp'
[47.579s] make[2]: *** Deleting file 'rosidl_typesupport_c/px4_msgs/msg/action_request__type_support.cpp'
[47.579s] make[2]: *** Deleting file 'rosidl_typesupport_cpp/px4_msgs/msg/action_request__type_support.cpp'
[47.580s]     sys.exit(main())
[47.580s]     sys.exit(main())
[47.580s]   File "/opt/ros/foxy/lib/rosidl_typesupport_introspection_cpp/rosidl_typesupport_introspection_cpp", line 19, in main
[47.580s]     sys.exit(main())
[47.580s]   File "/opt/ros/foxy/lib/rosidl_typesupport_fastrtps_cpp/rosidl_typesupport_fastrtps_cpp", line 19, in main
[47.580s]   File "/opt/ros/foxy/lib/rosidl_typesupport_c/rosidl_typesupport_c", line 24, in main
[47.580s]     sys.exit(main())
[47.580s]     sys.exit(main())
[47.581s]   File "/opt/ros/foxy/lib/rosidl_typesupport_introspection_c/rosidl_typesupport_introspection_c", line 19, in main
[47.581s]   File "/opt/ros/foxy/lib/rosidl_typesupport_cpp/rosidl_typesupport_cpp", line 24, in main
[47.581s]     return generate_c(args.generator_arguments_file, args.typesupports)
[47.581s]     return generate_cpp(args.generator_arguments_file)
[47.581s]   File "/opt/ros/foxy/lib/python3.8/site-packages/rosidl_typesupport_c/__init__.py", line 28, in generate_c
[47.581s]   File "/opt/ros/foxy/lib/python3.8/site-packages/rosidl_typesupport_introspection_cpp/__init__.py", line 24, in generate_cpp
[47.581s]     return generate_cpp(args.generator_arguments_file)
[47.581s]   File "/opt/ros/foxy/lib/python3.8/site-packages/rosidl_typesupport_fastrtps_cpp/__init__.py", line 24, in generate_cpp
[47.582s]     return generate_c(args.generator_arguments_file)
[47.582s]     generate_files(
[47.582s]     generate_files(generator_arguments_file, mapping)
[47.582s]   File "/opt/ros/foxy/lib/python3.8/site-packages/rosidl_typesupport_introspection_c/__init__.py", line 24, in generate_c
[47.582s]   File "/opt/ros/foxy/lib/python3.8/site-packages/rosidl_cmake/__init__.py", line 87, in generate_files
[47.582s]   File "/opt/ros/foxy/lib/python3.8/site-packages/rosidl_cmake/__init__.py", line 74, in generate_files
[47.582s]     return generate_cpp(args.generator_arguments_file, args.typesupports)
[47.582s]   File "/opt/ros/foxy/lib/python3.8/site-packages/rosidl_typesupport_cpp/__init__.py", line 28, in generate_cpp
[47.582s]     generate_files(generator_arguments_file, mapping)
[47.582s]   File "/opt/ros/foxy/lib/python3.8/site-packages/rosidl_cmake/__init__.py", line 74, in generate_files
[47.583s]     expand_template(
[47.583s]   File "/opt/ros/foxy/lib/python3.8/site-packages/rosidl_cmake/__init__.py", line 149, in expand_template
[47.583s]     idl_file = parse_idl_file(locator)
[47.583s]   File "/opt/ros/foxy/lib/python3.8/site-packages/rosidl_parser/parser.py", line 64, in parse_idl_file
[47.583s]     generate_files(generator_arguments_file, mapping)
[47.583s]   File "/opt/ros/foxy/lib/python3.8/site-packages/rosidl_cmake/__init__.py", line 87, in generate_files
[47.583s]     generate_files(
[47.583s]   File "/opt/ros/foxy/lib/python3.8/site-packages/rosidl_cmake/__init__.py", line 74, in generate_files
[47.583s]     interpreter.string(template_content, template_path, locals=data)
[47.583s]     content = parse_idl_string(string, png_file=png_file)
[47.583s]   File "/home/ceu/.local/lib/python3.8/site-packages/em.py", line 2391, in string
[47.583s]   File "/opt/ros/foxy/lib/python3.8/site-packages/rosidl_parser/parser.py", line 72, in parse_idl_string
[47.583s]     idl_file = parse_idl_file(locator)
[47.583s]   File "/opt/ros/foxy/lib/python3.8/site-packages/rosidl_parser/parser.py", line 64, in parse_idl_file
[47.584s]     expand_template(
[47.584s]   File "/opt/ros/foxy/lib/python3.8/site-packages/rosidl_cmake/__init__.py", line 149, in expand_template
[47.584s]     tree = get_ast_from_idl_string(idl_string)
[47.584s]   File "/opt/ros/foxy/lib/python3.8/site-packages/rosidl_parser/parser.py", line 89, in get_ast_from_idl_string
[47.584s]     idl_file = parse_idl_file(locator)
[47.584s]   File "/opt/ros/foxy/lib/python3.8/site-packages/rosidl_parser/parser.py", line 64, in parse_idl_file
[47.584s]     content = parse_idl_string(string, png_file=png_file)
[47.584s]     return _parser.parse(idl_string)
[47.584s]   File "/opt/ros/foxy/lib/python3.8/site-packages/rosidl_parser/parser.py", line 72, in parse_idl_string
[47.584s]   File "/usr/lib/python3/dist-packages/lark/lark.py", line 293, in parse
[47.585s]     interpreter.string(template_content, template_path, locals=data)
[47.585s]   File "/home/ceu/.local/lib/python3.8/site-packages/em.py", line 2391, in string
[47.585s]     content = parse_idl_string(string, png_file=png_file)
[47.585s]   File "/opt/ros/foxy/lib/python3.8/site-packages/rosidl_parser/parser.py", line 72, in parse_idl_string
[47.585s]     tree = get_ast_from_idl_string(idl_string)
[47.585s]   File "/opt/ros/foxy/lib/python3.8/site-packages/rosidl_parser/parser.py", line 89, in get_ast_from_idl_string
[47.585s]     tree = get_ast_from_idl_string(idl_string)
[47.585s]   File "/opt/ros/foxy/lib/python3.8/site-packages/rosidl_parser/parser.py", line 89, in get_ast_from_idl_string
[47.586s]     return _parser.parse(idl_string)
[47.586s]   File "/usr/lib/python3/dist-packages/lark/lark.py", line 293, in parse
[47.586s]     return _parser.parse(idl_string)
[47.586s]   File "/usr/lib/python3/dist-packages/lark/lark.py", line 293, in parse
[47.586s]     return self.parser.parse(text, start=start)
[47.586s]   File "/usr/lib/python3/dist-packages/lark/parser_frontends.py", line 193, in parse
[47.586s]     return self.parser.parse(text, start=start)
[47.587s]     return self.parser.parse(text, start=start)
[47.587s]   File "/usr/lib/python3/dist-packages/lark/parser_frontends.py", line 193, in parse
[47.587s]   File "/usr/lib/python3/dist-packages/lark/parser_frontends.py", line 193, in parse
[47.587s]     return self._parse(text, start)
[47.587s]   File "/usr/lib/python3/dist-packages/lark/parser_frontends.py", line 54, in _parse
[47.587s]     return self._parse(text, start)
[47.587s]     return self._parse(text, start)
[47.587s]   File "/usr/lib/python3/dist-packages/lark/parser_frontends.py", line 54, in _parse
[47.587s]   File "/usr/lib/python3/dist-packages/lark/parser_frontends.py", line 54, in _parse
[47.587s]     return self.parser.parse(input, start, *args)
[47.587s]   File "/usr/lib/python3/dist-packages/lark/parsers/earley.py", line 292, in parse
[47.587s]     return self.parser.parse(input, start, *args)
[47.587s]     return self.parser.parse(input, start, *args)
[47.588s]   File "/usr/lib/python3/dist-packages/lark/parsers/earley.py", line 292, in parse
[47.588s]   File "/usr/lib/python3/dist-packages/lark/parsers/earley.py", line 292, in parse
[47.588s]     to_scan = self._parse(stream, columns, to_scan, start_symbol)
[47.588s]   File "/usr/lib/python3/dist-packages/lark/parsers/xearley.py", line 135, in _parse
[47.588s]     to_scan = self._parse(stream, columns, to_scan, start_symbol)
[47.588s]     to_scan = self._parse(stream, columns, to_scan, start_symbol)
[47.588s]   File "/usr/lib/python3/dist-packages/lark/parsers/xearley.py", line 135, in _parse
[47.588s]   File "/usr/lib/python3/dist-packages/lark/parsers/xearley.py", line 135, in _parse
[47.588s]     self.predict_and_complete(i, to_scan, columns, transitives)
[47.588s]   File "/usr/lib/python3/dist-packages/lark/parsers/earley.py", line 129, in predict_and_complete
[47.588s]     self.predict_and_complete(i, to_scan, columns, transitives)
[47.588s]     self.predict_and_complete(i, to_scan, columns, transitives)
[47.588s]   File "/usr/lib/python3/dist-packages/lark/parsers/earley.py", line 129, in predict_and_complete
[47.589s]   File "/usr/lib/python3/dist-packages/lark/parsers/earley.py", line 111, in predict_and_complete
[47.589s]     new_item = Item(rule, 0, i)
[47.589s]   File "/usr/lib/python3/dist-packages/lark/parsers/earley_common.py", line 23, in __init__
[47.589s]     self.safe(scanner, True, locals)
[47.589s]   File "/home/ceu/.local/lib/python3.8/site-packages/em.py", line 2401, in safe
[47.589s]     self.safe(scanner, True, locals)
[47.589s]   File "/home/ceu/.local/lib/python3.8/site-packages/em.py", line 2401, in safe
[47.589s]     originators = [originator for originator in columns[item.start] if originator.expect is not None and originator.expect == item.s]
[47.589s]     new_item = Item(rule, 0, i)
[47.589s]   File "/usr/lib/python3/dist-packages/lark/parsers/earley.py", line 111, in <listcomp>
[47.589s]   File "/usr/lib/python3/dist-packages/lark/parsers/earley_common.py", line 36, in __init__
[47.589s]     self.is_complete = len(rule.expansion) == ptr
[47.590s] KeyboardInterrupt
[47.590s]     originators = [originator for originator in columns[item.start] if originator.expect is not None and originator.expect == item.s]
[47.590s]     self._hash = hash((self.s, self.start))
[47.590s] KeyboardInterrupt
[47.590s] KeyboardInterrupt
[47.590s]     self.parse(scanner, locals)
[47.590s]   File "/home/ceu/.local/lib/python3.8/site-packages/em.py", line 2417, in parse
[47.590s]     self.parse(scanner, locals)
[47.590s]   File "/home/ceu/.local/lib/python3.8/site-packages/em.py", line 2421, in parse
[47.590s]     token = scanner.one()
[47.590s]   File "/home/ceu/.local/lib/python3.8/site-packages/em.py", line 1984, in one
[47.590s]     token.run(self, locals)
[47.590s]   File "/home/ceu/.local/lib/python3.8/site-packages/em.py", line 1547, in run
[47.591s]     self.subrun(info[0][1], interpreter, locals)
[47.591s]   File "/home/ceu/.local/lib/python3.8/site-packages/em.py", line 1631, in subrun
[47.591s]     token.scan(self)
[47.591s]   File "/home/ceu/.local/lib/python3.8/site-packages/em.py", line 1468, in scan
[47.591s]     self.subscan(scanner, self.type)
[47.591s]   File "/home/ceu/.local/lib/python3.8/site-packages/em.py", line 1483, in subscan
[47.591s]     token.run(interpreter, locals)
[47.591s]   File "/home/ceu/.local/lib/python3.8/site-packages/em.py", line 1425, in run
[47.591s]     token = scanner.one()
[47.591s]   File "/home/ceu/.local/lib/python3.8/site-packages/em.py", line 1984, in one
[47.591s]     interpreter.execute(self.code, locals)
[47.591s]   File "/home/ceu/.local/lib/python3.8/site-packages/em.py", line 2596, in execute
[47.592s]     token.scan(self)
[47.592s]   File "/home/ceu/.local/lib/python3.8/site-packages/em.py", line 1421, in scan
[47.592s]     _exec(statements, self.globals, locals)
[47.592s]   File "<string>", line 2, in <module>
[47.592s]   File "/opt/ros/foxy/lib/python3.8/site-packages/rosidl_cmake/__init__.py", line 198, in _expand_template
[47.592s]     i = scanner.complex('{', '}', 0)
[47.592s]   File "/home/ceu/.local/lib/python3.8/site-packages/em.py", line 1893, in complex
[47.592s]     interpreter.string(content, str(template_path), kwargs)
[47.592s]   File "/home/ceu/.local/lib/python3.8/site-packages/em.py", line 2391, in string
[47.592s]     newQuote = self.check(i, quote)
[47.592s]   File "/home/ceu/.local/lib/python3.8/site-packages/em.py", line 1777, in check
[47.592s]     self.safe(scanner, True, locals)
[47.592s]   File "/home/ceu/.local/lib/python3.8/site-packages/em.py", line 2401, in safe
[47.592s]     if archetype is None:
[47.592s] KeyboardInterrupt
[47.593s]     self.parse(scanner, locals)
[47.593s]   File "/home/ceu/.local/lib/python3.8/site-packages/em.py", line 2421, in parse
[47.593s]     token.run(self, locals)
[47.593s]   File "/home/ceu/.local/lib/python3.8/site-packages/em.py", line 1527, in run
[47.593s]     self.subrun(subtokens, interpreter, locals)
[47.593s]   File "/home/ceu/.local/lib/python3.8/site-packages/em.py", line 1631, in subrun
[47.593s]     token.run(interpreter, locals)
[47.593s]   File "/home/ceu/.local/lib/python3.8/site-packages/em.py", line 1333, in run
[47.593s]     result = interpreter.evaluate(self.testCode, locals)
[47.593s]   File "/home/ceu/.local/lib/python3.8/site-packages/em.py", line 2573, in evaluate
[47.594s]     result = eval(expression, self.globals, locals)
[47.594s]   File "<string>", line 1, in <module>
[47.594s] KeyboardInterrupt
[47.605s] Exception ignored in: <function Interpreter.__del__ at 0x7f815dd0d550>
[47.605s] Traceback (most recent call last):
[47.605s]   File "/home/ceu/.local/lib/python3.8/site-packages/em.py", line 2094, in __del__
[47.605s]   File "/home/ceu/.local/lib/python3.8/site-packages/em.py", line 2157, in shutdown
[47.605s]   File "/home/ceu/.local/lib/python3.8/site-packages/em.py", line 2647, in finalize
[47.605s]   File "/home/ceu/.local/lib/python3.8/site-packages/em.py", line 2200, in push
[47.605s] AttributeError: '_io.TextIOWrapper' object has no attribute 'push'
[47.612s] make[2]: *** [CMakeFiles/px4_msgs__rosidl_typesupport_c.dir/build.make:259: rosidl_typesupport_c/px4_msgs/msg/action_request__type_support.cpp] Interrupt
[47.612s] make[1]: *** [CMakeFiles/Makefile2:444: CMakeFiles/px4_msgs__rosidl_typesupport_c.dir/all] Interrupt
[47.615s] make[2]: *** [CMakeFiles/px4_msgs__rosidl_typesupport_cpp.dir/build.make:259: rosidl_typesupport_cpp/px4_msgs/msg/action_request__type_support.cpp] Interrupt
[47.615s] make[1]: *** [CMakeFiles/Makefile2:471: CMakeFiles/px4_msgs__rosidl_typesupport_cpp.dir/all] Interrupt
[47.615s] Exception ignored in: <function Interpreter.__del__ at 0x7f4d9473c820>
[47.615s] Traceback (most recent call last):
[47.615s]   File "/home/ceu/.local/lib/python3.8/site-packages/em.py", line 2094, in __del__
[47.615s]   File "/home/ceu/.local/lib/python3.8/site-packages/em.py", line 2157, in shutdown
[47.616s]   File "/home/ceu/.local/lib/python3.8/site-packages/em.py", line 2647, in finalize
[47.616s]   File "/home/ceu/.local/lib/python3.8/site-packages/em.py", line 2200, in push
[47.616s] AttributeError: '_io.TextIOWrapper' object has no attribute 'push'
[47.616s] make[2]: *** [CMakeFiles/px4_msgs__rosidl_typesupport_fastrtps_cpp.dir/build.make:261: rosidl_typesupport_fastrtps_cpp/px4_msgs/msg/detail/dds_fastrtps/action_request__type_support.cpp] Interrupt
[47.616s] make[1]: *** [CMakeFiles/Makefile2:390: CMakeFiles/px4_msgs__rosidl_typesupport_fastrtps_cpp.dir/all] Interrupt
[47.621s] make[2]: *** [CMakeFiles/px4_msgs__rosidl_typesupport_introspection_c.dir/build.make:261: rosidl_typesupport_introspection_c/px4_msgs/msg/detail/action_request__rosidl_typesupport_introspection_c.h] Interrupt
[47.621s] make[1]: *** [CMakeFiles/Makefile2:417: CMakeFiles/px4_msgs__rosidl_typesupport_introspection_c.dir/all] Interrupt
[47.625s] make[2]: *** [CMakeFiles/px4_msgs__rosidl_typesupport_introspection_cpp.dir/build.make:261: rosidl_typesupport_introspection_cpp/px4_msgs/msg/detail/action_request__rosidl_typesupport_introspection_cpp.hpp] Interrupt
[47.626s] make[1]: *** [CMakeFiles/Makefile2:525: CMakeFiles/px4_msgs__rosidl_typesupport_introspection_cpp.dir/all] Interrupt
[47.626s] make: *** [Makefile:141: all] Interrupt
