[1.984s] DEBUG:colcon:Command line arguments: ['/usr/bin/colcon', 'build', '--packages-select', 'publish_lidar_data']
[1.984s] DEBUG:colcon:Parsed command line arguments: Namespace(allow_overriding=[], ament_cmake_args=None, base_paths=['.'], build_base='build', catkin_cmake_args=None, catkin_skip_building_tests=False, cmake_args=None, cmake_clean_cache=False, cmake_clean_first=False, cmake_force_configure=False, cmake_target=None, cmake_target_skip_unavailable=False, continue_on_error=False, event_handlers=None, executor='parallel', ignore_user_meta=False, install_base='install', log_base=None, log_level=None, main=<bound method BuildVerb.main of <colcon_core.verb.build.BuildVerb object at 0x7f9ad3a26310>>, merge_install=False, metas=['./colcon.meta'], packages_above=None, packages_above_and_dependencies=None, packages_above_depth=None, packages_end=None, packages_ignore=None, packages_ignore_regex=None, packages_select=['publish_lidar_data'], packages_select_build_failed=False, packages_select_by_dep=None, packages_select_regex=None, packages_select_test_failures=False, packages_skip=None, packages_skip_build_finished=False, packages_skip_by_dep=None, packages_skip_regex=None, packages_skip_test_passed=False, packages_skip_up_to=None, packages_start=None, packages_up_to=None, packages_up_to_regex=None, parallel_workers=12, paths=None, symlink_install=False, test_result_base=None, verb_extension=<colcon_core.verb.build.BuildVerb object at 0x7f9ad3a26310>, verb_name='build', verb_parser=<colcon_defaults.argument_parser.defaults.DefaultArgumentsDecorator object at 0x7f9ad3a26fd0>)
[2.066s] Level 1:colcon.colcon_core.package_discovery:discover_packages(colcon_meta) check parameters
[2.066s] Level 1:colcon.colcon_core.package_discovery:discover_packages(recursive) check parameters
[2.066s] Level 1:colcon.colcon_core.package_discovery:discover_packages(ignore) check parameters
[2.066s] Level 1:colcon.colcon_core.package_discovery:discover_packages(path) check parameters
[2.066s] Level 1:colcon.colcon_core.package_discovery:discover_packages(colcon_meta) discover
[2.066s] Level 1:colcon.colcon_core.package_discovery:discover_packages(recursive) discover
[2.066s] INFO:colcon.colcon_core.package_discovery:Crawling recursively for packages in '/home/ceu/ros2_ws'
[2.066s] Level 1:colcon.colcon_core.package_identification:_identify(.) by extensions ['ignore', 'ignore_ament_install']
[2.066s] Level 1:colcon.colcon_core.package_identification:_identify(.) by extension 'ignore'
[2.066s] Level 1:colcon.colcon_core.package_identification:_identify(.) by extension 'ignore_ament_install'
[2.066s] Level 1:colcon.colcon_core.package_identification:_identify(.) by extensions ['colcon_pkg']
[2.066s] Level 1:colcon.colcon_core.package_identification:_identify(.) by extension 'colcon_pkg'
[2.066s] Level 1:colcon.colcon_core.package_identification:_identify(.) by extensions ['colcon_meta']
[2.066s] Level 1:colcon.colcon_core.package_identification:_identify(.) by extension 'colcon_meta'
[2.066s] Level 1:colcon.colcon_core.package_identification:_identify(.) by extensions ['ros']
[2.066s] Level 1:colcon.colcon_core.package_identification:_identify(.) by extension 'ros'
[2.091s] Level 1:colcon.colcon_core.package_identification:_identify(.) by extensions ['cmake', 'python']
[2.091s] Level 1:colcon.colcon_core.package_identification:_identify(.) by extension 'cmake'
[2.091s] Level 1:colcon.colcon_core.package_identification:_identify(.) by extension 'python'
[2.091s] Level 1:colcon.colcon_core.package_identification:_identify(.) by extensions ['python_setup_py']
[2.091s] Level 1:colcon.colcon_core.package_identification:_identify(.) by extension 'python_setup_py'
[2.091s] Level 1:colcon.colcon_core.package_identification:_identify(build) by extensions ['ignore', 'ignore_ament_install']
[2.091s] Level 1:colcon.colcon_core.package_identification:_identify(build) by extension 'ignore'
[2.091s] Level 1:colcon.colcon_core.package_identification:_identify(build) ignored
[2.091s] Level 1:colcon.colcon_core.package_identification:_identify(install) by extensions ['ignore', 'ignore_ament_install']
[2.091s] Level 1:colcon.colcon_core.package_identification:_identify(install) by extension 'ignore'
[2.091s] Level 1:colcon.colcon_core.package_identification:_identify(install) ignored
[2.091s] Level 1:colcon.colcon_core.package_identification:_identify(log) by extensions ['ignore', 'ignore_ament_install']
[2.091s] Level 1:colcon.colcon_core.package_identification:_identify(log) by extension 'ignore'
[2.091s] Level 1:colcon.colcon_core.package_identification:_identify(log) ignored
[2.091s] Level 1:colcon.colcon_core.package_identification:_identify(src) by extensions ['ignore', 'ignore_ament_install']
[2.092s] Level 1:colcon.colcon_core.package_identification:_identify(src) by extension 'ignore'
[2.092s] Level 1:colcon.colcon_core.package_identification:_identify(src) by extension 'ignore_ament_install'
[2.092s] Level 1:colcon.colcon_core.package_identification:_identify(src) by extensions ['colcon_pkg']
[2.092s] Level 1:colcon.colcon_core.package_identification:_identify(src) by extension 'colcon_pkg'
[2.092s] Level 1:colcon.colcon_core.package_identification:_identify(src) by extensions ['colcon_meta']
[2.092s] Level 1:colcon.colcon_core.package_identification:_identify(src) by extension 'colcon_meta'
[2.092s] Level 1:colcon.colcon_core.package_identification:_identify(src) by extensions ['ros']
[2.092s] Level 1:colcon.colcon_core.package_identification:_identify(src) by extension 'ros'
[2.092s] Level 1:colcon.colcon_core.package_identification:_identify(src) by extensions ['cmake', 'python']
[2.092s] Level 1:colcon.colcon_core.package_identification:_identify(src) by extension 'cmake'
[2.092s] Level 1:colcon.colcon_core.package_identification:_identify(src) by extension 'python'
[2.092s] Level 1:colcon.colcon_core.package_identification:_identify(src) by extensions ['python_setup_py']
[2.092s] Level 1:colcon.colcon_core.package_identification:_identify(src) by extension 'python_setup_py'
[2.092s] Level 1:colcon.colcon_core.package_identification:_identify(src/LIO-SAM) by extensions ['ignore', 'ignore_ament_install']
[2.092s] Level 1:colcon.colcon_core.package_identification:_identify(src/LIO-SAM) by extension 'ignore'
[2.092s] Level 1:colcon.colcon_core.package_identification:_identify(src/LIO-SAM) by extension 'ignore_ament_install'
[2.092s] Level 1:colcon.colcon_core.package_identification:_identify(src/LIO-SAM) by extensions ['colcon_pkg']
[2.092s] Level 1:colcon.colcon_core.package_identification:_identify(src/LIO-SAM) by extension 'colcon_pkg'
[2.092s] Level 1:colcon.colcon_core.package_identification:_identify(src/LIO-SAM) by extensions ['colcon_meta']
[2.092s] Level 1:colcon.colcon_core.package_identification:_identify(src/LIO-SAM) by extension 'colcon_meta'
[2.092s] Level 1:colcon.colcon_core.package_identification:_identify(src/LIO-SAM) by extensions ['ros']
[2.092s] Level 1:colcon.colcon_core.package_identification:_identify(src/LIO-SAM) by extension 'ros'
[2.095s] DEBUG:colcon.colcon_core.package_identification:Package 'src/LIO-SAM' with type 'ros.ament_cmake' and name 'lio_sam'
[2.095s] Level 1:colcon.colcon_core.package_identification:_identify(src/publish_lidar_data) by extensions ['ignore', 'ignore_ament_install']
[2.095s] Level 1:colcon.colcon_core.package_identification:_identify(src/publish_lidar_data) by extension 'ignore'
[2.095s] Level 1:colcon.colcon_core.package_identification:_identify(src/publish_lidar_data) by extension 'ignore_ament_install'
[2.095s] Level 1:colcon.colcon_core.package_identification:_identify(src/publish_lidar_data) by extensions ['colcon_pkg']
[2.095s] Level 1:colcon.colcon_core.package_identification:_identify(src/publish_lidar_data) by extension 'colcon_pkg'
[2.095s] Level 1:colcon.colcon_core.package_identification:_identify(src/publish_lidar_data) by extensions ['colcon_meta']
[2.095s] Level 1:colcon.colcon_core.package_identification:_identify(src/publish_lidar_data) by extension 'colcon_meta'
[2.095s] Level 1:colcon.colcon_core.package_identification:_identify(src/publish_lidar_data) by extensions ['ros']
[2.095s] Level 1:colcon.colcon_core.package_identification:_identify(src/publish_lidar_data) by extension 'ros'
[2.095s] DEBUG:colcon.colcon_core.package_identification:Package 'src/publish_lidar_data' with type 'ros.ament_python' and name 'publish_lidar_data'
[2.096s] Level 1:colcon.colcon_core.package_identification:_identify(src/px4_msgs) by extensions ['ignore', 'ignore_ament_install']
[2.096s] Level 1:colcon.colcon_core.package_identification:_identify(src/px4_msgs) by extension 'ignore'
[2.096s] Level 1:colcon.colcon_core.package_identification:_identify(src/px4_msgs) by extension 'ignore_ament_install'
[2.096s] Level 1:colcon.colcon_core.package_identification:_identify(src/px4_msgs) by extensions ['colcon_pkg']
[2.096s] Level 1:colcon.colcon_core.package_identification:_identify(src/px4_msgs) by extension 'colcon_pkg'
[2.096s] Level 1:colcon.colcon_core.package_identification:_identify(src/px4_msgs) by extensions ['colcon_meta']
[2.096s] Level 1:colcon.colcon_core.package_identification:_identify(src/px4_msgs) by extension 'colcon_meta'
[2.097s] Level 1:colcon.colcon_core.package_identification:_identify(src/px4_msgs) by extensions ['ros']
[2.097s] Level 1:colcon.colcon_core.package_identification:_identify(src/px4_msgs) by extension 'ros'
[2.097s] DEBUG:colcon.colcon_core.package_identification:Package 'src/px4_msgs' with type 'ros.ament_cmake' and name 'px4_msgs'
[2.097s] Level 1:colcon.colcon_core.package_identification:_identify(src/px4_ros_com) by extensions ['ignore', 'ignore_ament_install']
[2.097s] Level 1:colcon.colcon_core.package_identification:_identify(src/px4_ros_com) by extension 'ignore'
[2.097s] Level 1:colcon.colcon_core.package_identification:_identify(src/px4_ros_com) by extension 'ignore_ament_install'
[2.097s] Level 1:colcon.colcon_core.package_identification:_identify(src/px4_ros_com) by extensions ['colcon_pkg']
[2.097s] Level 1:colcon.colcon_core.package_identification:_identify(src/px4_ros_com) by extension 'colcon_pkg'
[2.097s] Level 1:colcon.colcon_core.package_identification:_identify(src/px4_ros_com) by extensions ['colcon_meta']
[2.097s] Level 1:colcon.colcon_core.package_identification:_identify(src/px4_ros_com) by extension 'colcon_meta'
[2.097s] Level 1:colcon.colcon_core.package_identification:_identify(src/px4_ros_com) by extensions ['ros']
[2.097s] Level 1:colcon.colcon_core.package_identification:_identify(src/px4_ros_com) by extension 'ros'
[2.098s] DEBUG:colcon.colcon_core.package_identification:Package 'src/px4_ros_com' with type 'ros.ament_cmake' and name 'px4_ros_com'
[2.098s] Level 1:colcon.colcon_core.package_discovery:discover_packages(recursive) using defaults
[2.098s] Level 1:colcon.colcon_core.package_discovery:discover_packages(ignore) discover
[2.099s] Level 1:colcon.colcon_core.package_discovery:discover_packages(ignore) using defaults
[2.099s] Level 1:colcon.colcon_core.package_discovery:discover_packages(path) discover
[2.099s] Level 1:colcon.colcon_core.package_discovery:discover_packages(path) using defaults
[2.215s] INFO:colcon.colcon_core.package_selection:Skipping not selected package 'lio_sam' in 'src/LIO-SAM'
[2.215s] INFO:colcon.colcon_core.package_selection:Skipping not selected package 'px4_msgs' in 'src/px4_msgs'
[2.215s] INFO:colcon.colcon_core.package_selection:Skipping not selected package 'px4_ros_com' in 'src/px4_ros_com'
[2.282s] Level 1:colcon.colcon_core.package_discovery:discover_packages(prefix_path) check parameters
[2.282s] Level 1:colcon.colcon_core.package_discovery:discover_packages(prefix_path) discover
[2.350s] DEBUG:colcon.colcon_installed_package_information.package_discovery:Found 260 installed packages in /opt/ros/foxy
[2.352s] Level 1:colcon.colcon_core.package_discovery:discover_packages(prefix_path) using defaults
[2.484s] Level 5:colcon.colcon_core.verb:set package 'publish_lidar_data' build argument 'cmake_args' from command line to 'None'
[2.484s] Level 5:colcon.colcon_core.verb:set package 'publish_lidar_data' build argument 'cmake_target' from command line to 'None'
[2.484s] Level 5:colcon.colcon_core.verb:set package 'publish_lidar_data' build argument 'cmake_target_skip_unavailable' from command line to 'False'
[2.485s] Level 5:colcon.colcon_core.verb:set package 'publish_lidar_data' build argument 'cmake_clean_cache' from command line to 'False'
[2.485s] Level 5:colcon.colcon_core.verb:set package 'publish_lidar_data' build argument 'cmake_clean_first' from command line to 'False'
[2.485s] Level 5:colcon.colcon_core.verb:set package 'publish_lidar_data' build argument 'cmake_force_configure' from command line to 'False'
[2.485s] Level 5:colcon.colcon_core.verb:set package 'publish_lidar_data' build argument 'ament_cmake_args' from command line to 'None'
[2.485s] Level 5:colcon.colcon_core.verb:set package 'publish_lidar_data' build argument 'catkin_cmake_args' from command line to 'None'
[2.485s] Level 5:colcon.colcon_core.verb:set package 'publish_lidar_data' build argument 'catkin_skip_building_tests' from command line to 'False'
[2.485s] DEBUG:colcon.colcon_core.verb:Building package 'publish_lidar_data' with the following arguments: {'ament_cmake_args': None, 'build_base': '/home/ceu/ros2_ws/build/publish_lidar_data', 'catkin_cmake_args': None, 'catkin_skip_building_tests': False, 'cmake_args': None, 'cmake_clean_cache': False, 'cmake_clean_first': False, 'cmake_force_configure': False, 'cmake_target': None, 'cmake_target_skip_unavailable': False, 'install_base': '/home/ceu/ros2_ws/install/publish_lidar_data', 'merge_install': False, 'path': '/home/ceu/ros2_ws/src/publish_lidar_data', 'symlink_install': False, 'test_result_base': None}
[2.520s] INFO:colcon.colcon_core.executor:Executing jobs using 'parallel' executor
[2.554s] DEBUG:colcon.colcon_parallel_executor.executor.parallel:run_until_complete
[2.554s] INFO:colcon.colcon_ros.task.ament_python.build:Building ROS package in '/home/ceu/ros2_ws/src/publish_lidar_data' with build type 'ament_python'
[2.554s] Level 1:colcon.colcon_core.shell:create_environment_hook('publish_lidar_data', 'ament_prefix_path')
[2.590s] INFO:colcon.colcon_core.plugin_system:Skipping extension 'colcon_core.shell.bat': Not used on non-Windows systems
[2.590s] INFO:colcon.colcon_core.shell:Creating environment hook '/home/ceu/ros2_ws/install/publish_lidar_data/share/publish_lidar_data/hook/ament_prefix_path.ps1'
[2.591s] INFO:colcon.colcon_core.shell:Creating environment descriptor '/home/ceu/ros2_ws/install/publish_lidar_data/share/publish_lidar_data/hook/ament_prefix_path.dsv'
[2.591s] INFO:colcon.colcon_core.shell:Creating environment hook '/home/ceu/ros2_ws/install/publish_lidar_data/share/publish_lidar_data/hook/ament_prefix_path.sh'
[2.626s] INFO:colcon.colcon_core.shell:Skip shell extension 'powershell' for command environment: Not usable outside of PowerShell
[2.626s] DEBUG:colcon.colcon_core.shell:Skip shell extension 'dsv' for command environment
[2.921s] INFO:colcon.colcon_core.task.python.build:Building Python package in '/home/ceu/ros2_ws/src/publish_lidar_data'
[2.960s] INFO:colcon.colcon_core.shell:Skip shell extension 'powershell' for command environment: Not usable outside of PowerShell
[2.960s] DEBUG:colcon.colcon_core.shell:Skip shell extension 'dsv' for command environment
[3.353s] DEBUG:colcon.colcon_core.event_handler.log_command:Invoking command in '/home/ceu/ros2_ws/src/publish_lidar_data': PYTHONPATH=/home/ceu/ros2_ws/build/publish_lidar_data/prefix_override:/home/ceu/ros2_ws/install/publish_lidar_data/lib/python3.8/site-packages:${PYTHONPATH} /usr/bin/python3 setup.py egg_info --egg-base ../../build/publish_lidar_data build --build-base /home/ceu/ros2_ws/build/publish_lidar_data/build install --record /home/ceu/ros2_ws/build/publish_lidar_data/install.log --install-scripts $base/lib/publish_lidar_data --single-version-externally-managed
[3.591s] DEBUG:colcon.colcon_core.event_handler.log_command:Invoked command in '/home/ceu/ros2_ws/src/publish_lidar_data' returned '0': PYTHONPATH=/home/ceu/ros2_ws/build/publish_lidar_data/prefix_override:/home/ceu/ros2_ws/install/publish_lidar_data/lib/python3.8/site-packages:${PYTHONPATH} /usr/bin/python3 setup.py egg_info --egg-base ../../build/publish_lidar_data build --build-base /home/ceu/ros2_ws/build/publish_lidar_data/build install --record /home/ceu/ros2_ws/build/publish_lidar_data/install.log --install-scripts $base/lib/publish_lidar_data --single-version-externally-managed
[3.631s] Level 1:colcon.colcon_core.environment:checking '/home/ceu/ros2_ws/install/publish_lidar_data' for CMake module files
[3.632s] Level 1:colcon.colcon_core.environment:checking '/home/ceu/ros2_ws/install/publish_lidar_data' for CMake config files
[3.632s] Level 1:colcon.colcon_core.environment:checking '/home/ceu/ros2_ws/install/publish_lidar_data/lib'
[3.632s] Level 1:colcon.colcon_core.environment:checking '/home/ceu/ros2_ws/install/publish_lidar_data/bin'
[3.632s] Level 1:colcon.colcon_core.environment:checking '/home/ceu/ros2_ws/install/publish_lidar_data/lib/pkgconfig/publish_lidar_data.pc'
[3.633s] Level 1:colcon.colcon_core.environment:checking '/home/ceu/ros2_ws/install/publish_lidar_data/lib/python3.8/site-packages'
[3.633s] Level 1:colcon.colcon_core.shell:create_environment_hook('publish_lidar_data', 'pythonpath')
[3.666s] INFO:colcon.colcon_core.shell:Creating environment hook '/home/ceu/ros2_ws/install/publish_lidar_data/share/publish_lidar_data/hook/pythonpath.ps1'
[3.666s] INFO:colcon.colcon_core.shell:Creating environment descriptor '/home/ceu/ros2_ws/install/publish_lidar_data/share/publish_lidar_data/hook/pythonpath.dsv'
[3.667s] INFO:colcon.colcon_core.shell:Creating environment hook '/home/ceu/ros2_ws/install/publish_lidar_data/share/publish_lidar_data/hook/pythonpath.sh'
[3.667s] Level 1:colcon.colcon_core.environment:checking '/home/ceu/ros2_ws/install/publish_lidar_data/bin'
[3.667s] Level 1:colcon.colcon_core.environment:create_environment_scripts_only(publish_lidar_data)
[3.701s] INFO:colcon.colcon_core.shell:Creating package script '/home/ceu/ros2_ws/install/publish_lidar_data/share/publish_lidar_data/package.ps1'
[3.702s] INFO:colcon.colcon_core.shell:Creating package descriptor '/home/ceu/ros2_ws/install/publish_lidar_data/share/publish_lidar_data/package.dsv'
[3.702s] INFO:colcon.colcon_core.shell:Creating package script '/home/ceu/ros2_ws/install/publish_lidar_data/share/publish_lidar_data/package.sh'
[3.703s] INFO:colcon.colcon_core.shell:Creating package script '/home/ceu/ros2_ws/install/publish_lidar_data/share/publish_lidar_data/package.bash'
[3.703s] INFO:colcon.colcon_core.shell:Creating package script '/home/ceu/ros2_ws/install/publish_lidar_data/share/publish_lidar_data/package.zsh'
[3.704s] Level 1:colcon.colcon_core.environment:create_file_with_runtime_dependencies(/home/ceu/ros2_ws/install/publish_lidar_data/share/colcon-core/packages/publish_lidar_data)
[3.704s] DEBUG:colcon.colcon_parallel_executor.executor.parallel:closing loop
[3.704s] DEBUG:colcon.colcon_parallel_executor.executor.parallel:loop closed
[3.705s] DEBUG:colcon.colcon_parallel_executor.executor.parallel:run_until_complete finished with '0'
[3.705s] DEBUG:colcon.colcon_core.event_reactor:joining thread
[3.743s] INFO:colcon.colcon_core.plugin_system:Skipping extension 'colcon_notification.desktop_notification.terminal_notifier': Not used on non-Darwin systems
[3.743s] INFO:colcon.colcon_core.plugin_system:Skipping extension 'colcon_notification.desktop_notification.win32': Not used on non-Windows systems
[3.743s] INFO:colcon.colcon_notification.desktop_notification:Sending desktop notification using 'notify2'
[3.755s] DEBUG:colcon.colcon_core.event_reactor:joined thread
[3.789s] INFO:colcon.colcon_core.shell:Creating prefix script '/home/ceu/ros2_ws/install/local_setup.ps1'
[3.789s] INFO:colcon.colcon_core.shell:Creating prefix util module '/home/ceu/ros2_ws/install/_local_setup_util_ps1.py'
[3.790s] INFO:colcon.colcon_core.shell:Creating prefix chain script '/home/ceu/ros2_ws/install/setup.ps1'
[3.824s] INFO:colcon.colcon_core.shell:Creating prefix script '/home/ceu/ros2_ws/install/local_setup.sh'
[3.824s] INFO:colcon.colcon_core.shell:Creating prefix util module '/home/ceu/ros2_ws/install/_local_setup_util_sh.py'
[3.825s] INFO:colcon.colcon_core.shell:Creating prefix chain script '/home/ceu/ros2_ws/install/setup.sh'
[3.859s] INFO:colcon.colcon_core.shell:Creating prefix script '/home/ceu/ros2_ws/install/local_setup.bash'
[3.859s] INFO:colcon.colcon_core.shell:Creating prefix chain script '/home/ceu/ros2_ws/install/setup.bash'
[3.892s] INFO:colcon.colcon_core.shell:Creating prefix script '/home/ceu/ros2_ws/install/local_setup.zsh'
[3.893s] INFO:colcon.colcon_core.shell:Creating prefix chain script '/home/ceu/ros2_ws/install/setup.zsh'
