[0.045s] Invoking command in '/home/ceu/ros2_ws/build/lio_sam': CMAKE_PREFIX_PATH=/opt/ros/foxy /usr/bin/cmake /home/ceu/ros2_ws/src/LIO-SAM -DCMAKE_INSTALL_PREFIX=/home/ceu/ros2_ws/install/lio_sam
[0.138s] -- The C compiler identification is GNU 9.4.0
[0.229s] -- The CXX compiler identification is GNU 9.4.0
[0.234s] -- Check for working C compiler: /usr/bin/cc
[0.294s] -- Check for working C compiler: /usr/bin/cc -- works
[0.295s] -- Detecting C compiler ABI info
[0.354s] -- Detecting C compiler ABI info - done
[0.364s] -- Detecting C compile features
[0.364s] -- Detecting C compile features - done
[0.367s] -- Check for working CXX compiler: /usr/bin/c++
[0.436s] -- Check for working CXX compiler: /usr/bin/c++ -- works
[0.437s] -- Detecting CXX compiler ABI info
[0.506s] -- Detecting CXX compiler ABI info - done
[0.516s] -- Detecting CXX compile features
[0.516s] -- Detecting CXX compile features - done
[0.522s] -- Found ament_cmake: 0.9.12 (/opt/ros/foxy/share/ament_cmake/cmake)
[0.546s] -- Found PythonInterp: /usr/bin/python3 (found suitable version "3.8.10", minimum required is "3") 
[0.546s] -- Using PYTHON_EXECUTABLE: /usr/bin/python3
[0.731s] -- Found rosidl_default_generators: 1.0.1 (/opt/ros/foxy/share/rosidl_default_generators/cmake)
[0.734s] -- Using all available rosidl_typesupport_c: rosidl_typesupport_fastrtps_c;rosidl_typesupport_introspection_c
[0.741s] -- Found rosidl_adapter: 1.3.1 (/opt/ros/foxy/share/rosidl_adapter/cmake)
[0.837s] -- Found OpenSSL: /usr/lib/x86_64-linux-gnu/libcrypto.so (found version "1.1.1f")  
[0.863s] -- Found FastRTPS: /opt/ros/foxy/include  
[0.939s] -- Using all available rosidl_typesupport_cpp: rosidl_typesupport_fastrtps_cpp;rosidl_typesupport_introspection_cpp
[0.973s] -- Found rclcpp: 2.4.3 (/opt/ros/foxy/share/rclcpp/cmake)
[1.036s] -- Found rmw_implementation_cmake: 1.0.4 (/opt/ros/foxy/share/rmw_implementation_cmake/cmake)
[1.038s] -- Using RMW implementation 'rmw_fastrtps_cpp' as default
[1.039s] -- Looking for pthread.h
[1.105s] -- Looking for pthread.h - found
[1.105s] -- Performing Test CMAKE_HAVE_LIBC_PTHREAD
[1.175s] -- Performing Test CMAKE_HAVE_LIBC_PTHREAD - Failed
[1.175s] -- Looking for pthread_create in pthreads
[1.228s] -- Looking for pthread_create in pthreads - not found
[1.229s] -- Looking for pthread_create in pthread
[1.292s] -- Looking for pthread_create in pthread - found
[1.293s] -- Found Threads: TRUE  
[1.443s] -- Found rclpy: 1.0.13 (/opt/ros/foxy/share/rclpy/cmake)
[1.444s] -- Found cv_bridge: 3.0.7 (/opt/ros/foxy/share/cv_bridge/cmake)
[1.590s] -- Found nav_msgs: 2.0.5 (/opt/ros/foxy/share/nav_msgs/cmake)
[1.663s] -- Found visualization_msgs: 2.0.5 (/opt/ros/foxy/share/visualization_msgs/cmake)
[1.737s] -- Found pcl_msgs: 1.0.0 (/opt/ros/foxy/share/pcl_msgs/cmake)
[1.859s] -- Found tf2: 0.13.14 (/opt/ros/foxy/share/tf2/cmake)
[1.872s] -- Found tf2_geometry_msgs: 0.13.14 (/opt/ros/foxy/share/tf2_geometry_msgs/cmake)
[1.880s] -- Found eigen3_cmake_module: 0.1.1 (/opt/ros/foxy/share/eigen3_cmake_module/cmake)
[1.883s] -- Found Eigen3: TRUE (found version "3.3.7") 
[2.282s] -- Found tf2_sensor_msgs: 0.13.14 (/opt/ros/foxy/share/tf2_sensor_msgs/cmake)
[2.299s] -- Found tf2_eigen: 0.13.14 (/opt/ros/foxy/share/tf2_eigen/cmake)
[2.308s] -- Found OpenCV: /usr (found version "4.2.0") 
[2.320s] -- Checking for module 'eigen3'
[2.333s] --   Found eigen3, version 3.3.7
[2.367s] -- Found Eigen: /usr/include/eigen3 (Required is at least version "3.1") 
[2.367s] -- Eigen found (include: /usr/include/eigen3, version: 3.3.7)
[2.410s] -- Found Boost: /usr/include (found suitable version "1.71.0", minimum required is "1.55.0") found components: system filesystem date_time iostreams regex 
[2.425s] -- Checking for module 'flann'
[2.439s] --   Found flann, version 1.9.1
[2.478s] -- Found FLANN: /usr/lib/x86_64-linux-gnu/libflann_cpp.so  
[2.538s] -- The imported target "vtkParseOGLExt" references the file
[2.538s]    "/usr/bin/vtkParseOGLExt-7.1"
[2.538s] but this file does not exist.  Possible reasons include:
[2.538s] * The file was deleted, renamed, or moved to another location.
[2.538s] * An install or uninstall procedure did not complete successfully.
[2.538s] * The installation package was faulty and contained
[2.538s]    "/usr/lib/cmake/vtk-7.1/VTKTargets.cmake"
[2.538s] but not all the files it references.
[2.538s] 
[2.539s] -- The imported target "vtkRenderingPythonTkWidgets" references the file
[2.539s]    "/usr/lib/x86_64-linux-gnu/libvtkRenderingPythonTkWidgets.so"
[2.539s] but this file does not exist.  Possible reasons include:
[2.539s] * The file was deleted, renamed, or moved to another location.
[2.539s] * An install or uninstall procedure did not complete successfully.
[2.539s] * The installation package was faulty and contained
[2.539s]    "/usr/lib/cmake/vtk-7.1/VTKTargets.cmake"
[2.539s] but not all the files it references.
[2.539s] 
[2.540s] -- The imported target "vtk" references the file
[2.540s]    "/usr/bin/vtk"
[2.540s] but this file does not exist.  Possible reasons include:
[2.540s] * The file was deleted, renamed, or moved to another location.
[2.540s] * An install or uninstall procedure did not complete successfully.
[2.540s] * The installation package was faulty and contained
[2.540s]    "/usr/lib/cmake/vtk-7.1/VTKTargets.cmake"
[2.540s] but not all the files it references.
[2.540s] 
[2.541s] -- The imported target "pvtk" references the file
[2.541s]    "/usr/bin/pvtk"
[2.541s] but this file does not exist.  Possible reasons include:
[2.541s] * The file was deleted, renamed, or moved to another location.
[2.541s] * An install or uninstall procedure did not complete successfully.
[2.541s] * The installation package was faulty and contained
[2.541s]    "/usr/lib/cmake/vtk-7.1/VTKTargets.cmake"
[2.541s] but not all the files it references.
[2.541s] 
[2.565s] -- Checking for module 'libusb-1.0'
[2.580s] --   Found libusb-1.0, version 1.0.23
[2.619s] -- Found USB_10: /usr/lib/x86_64-linux-gnu/libusb-1.0.so  
[2.672s] -- Found OpenNI: /usr/lib/libOpenNI.so  
[2.672s] -- OpenNI found (include: /usr/include/ni, lib: /usr/lib/libOpenNI.so)
[2.729s] -- Found OpenNI2: /usr/lib/libOpenNI2.so  
[2.730s] -- OpenNI2 found (include: /usr/include/openni2, lib: /usr/lib/libOpenNI2.so)
[2.730s] ** WARNING ** io features related to pcap will be disabled
[2.730s] ** WARNING ** io features related to png will be disabled
[2.742s] -- Found libusb-1.0: /usr/include  
[2.742s] ** WARNING ** io features related to libusb-1.0 will be disabled
[2.748s] -- OpenNI found (include: /usr/include/ni, lib: /usr/lib/libOpenNI.so)
[2.754s] -- OpenNI2 found (include: /usr/include/openni2, lib: /usr/lib/libOpenNI2.so)
[2.777s] -- Found Qhull: optimized;/usr/lib/x86_64-linux-gnu/libqhull.so;debug;/usr/lib/x86_64-linux-gnu/libqhull.so  
[2.777s] -- QHULL found (include: /usr/include, lib: optimized;/usr/lib/x86_64-linux-gnu/libqhull.so;debug;/usr/lib/x86_64-linux-gnu/libqhull.so)
[2.783s] -- OpenNI found (include: /usr/include/ni, lib: /usr/lib/libOpenNI.so)
[2.795s] -- looking for PCL_COMMON
[2.796s] -- Found PCL_COMMON: /usr/lib/x86_64-linux-gnu/libpcl_common.so  
[2.796s] -- looking for PCL_KDTREE
[2.798s] -- Found PCL_KDTREE: /usr/lib/x86_64-linux-gnu/libpcl_kdtree.so  
[2.798s] -- looking for PCL_OCTREE
[2.799s] -- Found PCL_OCTREE: /usr/lib/x86_64-linux-gnu/libpcl_octree.so  
[2.799s] -- looking for PCL_SEARCH
[2.800s] -- Found PCL_SEARCH: /usr/lib/x86_64-linux-gnu/libpcl_search.so  
[2.800s] -- looking for PCL_SAMPLE_CONSENSUS
[2.801s] -- Found PCL_SAMPLE_CONSENSUS: /usr/lib/x86_64-linux-gnu/libpcl_sample_consensus.so  
[2.801s] -- looking for PCL_FILTERS
[2.802s] -- Found PCL_FILTERS: /usr/lib/x86_64-linux-gnu/libpcl_filters.so  
[2.802s] -- looking for PCL_2D
[2.803s] -- Found PCL_2D: /usr/include/pcl-1.10  
[2.803s] -- looking for PCL_GEOMETRY
[2.803s] -- Found PCL_GEOMETRY: /usr/include/pcl-1.10  
[2.804s] -- looking for PCL_IO
[2.804s] -- Found PCL_IO: /usr/lib/x86_64-linux-gnu/libpcl_io.so  
[2.805s] -- looking for PCL_FEATURES
[2.806s] -- Found PCL_FEATURES: /usr/lib/x86_64-linux-gnu/libpcl_features.so  
[2.806s] -- looking for PCL_ML
[2.807s] -- Found PCL_ML: /usr/lib/x86_64-linux-gnu/libpcl_ml.so  
[2.807s] -- looking for PCL_SEGMENTATION
[2.808s] -- Found PCL_SEGMENTATION: /usr/lib/x86_64-linux-gnu/libpcl_segmentation.so  
[2.809s] -- looking for PCL_VISUALIZATION
[2.810s] -- Found PCL_VISUALIZATION: /usr/lib/x86_64-linux-gnu/libpcl_visualization.so  
[2.810s] -- looking for PCL_SURFACE
[2.811s] -- Found PCL_SURFACE: /usr/lib/x86_64-linux-gnu/libpcl_surface.so  
[2.811s] -- looking for PCL_REGISTRATION
[2.812s] -- Found PCL_REGISTRATION: /usr/lib/x86_64-linux-gnu/libpcl_registration.so  
[2.813s] -- looking for PCL_KEYPOINTS
[2.814s] -- Found PCL_KEYPOINTS: /usr/lib/x86_64-linux-gnu/libpcl_keypoints.so  
[2.814s] -- looking for PCL_TRACKING
[2.815s] -- Found PCL_TRACKING: /usr/lib/x86_64-linux-gnu/libpcl_tracking.so  
[2.815s] -- looking for PCL_RECOGNITION
[2.816s] -- Found PCL_RECOGNITION: /usr/lib/x86_64-linux-gnu/libpcl_recognition.so  
[2.817s] -- looking for PCL_STEREO
[2.818s] -- Found PCL_STEREO: /usr/lib/x86_64-linux-gnu/libpcl_stereo.so  
[2.818s] -- looking for PCL_APPS
[2.819s] -- Found PCL_APPS: /usr/lib/x86_64-linux-gnu/libpcl_apps.so  
[2.820s] -- looking for PCL_IN_HAND_SCANNER
[2.820s] -- Found PCL_IN_HAND_SCANNER: /usr/include/pcl-1.10  
[2.820s] -- looking for PCL_POINT_CLOUD_EDITOR
[2.821s] -- Found PCL_POINT_CLOUD_EDITOR: /usr/include/pcl-1.10  
[2.821s] -- looking for PCL_OUTOFCORE
[2.822s] -- Found PCL_OUTOFCORE: /usr/lib/x86_64-linux-gnu/libpcl_outofcore.so  
[2.823s] -- looking for PCL_PEOPLE
[2.824s] -- Found PCL_PEOPLE: /usr/lib/x86_64-linux-gnu/libpcl_people.so  
[2.825s] -- Found PCL: pcl_common;pcl_kdtree;pcl_octree;pcl_search;pcl_sample_consensus;pcl_filters;pcl_io;pcl_features;pcl_ml;pcl_segmentation;pcl_visualization;pcl_surface;pcl_registration;pcl_keypoints;pcl_tracking;pcl_recognition;pcl_stereo;pcl_apps;pcl_outofcore;pcl_people;/usr/lib/x86_64-linux-gnu/libboost_system.so;/usr/lib/x86_64-linux-gnu/libboost_filesystem.so;/usr/lib/x86_64-linux-gnu/libboost_date_time.so;/usr/lib/x86_64-linux-gnu/libboost_iostreams.so;/usr/lib/x86_64-linux-gnu/libboost_regex.so;optimized;/usr/lib/x86_64-linux-gnu/libqhull.so;debug;/usr/lib/x86_64-linux-gnu/libqhull.so;/usr/lib/libOpenNI.so;/usr/lib/libOpenNI2.so;vtkChartsCore;vtkCommonColor;vtkCommonCore;vtksys;vtkCommonDataModel;vtkCommonMath;vtkCommonMisc;vtkCommonSystem;vtkCommonTransforms;vtkCommonExecutionModel;vtkFiltersGeneral;vtkCommonComputationalGeometry;vtkFiltersCore;vtkInfovisCore;vtkFiltersExtraction;vtkFiltersStatistics;vtkImagingFourier;vtkImagingCore;vtkalglib;vtkRenderingContext2D;vtkRenderingCore;vtkFiltersGeometry;vtkFiltersSources;vtkRenderingFreeType;/usr/lib/x86_64-linux-gnu/libfreetype.so;/usr/lib/x86_64-linux-gnu/libz.so;vtkFiltersModeling;vtkImagingSources;vtkInteractionStyle;vtkInteractionWidgets;vtkFiltersHybrid;vtkImagingColor;vtkImagingGeneral;vtkImagingHybrid;vtkIOImage;vtkDICOMParser;vtkmetaio;/usr/lib/x86_64-linux-gnu/libjpeg.so;/usr/lib/x86_64-linux-gnu/libpng.so;/usr/lib/x86_64-linux-gnu/libtiff.so;vtkRenderingAnnotation;vtkRenderingVolume;vtkIOXML;vtkIOCore;vtkIOXMLParser;/usr/lib/x86_64-linux-gnu/libexpat.so;vtkIOGeometry;vtkIOLegacy;vtkIOPLY;vtkRenderingLOD;vtkViewsContext2D;vtkViewsCore;vtkRenderingContextOpenGL2;vtkRenderingOpenGL2;FLANN::FLANN  
[2.869s] -- Found Boost: /usr/include (found suitable version "1.71.0", minimum required is "1.65") found components: serialization system filesystem thread program_options date_time timer chrono regex atomic 
[2.872s] -- GTSAM include directory:  /usr/lib/cmake/GTSAM/../../../include
[2.877s] -- Found Eigen: /usr/include/eigen3  
[2.877s] -- Eigen found (include: /usr/include/eigen3, version: 3.3.7)
[3.143s] -- Found OpenMP_C: -fopenmp (found version "4.5") 
[3.223s] -- Found OpenMP_CXX: -fopenmp (found version "4.5") 
[3.224s] -- Found OpenMP: TRUE (found version "4.5")  
[3.250s] -- Found PythonInterp: /usr/bin/python3 (found version "3.8.10") 
[3.513s] -- Found ament_cmake_ros: 0.9.2 (/opt/ros/foxy/share/ament_cmake_ros/cmake)
[3.806s] -- Using all available rosidl_typesupport_c: rosidl_typesupport_fastrtps_c;rosidl_typesupport_introspection_c
[3.952s] -- Using all available rosidl_typesupport_cpp: rosidl_typesupport_fastrtps_cpp;rosidl_typesupport_introspection_cpp
[3.977s] -- Found PythonInterp: /usr/bin/python3 (found suitable version "3.8.10", minimum required is "3.5") 
[3.978s] -- Found python_cmake_module: 0.8.1 (/opt/ros/foxy/share/python_cmake_module/cmake)
[4.002s] -- Found PythonLibs: /usr/lib/x86_64-linux-gnu/libpython3.8.so (found suitable version "3.8.10", minimum required is "3.5") 
[4.002s] -- Using PYTHON_EXECUTABLE: /usr/bin/python3
[4.002s] -- Using PYTHON_INCLUDE_DIRS: /usr/include/python3.8
[4.003s] -- Using PYTHON_LIBRARIES: /usr/lib/x86_64-linux-gnu/libpython3.8.so
[4.023s] -- Found PythonExtra: .so  
[4.270s] CMake Error at CMakeLists.txt:43 (rosidl_get_typesupport_target):
[4.271s]   Unknown CMake command "rosidl_get_typesupport_target".
[4.271s] 
[4.271s] 
[4.275s] -- Configuring incomplete, errors occurred!
[4.275s] See also "/home/ceu/ros2_ws/build/lio_sam/CMakeFiles/CMakeOutput.log".
[4.275s] See also "/home/ceu/ros2_ws/build/lio_sam/CMakeFiles/CMakeError.log".
[4.287s] Invoked command in '/home/ceu/ros2_ws/build/lio_sam' returned '1': CMAKE_PREFIX_PATH=/opt/ros/foxy /usr/bin/cmake /home/ceu/ros2_ws/src/LIO-SAM -DCMAKE_INSTALL_PREFIX=/home/ceu/ros2_ws/install/lio_sam
