running egg_info
creating ../../build/px4_offboard/px4_offboard.egg-info
writing ../../build/px4_offboard/px4_offboard.egg-info/PKG-INFO
writing dependency_links to ../../build/px4_offboard/px4_offboard.egg-info/dependency_links.txt
writing entry points to ../../build/px4_offboard/px4_offboard.egg-info/entry_points.txt
writing requirements to ../../build/px4_offboard/px4_offboard.egg-info/requires.txt
writing top-level names to ../../build/px4_offboard/px4_offboard.egg-info/top_level.txt
writing manifest file '../../build/px4_offboard/px4_offboard.egg-info/SOURCES.txt'
reading manifest file '../../build/px4_offboard/px4_offboard.egg-info/SOURCES.txt'
adding license file 'LICENSE'
writing manifest file '../../build/px4_offboard/px4_offboard.egg-info/SOURCES.txt'
running build
running build_py
creating /home/ceu/ros2_ws/build/px4_offboard/build
creating /home/ceu/ros2_ws/build/px4_offboard/build/lib
creating /home/ceu/ros2_ws/build/px4_offboard/build/lib/px4_offboard
copying px4_offboard/visualizer.py -> /home/ceu/ros2_ws/build/px4_offboard/build/lib/px4_offboard
copying px4_offboard/offboard_control.py -> /home/ceu/ros2_ws/build/px4_offboard/build/lib/px4_offboard
copying px4_offboard/__init__.py -> /home/ceu/ros2_ws/build/px4_offboard/build/lib/px4_offboard
running install
running install_lib
running install_data
running install_egg_info
removing '/home/ceu/ros2_ws/install/px4_offboard/lib/python3.8/site-packages/px4_offboard-0.0.0-py3.8.egg-info' (and everything under it)
Copying ../../build/px4_offboard/px4_offboard.egg-info to /home/ceu/ros2_ws/install/px4_offboard/lib/python3.8/site-packages/px4_offboard-0.0.0-py3.8.egg-info
running install_scripts
Installing offboard_control script to /home/ceu/ros2_ws/install/px4_offboard/lib/px4_offboard
Installing visualizer script to /home/ceu/ros2_ws/install/px4_offboard/lib/px4_offboard
writing list of installed files to '/home/ceu/ros2_ws/build/px4_offboard/install.log'
