[0.034s] Invoking command in '/home/ceu/ros2_ws/build/px4_ros_com': AMENT_PREFIX_PATH=/home/ceu/ros2_ws/install/px4_msgs:${AMENT_PREFIX_PATH} CMAKE_PREFIX_PATH=/home/ceu/ros2_ws/install/px4_msgs:/opt/ros/foxy LD_LIBRARY_PATH=/home/ceu/ros2_ws/install/px4_msgs/lib:${LD_LIBRARY_PATH} PYTHONPATH=/home/ceu/ros2_ws/install/px4_msgs/lib/python3.8/site-packages:${PYTHONPATH} /usr/bin/cmake /home/ceu/ros2_ws/src/px4_ros_com -DCMAKE_INSTALL_PREFIX=/home/ceu/ros2_ws/install/px4_ros_com
[0.080s] -- The C compiler identification is GNU 9.4.0
[0.127s] -- The CXX compiler identification is GNU 9.4.0
[0.131s] -- Check for working C compiler: /usr/bin/cc
[0.192s] -- Check for working C compiler: /usr/bin/cc -- works
[0.192s] -- Detecting C compiler ABI info
[0.254s] -- Detecting C compiler ABI info - done
[0.267s] -- Detecting C compile features
[0.267s] -- Detecting C compile features - done
[0.270s] -- Check for working CXX compiler: /usr/bin/c++
[0.352s] -- Check for working CXX compiler: /usr/bin/c++ -- works
[0.353s] -- Detecting CXX compiler ABI info
[0.455s] -- Detecting CXX compiler ABI info - done
[0.467s] -- Detecting CXX compile features
[0.467s] -- Detecting CXX compile features - done
[0.469s] -- Found ament_cmake: 0.9.12 (/opt/ros/foxy/share/ament_cmake/cmake)
[0.490s] -- Found PythonInterp: /usr/bin/python3 (found suitable version "3.8.10", minimum required is "3") 
[0.490s] -- Using PYTHON_EXECUTABLE: /usr/bin/python3
[0.652s] -- Found builtin_interfaces: 1.0.0 (/opt/ros/foxy/share/builtin_interfaces/cmake)
[0.674s] -- Using all available rosidl_typesupport_c: rosidl_typesupport_fastrtps_c;rosidl_typesupport_introspection_c
[0.679s] -- Found rosidl_adapter: 1.3.1 (/opt/ros/foxy/share/rosidl_adapter/cmake)
[0.745s] -- Found OpenSSL: /usr/lib/x86_64-linux-gnu/libcrypto.so (found version "1.1.1f")  
[0.771s] -- Found FastRTPS: /opt/ros/foxy/include  
[0.839s] -- Using all available rosidl_typesupport_cpp: rosidl_typesupport_fastrtps_cpp;rosidl_typesupport_introspection_cpp
[0.863s] -- Found eigen3_cmake_module: 0.1.1 (/opt/ros/foxy/share/eigen3_cmake_module/cmake)
[0.865s] -- Found Eigen3: TRUE (found version "3.3.7") 
[0.866s] -- Found geometry_msgs: 2.0.5 (/opt/ros/foxy/share/geometry_msgs/cmake)
[0.920s] -- Found px4_msgs: 2.0.1 (/home/ceu/ros2_ws/install/px4_msgs/share/px4_msgs/cmake)
[0.937s] -- Found rclcpp: 2.4.3 (/opt/ros/foxy/share/rclcpp/cmake)
[0.976s] -- Found rmw_implementation_cmake: 1.0.4 (/opt/ros/foxy/share/rmw_implementation_cmake/cmake)
[0.978s] -- Using RMW implementation 'rmw_fastrtps_cpp' as default
[0.978s] -- Looking for pthread.h
[1.039s] -- Looking for pthread.h - found
[1.039s] -- Performing Test CMAKE_HAVE_LIBC_PTHREAD
[1.109s] -- Performing Test CMAKE_HAVE_LIBC_PTHREAD - Failed
[1.109s] -- Looking for pthread_create in pthreads
[1.175s] -- Looking for pthread_create in pthreads - not found
[1.175s] -- Looking for pthread_create in pthread
[1.272s] -- Looking for pthread_create in pthread - found
[1.274s] -- Found Threads: TRUE  
[1.411s] -- Found sensor_msgs: 2.0.5 (/opt/ros/foxy/share/sensor_msgs/cmake)
[1.498s] -- Found ament_lint_auto: 0.9.8 (/opt/ros/foxy/share/ament_lint_auto/cmake)
[1.582s] -- Added test 'copyright' to check source files copyright and LICENSE
[1.586s] -- Added test 'cppcheck' to perform static code analysis on C / C++ code
[1.586s] -- Configured cppcheck include dirs: /home/ceu/ros2_ws/src/px4_ros_com/include;$<BUILD_INTERFACE:/home/ceu/ros2_ws/src/px4_ros_com/include/px4_ros_com>
[1.586s] -- Configured cppcheck exclude dirs and/or files: 
[1.590s] -- Added test 'cpplint' to check C / C++ code against the Google style
[1.590s] -- Configured cpplint exclude dirs and/or files: 
[1.591s] -- Added test 'flake8' to check Python code syntax and style conventions
[1.592s] -- Added test 'lint_cmake' to check CMake code style
[1.593s] -- Added test 'pep257' to check Python code against some of the style conventions in PEP 257
[1.597s] -- Added test 'uncrustify' to check C / C++ code style
[1.597s] -- Configured uncrustify additional arguments: 
[1.598s] -- Added test 'xmllint' to check XML markup files
[1.601s] -- Configuring done
[1.619s] -- Generating done
[1.620s] -- Build files have been written to: /home/ceu/ros2_ws/build/px4_ros_com
[1.628s] Invoked command in '/home/ceu/ros2_ws/build/px4_ros_com' returned '0': AMENT_PREFIX_PATH=/home/ceu/ros2_ws/install/px4_msgs:${AMENT_PREFIX_PATH} CMAKE_PREFIX_PATH=/home/ceu/ros2_ws/install/px4_msgs:/opt/ros/foxy LD_LIBRARY_PATH=/home/ceu/ros2_ws/install/px4_msgs/lib:${LD_LIBRARY_PATH} PYTHONPATH=/home/ceu/ros2_ws/install/px4_msgs/lib/python3.8/site-packages:${PYTHONPATH} /usr/bin/cmake /home/ceu/ros2_ws/src/px4_ros_com -DCMAKE_INSTALL_PREFIX=/home/ceu/ros2_ws/install/px4_ros_com
[1.630s] Invoking command in '/home/ceu/ros2_ws/build/px4_ros_com': AMENT_PREFIX_PATH=/home/ceu/ros2_ws/install/px4_msgs:${AMENT_PREFIX_PATH} CMAKE_PREFIX_PATH=/home/ceu/ros2_ws/install/px4_msgs:/opt/ros/foxy LD_LIBRARY_PATH=/home/ceu/ros2_ws/install/px4_msgs/lib:${LD_LIBRARY_PATH} PYTHONPATH=/home/ceu/ros2_ws/install/px4_msgs/lib/python3.8/site-packages:${PYTHONPATH} /usr/bin/cmake --build /home/ceu/ros2_ws/build/px4_ros_com -- -j12 -l12
[1.666s] [35m[1mScanning dependencies of target offboard_control[0m
[1.666s] [35m[1mScanning dependencies of target frame_transforms[0m
[1.666s] [35m[1mScanning dependencies of target debug_vect_advertiser[0m
[1.666s] [35m[1mScanning dependencies of target vehicle_gps_position_listener[0m
[1.666s] [35m[1mScanning dependencies of target sensor_combined_listener[0m
[1.737s] [ 20%] [32mBuilding CXX object CMakeFiles/vehicle_gps_position_listener.dir/src/examples/listeners/vehicle_gps_position_listener.cpp.o[0m
[1.737s] [ 20%] [32mBuilding CXX object CMakeFiles/offboard_control.dir/src/examples/offboard/offboard_control.cpp.o[0m
[1.738s] [ 30%] [32mBuilding CXX object CMakeFiles/debug_vect_advertiser.dir/src/examples/advertisers/debug_vect_advertiser.cpp.o[0m
[1.738s] [ 40%] [32mBuilding CXX object CMakeFiles/sensor_combined_listener.dir/src/examples/listeners/sensor_combined_listener.cpp.o[0m
[1.754s] [ 50%] [32mBuilding CXX object CMakeFiles/frame_transforms.dir/src/lib/frame_transforms.cpp.o[0m
[4.846s] [ 60%] [32m[1mLinking CXX executable debug_vect_advertiser[0m
[5.049s] [ 60%] Built target debug_vect_advertiser
[5.626s] [ 70%] [32m[1mLinking CXX executable offboard_control[0m
[5.835s] [ 70%] Built target offboard_control
[6.525s] [ 80%] [32m[1mLinking CXX executable sensor_combined_listener[0m
[6.577s] [ 90%] [32m[1mLinking CXX executable vehicle_gps_position_listener[0m
[6.797s] [ 90%] Built target sensor_combined_listener
[6.855s] [ 90%] Built target vehicle_gps_position_listener
[7.407s] [100%] [32m[1mLinking CXX shared library libframe_transforms.so[0m
[7.622s] [100%] Built target frame_transforms
[7.632s] Invoked command in '/home/ceu/ros2_ws/build/px4_ros_com' returned '0': AMENT_PREFIX_PATH=/home/ceu/ros2_ws/install/px4_msgs:${AMENT_PREFIX_PATH} CMAKE_PREFIX_PATH=/home/ceu/ros2_ws/install/px4_msgs:/opt/ros/foxy LD_LIBRARY_PATH=/home/ceu/ros2_ws/install/px4_msgs/lib:${LD_LIBRARY_PATH} PYTHONPATH=/home/ceu/ros2_ws/install/px4_msgs/lib/python3.8/site-packages:${PYTHONPATH} /usr/bin/cmake --build /home/ceu/ros2_ws/build/px4_ros_com -- -j12 -l12
[7.663s] Invoking command in '/home/ceu/ros2_ws/build/px4_ros_com': AMENT_PREFIX_PATH=/home/ceu/ros2_ws/install/px4_msgs:${AMENT_PREFIX_PATH} CMAKE_PREFIX_PATH=/home/ceu/ros2_ws/install/px4_msgs:/opt/ros/foxy LD_LIBRARY_PATH=/home/ceu/ros2_ws/install/px4_msgs/lib:${LD_LIBRARY_PATH} PYTHONPATH=/home/ceu/ros2_ws/install/px4_msgs/lib/python3.8/site-packages:${PYTHONPATH} /usr/bin/cmake --install /home/ceu/ros2_ws/build/px4_ros_com
[7.670s] -- Install configuration: ""
[7.670s] -- Installing: /home/ceu/ros2_ws/install/px4_ros_com/lib/px4_ros_com/sensor_combined_listener
[7.672s] -- Set runtime path of "/home/ceu/ros2_ws/install/px4_ros_com/lib/px4_ros_com/sensor_combined_listener" to ""
[7.672s] -- Installing: /home/ceu/ros2_ws/install/px4_ros_com/lib/px4_ros_com/vehicle_gps_position_listener
[7.674s] -- Set runtime path of "/home/ceu/ros2_ws/install/px4_ros_com/lib/px4_ros_com/vehicle_gps_position_listener" to ""
[7.674s] -- Installing: /home/ceu/ros2_ws/install/px4_ros_com/lib/px4_ros_com/debug_vect_advertiser
[7.675s] -- Set runtime path of "/home/ceu/ros2_ws/install/px4_ros_com/lib/px4_ros_com/debug_vect_advertiser" to ""
[7.675s] -- Installing: /home/ceu/ros2_ws/install/px4_ros_com/lib/px4_ros_com/offboard_control
[7.676s] -- Set runtime path of "/home/ceu/ros2_ws/install/px4_ros_com/lib/px4_ros_com/offboard_control" to ""
[7.676s] -- Installing: /home/ceu/ros2_ws/install/px4_ros_com/share/px4_ros_com/environment/library_path.sh
[7.676s] -- Installing: /home/ceu/ros2_ws/install/px4_ros_com/share/px4_ros_com/environment/library_path.dsv
[7.677s] -- Installing: /home/ceu/ros2_ws/install/px4_ros_com/include/px4_ros_com
[7.677s] -- Installing: /home/ceu/ros2_ws/install/px4_ros_com/include/px4_ros_com/frame_transforms.h
[7.677s] -- Installing: /home/ceu/ros2_ws/install/px4_ros_com/lib/libframe_transforms.so
[7.680s] -- Set runtime path of "/home/ceu/ros2_ws/install/px4_ros_com/lib/libframe_transforms.so" to ""
[7.680s] -- Installing: /home/ceu/ros2_ws/install/px4_ros_com/share/px4_ros_com//launch
[7.680s] -- Installing: /home/ceu/ros2_ws/install/px4_ros_com/share/px4_ros_com//launch/offboard_control_launch.yaml
[7.680s] -- Installing: /home/ceu/ros2_ws/install/px4_ros_com/share/px4_ros_com//launch/sensor_combined_listener.launch.py
[7.680s] -- Installing: /home/ceu/ros2_ws/install/px4_ros_com/share/px4_ros_com//test
[7.680s] -- Installing: /home/ceu/ros2_ws/install/px4_ros_com/share/px4_ros_com//test/pipeline_io_test.py
[7.680s] -- Installing: /home/ceu/ros2_ws/install/px4_ros_com/share/px4_ros_com//test/test_output.py
[7.680s] -- Installing: /home/ceu/ros2_ws/install/px4_ros_com/share/px4_ros_com//test/test_input.py
[7.681s] -- Installing: /home/ceu/ros2_ws/install/px4_ros_com/share/px4_ros_com//test/__init__.py
[7.681s] -- Installing: /home/ceu/ros2_ws/install/px4_ros_com/share/ament_index/resource_index/package_run_dependencies/px4_ros_com
[7.681s] -- Installing: /home/ceu/ros2_ws/install/px4_ros_com/share/ament_index/resource_index/parent_prefix_path/px4_ros_com
[7.681s] -- Installing: /home/ceu/ros2_ws/install/px4_ros_com/share/px4_ros_com/environment/ament_prefix_path.sh
[7.681s] -- Installing: /home/ceu/ros2_ws/install/px4_ros_com/share/px4_ros_com/environment/ament_prefix_path.dsv
[7.681s] -- Installing: /home/ceu/ros2_ws/install/px4_ros_com/share/px4_ros_com/environment/path.sh
[7.681s] -- Installing: /home/ceu/ros2_ws/install/px4_ros_com/share/px4_ros_com/environment/path.dsv
[7.681s] -- Installing: /home/ceu/ros2_ws/install/px4_ros_com/share/px4_ros_com/local_setup.bash
[7.681s] -- Installing: /home/ceu/ros2_ws/install/px4_ros_com/share/px4_ros_com/local_setup.sh
[7.681s] -- Installing: /home/ceu/ros2_ws/install/px4_ros_com/share/px4_ros_com/local_setup.zsh
[7.681s] -- Installing: /home/ceu/ros2_ws/install/px4_ros_com/share/px4_ros_com/local_setup.dsv
[7.682s] -- Installing: /home/ceu/ros2_ws/install/px4_ros_com/share/px4_ros_com/package.dsv
[7.682s] -- Installing: /home/ceu/ros2_ws/install/px4_ros_com/share/ament_index/resource_index/packages/px4_ros_com
[7.682s] -- Installing: /home/ceu/ros2_ws/install/px4_ros_com/share/px4_ros_com/cmake/export_frame_transformsExport.cmake
[7.682s] -- Installing: /home/ceu/ros2_ws/install/px4_ros_com/share/px4_ros_com/cmake/export_frame_transformsExport-noconfig.cmake
[7.682s] -- Installing: /home/ceu/ros2_ws/install/px4_ros_com/share/px4_ros_com/cmake/ament_cmake_export_dependencies-extras.cmake
[7.683s] -- Installing: /home/ceu/ros2_ws/install/px4_ros_com/share/px4_ros_com/cmake/ament_cmake_export_targets-extras.cmake
[7.683s] -- Installing: /home/ceu/ros2_ws/install/px4_ros_com/share/px4_ros_com/cmake/ament_cmake_export_include_directories-extras.cmake
[7.683s] -- Installing: /home/ceu/ros2_ws/install/px4_ros_com/share/px4_ros_com/cmake/ament_cmake_export_libraries-extras.cmake
[7.683s] -- Installing: /home/ceu/ros2_ws/install/px4_ros_com/share/px4_ros_com/cmake/px4_ros_comConfig.cmake
[7.683s] -- Installing: /home/ceu/ros2_ws/install/px4_ros_com/share/px4_ros_com/cmake/px4_ros_comConfig-version.cmake
[7.683s] -- Installing: /home/ceu/ros2_ws/install/px4_ros_com/share/px4_ros_com/package.xml
[7.685s] Invoked command in '/home/ceu/ros2_ws/build/px4_ros_com' returned '0': AMENT_PREFIX_PATH=/home/ceu/ros2_ws/install/px4_msgs:${AMENT_PREFIX_PATH} CMAKE_PREFIX_PATH=/home/ceu/ros2_ws/install/px4_msgs:/opt/ros/foxy LD_LIBRARY_PATH=/home/ceu/ros2_ws/install/px4_msgs/lib:${LD_LIBRARY_PATH} PYTHONPATH=/home/ceu/ros2_ws/install/px4_msgs/lib/python3.8/site-packages:${PYTHONPATH} /usr/bin/cmake --install /home/ceu/ros2_ws/build/px4_ros_com
