[0.782s] Invoking command in '/home/ceu/ros2_ws/build/lio_sam': CMAKE_PREFIX_PATH=/opt/ros/foxy /usr/bin/cmake --build /home/ceu/ros2_ws/build/lio_sam -- -j12 -l12
[1.198s] [  2%] Built target lio_sam__cpp
[1.199s] [ 10%] Built target lio_sam__rosidl_generator_c
[1.199s] [ 19%] Built target lio_sam__rosidl_typesupport_cpp
[1.201s] [ 27%] Built target lio_sam__rosidl_typesupport_introspection_cpp
[1.202s] [ 36%] Built target lio_sam__rosidl_typesupport_c
[1.202s] [ 44%] Built target lio_sam__rosidl_typesupport_introspection_c
[1.202s] [ 53%] Built target lio_sam__rosidl_typesupport_fastrtps_cpp
[1.202s] [ 61%] Built target lio_sam__rosidl_typesupport_fastrtps_c
[1.203s] [ 61%] Built target lio_sam
[1.204s] [ 63%] Built target lio_sam__py
[1.205s] [ 70%] Built target lio_sam__python
[1.206s] [ 74%] Built target lio_sam_mapOptimization
[1.206s] [ 78%] Built target lio_sam_featureExtraction
[1.207s] [ 82%] Built target lio_sam_imuPreintegration
[1.207s] [ 87%] Built target lio_sam_imageProjection
[1.207s] [ 91%] Built target lio_sam__rosidl_typesupport_c__pyext
[1.208s] [ 95%] Built target lio_sam__rosidl_typesupport_introspection_c__pyext
[1.208s] [100%] Built target lio_sam__rosidl_typesupport_fastrtps_c__pyext
[1.215s] Invoked command in '/home/ceu/ros2_ws/build/lio_sam' returned '0': CMAKE_PREFIX_PATH=/opt/ros/foxy /usr/bin/cmake --build /home/ceu/ros2_ws/build/lio_sam -- -j12 -l12
[2.077s] Invoking command in '/home/ceu/ros2_ws/build/lio_sam': CMAKE_PREFIX_PATH=/opt/ros/foxy /usr/bin/cmake --install /home/ceu/ros2_ws/build/lio_sam
[2.089s] -- Install configuration: "Release"
[2.089s] -- Up-to-date: /home/ceu/ros2_ws/install/lio_sam/share/ament_index/resource_index/rosidl_interfaces/lio_sam
[2.089s] -- Up-to-date: /home/ceu/ros2_ws/install/lio_sam/include/lio_sam
[2.089s] -- Up-to-date: /home/ceu/ros2_ws/install/lio_sam/include/lio_sam/msg
[2.089s] -- Up-to-date: /home/ceu/ros2_ws/install/lio_sam/include/lio_sam/msg/detail
[2.090s] -- Up-to-date: /home/ceu/ros2_ws/install/lio_sam/include/lio_sam/msg/detail/cloud_info__functions.c
[2.090s] -- Up-to-date: /home/ceu/ros2_ws/install/lio_sam/include/lio_sam/msg/detail/cloud_info__type_support.h
[2.091s] -- Up-to-date: /home/ceu/ros2_ws/install/lio_sam/include/lio_sam/msg/detail/cloud_info__struct.h
[2.091s] -- Up-to-date: /home/ceu/ros2_ws/install/lio_sam/include/lio_sam/msg/detail/cloud_info__functions.h
[2.092s] -- Up-to-date: /home/ceu/ros2_ws/install/lio_sam/include/lio_sam/msg/cloud_info.h
[2.093s] -- Up-to-date: /home/ceu/ros2_ws/install/lio_sam/include/lio_sam/msg/rosidl_generator_c__visibility_control.h
[2.093s] -- Up-to-date: /home/ceu/ros2_ws/install/lio_sam/include/lio_sam/srv
[2.094s] -- Up-to-date: /home/ceu/ros2_ws/install/lio_sam/include/lio_sam/srv/detail
[2.095s] -- Up-to-date: /home/ceu/ros2_ws/install/lio_sam/include/lio_sam/srv/detail/save_map__struct.h
[2.095s] -- Up-to-date: /home/ceu/ros2_ws/install/lio_sam/include/lio_sam/srv/detail/save_map__functions.c
[2.096s] -- Up-to-date: /home/ceu/ros2_ws/install/lio_sam/include/lio_sam/srv/detail/save_map__type_support.h
[2.096s] -- Up-to-date: /home/ceu/ros2_ws/install/lio_sam/include/lio_sam/srv/detail/save_map__functions.h
[2.096s] -- Up-to-date: /home/ceu/ros2_ws/install/lio_sam/include/lio_sam/srv/save_map.h
[2.096s] -- Up-to-date: /home/ceu/ros2_ws/install/lio_sam/share/lio_sam/environment/library_path.sh
[2.097s] -- Up-to-date: /home/ceu/ros2_ws/install/lio_sam/share/lio_sam/environment/library_path.dsv
[2.097s] -- Up-to-date: /home/ceu/ros2_ws/install/lio_sam/lib/liblio_sam__rosidl_generator_c.so
[2.098s] -- Up-to-date: /home/ceu/ros2_ws/install/lio_sam/include/lio_sam
[2.098s] -- Up-to-date: /home/ceu/ros2_ws/install/lio_sam/include/lio_sam/msg
[2.099s] -- Up-to-date: /home/ceu/ros2_ws/install/lio_sam/include/lio_sam/msg/rosidl_typesupport_fastrtps_c__visibility_control.h
[2.099s] -- Up-to-date: /home/ceu/ros2_ws/install/lio_sam/include/lio_sam/msg/detail
[2.099s] -- Up-to-date: /home/ceu/ros2_ws/install/lio_sam/include/lio_sam/msg/detail/cloud_info__rosidl_typesupport_fastrtps_c.h
[2.100s] -- Up-to-date: /home/ceu/ros2_ws/install/lio_sam/include/lio_sam/srv
[2.100s] -- Up-to-date: /home/ceu/ros2_ws/install/lio_sam/include/lio_sam/srv/detail
[2.100s] -- Up-to-date: /home/ceu/ros2_ws/install/lio_sam/include/lio_sam/srv/detail/save_map__rosidl_typesupport_fastrtps_c.h
[2.101s] -- Up-to-date: /home/ceu/ros2_ws/install/lio_sam/lib/liblio_sam__rosidl_typesupport_fastrtps_c.so
[2.101s] -- Up-to-date: /home/ceu/ros2_ws/install/lio_sam/include/lio_sam
[2.102s] -- Up-to-date: /home/ceu/ros2_ws/install/lio_sam/include/lio_sam/msg
[2.102s] -- Up-to-date: /home/ceu/ros2_ws/install/lio_sam/include/lio_sam/msg/detail
[2.102s] -- Up-to-date: /home/ceu/ros2_ws/install/lio_sam/include/lio_sam/msg/detail/cloud_info__rosidl_typesupport_fastrtps_cpp.hpp
[2.103s] -- Up-to-date: /home/ceu/ros2_ws/install/lio_sam/include/lio_sam/msg/detail/dds_fastrtps
[2.103s] -- Up-to-date: /home/ceu/ros2_ws/install/lio_sam/include/lio_sam/msg/rosidl_typesupport_fastrtps_cpp__visibility_control.h
[2.104s] -- Up-to-date: /home/ceu/ros2_ws/install/lio_sam/include/lio_sam/srv
[2.105s] -- Up-to-date: /home/ceu/ros2_ws/install/lio_sam/include/lio_sam/srv/detail
[2.105s] -- Up-to-date: /home/ceu/ros2_ws/install/lio_sam/include/lio_sam/srv/detail/save_map__rosidl_typesupport_fastrtps_cpp.hpp
[2.106s] -- Up-to-date: /home/ceu/ros2_ws/install/lio_sam/include/lio_sam/srv/detail/dds_fastrtps
[2.106s] -- Up-to-date: /home/ceu/ros2_ws/install/lio_sam/lib/liblio_sam__rosidl_typesupport_fastrtps_cpp.so
[2.106s] -- Up-to-date: /home/ceu/ros2_ws/install/lio_sam/include/lio_sam
[2.106s] -- Up-to-date: /home/ceu/ros2_ws/install/lio_sam/include/lio_sam/msg
[2.106s] -- Up-to-date: /home/ceu/ros2_ws/install/lio_sam/include/lio_sam/msg/rosidl_typesupport_introspection_c__visibility_control.h
[2.106s] -- Up-to-date: /home/ceu/ros2_ws/install/lio_sam/include/lio_sam/msg/detail
[2.106s] -- Up-to-date: /home/ceu/ros2_ws/install/lio_sam/include/lio_sam/msg/detail/cloud_info__type_support.c
[2.107s] -- Up-to-date: /home/ceu/ros2_ws/install/lio_sam/include/lio_sam/msg/detail/cloud_info__rosidl_typesupport_introspection_c.h
[2.107s] -- Up-to-date: /home/ceu/ros2_ws/install/lio_sam/include/lio_sam/srv
[2.107s] -- Up-to-date: /home/ceu/ros2_ws/install/lio_sam/include/lio_sam/srv/detail
[2.107s] -- Up-to-date: /home/ceu/ros2_ws/install/lio_sam/include/lio_sam/srv/detail/save_map__type_support.c
[2.107s] -- Up-to-date: /home/ceu/ros2_ws/install/lio_sam/include/lio_sam/srv/detail/save_map__rosidl_typesupport_introspection_c.h
[2.108s] -- Up-to-date: /home/ceu/ros2_ws/install/lio_sam/lib/liblio_sam__rosidl_typesupport_introspection_c.so
[2.108s] -- Up-to-date: /home/ceu/ros2_ws/install/lio_sam/lib/liblio_sam__rosidl_typesupport_c.so
[2.108s] -- Up-to-date: /home/ceu/ros2_ws/install/lio_sam/include/lio_sam
[2.108s] -- Up-to-date: /home/ceu/ros2_ws/install/lio_sam/include/lio_sam/msg
[2.108s] -- Up-to-date: /home/ceu/ros2_ws/install/lio_sam/include/lio_sam/msg/rosidl_generator_cpp__visibility_control.hpp
[2.108s] -- Up-to-date: /home/ceu/ros2_ws/install/lio_sam/include/lio_sam/msg/cloud_info.hpp
[2.108s] -- Up-to-date: /home/ceu/ros2_ws/install/lio_sam/include/lio_sam/msg/detail
[2.109s] -- Up-to-date: /home/ceu/ros2_ws/install/lio_sam/include/lio_sam/msg/detail/cloud_info__builder.hpp
[2.109s] -- Up-to-date: /home/ceu/ros2_ws/install/lio_sam/include/lio_sam/msg/detail/cloud_info__traits.hpp
[2.109s] -- Up-to-date: /home/ceu/ros2_ws/install/lio_sam/include/lio_sam/msg/detail/cloud_info__type_support.hpp
[2.109s] -- Up-to-date: /home/ceu/ros2_ws/install/lio_sam/include/lio_sam/msg/detail/cloud_info__struct.hpp
[2.109s] -- Up-to-date: /home/ceu/ros2_ws/install/lio_sam/include/lio_sam/srv
[2.109s] -- Up-to-date: /home/ceu/ros2_ws/install/lio_sam/include/lio_sam/srv/detail
[2.109s] -- Up-to-date: /home/ceu/ros2_ws/install/lio_sam/include/lio_sam/srv/detail/save_map__traits.hpp
[2.110s] -- Up-to-date: /home/ceu/ros2_ws/install/lio_sam/include/lio_sam/srv/detail/save_map__type_support.hpp
[2.110s] -- Up-to-date: /home/ceu/ros2_ws/install/lio_sam/include/lio_sam/srv/detail/save_map__builder.hpp
[2.110s] -- Up-to-date: /home/ceu/ros2_ws/install/lio_sam/include/lio_sam/srv/detail/save_map__struct.hpp
[2.110s] -- Up-to-date: /home/ceu/ros2_ws/install/lio_sam/include/lio_sam/srv/save_map.hpp
[2.110s] -- Up-to-date: /home/ceu/ros2_ws/install/lio_sam/include/lio_sam
[2.110s] -- Up-to-date: /home/ceu/ros2_ws/install/lio_sam/include/lio_sam/msg
[2.111s] -- Up-to-date: /home/ceu/ros2_ws/install/lio_sam/include/lio_sam/msg/detail
[2.111s] -- Up-to-date: /home/ceu/ros2_ws/install/lio_sam/include/lio_sam/msg/detail/cloud_info__type_support.cpp
[2.111s] -- Up-to-date: /home/ceu/ros2_ws/install/lio_sam/include/lio_sam/msg/detail/cloud_info__rosidl_typesupport_introspection_cpp.hpp
[2.111s] -- Up-to-date: /home/ceu/ros2_ws/install/lio_sam/include/lio_sam/srv
[2.111s] -- Up-to-date: /home/ceu/ros2_ws/install/lio_sam/include/lio_sam/srv/detail
[2.112s] -- Up-to-date: /home/ceu/ros2_ws/install/lio_sam/include/lio_sam/srv/detail/save_map__type_support.cpp
[2.112s] -- Up-to-date: /home/ceu/ros2_ws/install/lio_sam/include/lio_sam/srv/detail/save_map__rosidl_typesupport_introspection_cpp.hpp
[2.112s] -- Up-to-date: /home/ceu/ros2_ws/install/lio_sam/lib/liblio_sam__rosidl_typesupport_introspection_cpp.so
[2.112s] -- Up-to-date: /home/ceu/ros2_ws/install/lio_sam/lib/liblio_sam__rosidl_typesupport_cpp.so
[2.112s] -- Up-to-date: /home/ceu/ros2_ws/install/lio_sam/share/lio_sam/environment/pythonpath.sh
[2.112s] -- Up-to-date: /home/ceu/ros2_ws/install/lio_sam/share/lio_sam/environment/pythonpath.dsv
[2.113s] -- Up-to-date: /home/ceu/ros2_ws/install/lio_sam/lib/python3.8/site-packages/lio_sam/__init__.py
[2.137s] -- Up-to-date: /home/ceu/ros2_ws/install/lio_sam/lib/python3.8/site-packages/lio_sam/msg
[2.138s] -- Up-to-date: /home/ceu/ros2_ws/install/lio_sam/lib/python3.8/site-packages/lio_sam/msg/__init__.py
[2.139s] -- Up-to-date: /home/ceu/ros2_ws/install/lio_sam/lib/python3.8/site-packages/lio_sam/msg/_cloud_info_s.c
[2.139s] -- Up-to-date: /home/ceu/ros2_ws/install/lio_sam/lib/python3.8/site-packages/lio_sam/msg/_cloud_info.py
[2.140s] -- Up-to-date: /home/ceu/ros2_ws/install/lio_sam/lib/python3.8/site-packages/lio_sam/srv
[2.141s] -- Up-to-date: /home/ceu/ros2_ws/install/lio_sam/lib/python3.8/site-packages/lio_sam/srv/_save_map_s.c
[2.142s] -- Up-to-date: /home/ceu/ros2_ws/install/lio_sam/lib/python3.8/site-packages/lio_sam/srv/_save_map.py
[2.142s] -- Up-to-date: /home/ceu/ros2_ws/install/lio_sam/lib/python3.8/site-packages/lio_sam/srv/__init__.py
[2.143s] -- Up-to-date: /home/ceu/ros2_ws/install/lio_sam/lib/python3.8/site-packages/lio_sam/lio_sam_s__rosidl_typesupport_fastrtps_c.cpython-38-x86_64-linux-gnu.so
[2.143s] -- Up-to-date: /home/ceu/ros2_ws/install/lio_sam/lib/python3.8/site-packages/lio_sam/lio_sam_s__rosidl_typesupport_introspection_c.cpython-38-x86_64-linux-gnu.so
[2.146s] -- Up-to-date: /home/ceu/ros2_ws/install/lio_sam/lib/python3.8/site-packages/lio_sam/lio_sam_s__rosidl_typesupport_c.cpython-38-x86_64-linux-gnu.so
[2.147s] -- Up-to-date: /home/ceu/ros2_ws/install/lio_sam/lib/liblio_sam__python.so
[2.147s] -- Up-to-date: /home/ceu/ros2_ws/install/lio_sam/share/lio_sam/msg/CloudInfo.idl
[2.149s] -- Up-to-date: /home/ceu/ros2_ws/install/lio_sam/share/lio_sam/srv/SaveMap.idl
[2.151s] -- Up-to-date: /home/ceu/ros2_ws/install/lio_sam/share/lio_sam/msg/CloudInfo.msg
[2.152s] -- Up-to-date: /home/ceu/ros2_ws/install/lio_sam/share/lio_sam/srv/SaveMap.srv
[2.153s] -- Up-to-date: /home/ceu/ros2_ws/install/lio_sam/share/lio_sam/srv/SaveMap_Request.msg
[2.154s] -- Up-to-date: /home/ceu/ros2_ws/install/lio_sam/share/lio_sam/srv/SaveMap_Response.msg
[2.155s] -- Up-to-date: /home/ceu/ros2_ws/install/lio_sam/share/lio_sam//launch
[2.156s] -- Up-to-date: /home/ceu/ros2_ws/install/lio_sam/share/lio_sam//launch/run.launch.py
[2.157s] -- Up-to-date: /home/ceu/ros2_ws/install/lio_sam/share/lio_sam//config
[2.158s] -- Up-to-date: /home/ceu/ros2_ws/install/lio_sam/share/lio_sam//config/rviz2.rviz
[2.158s] -- Up-to-date: /home/ceu/ros2_ws/install/lio_sam/share/lio_sam//config/doc
[2.159s] -- Up-to-date: /home/ceu/ros2_ws/install/lio_sam/share/lio_sam//config/doc/paper.pdf
[2.159s] -- Up-to-date: /home/ceu/ros2_ws/install/lio_sam/share/lio_sam//config/doc/gps-demo.gif
[2.159s] -- Up-to-date: /home/ceu/ros2_ws/install/lio_sam/share/lio_sam//config/doc/device-hand.png
[2.162s] -- Up-to-date: /home/ceu/ros2_ws/install/lio_sam/share/lio_sam//config/doc/loop-closure.gif
[2.162s] -- Up-to-date: /home/ceu/ros2_ws/install/lio_sam/share/lio_sam//config/doc/device-boat.png
[2.163s] -- Up-to-date: /home/ceu/ros2_ws/install/lio_sam/share/lio_sam//config/doc/device-hand-2.png
[2.165s] -- Up-to-date: /home/ceu/ros2_ws/install/lio_sam/share/lio_sam//config/doc/demo.gif
[2.165s] -- Up-to-date: /home/ceu/ros2_ws/install/lio_sam/share/lio_sam//config/doc/device-jackal.png
[2.165s] -- Up-to-date: /home/ceu/ros2_ws/install/lio_sam/share/lio_sam//config/doc/kitti-map.png
[2.166s] -- Up-to-date: /home/ceu/ros2_ws/install/lio_sam/share/lio_sam//config/doc/imu-debug.gif
[2.166s] -- Up-to-date: /home/ceu/ros2_ws/install/lio_sam/share/lio_sam//config/doc/loop-closure-2.gif
[2.167s] -- Up-to-date: /home/ceu/ros2_ws/install/lio_sam/share/lio_sam//config/doc/system.png
[2.167s] -- Up-to-date: /home/ceu/ros2_ws/install/lio_sam/share/lio_sam//config/doc/ouster-demo.gif
[2.168s] -- Up-to-date: /home/ceu/ros2_ws/install/lio_sam/share/lio_sam//config/doc/kitti-demo.gif
[2.169s] -- Up-to-date: /home/ceu/ros2_ws/install/lio_sam/share/lio_sam//config/doc/ouster-device.jpg
[2.172s] -- Up-to-date: /home/ceu/ros2_ws/install/lio_sam/share/lio_sam//config/doc/kitti2bag
[2.173s] -- Up-to-date: /home/ceu/ros2_ws/install/lio_sam/share/lio_sam//config/doc/kitti2bag/README.md
[2.173s] -- Up-to-date: /home/ceu/ros2_ws/install/lio_sam/share/lio_sam//config/doc/kitti2bag/kitti2bag.py
[2.173s] -- Up-to-date: /home/ceu/ros2_ws/install/lio_sam/share/lio_sam//config/doc/imu-transform.png
[2.174s] -- Up-to-date: /home/ceu/ros2_ws/install/lio_sam/share/lio_sam//config/params.yaml
[2.175s] -- Up-to-date: /home/ceu/ros2_ws/install/lio_sam/share/lio_sam//config/robot.urdf.xacro
[2.178s] -- Up-to-date: /home/ceu/ros2_ws/install/lio_sam/lib/lio_sam/lio_sam_imageProjection
[2.178s] -- Up-to-date: /home/ceu/ros2_ws/install/lio_sam/lib/lio_sam/lio_sam_imuPreintegration
[2.181s] -- Up-to-date: /home/ceu/ros2_ws/install/lio_sam/lib/lio_sam/lio_sam_featureExtraction
[2.181s] -- Up-to-date: /home/ceu/ros2_ws/install/lio_sam/lib/lio_sam/lio_sam_mapOptimization
[2.181s] -- Up-to-date: /home/ceu/ros2_ws/install/lio_sam/include
[2.185s] -- Up-to-date: /home/ceu/ros2_ws/install/lio_sam/include/lio_sam
[2.185s] -- Up-to-date: /home/ceu/ros2_ws/install/lio_sam/include/lio_sam/utility.hpp
[2.185s] -- Up-to-date: /home/ceu/ros2_ws/install/lio_sam/share/ament_index/resource_index/package_run_dependencies/lio_sam
[2.186s] -- Up-to-date: /home/ceu/ros2_ws/install/lio_sam/share/ament_index/resource_index/parent_prefix_path/lio_sam
[2.186s] -- Up-to-date: /home/ceu/ros2_ws/install/lio_sam/share/lio_sam/environment/ament_prefix_path.sh
[2.186s] -- Up-to-date: /home/ceu/ros2_ws/install/lio_sam/share/lio_sam/environment/ament_prefix_path.dsv
[2.186s] -- Up-to-date: /home/ceu/ros2_ws/install/lio_sam/share/lio_sam/environment/path.sh
[2.186s] -- Up-to-date: /home/ceu/ros2_ws/install/lio_sam/share/lio_sam/environment/path.dsv
[2.186s] -- Up-to-date: /home/ceu/ros2_ws/install/lio_sam/share/lio_sam/local_setup.bash
[2.186s] -- Up-to-date: /home/ceu/ros2_ws/install/lio_sam/share/lio_sam/local_setup.sh
[2.187s] -- Up-to-date: /home/ceu/ros2_ws/install/lio_sam/share/lio_sam/local_setup.zsh
[2.187s] -- Up-to-date: /home/ceu/ros2_ws/install/lio_sam/share/lio_sam/local_setup.dsv
[2.187s] -- Installing: /home/ceu/ros2_ws/install/lio_sam/share/lio_sam/package.dsv
[2.187s] -- Up-to-date: /home/ceu/ros2_ws/install/lio_sam/share/ament_index/resource_index/packages/lio_sam
[2.187s] -- Up-to-date: /home/ceu/ros2_ws/install/lio_sam/share/lio_sam/cmake/lio_sam__rosidl_generator_cExport.cmake
[2.188s] -- Up-to-date: /home/ceu/ros2_ws/install/lio_sam/share/lio_sam/cmake/lio_sam__rosidl_generator_cExport-release.cmake
[2.188s] -- Up-to-date: /home/ceu/ros2_ws/install/lio_sam/share/lio_sam/cmake/lio_sam__rosidl_typesupport_introspection_cExport.cmake
[2.188s] -- Up-to-date: /home/ceu/ros2_ws/install/lio_sam/share/lio_sam/cmake/lio_sam__rosidl_typesupport_introspection_cExport-release.cmake
[2.188s] -- Up-to-date: /home/ceu/ros2_ws/install/lio_sam/share/lio_sam/cmake/lio_sam__rosidl_typesupport_cExport.cmake
[2.189s] -- Up-to-date: /home/ceu/ros2_ws/install/lio_sam/share/lio_sam/cmake/lio_sam__rosidl_typesupport_cExport-release.cmake
[2.189s] -- Up-to-date: /home/ceu/ros2_ws/install/lio_sam/share/lio_sam/cmake/lio_sam__rosidl_generator_cppExport.cmake
[2.189s] -- Up-to-date: /home/ceu/ros2_ws/install/lio_sam/share/lio_sam/cmake/lio_sam__rosidl_typesupport_introspection_cppExport.cmake
[2.189s] -- Up-to-date: /home/ceu/ros2_ws/install/lio_sam/share/lio_sam/cmake/lio_sam__rosidl_typesupport_introspection_cppExport-release.cmake
[2.191s] -- Up-to-date: /home/ceu/ros2_ws/install/lio_sam/share/lio_sam/cmake/lio_sam__rosidl_typesupport_cppExport.cmake
[2.191s] -- Up-to-date: /home/ceu/ros2_ws/install/lio_sam/share/lio_sam/cmake/lio_sam__rosidl_typesupport_cppExport-release.cmake
[2.191s] -- Up-to-date: /home/ceu/ros2_ws/install/lio_sam/share/lio_sam/cmake/rosidl_cmake-extras.cmake
[2.191s] -- Up-to-date: /home/ceu/ros2_ws/install/lio_sam/share/lio_sam/cmake/ament_cmake_export_dependencies-extras.cmake
[2.192s] -- Up-to-date: /home/ceu/ros2_ws/install/lio_sam/share/lio_sam/cmake/ament_cmake_export_libraries-extras.cmake
[2.192s] -- Up-to-date: /home/ceu/ros2_ws/install/lio_sam/share/lio_sam/cmake/ament_cmake_export_targets-extras.cmake
[2.192s] -- Up-to-date: /home/ceu/ros2_ws/install/lio_sam/share/lio_sam/cmake/ament_cmake_export_include_directories-extras.cmake
[2.192s] -- Up-to-date: /home/ceu/ros2_ws/install/lio_sam/share/lio_sam/cmake/rosidl_cmake_export_typesupport_libraries-extras.cmake
[2.192s] -- Up-to-date: /home/ceu/ros2_ws/install/lio_sam/share/lio_sam/cmake/rosidl_cmake_export_typesupport_targets-extras.cmake
[2.193s] -- Up-to-date: /home/ceu/ros2_ws/install/lio_sam/share/lio_sam/cmake/lio_samConfig.cmake
[2.193s] -- Up-to-date: /home/ceu/ros2_ws/install/lio_sam/share/lio_sam/cmake/lio_samConfig-version.cmake
[2.193s] -- Up-to-date: /home/ceu/ros2_ws/install/lio_sam/share/lio_sam/package.xml
[2.921s] Invoked command in '/home/ceu/ros2_ws/build/lio_sam' returned '0': CMAKE_PREFIX_PATH=/opt/ros/foxy /usr/bin/cmake --install /home/ceu/ros2_ws/build/lio_sam
