[2.506s] DEBUG:colcon:Command line arguments: ['/usr/bin/colcon', 'build', '--packages-ignore', 'lio_sam']
[2.506s] DEBUG:colcon:Parsed command line arguments: Namespace(allow_overriding=[], ament_cmake_args=None, base_paths=['.'], build_base='build', catkin_cmake_args=None, catkin_skip_building_tests=False, cmake_args=None, cmake_clean_cache=False, cmake_clean_first=False, cmake_force_configure=False, cmake_target=None, cmake_target_skip_unavailable=False, continue_on_error=False, event_handlers=None, executor='parallel', ignore_user_meta=False, install_base='install', log_base=None, log_level=None, main=<bound method BuildVerb.main of <colcon_core.verb.build.BuildVerb object at 0x7f79d0586af0>>, merge_install=False, metas=['./colcon.meta'], packages_above=None, packages_above_and_dependencies=None, packages_above_depth=None, packages_end=None, packages_ignore=['lio_sam'], packages_ignore_regex=None, packages_select=None, packages_select_build_failed=False, packages_select_by_dep=None, packages_select_regex=None, packages_select_test_failures=False, packages_skip=None, packages_skip_build_finished=False, packages_skip_by_dep=None, packages_skip_regex=None, packages_skip_test_passed=False, packages_skip_up_to=None, packages_start=None, packages_up_to=None, packages_up_to_regex=None, parallel_workers=12, paths=None, symlink_install=False, test_result_base=None, verb_extension=<colcon_core.verb.build.BuildVerb object at 0x7f79d0586af0>, verb_name='build', verb_parser=<colcon_defaults.argument_parser.defaults.DefaultArgumentsDecorator object at 0x7f79d0586cd0>)
[2.582s] Level 1:colcon.colcon_core.package_discovery:discover_packages(colcon_meta) check parameters
[2.582s] Level 1:colcon.colcon_core.package_discovery:discover_packages(recursive) check parameters
[2.582s] Level 1:colcon.colcon_core.package_discovery:discover_packages(ignore) check parameters
[2.582s] Level 1:colcon.colcon_core.package_discovery:discover_packages(path) check parameters
[2.582s] Level 1:colcon.colcon_core.package_discovery:discover_packages(colcon_meta) discover
[2.582s] Level 1:colcon.colcon_core.package_discovery:discover_packages(recursive) discover
[2.582s] INFO:colcon.colcon_core.package_discovery:Crawling recursively for packages in '/home/ceu/ros2_ws'
[2.582s] Level 1:colcon.colcon_core.package_identification:_identify(.) by extensions ['ignore', 'ignore_ament_install']
[2.583s] Level 1:colcon.colcon_core.package_identification:_identify(.) by extension 'ignore'
[2.583s] Level 1:colcon.colcon_core.package_identification:_identify(.) by extension 'ignore_ament_install'
[2.583s] Level 1:colcon.colcon_core.package_identification:_identify(.) by extensions ['colcon_pkg']
[2.583s] Level 1:colcon.colcon_core.package_identification:_identify(.) by extension 'colcon_pkg'
[2.583s] Level 1:colcon.colcon_core.package_identification:_identify(.) by extensions ['colcon_meta']
[2.583s] Level 1:colcon.colcon_core.package_identification:_identify(.) by extension 'colcon_meta'
[2.583s] Level 1:colcon.colcon_core.package_identification:_identify(.) by extensions ['ros']
[2.583s] Level 1:colcon.colcon_core.package_identification:_identify(.) by extension 'ros'
[2.603s] Level 1:colcon.colcon_core.package_identification:_identify(.) by extensions ['cmake', 'python']
[2.603s] Level 1:colcon.colcon_core.package_identification:_identify(.) by extension 'cmake'
[2.603s] Level 1:colcon.colcon_core.package_identification:_identify(.) by extension 'python'
[2.603s] Level 1:colcon.colcon_core.package_identification:_identify(.) by extensions ['python_setup_py']
[2.603s] Level 1:colcon.colcon_core.package_identification:_identify(.) by extension 'python_setup_py'
[2.604s] Level 1:colcon.colcon_core.package_identification:_identify(build) by extensions ['ignore', 'ignore_ament_install']
[2.604s] Level 1:colcon.colcon_core.package_identification:_identify(build) by extension 'ignore'
[2.604s] Level 1:colcon.colcon_core.package_identification:_identify(build) ignored
[2.604s] Level 1:colcon.colcon_core.package_identification:_identify(install) by extensions ['ignore', 'ignore_ament_install']
[2.604s] Level 1:colcon.colcon_core.package_identification:_identify(install) by extension 'ignore'
[2.604s] Level 1:colcon.colcon_core.package_identification:_identify(install) ignored
[2.604s] Level 1:colcon.colcon_core.package_identification:_identify(log) by extensions ['ignore', 'ignore_ament_install']
[2.604s] Level 1:colcon.colcon_core.package_identification:_identify(log) by extension 'ignore'
[2.604s] Level 1:colcon.colcon_core.package_identification:_identify(log) ignored
[2.604s] Level 1:colcon.colcon_core.package_identification:_identify(src) by extensions ['ignore', 'ignore_ament_install']
[2.604s] Level 1:colcon.colcon_core.package_identification:_identify(src) by extension 'ignore'
[2.604s] Level 1:colcon.colcon_core.package_identification:_identify(src) by extension 'ignore_ament_install'
[2.604s] Level 1:colcon.colcon_core.package_identification:_identify(src) by extensions ['colcon_pkg']
[2.604s] Level 1:colcon.colcon_core.package_identification:_identify(src) by extension 'colcon_pkg'
[2.604s] Level 1:colcon.colcon_core.package_identification:_identify(src) by extensions ['colcon_meta']
[2.605s] Level 1:colcon.colcon_core.package_identification:_identify(src) by extension 'colcon_meta'
[2.605s] Level 1:colcon.colcon_core.package_identification:_identify(src) by extensions ['ros']
[2.605s] Level 1:colcon.colcon_core.package_identification:_identify(src) by extension 'ros'
[2.605s] Level 1:colcon.colcon_core.package_identification:_identify(src) by extensions ['cmake', 'python']
[2.605s] Level 1:colcon.colcon_core.package_identification:_identify(src) by extension 'cmake'
[2.605s] Level 1:colcon.colcon_core.package_identification:_identify(src) by extension 'python'
[2.605s] Level 1:colcon.colcon_core.package_identification:_identify(src) by extensions ['python_setup_py']
[2.605s] Level 1:colcon.colcon_core.package_identification:_identify(src) by extension 'python_setup_py'
[2.605s] Level 1:colcon.colcon_core.package_identification:_identify(src/LIO-SAM) by extensions ['ignore', 'ignore_ament_install']
[2.605s] Level 1:colcon.colcon_core.package_identification:_identify(src/LIO-SAM) by extension 'ignore'
[2.605s] Level 1:colcon.colcon_core.package_identification:_identify(src/LIO-SAM) by extension 'ignore_ament_install'
[2.605s] Level 1:colcon.colcon_core.package_identification:_identify(src/LIO-SAM) by extensions ['colcon_pkg']
[2.605s] Level 1:colcon.colcon_core.package_identification:_identify(src/LIO-SAM) by extension 'colcon_pkg'
[2.605s] Level 1:colcon.colcon_core.package_identification:_identify(src/LIO-SAM) by extensions ['colcon_meta']
[2.605s] Level 1:colcon.colcon_core.package_identification:_identify(src/LIO-SAM) by extension 'colcon_meta'
[2.605s] Level 1:colcon.colcon_core.package_identification:_identify(src/LIO-SAM) by extensions ['ros']
[2.605s] Level 1:colcon.colcon_core.package_identification:_identify(src/LIO-SAM) by extension 'ros'
[2.608s] DEBUG:colcon.colcon_core.package_identification:Package 'src/LIO-SAM' with type 'ros.ament_cmake' and name 'lio_sam'
[2.608s] Level 1:colcon.colcon_core.package_identification:_identify(src/px4_msgs) by extensions ['ignore', 'ignore_ament_install']
[2.608s] Level 1:colcon.colcon_core.package_identification:_identify(src/px4_msgs) by extension 'ignore'
[2.608s] Level 1:colcon.colcon_core.package_identification:_identify(src/px4_msgs) by extension 'ignore_ament_install'
[2.608s] Level 1:colcon.colcon_core.package_identification:_identify(src/px4_msgs) by extensions ['colcon_pkg']
[2.608s] Level 1:colcon.colcon_core.package_identification:_identify(src/px4_msgs) by extension 'colcon_pkg'
[2.608s] Level 1:colcon.colcon_core.package_identification:_identify(src/px4_msgs) by extensions ['colcon_meta']
[2.608s] Level 1:colcon.colcon_core.package_identification:_identify(src/px4_msgs) by extension 'colcon_meta'
[2.608s] Level 1:colcon.colcon_core.package_identification:_identify(src/px4_msgs) by extensions ['ros']
[2.608s] Level 1:colcon.colcon_core.package_identification:_identify(src/px4_msgs) by extension 'ros'
[2.609s] DEBUG:colcon.colcon_core.package_identification:Package 'src/px4_msgs' with type 'ros.ament_cmake' and name 'px4_msgs'
[2.609s] Level 1:colcon.colcon_core.package_identification:_identify(src/px4_ros_com) by extensions ['ignore', 'ignore_ament_install']
[2.609s] Level 1:colcon.colcon_core.package_identification:_identify(src/px4_ros_com) by extension 'ignore'
[2.609s] Level 1:colcon.colcon_core.package_identification:_identify(src/px4_ros_com) by extension 'ignore_ament_install'
[2.609s] Level 1:colcon.colcon_core.package_identification:_identify(src/px4_ros_com) by extensions ['colcon_pkg']
[2.609s] Level 1:colcon.colcon_core.package_identification:_identify(src/px4_ros_com) by extension 'colcon_pkg'
[2.609s] Level 1:colcon.colcon_core.package_identification:_identify(src/px4_ros_com) by extensions ['colcon_meta']
[2.609s] Level 1:colcon.colcon_core.package_identification:_identify(src/px4_ros_com) by extension 'colcon_meta'
[2.609s] Level 1:colcon.colcon_core.package_identification:_identify(src/px4_ros_com) by extensions ['ros']
[2.609s] Level 1:colcon.colcon_core.package_identification:_identify(src/px4_ros_com) by extension 'ros'
[2.610s] DEBUG:colcon.colcon_core.package_identification:Package 'src/px4_ros_com' with type 'ros.ament_cmake' and name 'px4_ros_com'
[2.610s] Level 1:colcon.colcon_core.package_discovery:discover_packages(recursive) using defaults
[2.610s] Level 1:colcon.colcon_core.package_discovery:discover_packages(ignore) discover
[2.610s] Level 1:colcon.colcon_core.package_discovery:discover_packages(ignore) using defaults
[2.610s] Level 1:colcon.colcon_core.package_discovery:discover_packages(path) discover
[2.610s] Level 1:colcon.colcon_core.package_discovery:discover_packages(path) using defaults
[2.671s] Level 1:colcon.colcon_core.package_discovery:discover_packages(prefix_path) check parameters
[2.671s] Level 1:colcon.colcon_core.package_discovery:discover_packages(prefix_path) discover
[2.690s] DEBUG:colcon.colcon_installed_package_information.package_discovery:Found 260 installed packages in /opt/ros/foxy
[2.691s] Level 1:colcon.colcon_core.package_discovery:discover_packages(prefix_path) using defaults
[2.752s] Level 5:colcon.colcon_core.verb:set package 'px4_msgs' build argument 'cmake_args' from command line to 'None'
[2.752s] Level 5:colcon.colcon_core.verb:set package 'px4_msgs' build argument 'cmake_target' from command line to 'None'
[2.752s] Level 5:colcon.colcon_core.verb:set package 'px4_msgs' build argument 'cmake_target_skip_unavailable' from command line to 'False'
[2.752s] Level 5:colcon.colcon_core.verb:set package 'px4_msgs' build argument 'cmake_clean_cache' from command line to 'False'
[2.752s] Level 5:colcon.colcon_core.verb:set package 'px4_msgs' build argument 'cmake_clean_first' from command line to 'False'
[2.752s] Level 5:colcon.colcon_core.verb:set package 'px4_msgs' build argument 'cmake_force_configure' from command line to 'False'
[2.752s] Level 5:colcon.colcon_core.verb:set package 'px4_msgs' build argument 'ament_cmake_args' from command line to 'None'
[2.752s] Level 5:colcon.colcon_core.verb:set package 'px4_msgs' build argument 'catkin_cmake_args' from command line to 'None'
[2.752s] Level 5:colcon.colcon_core.verb:set package 'px4_msgs' build argument 'catkin_skip_building_tests' from command line to 'False'
[2.752s] DEBUG:colcon.colcon_core.verb:Building package 'px4_msgs' with the following arguments: {'ament_cmake_args': None, 'build_base': '/home/ceu/ros2_ws/build/px4_msgs', 'catkin_cmake_args': None, 'catkin_skip_building_tests': False, 'cmake_args': None, 'cmake_clean_cache': False, 'cmake_clean_first': False, 'cmake_force_configure': False, 'cmake_target': None, 'cmake_target_skip_unavailable': False, 'install_base': '/home/ceu/ros2_ws/install/px4_msgs', 'merge_install': False, 'path': '/home/ceu/ros2_ws/src/px4_msgs', 'symlink_install': False, 'test_result_base': None}
[2.761s] Level 5:colcon.colcon_core.verb:set package 'px4_ros_com' build argument 'cmake_args' from command line to 'None'
[2.761s] Level 5:colcon.colcon_core.verb:set package 'px4_ros_com' build argument 'cmake_target' from command line to 'None'
[2.761s] Level 5:colcon.colcon_core.verb:set package 'px4_ros_com' build argument 'cmake_target_skip_unavailable' from command line to 'False'
[2.761s] Level 5:colcon.colcon_core.verb:set package 'px4_ros_com' build argument 'cmake_clean_cache' from command line to 'False'
[2.761s] Level 5:colcon.colcon_core.verb:set package 'px4_ros_com' build argument 'cmake_clean_first' from command line to 'False'
[2.761s] Level 5:colcon.colcon_core.verb:set package 'px4_ros_com' build argument 'cmake_force_configure' from command line to 'False'
[2.761s] Level 5:colcon.colcon_core.verb:set package 'px4_ros_com' build argument 'ament_cmake_args' from command line to 'None'
[2.761s] Level 5:colcon.colcon_core.verb:set package 'px4_ros_com' build argument 'catkin_cmake_args' from command line to 'None'
[2.761s] Level 5:colcon.colcon_core.verb:set package 'px4_ros_com' build argument 'catkin_skip_building_tests' from command line to 'False'
[2.761s] DEBUG:colcon.colcon_core.verb:Building package 'px4_ros_com' with the following arguments: {'ament_cmake_args': None, 'build_base': '/home/ceu/ros2_ws/build/px4_ros_com', 'catkin_cmake_args': None, 'catkin_skip_building_tests': False, 'cmake_args': None, 'cmake_clean_cache': False, 'cmake_clean_first': False, 'cmake_force_configure': False, 'cmake_target': None, 'cmake_target_skip_unavailable': False, 'install_base': '/home/ceu/ros2_ws/install/px4_ros_com', 'merge_install': False, 'path': '/home/ceu/ros2_ws/src/px4_ros_com', 'symlink_install': False, 'test_result_base': None}
[2.770s] INFO:colcon.colcon_core.executor:Executing jobs using 'parallel' executor
[2.779s] DEBUG:colcon.colcon_parallel_executor.executor.parallel:run_until_complete
[2.780s] INFO:colcon.colcon_ros.task.ament_cmake.build:Building ROS package in '/home/ceu/ros2_ws/src/px4_msgs' with build type 'ament_cmake'
[2.780s] INFO:colcon.colcon_cmake.task.cmake.build:Building CMake package in '/home/ceu/ros2_ws/src/px4_msgs'
[2.790s] INFO:colcon.colcon_core.plugin_system:Skipping extension 'colcon_core.shell.bat': Not used on non-Windows systems
[2.790s] INFO:colcon.colcon_core.shell:Skip shell extension 'powershell' for command environment: Not usable outside of PowerShell
[2.790s] DEBUG:colcon.colcon_core.shell:Skip shell extension 'dsv' for command environment
[2.817s] DEBUG:colcon.colcon_core.event_handler.log_command:Invoking command in '/home/ceu/ros2_ws/build/px4_msgs': CMAKE_PREFIX_PATH=/opt/ros/foxy /usr/bin/cmake --build /home/ceu/ros2_ws/build/px4_msgs -- -j12 -l12
[170.233s] DEBUG:colcon.colcon_core.event_handler.log_command:Invoked command in '/home/ceu/ros2_ws/build/px4_msgs' returned '0': CMAKE_PREFIX_PATH=/opt/ros/foxy /usr/bin/cmake --build /home/ceu/ros2_ws/build/px4_msgs -- -j12 -l12
[180.383s] DEBUG:colcon.colcon_core.event_handler.log_command:Invoking command in '/home/ceu/ros2_ws/build/px4_msgs': CMAKE_PREFIX_PATH=/opt/ros/foxy /usr/bin/cmake --install /home/ceu/ros2_ws/build/px4_msgs
[180.958s] Level 1:colcon.colcon_core.environment:create_environment_scripts_only(px4_msgs)
[180.959s] DEBUG:colcon.colcon_core.event_handler.log_command:Invoked command in '/home/ceu/ros2_ws/build/px4_msgs' returned '0': CMAKE_PREFIX_PATH=/opt/ros/foxy /usr/bin/cmake --install /home/ceu/ros2_ws/build/px4_msgs
[180.970s] Level 1:colcon.colcon_core.environment:checking '/home/ceu/ros2_ws/install/px4_msgs' for CMake module files
[180.970s] Level 1:colcon.colcon_core.environment:checking '/home/ceu/ros2_ws/install/px4_msgs' for CMake config files
[180.974s] Level 1:colcon.colcon_core.shell:create_environment_hook('px4_msgs', 'cmake_prefix_path')
[180.983s] INFO:colcon.colcon_core.shell:Creating environment hook '/home/ceu/ros2_ws/install/px4_msgs/share/px4_msgs/hook/cmake_prefix_path.ps1'
[180.991s] INFO:colcon.colcon_core.shell:Creating environment descriptor '/home/ceu/ros2_ws/install/px4_msgs/share/px4_msgs/hook/cmake_prefix_path.dsv'
[180.992s] INFO:colcon.colcon_core.shell:Creating environment hook '/home/ceu/ros2_ws/install/px4_msgs/share/px4_msgs/hook/cmake_prefix_path.sh'
[180.993s] Level 1:colcon.colcon_core.environment:checking '/home/ceu/ros2_ws/install/px4_msgs/lib'
[180.993s] Level 1:colcon.colcon_core.shell:create_environment_hook('px4_msgs', 'ld_library_path_lib')
[181.001s] INFO:colcon.colcon_core.shell:Creating environment hook '/home/ceu/ros2_ws/install/px4_msgs/share/px4_msgs/hook/ld_library_path_lib.ps1'
[181.002s] INFO:colcon.colcon_core.shell:Creating environment descriptor '/home/ceu/ros2_ws/install/px4_msgs/share/px4_msgs/hook/ld_library_path_lib.dsv'
[181.002s] INFO:colcon.colcon_core.shell:Creating environment hook '/home/ceu/ros2_ws/install/px4_msgs/share/px4_msgs/hook/ld_library_path_lib.sh'
[181.002s] Level 1:colcon.colcon_core.environment:checking '/home/ceu/ros2_ws/install/px4_msgs/bin'
[181.002s] Level 1:colcon.colcon_core.environment:checking '/home/ceu/ros2_ws/install/px4_msgs/lib/pkgconfig/px4_msgs.pc'
[181.002s] Level 1:colcon.colcon_core.environment:checking '/home/ceu/ros2_ws/install/px4_msgs/lib/python3.8/site-packages'
[181.002s] Level 1:colcon.colcon_core.shell:create_environment_hook('px4_msgs', 'pythonpath')
[181.011s] INFO:colcon.colcon_core.shell:Creating environment hook '/home/ceu/ros2_ws/install/px4_msgs/share/px4_msgs/hook/pythonpath.ps1'
[181.011s] INFO:colcon.colcon_core.shell:Creating environment descriptor '/home/ceu/ros2_ws/install/px4_msgs/share/px4_msgs/hook/pythonpath.dsv'
[181.012s] INFO:colcon.colcon_core.shell:Creating environment hook '/home/ceu/ros2_ws/install/px4_msgs/share/px4_msgs/hook/pythonpath.sh'
[181.012s] Level 1:colcon.colcon_core.environment:checking '/home/ceu/ros2_ws/install/px4_msgs/bin'
[181.021s] INFO:colcon.colcon_core.shell:Creating package script '/home/ceu/ros2_ws/install/px4_msgs/share/px4_msgs/package.ps1'
[181.021s] INFO:colcon.colcon_core.shell:Creating package descriptor '/home/ceu/ros2_ws/install/px4_msgs/share/px4_msgs/package.dsv'
[181.022s] INFO:colcon.colcon_core.shell:Creating package script '/home/ceu/ros2_ws/install/px4_msgs/share/px4_msgs/package.sh'
[181.023s] INFO:colcon.colcon_core.shell:Creating package script '/home/ceu/ros2_ws/install/px4_msgs/share/px4_msgs/package.bash'
[181.023s] INFO:colcon.colcon_core.shell:Creating package script '/home/ceu/ros2_ws/install/px4_msgs/share/px4_msgs/package.zsh'
[181.024s] Level 1:colcon.colcon_core.environment:create_file_with_runtime_dependencies(/home/ceu/ros2_ws/install/px4_msgs/share/colcon-core/packages/px4_msgs)
[189.051s] Level 1:colcon.colcon_core.environment:create_environment_scripts_only(px4_msgs)
[189.064s] Level 1:colcon.colcon_core.environment:checking '/home/ceu/ros2_ws/install/px4_msgs' for CMake module files
[189.064s] Level 1:colcon.colcon_core.environment:checking '/home/ceu/ros2_ws/install/px4_msgs' for CMake config files
[189.069s] Level 1:colcon.colcon_core.shell:create_environment_hook('px4_msgs', 'cmake_prefix_path')
[189.078s] INFO:colcon.colcon_core.shell:Creating environment hook '/home/ceu/ros2_ws/install/px4_msgs/share/px4_msgs/hook/cmake_prefix_path.ps1'
[189.078s] INFO:colcon.colcon_core.shell:Creating environment descriptor '/home/ceu/ros2_ws/install/px4_msgs/share/px4_msgs/hook/cmake_prefix_path.dsv'
[189.078s] INFO:colcon.colcon_core.shell:Creating environment hook '/home/ceu/ros2_ws/install/px4_msgs/share/px4_msgs/hook/cmake_prefix_path.sh'
[189.079s] Level 1:colcon.colcon_core.environment:checking '/home/ceu/ros2_ws/install/px4_msgs/lib'
[189.079s] Level 1:colcon.colcon_core.shell:create_environment_hook('px4_msgs', 'ld_library_path_lib')
[189.088s] INFO:colcon.colcon_core.shell:Creating environment hook '/home/ceu/ros2_ws/install/px4_msgs/share/px4_msgs/hook/ld_library_path_lib.ps1'
[189.089s] INFO:colcon.colcon_core.shell:Creating environment descriptor '/home/ceu/ros2_ws/install/px4_msgs/share/px4_msgs/hook/ld_library_path_lib.dsv'
[189.089s] INFO:colcon.colcon_core.shell:Creating environment hook '/home/ceu/ros2_ws/install/px4_msgs/share/px4_msgs/hook/ld_library_path_lib.sh'
[189.089s] Level 1:colcon.colcon_core.environment:checking '/home/ceu/ros2_ws/install/px4_msgs/bin'
[189.089s] Level 1:colcon.colcon_core.environment:checking '/home/ceu/ros2_ws/install/px4_msgs/lib/pkgconfig/px4_msgs.pc'
[189.090s] Level 1:colcon.colcon_core.environment:checking '/home/ceu/ros2_ws/install/px4_msgs/lib/python3.8/site-packages'
[189.090s] Level 1:colcon.colcon_core.shell:create_environment_hook('px4_msgs', 'pythonpath')
[189.098s] INFO:colcon.colcon_core.shell:Creating environment hook '/home/ceu/ros2_ws/install/px4_msgs/share/px4_msgs/hook/pythonpath.ps1'
[189.099s] INFO:colcon.colcon_core.shell:Creating environment descriptor '/home/ceu/ros2_ws/install/px4_msgs/share/px4_msgs/hook/pythonpath.dsv'
[189.099s] INFO:colcon.colcon_core.shell:Creating environment hook '/home/ceu/ros2_ws/install/px4_msgs/share/px4_msgs/hook/pythonpath.sh'
[189.099s] Level 1:colcon.colcon_core.environment:checking '/home/ceu/ros2_ws/install/px4_msgs/bin'
[189.117s] INFO:colcon.colcon_core.shell:Creating package script '/home/ceu/ros2_ws/install/px4_msgs/share/px4_msgs/package.ps1'
[189.118s] INFO:colcon.colcon_core.shell:Creating package descriptor '/home/ceu/ros2_ws/install/px4_msgs/share/px4_msgs/package.dsv'
[189.118s] INFO:colcon.colcon_core.shell:Creating package script '/home/ceu/ros2_ws/install/px4_msgs/share/px4_msgs/package.sh'
[189.119s] INFO:colcon.colcon_core.shell:Creating package script '/home/ceu/ros2_ws/install/px4_msgs/share/px4_msgs/package.bash'
[189.119s] INFO:colcon.colcon_core.shell:Creating package script '/home/ceu/ros2_ws/install/px4_msgs/share/px4_msgs/package.zsh'
[189.119s] Level 1:colcon.colcon_core.environment:create_file_with_runtime_dependencies(/home/ceu/ros2_ws/install/px4_msgs/share/colcon-core/packages/px4_msgs)
[189.120s] INFO:colcon.colcon_ros.task.ament_cmake.build:Building ROS package in '/home/ceu/ros2_ws/src/px4_ros_com' with build type 'ament_cmake'
[189.120s] INFO:colcon.colcon_cmake.task.cmake.build:Building CMake package in '/home/ceu/ros2_ws/src/px4_ros_com'
[189.129s] INFO:colcon.colcon_core.shell:Skip shell extension 'powershell' for command environment: Not usable outside of PowerShell
[189.129s] DEBUG:colcon.colcon_core.shell:Skip shell extension 'dsv' for command environment
[189.155s] DEBUG:colcon.colcon_core.event_handler.log_command:Invoking command in '/home/ceu/ros2_ws/build/px4_ros_com': AMENT_PREFIX_PATH=/home/ceu/ros2_ws/install/px4_msgs:${AMENT_PREFIX_PATH} CMAKE_PREFIX_PATH=/home/ceu/ros2_ws/install/px4_msgs:/opt/ros/foxy LD_LIBRARY_PATH=/home/ceu/ros2_ws/install/px4_msgs/lib:${LD_LIBRARY_PATH} PYTHONPATH=/home/ceu/ros2_ws/install/px4_msgs/lib/python3.8/site-packages:${PYTHONPATH} /usr/bin/cmake /home/ceu/ros2_ws/src/px4_ros_com -DCMAKE_INSTALL_PREFIX=/home/ceu/ros2_ws/install/px4_ros_com
[190.748s] DEBUG:colcon.colcon_core.event_handler.log_command:Invoked command in '/home/ceu/ros2_ws/build/px4_ros_com' returned '0': AMENT_PREFIX_PATH=/home/ceu/ros2_ws/install/px4_msgs:${AMENT_PREFIX_PATH} CMAKE_PREFIX_PATH=/home/ceu/ros2_ws/install/px4_msgs:/opt/ros/foxy LD_LIBRARY_PATH=/home/ceu/ros2_ws/install/px4_msgs/lib:${LD_LIBRARY_PATH} PYTHONPATH=/home/ceu/ros2_ws/install/px4_msgs/lib/python3.8/site-packages:${PYTHONPATH} /usr/bin/cmake /home/ceu/ros2_ws/src/px4_ros_com -DCMAKE_INSTALL_PREFIX=/home/ceu/ros2_ws/install/px4_ros_com
[190.751s] DEBUG:colcon.colcon_core.event_handler.log_command:Invoking command in '/home/ceu/ros2_ws/build/px4_ros_com': AMENT_PREFIX_PATH=/home/ceu/ros2_ws/install/px4_msgs:${AMENT_PREFIX_PATH} CMAKE_PREFIX_PATH=/home/ceu/ros2_ws/install/px4_msgs:/opt/ros/foxy LD_LIBRARY_PATH=/home/ceu/ros2_ws/install/px4_msgs/lib:${LD_LIBRARY_PATH} PYTHONPATH=/home/ceu/ros2_ws/install/px4_msgs/lib/python3.8/site-packages:${PYTHONPATH} /usr/bin/cmake --build /home/ceu/ros2_ws/build/px4_ros_com -- -j12 -l12
[196.753s] DEBUG:colcon.colcon_core.event_handler.log_command:Invoked command in '/home/ceu/ros2_ws/build/px4_ros_com' returned '0': AMENT_PREFIX_PATH=/home/ceu/ros2_ws/install/px4_msgs:${AMENT_PREFIX_PATH} CMAKE_PREFIX_PATH=/home/ceu/ros2_ws/install/px4_msgs:/opt/ros/foxy LD_LIBRARY_PATH=/home/ceu/ros2_ws/install/px4_msgs/lib:${LD_LIBRARY_PATH} PYTHONPATH=/home/ceu/ros2_ws/install/px4_msgs/lib/python3.8/site-packages:${PYTHONPATH} /usr/bin/cmake --build /home/ceu/ros2_ws/build/px4_ros_com -- -j12 -l12
[196.784s] DEBUG:colcon.colcon_core.event_handler.log_command:Invoking command in '/home/ceu/ros2_ws/build/px4_ros_com': AMENT_PREFIX_PATH=/home/ceu/ros2_ws/install/px4_msgs:${AMENT_PREFIX_PATH} CMAKE_PREFIX_PATH=/home/ceu/ros2_ws/install/px4_msgs:/opt/ros/foxy LD_LIBRARY_PATH=/home/ceu/ros2_ws/install/px4_msgs/lib:${LD_LIBRARY_PATH} PYTHONPATH=/home/ceu/ros2_ws/install/px4_msgs/lib/python3.8/site-packages:${PYTHONPATH} /usr/bin/cmake --install /home/ceu/ros2_ws/build/px4_ros_com
[196.805s] Level 1:colcon.colcon_core.environment:create_environment_scripts_only(px4_ros_com)
[196.805s] DEBUG:colcon.colcon_core.event_handler.log_command:Invoked command in '/home/ceu/ros2_ws/build/px4_ros_com' returned '0': AMENT_PREFIX_PATH=/home/ceu/ros2_ws/install/px4_msgs:${AMENT_PREFIX_PATH} CMAKE_PREFIX_PATH=/home/ceu/ros2_ws/install/px4_msgs:/opt/ros/foxy LD_LIBRARY_PATH=/home/ceu/ros2_ws/install/px4_msgs/lib:${LD_LIBRARY_PATH} PYTHONPATH=/home/ceu/ros2_ws/install/px4_msgs/lib/python3.8/site-packages:${PYTHONPATH} /usr/bin/cmake --install /home/ceu/ros2_ws/build/px4_ros_com
[196.815s] Level 1:colcon.colcon_core.environment:checking '/home/ceu/ros2_ws/install/px4_ros_com' for CMake module files
[196.816s] Level 1:colcon.colcon_core.environment:checking '/home/ceu/ros2_ws/install/px4_ros_com' for CMake config files
[196.816s] Level 1:colcon.colcon_core.shell:create_environment_hook('px4_ros_com', 'cmake_prefix_path')
[196.826s] INFO:colcon.colcon_core.shell:Creating environment hook '/home/ceu/ros2_ws/install/px4_ros_com/share/px4_ros_com/hook/cmake_prefix_path.ps1'
[196.826s] INFO:colcon.colcon_core.shell:Creating environment descriptor '/home/ceu/ros2_ws/install/px4_ros_com/share/px4_ros_com/hook/cmake_prefix_path.dsv'
[196.827s] INFO:colcon.colcon_core.shell:Creating environment hook '/home/ceu/ros2_ws/install/px4_ros_com/share/px4_ros_com/hook/cmake_prefix_path.sh'
[196.827s] Level 1:colcon.colcon_core.environment:checking '/home/ceu/ros2_ws/install/px4_ros_com/lib'
[196.827s] Level 1:colcon.colcon_core.shell:create_environment_hook('px4_ros_com', 'ld_library_path_lib')
[196.836s] INFO:colcon.colcon_core.shell:Creating environment hook '/home/ceu/ros2_ws/install/px4_ros_com/share/px4_ros_com/hook/ld_library_path_lib.ps1'
[196.836s] INFO:colcon.colcon_core.shell:Creating environment descriptor '/home/ceu/ros2_ws/install/px4_ros_com/share/px4_ros_com/hook/ld_library_path_lib.dsv'
[196.837s] INFO:colcon.colcon_core.shell:Creating environment hook '/home/ceu/ros2_ws/install/px4_ros_com/share/px4_ros_com/hook/ld_library_path_lib.sh'
[196.837s] Level 1:colcon.colcon_core.environment:checking '/home/ceu/ros2_ws/install/px4_ros_com/bin'
[196.837s] Level 1:colcon.colcon_core.environment:checking '/home/ceu/ros2_ws/install/px4_ros_com/lib/pkgconfig/px4_ros_com.pc'
[196.837s] Level 1:colcon.colcon_core.environment:checking '/home/ceu/ros2_ws/install/px4_ros_com/lib/python3.8/site-packages'
[196.837s] Level 1:colcon.colcon_core.environment:checking '/home/ceu/ros2_ws/install/px4_ros_com/bin'
[196.847s] INFO:colcon.colcon_core.shell:Creating package script '/home/ceu/ros2_ws/install/px4_ros_com/share/px4_ros_com/package.ps1'
[196.847s] INFO:colcon.colcon_core.shell:Creating package descriptor '/home/ceu/ros2_ws/install/px4_ros_com/share/px4_ros_com/package.dsv'
[196.848s] INFO:colcon.colcon_core.shell:Creating package script '/home/ceu/ros2_ws/install/px4_ros_com/share/px4_ros_com/package.sh'
[196.848s] INFO:colcon.colcon_core.shell:Creating package script '/home/ceu/ros2_ws/install/px4_ros_com/share/px4_ros_com/package.bash'
[196.848s] INFO:colcon.colcon_core.shell:Creating package script '/home/ceu/ros2_ws/install/px4_ros_com/share/px4_ros_com/package.zsh'
[196.848s] Level 1:colcon.colcon_core.environment:create_file_with_runtime_dependencies(/home/ceu/ros2_ws/install/px4_ros_com/share/colcon-core/packages/px4_ros_com)
[196.887s] Level 1:colcon.colcon_core.environment:create_environment_scripts_only(px4_ros_com)
[196.903s] Level 1:colcon.colcon_core.environment:checking '/home/ceu/ros2_ws/install/px4_ros_com' for CMake module files
[196.904s] Level 1:colcon.colcon_core.environment:checking '/home/ceu/ros2_ws/install/px4_ros_com' for CMake config files
[196.904s] Level 1:colcon.colcon_core.shell:create_environment_hook('px4_ros_com', 'cmake_prefix_path')
[196.921s] INFO:colcon.colcon_core.shell:Creating environment hook '/home/ceu/ros2_ws/install/px4_ros_com/share/px4_ros_com/hook/cmake_prefix_path.ps1'
[196.922s] INFO:colcon.colcon_core.shell:Creating environment descriptor '/home/ceu/ros2_ws/install/px4_ros_com/share/px4_ros_com/hook/cmake_prefix_path.dsv'
[196.923s] INFO:colcon.colcon_core.shell:Creating environment hook '/home/ceu/ros2_ws/install/px4_ros_com/share/px4_ros_com/hook/cmake_prefix_path.sh'
[196.924s] Level 1:colcon.colcon_core.environment:checking '/home/ceu/ros2_ws/install/px4_ros_com/lib'
[196.924s] Level 1:colcon.colcon_core.shell:create_environment_hook('px4_ros_com', 'ld_library_path_lib')
[196.942s] INFO:colcon.colcon_core.shell:Creating environment hook '/home/ceu/ros2_ws/install/px4_ros_com/share/px4_ros_com/hook/ld_library_path_lib.ps1'
[196.943s] INFO:colcon.colcon_core.shell:Creating environment descriptor '/home/ceu/ros2_ws/install/px4_ros_com/share/px4_ros_com/hook/ld_library_path_lib.dsv'
[196.943s] INFO:colcon.colcon_core.shell:Creating environment hook '/home/ceu/ros2_ws/install/px4_ros_com/share/px4_ros_com/hook/ld_library_path_lib.sh'
[196.944s] Level 1:colcon.colcon_core.environment:checking '/home/ceu/ros2_ws/install/px4_ros_com/bin'
[196.944s] Level 1:colcon.colcon_core.environment:checking '/home/ceu/ros2_ws/install/px4_ros_com/lib/pkgconfig/px4_ros_com.pc'
[196.944s] Level 1:colcon.colcon_core.environment:checking '/home/ceu/ros2_ws/install/px4_ros_com/lib/python3.8/site-packages'
[196.944s] Level 1:colcon.colcon_core.environment:checking '/home/ceu/ros2_ws/install/px4_ros_com/bin'
[196.957s] INFO:colcon.colcon_core.shell:Creating package script '/home/ceu/ros2_ws/install/px4_ros_com/share/px4_ros_com/package.ps1'
[196.958s] INFO:colcon.colcon_core.shell:Creating package descriptor '/home/ceu/ros2_ws/install/px4_ros_com/share/px4_ros_com/package.dsv'
[196.958s] INFO:colcon.colcon_core.shell:Creating package script '/home/ceu/ros2_ws/install/px4_ros_com/share/px4_ros_com/package.sh'
[196.959s] INFO:colcon.colcon_core.shell:Creating package script '/home/ceu/ros2_ws/install/px4_ros_com/share/px4_ros_com/package.bash'
[196.959s] INFO:colcon.colcon_core.shell:Creating package script '/home/ceu/ros2_ws/install/px4_ros_com/share/px4_ros_com/package.zsh'
[196.960s] Level 1:colcon.colcon_core.environment:create_file_with_runtime_dependencies(/home/ceu/ros2_ws/install/px4_ros_com/share/colcon-core/packages/px4_ros_com)
[196.960s] DEBUG:colcon.colcon_parallel_executor.executor.parallel:closing loop
[196.960s] DEBUG:colcon.colcon_parallel_executor.executor.parallel:loop closed
[196.961s] DEBUG:colcon.colcon_parallel_executor.executor.parallel:run_until_complete finished with '0'
[196.961s] DEBUG:colcon.colcon_core.event_reactor:joining thread
[196.976s] INFO:colcon.colcon_core.plugin_system:Skipping extension 'colcon_notification.desktop_notification.terminal_notifier': Not used on non-Darwin systems
[196.976s] INFO:colcon.colcon_core.plugin_system:Skipping extension 'colcon_notification.desktop_notification.win32': Not used on non-Windows systems
[196.977s] INFO:colcon.colcon_notification.desktop_notification:Sending desktop notification using 'notify2'
[196.989s] DEBUG:colcon.colcon_core.event_reactor:joined thread
[196.999s] INFO:colcon.colcon_core.shell:Creating prefix script '/home/ceu/ros2_ws/install/local_setup.ps1'
[197.001s] INFO:colcon.colcon_core.shell:Creating prefix util module '/home/ceu/ros2_ws/install/_local_setup_util_ps1.py'
[197.003s] INFO:colcon.colcon_core.shell:Creating prefix chain script '/home/ceu/ros2_ws/install/setup.ps1'
[197.016s] INFO:colcon.colcon_core.shell:Creating prefix script '/home/ceu/ros2_ws/install/local_setup.sh'
[197.016s] INFO:colcon.colcon_core.shell:Creating prefix util module '/home/ceu/ros2_ws/install/_local_setup_util_sh.py'
[197.017s] INFO:colcon.colcon_core.shell:Creating prefix chain script '/home/ceu/ros2_ws/install/setup.sh'
[197.028s] INFO:colcon.colcon_core.shell:Creating prefix script '/home/ceu/ros2_ws/install/local_setup.bash'
[197.029s] INFO:colcon.colcon_core.shell:Creating prefix chain script '/home/ceu/ros2_ws/install/setup.bash'
[197.043s] INFO:colcon.colcon_core.shell:Creating prefix script '/home/ceu/ros2_ws/install/local_setup.zsh'
[197.044s] INFO:colcon.colcon_core.shell:Creating prefix chain script '/home/ceu/ros2_ws/install/setup.zsh'
