[1.785s] Invoking command in '/home/ceu/ros2_ws/build/velodyne_simulator': AMENT_PREFIX_PATH=/home/ceu/ros2_ws/install/velodyne_gazebo_plugins:/home/ceu/ros2_ws/install/velodyne_description:${AMENT_PREFIX_PATH} CMAKE_PREFIX_PATH=/home/ceu/ros2_ws/install/velodyne_gazebo_plugins:/home/ceu/ros2_ws/install/velodyne_description:/opt/ros/foxy LD_LIBRARY_PATH=/home/ceu/ros2_ws/install/velodyne_gazebo_plugins/lib:${LD_LIBRARY_PATH} /usr/bin/cmake --build /home/ceu/ros2_ws/build/velodyne_simulator -- -j12 -l12
[1.789s] Invoked command in '/home/ceu/ros2_ws/build/velodyne_simulator' returned '0': AMENT_PREFIX_PATH=/home/ceu/ros2_ws/install/velodyne_gazebo_plugins:/home/ceu/ros2_ws/install/velodyne_description:${AMENT_PREFIX_PATH} CMAKE_PREFIX_PATH=/home/ceu/ros2_ws/install/velodyne_gazebo_plugins:/home/ceu/ros2_ws/install/velodyne_description:/opt/ros/foxy LD_LIBRARY_PATH=/home/ceu/ros2_ws/install/velodyne_gazebo_plugins/lib:${LD_LIBRARY_PATH} /usr/bin/cmake --build /home/ceu/ros2_ws/build/velodyne_simulator -- -j12 -l12
[2.337s] Invoking command in '/home/ceu/ros2_ws/build/velodyne_simulator': AMENT_PREFIX_PATH=/home/ceu/ros2_ws/install/velodyne_gazebo_plugins:/home/ceu/ros2_ws/install/velodyne_description:${AMENT_PREFIX_PATH} CMAKE_PREFIX_PATH=/home/ceu/ros2_ws/install/velodyne_gazebo_plugins:/home/ceu/ros2_ws/install/velodyne_description:/opt/ros/foxy LD_LIBRARY_PATH=/home/ceu/ros2_ws/install/velodyne_gazebo_plugins/lib:${LD_LIBRARY_PATH} /usr/bin/cmake --install /home/ceu/ros2_ws/build/velodyne_simulator
[2.347s] -- Install configuration: ""
[2.349s] -- Up-to-date: /home/ceu/ros2_ws/install/velodyne_simulator/share/ament_index/resource_index/package_run_dependencies/velodyne_simulator
[2.349s] -- Up-to-date: /home/ceu/ros2_ws/install/velodyne_simulator/share/ament_index/resource_index/parent_prefix_path/velodyne_simulator
[2.350s] -- Up-to-date: /home/ceu/ros2_ws/install/velodyne_simulator/share/velodyne_simulator/environment/ament_prefix_path.sh
[2.352s] -- Up-to-date: /home/ceu/ros2_ws/install/velodyne_simulator/share/velodyne_simulator/environment/ament_prefix_path.dsv
[2.352s] -- Up-to-date: /home/ceu/ros2_ws/install/velodyne_simulator/share/velodyne_simulator/environment/path.sh
[2.352s] -- Up-to-date: /home/ceu/ros2_ws/install/velodyne_simulator/share/velodyne_simulator/environment/path.dsv
[2.353s] -- Up-to-date: /home/ceu/ros2_ws/install/velodyne_simulator/share/velodyne_simulator/local_setup.bash
[2.353s] -- Up-to-date: /home/ceu/ros2_ws/install/velodyne_simulator/share/velodyne_simulator/local_setup.sh
[2.354s] -- Up-to-date: /home/ceu/ros2_ws/install/velodyne_simulator/share/velodyne_simulator/local_setup.zsh
[2.354s] -- Up-to-date: /home/ceu/ros2_ws/install/velodyne_simulator/share/velodyne_simulator/local_setup.dsv
[2.355s] -- Up-to-date: /home/ceu/ros2_ws/install/velodyne_simulator/share/velodyne_simulator/package.dsv
[2.355s] -- Up-to-date: /home/ceu/ros2_ws/install/velodyne_simulator/share/ament_index/resource_index/packages/velodyne_simulator
[2.356s] -- Up-to-date: /home/ceu/ros2_ws/install/velodyne_simulator/share/velodyne_simulator/cmake/velodyne_simulatorConfig.cmake
[2.356s] -- Up-to-date: /home/ceu/ros2_ws/install/velodyne_simulator/share/velodyne_simulator/cmake/velodyne_simulatorConfig-version.cmake
[2.356s] -- Up-to-date: /home/ceu/ros2_ws/install/velodyne_simulator/share/velodyne_simulator/package.xml
[2.589s] Invoked command in '/home/ceu/ros2_ws/build/velodyne_simulator' returned '0': AMENT_PREFIX_PATH=/home/ceu/ros2_ws/install/velodyne_gazebo_plugins:/home/ceu/ros2_ws/install/velodyne_description:${AMENT_PREFIX_PATH} CMAKE_PREFIX_PATH=/home/ceu/ros2_ws/install/velodyne_gazebo_plugins:/home/ceu/ros2_ws/install/velodyne_description:/opt/ros/foxy LD_LIBRARY_PATH=/home/ceu/ros2_ws/install/velodyne_gazebo_plugins/lib:${LD_LIBRARY_PATH} /usr/bin/cmake --install /home/ceu/ros2_ws/build/velodyne_simulator
