[2.179s] Invoking command in '/home/ceu/ros2_ws/src/publish_lidar_data': PYTHONPATH=/home/ceu/ros2_ws/build/publish_lidar_data/prefix_override:/home/ceu/ros2_ws/install/publish_lidar_data/lib/python3.8/site-packages:${PYTHONPATH} /usr/bin/python3 setup.py egg_info --egg-base ../../build/publish_lidar_data build --build-base /home/ceu/ros2_ws/build/publish_lidar_data/build install --record /home/ceu/ros2_ws/build/publish_lidar_data/install.log --install-scripts $base/lib/publish_lidar_data --single-version-externally-managed
[2.593s] running egg_info
[2.595s] writing ../../build/publish_lidar_data/publish_lidar_data.egg-info/PKG-INFO
[2.595s] writing dependency_links to ../../build/publish_lidar_data/publish_lidar_data.egg-info/dependency_links.txt
[2.595s] writing entry points to ../../build/publish_lidar_data/publish_lidar_data.egg-info/entry_points.txt
[2.595s] writing requirements to ../../build/publish_lidar_data/publish_lidar_data.egg-info/requires.txt
[2.595s] writing top-level names to ../../build/publish_lidar_data/publish_lidar_data.egg-info/top_level.txt
[2.596s] reading manifest file '../../build/publish_lidar_data/publish_lidar_data.egg-info/SOURCES.txt'
[2.596s] writing manifest file '../../build/publish_lidar_data/publish_lidar_data.egg-info/SOURCES.txt'
[2.596s] running build
[2.596s] running build_py
[2.596s] running install
[2.596s] running install_lib
[2.596s] running install_data
[2.596s] running install_egg_info
[2.596s] removing '/home/ceu/ros2_ws/install/publish_lidar_data/lib/python3.8/site-packages/publish_lidar_data-0.0.0-py3.8.egg-info' (and everything under it)
[2.596s] Copying ../../build/publish_lidar_data/publish_lidar_data.egg-info to /home/ceu/ros2_ws/install/publish_lidar_data/lib/python3.8/site-packages/publish_lidar_data-0.0.0-py3.8.egg-info
[2.597s] running install_scripts
[2.597s] Installing first_node script to /home/ceu/ros2_ws/install/publish_lidar_data/lib/publish_lidar_data
[2.597s] writing list of installed files to '/home/ceu/ros2_ws/build/publish_lidar_data/install.log'
[2.597s] /home/ceu/.local/lib/python3.8/site-packages/setuptools/dist.py:717: UserWarning: Usage of dash-separated 'script-dir' will not be supported in future versions. Please use the underscore name 'script_dir' instead
[2.597s]   warnings.warn(
[3.284s] Invoked command in '/home/ceu/ros2_ws/src/publish_lidar_data' returned '0': PYTHONPATH=/home/ceu/ros2_ws/build/publish_lidar_data/prefix_override:/home/ceu/ros2_ws/install/publish_lidar_data/lib/python3.8/site-packages:${PYTHONPATH} /usr/bin/python3 setup.py egg_info --egg-base ../../build/publish_lidar_data build --build-base /home/ceu/ros2_ws/build/publish_lidar_data/build install --record /home/ceu/ros2_ws/build/publish_lidar_data/install.log --install-scripts $base/lib/publish_lidar_data --single-version-externally-managed
