[0.495s] Invoking command in '/home/ceu/ros2_ws/build/lio_sam': CMAKE_PREFIX_PATH=/opt/ros/foxy /usr/bin/cmake /home/ceu/ros2_ws/lio_sam_gazebo_ros2/src/LIO-SAM-ros2 -DCMAKE_INSTALL_PREFIX=/home/ceu/ros2_ws/install/lio_sam
[0.838s] -- The C compiler identification is GNU 9.4.0
[0.838s] -- The CXX compiler identification is GNU 9.4.0
[0.838s] -- Check for working C compiler: /usr/bin/cc
[0.838s] -- Check for working C compiler: /usr/bin/cc -- works
[0.838s] -- Detecting C compiler ABI info
[0.839s] -- Detecting C compiler ABI info - done
[0.839s] -- Detecting C compile features
[0.839s] -- Detecting C compile features - done
[0.839s] -- Check for working CXX compiler: /usr/bin/c++
[0.862s] -- Check for working CXX compiler: /usr/bin/c++ -- works
[0.864s] -- Detecting CXX compiler ABI info
[0.961s] -- Detecting CXX compiler ABI info - done
[0.986s] -- Detecting CXX compile features
[0.987s] -- Detecting CXX compile features - done
[0.991s] -- Found ament_cmake: 0.9.12 (/opt/ros/foxy/share/ament_cmake/cmake)
[1.020s] -- Found PythonInterp: /usr/bin/python3 (found suitable version "3.8.10", minimum required is "3") 
[1.020s] -- Using PYTHON_EXECUTABLE: /usr/bin/python3
[1.390s] -- Found rosidl_default_generators: 1.0.1 (/opt/ros/foxy/share/rosidl_default_generators/cmake)
[1.396s] -- Using all available rosidl_typesupport_c: rosidl_typesupport_fastrtps_c;rosidl_typesupport_introspection_c
[1.408s] -- Found rosidl_adapter: 1.3.1 (/opt/ros/foxy/share/rosidl_adapter/cmake)
[1.562s] -- Found OpenSSL: /usr/lib/x86_64-linux-gnu/libcrypto.so (found version "1.1.1f")  
[1.612s] -- Found FastRTPS: /opt/ros/foxy/include  
[1.730s] -- Using all available rosidl_typesupport_cpp: rosidl_typesupport_fastrtps_cpp;rosidl_typesupport_introspection_cpp
[1.763s] -- Found rclcpp: 2.4.3 (/opt/ros/foxy/share/rclcpp/cmake)
[1.834s] -- Found rmw_implementation_cmake: 1.0.4 (/opt/ros/foxy/share/rmw_implementation_cmake/cmake)
[1.834s] -- Using RMW implementation 'rmw_fastrtps_cpp' as default
[1.835s] -- Looking for pthread.h
[1.914s] -- Looking for pthread.h - found
[1.914s] -- Performing Test CMAKE_HAVE_LIBC_PTHREAD
[1.993s] -- Performing Test CMAKE_HAVE_LIBC_PTHREAD - Failed
[1.993s] -- Looking for pthread_create in pthreads
[2.064s] -- Looking for pthread_create in pthreads - not found
[2.064s] -- Looking for pthread_create in pthread
[2.138s] -- Looking for pthread_create in pthread - found
[2.139s] -- Found Threads: TRUE  
[2.308s] -- Found rclpy: 1.0.13 (/opt/ros/foxy/share/rclpy/cmake)
[2.309s] -- Found cv_bridge: 3.0.7 (/opt/ros/foxy/share/cv_bridge/cmake)
[2.499s] -- Found nav_msgs: 2.0.5 (/opt/ros/foxy/share/nav_msgs/cmake)
[2.606s] -- Found visualization_msgs: 2.0.5 (/opt/ros/foxy/share/visualization_msgs/cmake)
[2.723s] -- Found pcl_msgs: 1.0.0 (/opt/ros/foxy/share/pcl_msgs/cmake)
[2.890s] -- Found tf2: 0.13.14 (/opt/ros/foxy/share/tf2/cmake)
[2.917s] -- Found tf2_geometry_msgs: 0.13.14 (/opt/ros/foxy/share/tf2_geometry_msgs/cmake)
[2.922s] -- Found eigen3_cmake_module: 0.1.1 (/opt/ros/foxy/share/eigen3_cmake_module/cmake)
[2.926s] -- Found Eigen3: TRUE (found version "3.3.7") 
[3.461s] -- Found tf2_sensor_msgs: 0.13.14 (/opt/ros/foxy/share/tf2_sensor_msgs/cmake)
[3.489s] -- Found tf2_eigen: 0.13.14 (/opt/ros/foxy/share/tf2_eigen/cmake)
[3.501s] -- Found OpenCV: /usr (found version "4.2.0") 
[3.517s] -- Checking for module 'eigen3'
[3.535s] --   Found eigen3, version 3.3.7
[3.580s] -- Found Eigen: /usr/include/eigen3 (Required is at least version "3.1") 
[3.580s] -- Eigen found (include: /usr/include/eigen3, version: 3.3.7)
[3.629s] -- Found Boost: /usr/include (found suitable version "1.71.0", minimum required is "1.55.0") found components: system filesystem date_time iostreams regex 
[3.643s] -- Checking for module 'flann'
[3.660s] --   Found flann, version 1.9.1
[3.711s] -- Found FLANN: /usr/lib/x86_64-linux-gnu/libflann_cpp.so  
[3.786s] -- The imported target "vtkParseOGLExt" references the file
[3.786s]    "/usr/bin/vtkParseOGLExt-7.1"
[3.786s] but this file does not exist.  Possible reasons include:
[3.786s] * The file was deleted, renamed, or moved to another location.
[3.786s] * An install or uninstall procedure did not complete successfully.
[3.786s] * The installation package was faulty and contained
[3.786s]    "/usr/lib/cmake/vtk-7.1/VTKTargets.cmake"
[3.786s] but not all the files it references.
[3.787s] 
[3.788s] -- The imported target "vtkRenderingPythonTkWidgets" references the file
[3.788s]    "/usr/lib/x86_64-linux-gnu/libvtkRenderingPythonTkWidgets.so"
[3.788s] but this file does not exist.  Possible reasons include:
[3.788s] * The file was deleted, renamed, or moved to another location.
[3.788s] * An install or uninstall procedure did not complete successfully.
[3.788s] * The installation package was faulty and contained
[3.788s]    "/usr/lib/cmake/vtk-7.1/VTKTargets.cmake"
[3.788s] but not all the files it references.
[3.789s] 
[3.789s] -- The imported target "vtk" references the file
[3.789s]    "/usr/bin/vtk"
[3.789s] but this file does not exist.  Possible reasons include:
[3.789s] * The file was deleted, renamed, or moved to another location.
[3.790s] * An install or uninstall procedure did not complete successfully.
[3.790s] * The installation package was faulty and contained
[3.790s]    "/usr/lib/cmake/vtk-7.1/VTKTargets.cmake"
[3.790s] but not all the files it references.
[3.790s] 
[3.790s] -- The imported target "pvtk" references the file
[3.790s]    "/usr/bin/pvtk"
[3.790s] but this file does not exist.  Possible reasons include:
[3.791s] * The file was deleted, renamed, or moved to another location.
[3.791s] * An install or uninstall procedure did not complete successfully.
[3.791s] * The installation package was faulty and contained
[3.791s]    "/usr/lib/cmake/vtk-7.1/VTKTargets.cmake"
[3.791s] but not all the files it references.
[3.791s] 
[3.820s] -- Checking for module 'libusb-1.0'
[3.837s] --   Found libusb-1.0, version 1.0.23
[3.888s] -- Found USB_10: /usr/lib/x86_64-linux-gnu/libusb-1.0.so  
[3.948s] -- Found OpenNI: /usr/lib/libOpenNI.so  
[3.950s] -- OpenNI found (include: /usr/include/ni, lib: /usr/lib/libOpenNI.so)
[4.021s] ** WARNING ** io features related to pcap will be disabled
[4.022s] ** WARNING ** io features related to png will be disabled
[4.022s] -- Found OpenNI2: /usr/lib/libOpenNI2.so  
[4.023s] -- OpenNI2 found (include: /usr/include/openni2, lib: /usr/lib/libOpenNI2.so)
[4.040s] -- Found libusb-1.0: /usr/include  
[4.040s] ** WARNING ** io features related to libusb-1.0 will be disabled
[4.047s] -- OpenNI found (include: /usr/include/ni, lib: /usr/lib/libOpenNI.so)
[4.054s] -- OpenNI2 found (include: /usr/include/openni2, lib: /usr/lib/libOpenNI2.so)
[4.079s] -- Found Qhull: optimized;/usr/lib/x86_64-linux-gnu/libqhull.so;debug;/usr/lib/x86_64-linux-gnu/libqhull.so  
[4.081s] -- QHULL found (include: /usr/include, lib: optimized;/usr/lib/x86_64-linux-gnu/libqhull.so;debug;/usr/lib/x86_64-linux-gnu/libqhull.so)
[4.088s] -- OpenNI found (include: /usr/include/ni, lib: /usr/lib/libOpenNI.so)
[4.100s] -- looking for PCL_COMMON
[4.100s] -- Found PCL_COMMON: /usr/lib/x86_64-linux-gnu/libpcl_common.so  
[4.100s] -- looking for PCL_KDTREE
[4.102s] -- Found PCL_KDTREE: /usr/lib/x86_64-linux-gnu/libpcl_kdtree.so  
[4.104s] -- looking for PCL_OCTREE
[4.105s] -- Found PCL_OCTREE: /usr/lib/x86_64-linux-gnu/libpcl_octree.so  
[4.106s] -- looking for PCL_SEARCH
[4.106s] -- Found PCL_SEARCH: /usr/lib/x86_64-linux-gnu/libpcl_search.so  
[4.107s] -- looking for PCL_SAMPLE_CONSENSUS
[4.108s] -- Found PCL_SAMPLE_CONSENSUS: /usr/lib/x86_64-linux-gnu/libpcl_sample_consensus.so  
[4.108s] -- looking for PCL_FILTERS
[4.109s] -- Found PCL_FILTERS: /usr/lib/x86_64-linux-gnu/libpcl_filters.so  
[4.109s] -- looking for PCL_2D
[4.109s] -- Found PCL_2D: /usr/include/pcl-1.10  
[4.110s] -- looking for PCL_GEOMETRY
[4.110s] -- Found PCL_GEOMETRY: /usr/include/pcl-1.10  
[4.111s] -- looking for PCL_IO
[4.111s] -- Found PCL_IO: /usr/lib/x86_64-linux-gnu/libpcl_io.so  
[4.111s] -- looking for PCL_FEATURES
[4.112s] -- Found PCL_FEATURES: /usr/lib/x86_64-linux-gnu/libpcl_features.so  
[4.113s] -- looking for PCL_ML
[4.113s] -- Found PCL_ML: /usr/lib/x86_64-linux-gnu/libpcl_ml.so  
[4.113s] -- looking for PCL_SEGMENTATION
[4.118s] -- Found PCL_SEGMENTATION: /usr/lib/x86_64-linux-gnu/libpcl_segmentation.so  
[4.118s] -- looking for PCL_VISUALIZATION
[4.118s] -- Found PCL_VISUALIZATION: /usr/lib/x86_64-linux-gnu/libpcl_visualization.so  
[4.119s] -- looking for PCL_SURFACE
[4.119s] -- Found PCL_SURFACE: /usr/lib/x86_64-linux-gnu/libpcl_surface.so  
[4.119s] -- looking for PCL_REGISTRATION
[4.119s] -- Found PCL_REGISTRATION: /usr/lib/x86_64-linux-gnu/libpcl_registration.so  
[4.119s] -- looking for PCL_KEYPOINTS
[4.120s] -- Found PCL_KEYPOINTS: /usr/lib/x86_64-linux-gnu/libpcl_keypoints.so  
[4.121s] -- looking for PCL_TRACKING
[4.121s] -- Found PCL_TRACKING: /usr/lib/x86_64-linux-gnu/libpcl_tracking.so  
[4.121s] -- looking for PCL_RECOGNITION
[4.122s] -- Found PCL_RECOGNITION: /usr/lib/x86_64-linux-gnu/libpcl_recognition.so  
[4.123s] -- looking for PCL_STEREO
[4.125s] -- Found PCL_STEREO: /usr/lib/x86_64-linux-gnu/libpcl_stereo.so  
[4.126s] -- looking for PCL_APPS
[4.126s] -- Found PCL_APPS: /usr/lib/x86_64-linux-gnu/libpcl_apps.so  
[4.126s] -- looking for PCL_IN_HAND_SCANNER
[4.126s] -- Found PCL_IN_HAND_SCANNER: /usr/include/pcl-1.10  
[4.127s] -- looking for PCL_POINT_CLOUD_EDITOR
[4.129s] -- Found PCL_POINT_CLOUD_EDITOR: /usr/include/pcl-1.10  
[4.130s] -- looking for PCL_OUTOFCORE
[4.130s] -- Found PCL_OUTOFCORE: /usr/lib/x86_64-linux-gnu/libpcl_outofcore.so  
[4.131s] -- looking for PCL_PEOPLE
[4.131s] -- Found PCL_PEOPLE: /usr/lib/x86_64-linux-gnu/libpcl_people.so  
[4.132s] -- Found PCL: pcl_common;pcl_kdtree;pcl_octree;pcl_search;pcl_sample_consensus;pcl_filters;pcl_io;pcl_features;pcl_ml;pcl_segmentation;pcl_visualization;pcl_surface;pcl_registration;pcl_keypoints;pcl_tracking;pcl_recognition;pcl_stereo;pcl_apps;pcl_outofcore;pcl_people;/usr/lib/x86_64-linux-gnu/libboost_system.so;/usr/lib/x86_64-linux-gnu/libboost_filesystem.so;/usr/lib/x86_64-linux-gnu/libboost_date_time.so;/usr/lib/x86_64-linux-gnu/libboost_iostreams.so;/usr/lib/x86_64-linux-gnu/libboost_regex.so;optimized;/usr/lib/x86_64-linux-gnu/libqhull.so;debug;/usr/lib/x86_64-linux-gnu/libqhull.so;/usr/lib/libOpenNI.so;/usr/lib/libOpenNI2.so;vtkChartsCore;vtkCommonColor;vtkCommonCore;vtksys;vtkCommonDataModel;vtkCommonMath;vtkCommonMisc;vtkCommonSystem;vtkCommonTransforms;vtkCommonExecutionModel;vtkFiltersGeneral;vtkCommonComputationalGeometry;vtkFiltersCore;vtkInfovisCore;vtkFiltersExtraction;vtkFiltersStatistics;vtkImagingFourier;vtkImagingCore;vtkalglib;vtkRenderingContext2D;vtkRenderingCore;vtkFiltersGeometry;vtkFiltersSources;vtkRenderingFreeType;/usr/lib/x86_64-linux-gnu/libfreetype.so;/usr/lib/x86_64-linux-gnu/libz.so;vtkFiltersModeling;vtkImagingSources;vtkInteractionStyle;vtkInteractionWidgets;vtkFiltersHybrid;vtkImagingColor;vtkImagingGeneral;vtkImagingHybrid;vtkIOImage;vtkDICOMParser;vtkmetaio;/usr/lib/x86_64-linux-gnu/libjpeg.so;/usr/lib/x86_64-linux-gnu/libpng.so;/usr/lib/x86_64-linux-gnu/libtiff.so;vtkRenderingAnnotation;vtkRenderingVolume;vtkIOXML;vtkIOCore;vtkIOXMLParser;/usr/lib/x86_64-linux-gnu/libexpat.so;vtkIOGeometry;vtkIOLegacy;vtkIOPLY;vtkRenderingLOD;vtkViewsContext2D;vtkViewsCore;vtkRenderingContextOpenGL2;vtkRenderingOpenGL2;FLANN::FLANN  
[4.182s] -- Found Boost: /usr/include (found suitable version "1.71.0", minimum required is "1.65") found components: serialization system filesystem thread program_options date_time timer chrono regex atomic 
[4.184s] -- GTSAM include directory:  /usr/lib/cmake/GTSAM/../../../include
[4.190s] -- Found Eigen: /usr/include/eigen3  
[4.191s] -- Eigen found (include: /usr/include/eigen3, version: 3.3.7)
[4.213s] -- Found PythonInterp: /usr/bin/python3 (found version "3.8.10") 
[4.466s] -- Found ament_cmake_ros: 0.9.2 (/opt/ros/foxy/share/ament_cmake_ros/cmake)
[4.796s] -- Using all available rosidl_typesupport_c: rosidl_typesupport_fastrtps_c;rosidl_typesupport_introspection_c
[4.949s] -- Using all available rosidl_typesupport_cpp: rosidl_typesupport_fastrtps_cpp;rosidl_typesupport_introspection_cpp
[4.974s] -- Found PythonInterp: /usr/bin/python3 (found suitable version "3.8.10", minimum required is "3.5") 
[4.975s] -- Found python_cmake_module: 0.8.1 (/opt/ros/foxy/share/python_cmake_module/cmake)
[5.001s] -- Found PythonLibs: /usr/lib/x86_64-linux-gnu/libpython3.8.so (found suitable version "3.8.10", minimum required is "3.5") 
[5.001s] -- Using PYTHON_EXECUTABLE: /usr/bin/python3
[5.001s] -- Using PYTHON_INCLUDE_DIRS: /usr/include/python3.8
[5.001s] -- Using PYTHON_LIBRARIES: /usr/lib/x86_64-linux-gnu/libpython3.8.so
[5.023s] -- Found PythonExtra: .so  
[5.280s] -- Found ament_lint_auto: 0.9.8 (/opt/ros/foxy/share/ament_lint_auto/cmake)
[5.302s] -- Added test 'copyright' to check source files copyright and LICENSE
[5.305s] -- Added test 'cppcheck' to perform static code analysis on C / C++ code
[5.309s] -- Configured cppcheck include dirs: /home/ceu/ros2_ws/lio_sam_gazebo_ros2/src/LIO-SAM-ros2/include/lio_sam
[5.310s] -- Configured cppcheck exclude dirs and/or files: 
[5.312s] -- Added test 'cpplint' to check C / C++ code against the Google style
[5.312s] -- Configured cpplint exclude dirs and/or files: 
[5.313s] -- Added test 'flake8' to check Python code syntax and style conventions
[5.314s] -- Added test 'lint_cmake' to check CMake code style
[5.314s] -- Added test 'pep257' to check Python code against some of the style conventions in PEP 257
[5.317s] -- Added test 'uncrustify' to check C / C++ code style
[5.317s] -- Configured uncrustify additional arguments: 
[5.317s] -- Added test 'xmllint' to check XML markup files
[5.325s] -- Configuring done
[5.703s] -- Generating done
[5.707s] -- Build files have been written to: /home/ceu/ros2_ws/build/lio_sam
[5.724s] Invoked command in '/home/ceu/ros2_ws/build/lio_sam' returned '0': CMAKE_PREFIX_PATH=/opt/ros/foxy /usr/bin/cmake /home/ceu/ros2_ws/lio_sam_gazebo_ros2/src/LIO-SAM-ros2 -DCMAKE_INSTALL_PREFIX=/home/ceu/ros2_ws/install/lio_sam
[5.728s] Invoking command in '/home/ceu/ros2_ws/build/lio_sam': CMAKE_PREFIX_PATH=/opt/ros/foxy /usr/bin/cmake --build /home/ceu/ros2_ws/build/lio_sam -- -j12 -l12
[5.777s] [35m[1mScanning dependencies of target lio_sam__cpp[0m
[5.777s] [  2%] [34m[1mGenerating C code for ROS interfaces[0m
[5.789s] [  4%] [34m[1mGenerating C++ code for ROS interfaces[0m
[6.217s] [  4%] Built target lio_sam__cpp
[6.217s] [35m[1mScanning dependencies of target lio_sam__rosidl_generator_c[0m
[6.229s] [  6%] [34m[1mGenerating C++ type support dispatch for ROS interfaces[0m
[6.229s] [  8%] [34m[1mGenerating C++ type support for eProsima Fast-RTPS[0m
[6.230s] [ 10%] [34m[1mGenerating C++ introspection for ROS interfaces[0m
[6.244s] [ 14%] [32mBuilding C object CMakeFiles/lio_sam__rosidl_generator_c.dir/rosidl_generator_c/lio_sam/msg/detail/cloud_info__functions.c.o[0m
[6.244s] [ 14%] [32mBuilding C object CMakeFiles/lio_sam__rosidl_generator_c.dir/rosidl_generator_c/lio_sam/srv/detail/save_map__functions.c.o[0m
[6.476s] [ 17%] [32m[1mLinking C shared library liblio_sam__rosidl_generator_c.so[0m
[6.540s] [ 17%] Built target lio_sam__rosidl_generator_c
[6.554s] [ 19%] [34m[1mGenerating C introspection for ROS interfaces[0m
[6.557s] [ 21%] [34m[1mGenerating C type support dispatch for ROS interfaces[0m
[6.704s] [35m[1mScanning dependencies of target lio_sam__rosidl_typesupport_cpp[0m
[6.708s] [35m[1mScanning dependencies of target lio_sam__rosidl_typesupport_introspection_cpp[0m
[6.727s] [ 23%] [32mBuilding CXX object CMakeFiles/lio_sam__rosidl_typesupport_cpp.dir/rosidl_typesupport_cpp/lio_sam/srv/save_map__type_support.cpp.o[0m
[6.727s] [ 25%] [32mBuilding CXX object CMakeFiles/lio_sam__rosidl_typesupport_cpp.dir/rosidl_typesupport_cpp/lio_sam/msg/cloud_info__type_support.cpp.o[0m
[6.729s] [ 27%] [32mBuilding CXX object CMakeFiles/lio_sam__rosidl_typesupport_introspection_cpp.dir/rosidl_typesupport_introspection_cpp/lio_sam/srv/detail/save_map__type_support.cpp.o[0m
[6.731s] [ 29%] [32mBuilding CXX object CMakeFiles/lio_sam__rosidl_typesupport_introspection_cpp.dir/rosidl_typesupport_introspection_cpp/lio_sam/msg/detail/cloud_info__type_support.cpp.o[0m
[6.769s] [35m[1mScanning dependencies of target lio_sam__rosidl_typesupport_fastrtps_cpp[0m
[6.806s] [ 34%] [32mBuilding CXX object CMakeFiles/lio_sam__rosidl_typesupport_fastrtps_cpp.dir/rosidl_typesupport_fastrtps_cpp/lio_sam/srv/detail/dds_fastrtps/save_map__type_support.cpp.o[0m
[6.807s] [ 34%] [32mBuilding CXX object CMakeFiles/lio_sam__rosidl_typesupport_fastrtps_cpp.dir/rosidl_typesupport_fastrtps_cpp/lio_sam/msg/detail/dds_fastrtps/cloud_info__type_support.cpp.o[0m
[7.210s] [35m[1mScanning dependencies of target lio_sam__rosidl_typesupport_c[0m
[7.224s] [35m[1mScanning dependencies of target lio_sam__rosidl_typesupport_introspection_c[0m
[7.235s] [ 36%] [32mBuilding CXX object CMakeFiles/lio_sam__rosidl_typesupport_c.dir/rosidl_typesupport_c/lio_sam/msg/cloud_info__type_support.cpp.o[0m
[7.237s] [ 38%] [32mBuilding CXX object CMakeFiles/lio_sam__rosidl_typesupport_c.dir/rosidl_typesupport_c/lio_sam/srv/save_map__type_support.cpp.o[0m
[7.259s] [ 40%] [32mBuilding C object CMakeFiles/lio_sam__rosidl_typesupport_introspection_c.dir/rosidl_typesupport_introspection_c/lio_sam/msg/detail/cloud_info__type_support.c.o[0m
[7.264s] [ 42%] [32mBuilding C object CMakeFiles/lio_sam__rosidl_typesupport_introspection_c.dir/rosidl_typesupport_introspection_c/lio_sam/srv/detail/save_map__type_support.c.o[0m
[7.289s] [ 44%] [32m[1mLinking CXX shared library liblio_sam__rosidl_typesupport_cpp.so[0m
[7.300s] [ 46%] [32m[1mLinking CXX shared library liblio_sam__rosidl_typesupport_c.so[0m
[7.346s] [ 48%] [32m[1mLinking C shared library liblio_sam__rosidl_typesupport_introspection_c.so[0m
[7.366s] [ 48%] Built target lio_sam__rosidl_typesupport_cpp
[7.376s] [ 48%] Built target lio_sam__rosidl_typesupport_c
[7.405s] [ 48%] Built target lio_sam__rosidl_typesupport_introspection_c
[7.489s] [ 51%] [32m[1mLinking CXX shared library liblio_sam__rosidl_typesupport_introspection_cpp.so[0m
[7.579s] [ 51%] Built target lio_sam__rosidl_typesupport_introspection_cpp
[7.667s] [ 53%] [32m[1mLinking CXX shared library liblio_sam__rosidl_typesupport_fastrtps_cpp.so[0m
[7.771s] [ 53%] Built target lio_sam__rosidl_typesupport_fastrtps_cpp
[7.783s] [ 55%] [34m[1mGenerating C type support for eProsima Fast-RTPS[0m
[8.191s] [35m[1mScanning dependencies of target lio_sam__rosidl_typesupport_fastrtps_c[0m
[8.217s] [ 57%] [32mBuilding CXX object CMakeFiles/lio_sam__rosidl_typesupport_fastrtps_c.dir/rosidl_typesupport_fastrtps_c/lio_sam/msg/detail/cloud_info__type_support_c.cpp.o[0m
[8.217s] [ 59%] [32mBuilding CXX object CMakeFiles/lio_sam__rosidl_typesupport_fastrtps_c.dir/rosidl_typesupport_fastrtps_c/lio_sam/srv/detail/save_map__type_support_c.cpp.o[0m
[8.727s] [ 61%] [32m[1mLinking CXX shared library liblio_sam__rosidl_typesupport_fastrtps_c.so[0m
[8.837s] [ 61%] Built target lio_sam__rosidl_typesupport_fastrtps_c
[8.850s] [35m[1mScanning dependencies of target lio_sam[0m
[8.864s] [ 61%] Built target lio_sam
[8.879s] [35m[1mScanning dependencies of target lio_sam_featureExtraction[0m
[8.881s] [35m[1mScanning dependencies of target lio_sam_imageProjection[0m
[8.881s] [35m[1mScanning dependencies of target lio_sam__py[0m
[8.881s] [35m[1mScanning dependencies of target lio_sam_imuPreintegration[0m
[8.882s] [35m[1mScanning dependencies of target lio_sam_mapOptimization[0m
[8.898s] [ 63%] [34m[1mGenerating Python code for ROS interfaces[0m
[9.161s] [ 65%] [32mBuilding CXX object CMakeFiles/lio_sam_mapOptimization.dir/src/mapOptmization.cpp.o[0m
[9.177s] [ 70%] [32mBuilding CXX object CMakeFiles/lio_sam_imuPreintegration.dir/src/imuPreintegration.cpp.o[0m
[9.178s] [ 70%] [32mBuilding CXX object CMakeFiles/lio_sam_featureExtraction.dir/src/featureExtraction.cpp.o[0m
[9.190s] [ 72%] [32mBuilding CXX object CMakeFiles/lio_sam_imageProjection.dir/src/imageProjection.cpp.o[0m
[10.481s] [ 72%] Built target lio_sam__py
[10.498s] [35m[1mScanning dependencies of target lio_sam__python[0m
[10.550s] [ 76%] [32mBuilding C object CMakeFiles/lio_sam__python.dir/rosidl_generator_py/lio_sam/msg/_cloud_info_s.c.o[0m
[10.551s] [ 76%] [32mBuilding C object CMakeFiles/lio_sam__python.dir/rosidl_generator_py/lio_sam/srv/_save_map_s.c.o[0m
[11.040s] [ 78%] [32m[1mLinking C shared library rosidl_generator_py/lio_sam/liblio_sam__python.so[0m
[11.111s] [ 78%] Built target lio_sam__python
[11.129s] [35m[1mScanning dependencies of target lio_sam__rosidl_typesupport_c__pyext[0m
[11.130s] [35m[1mScanning dependencies of target lio_sam__rosidl_typesupport_fastrtps_c__pyext[0m
[11.131s] [35m[1mScanning dependencies of target lio_sam__rosidl_typesupport_introspection_c__pyext[0m
[11.169s] [ 80%] [32mBuilding C object CMakeFiles/lio_sam__rosidl_typesupport_c__pyext.dir/rosidl_generator_py/lio_sam/_lio_sam_s.ep.rosidl_typesupport_c.c.o[0m
[11.173s] [ 82%] [32mBuilding C object CMakeFiles/lio_sam__rosidl_typesupport_introspection_c__pyext.dir/rosidl_generator_py/lio_sam/_lio_sam_s.ep.rosidl_typesupport_introspection_c.c.o[0m
[11.184s] [ 85%] [32mBuilding C object CMakeFiles/lio_sam__rosidl_typesupport_fastrtps_c__pyext.dir/rosidl_generator_py/lio_sam/_lio_sam_s.ep.rosidl_typesupport_fastrtps_c.c.o[0m
[11.417s] [ 87%] [32m[1mLinking C shared library rosidl_generator_py/lio_sam/lio_sam_s__rosidl_typesupport_introspection_c.cpython-38-x86_64-linux-gnu.so[0m
[11.442s] [ 89%] [32m[1mLinking C shared library rosidl_generator_py/lio_sam/lio_sam_s__rosidl_typesupport_c.cpython-38-x86_64-linux-gnu.so[0m
[11.473s] [ 91%] [32m[1mLinking CXX shared library rosidl_generator_py/lio_sam/lio_sam_s__rosidl_typesupport_fastrtps_c.cpython-38-x86_64-linux-gnu.so[0m
[11.521s] [ 91%] Built target lio_sam__rosidl_typesupport_c__pyext
[11.537s] [ 91%] Built target lio_sam__rosidl_typesupport_introspection_c__pyext
[11.597s] [ 91%] Built target lio_sam__rosidl_typesupport_fastrtps_c__pyext
[22.484s] In file included from [01m[K/usr/include/boost/preprocessor/tuple/elem.hpp:23[m[K,
[22.484s]                  from [01m[K/usr/include/boost/preprocessor/arithmetic/add.hpp:21[m[K,
[22.484s]                  from [01m[K/usr/include/boost/mpl/aux_/preprocessor/def_params_tail.hpp:66[m[K,
[22.484s]                  from [01m[K/usr/include/boost/mpl/aux_/na_spec.hpp:28[m[K,
[22.485s]                  from [01m[K/usr/include/boost/mpl/not.hpp:20[m[K,
[22.485s]                  from [01m[K/usr/include/boost/mpl/assert.hpp:17[m[K,
[22.485s]                  from [01m[K/usr/include/pcl-1.10/pcl/point_traits.h:48[m[K,
[22.485s]                  from [01m[K/usr/include/pcl-1.10/pcl/point_cloud.h:50[m[K,
[22.486s]                  from [01m[K/usr/include/pcl-1.10/pcl/kdtree/kdtree.h:43[m[K,
[22.486s]                  from [01m[K/usr/include/pcl-1.10/pcl/kdtree/kdtree_flann.h:43[m[K,
[22.486s]                  from [01m[K/home/ceu/ros2_ws/lio_sam_gazebo_ros2/src/LIO-SAM-ros2/include/lio_sam/utility.hpp:21[m[K,
[22.486s]                  from [01m[K/home/ceu/ros2_ws/lio_sam_gazebo_ros2/src/LIO-SAM-ros2/src/imageProjection.cpp:1[m[K:
[22.487s] [01m[K/home/ceu/ros2_ws/lio_sam_gazebo_ros2/src/LIO-SAM-ros2/src/imageProjection.cpp:14:6:[m[K [01;35m[Kwarning: [m[K‘[01m[Kusing uint16_t = uint16_t[m[K’ is deprecated: use std::uint16_t instead of pcl::uint16_t [[01;35m[K-Wdeprecated-declarations[m[K]
[22.487s]    14 |     ([01;35m[Kuint16_t[m[K, ring, ring) (float, time, time)
[22.487s]       |      [01;35m[K^~~~~~~~[m[K
[22.487s] In file included from [01m[K/usr/include/pcl-1.10/pcl/kdtree/kdtree.h:42[m[K,
[22.489s]                  from [01m[K/usr/include/pcl-1.10/pcl/kdtree/kdtree_flann.h:43[m[K,
[22.491s]                  from [01m[K/home/ceu/ros2_ws/lio_sam_gazebo_ros2/src/LIO-SAM-ros2/include/lio_sam/utility.hpp:21[m[K,
[22.491s]                  from [01m[K/home/ceu/ros2_ws/lio_sam_gazebo_ros2/src/LIO-SAM-ros2/src/imageProjection.cpp:1[m[K:
[22.491s] [01m[K/usr/include/pcl-1.10/pcl/pcl_macros.h:94:9:[m[K [01;36m[Knote: [m[Kdeclared here
[22.492s]    94 |   using [01;36m[Kuint16_t[m[K [[deprecated("use std::uint16_t instead of pcl::uint16_t")]] = std::uint16_t;
[22.492s]       |         [01;36m[K^~~~~~~~[m[K
[22.495s] In file included from [01m[K/usr/include/boost/preprocessor/tuple/elem.hpp:23[m[K,
[22.495s]                  from [01m[K/usr/include/boost/preprocessor/arithmetic/add.hpp:21[m[K,
[22.495s]                  from [01m[K/usr/include/boost/mpl/aux_/preprocessor/def_params_tail.hpp:66[m[K,
[22.495s]                  from [01m[K/usr/include/boost/mpl/aux_/na_spec.hpp:28[m[K,
[22.497s]                  from [01m[K/usr/include/boost/mpl/not.hpp:20[m[K,
[22.498s]                  from [01m[K/usr/include/boost/mpl/assert.hpp:17[m[K,
[22.498s]                  from [01m[K/usr/include/pcl-1.10/pcl/point_traits.h:48[m[K,
[22.499s]                  from [01m[K/usr/include/pcl-1.10/pcl/point_cloud.h:50[m[K,
[22.501s]                  from [01m[K/usr/include/pcl-1.10/pcl/kdtree/kdtree.h:43[m[K,
[22.502s]                  from [01m[K/usr/include/pcl-1.10/pcl/kdtree/kdtree_flann.h:43[m[K,
[22.502s]                  from [01m[K/home/ceu/ros2_ws/lio_sam_gazebo_ros2/src/LIO-SAM-ros2/include/lio_sam/utility.hpp:21[m[K,
[22.502s]                  from [01m[K/home/ceu/ros2_ws/lio_sam_gazebo_ros2/src/LIO-SAM-ros2/src/imageProjection.cpp:1[m[K:
[22.503s] [01m[K/home/ceu/ros2_ws/lio_sam_gazebo_ros2/src/LIO-SAM-ros2/src/imageProjection.cpp:29:6:[m[K [01;35m[Kwarning: [m[K‘[01m[Kusing uint32_t = uint32_t[m[K’ is deprecated: use std::uint32_t instead of pcl::uint32_t [[01;35m[K-Wdeprecated-declarations[m[K]
[22.503s]    29 |     ([01;35m[Kuint32_t[m[K, t, t) (uint16_t, reflectivity, reflectivity)
[22.503s]       |      [01;35m[K^~~~~~~~[m[K
[22.503s] In file included from [01m[K/usr/include/pcl-1.10/pcl/kdtree/kdtree.h:42[m[K,
[22.503s]                  from [01m[K/usr/include/pcl-1.10/pcl/kdtree/kdtree_flann.h:43[m[K,
[22.504s]                  from [01m[K/home/ceu/ros2_ws/lio_sam_gazebo_ros2/src/LIO-SAM-ros2/include/lio_sam/utility.hpp:21[m[K,
[22.505s]                  from [01m[K/home/ceu/ros2_ws/lio_sam_gazebo_ros2/src/LIO-SAM-ros2/src/imageProjection.cpp:1[m[K:
[22.505s] [01m[K/usr/include/pcl-1.10/pcl/pcl_macros.h:96:9:[m[K [01;36m[Knote: [m[Kdeclared here
[22.506s]    96 |   using [01;36m[Kuint32_t[m[K [[deprecated("use std::uint32_t instead of pcl::uint32_t")]] = std::uint32_t;
[22.506s]       |         [01;36m[K^~~~~~~~[m[K
[22.506s] In file included from [01m[K/usr/include/boost/preprocessor/tuple/elem.hpp:23[m[K,
[22.506s]                  from [01m[K/usr/include/boost/preprocessor/arithmetic/add.hpp:21[m[K,
[22.506s]                  from [01m[K/usr/include/boost/mpl/aux_/preprocessor/def_params_tail.hpp:66[m[K,
[22.507s]                  from [01m[K/usr/include/boost/mpl/aux_/na_spec.hpp:28[m[K,
[22.507s]                  from [01m[K/usr/include/boost/mpl/not.hpp:20[m[K,
[22.507s]                  from [01m[K/usr/include/boost/mpl/assert.hpp:17[m[K,
[22.507s]                  from [01m[K/usr/include/pcl-1.10/pcl/point_traits.h:48[m[K,
[22.508s]                  from [01m[K/usr/include/pcl-1.10/pcl/point_cloud.h:50[m[K,
[22.508s]                  from [01m[K/usr/include/pcl-1.10/pcl/kdtree/kdtree.h:43[m[K,
[22.508s]                  from [01m[K/usr/include/pcl-1.10/pcl/kdtree/kdtree_flann.h:43[m[K,
[22.508s]                  from [01m[K/home/ceu/ros2_ws/lio_sam_gazebo_ros2/src/LIO-SAM-ros2/include/lio_sam/utility.hpp:21[m[K,
[22.509s]                  from [01m[K/home/ceu/ros2_ws/lio_sam_gazebo_ros2/src/LIO-SAM-ros2/src/imageProjection.cpp:1[m[K:
[22.509s] [01m[K/home/ceu/ros2_ws/lio_sam_gazebo_ros2/src/LIO-SAM-ros2/src/imageProjection.cpp:29:23:[m[K [01;35m[Kwarning: [m[K‘[01m[Kusing uint16_t = uint16_t[m[K’ is deprecated: use std::uint16_t instead of pcl::uint16_t [[01;35m[K-Wdeprecated-declarations[m[K]
[22.509s]    29 |     (uint32_t, t, t) ([01;35m[Kuint16_t[m[K, reflectivity, reflectivity)
[22.509s]       |                       [01;35m[K^~~~~~~~[m[K
[22.510s] In file included from [01m[K/usr/include/pcl-1.10/pcl/kdtree/kdtree.h:42[m[K,
[22.510s]                  from [01m[K/usr/include/pcl-1.10/pcl/kdtree/kdtree_flann.h:43[m[K,
[22.510s]                  from [01m[K/home/ceu/ros2_ws/lio_sam_gazebo_ros2/src/LIO-SAM-ros2/include/lio_sam/utility.hpp:21[m[K,
[22.511s]                  from [01m[K/home/ceu/ros2_ws/lio_sam_gazebo_ros2/src/LIO-SAM-ros2/src/imageProjection.cpp:1[m[K:
[22.511s] [01m[K/usr/include/pcl-1.10/pcl/pcl_macros.h:94:9:[m[K [01;36m[Knote: [m[Kdeclared here
[22.511s]    94 |   using [01;36m[Kuint16_t[m[K [[deprecated("use std::uint16_t instead of pcl::uint16_t")]] = std::uint16_t;
[22.511s]       |         [01;36m[K^~~~~~~~[m[K
[22.511s] In file included from [01m[K/usr/include/boost/preprocessor/tuple/elem.hpp:23[m[K,
[22.512s]                  from [01m[K/usr/include/boost/preprocessor/arithmetic/add.hpp:21[m[K,
[22.514s]                  from [01m[K/usr/include/boost/mpl/aux_/preprocessor/def_params_tail.hpp:66[m[K,
[22.514s]                  from [01m[K/usr/include/boost/mpl/aux_/na_spec.hpp:28[m[K,
[22.515s]                  from [01m[K/usr/include/boost/mpl/not.hpp:20[m[K,
[22.515s]                  from [01m[K/usr/include/boost/mpl/assert.hpp:17[m[K,
[22.515s]                  from [01m[K/usr/include/pcl-1.10/pcl/point_traits.h:48[m[K,
[22.515s]                  from [01m[K/usr/include/pcl-1.10/pcl/point_cloud.h:50[m[K,
[22.516s]                  from [01m[K/usr/include/pcl-1.10/pcl/kdtree/kdtree.h:43[m[K,
[22.516s]                  from [01m[K/usr/include/pcl-1.10/pcl/kdtree/kdtree_flann.h:43[m[K,
[22.517s]                  from [01m[K/home/ceu/ros2_ws/lio_sam_gazebo_ros2/src/LIO-SAM-ros2/include/lio_sam/utility.hpp:21[m[K,
[22.517s]                  from [01m[K/home/ceu/ros2_ws/lio_sam_gazebo_ros2/src/LIO-SAM-ros2/src/imageProjection.cpp:1[m[K:
[22.518s] [01m[K/home/ceu/ros2_ws/lio_sam_gazebo_ros2/src/LIO-SAM-ros2/src/imageProjection.cpp:30:6:[m[K [01;35m[Kwarning: [m[K‘[01m[Kusing uint8_t = uint8_t[m[K’ is deprecated: use std::uint8_t instead of pcl::uint8_t [[01;35m[K-Wdeprecated-declarations[m[K]
[22.518s]    30 |     ([01;35m[Kuint8_t[m[K, ring, ring) (uint16_t, noise, noise) (uint32_t, range, range)
[22.518s]       |      [01;35m[K^~~~~~~[m[K
[22.519s] In file included from [01m[K/usr/include/pcl-1.10/pcl/kdtree/kdtree.h:42[m[K,
[22.519s]                  from [01m[K/usr/include/pcl-1.10/pcl/kdtree/kdtree_flann.h:43[m[K,
[22.519s]                  from [01m[K/home/ceu/ros2_ws/lio_sam_gazebo_ros2/src/LIO-SAM-ros2/include/lio_sam/utility.hpp:21[m[K,
[22.520s]                  from [01m[K/home/ceu/ros2_ws/lio_sam_gazebo_ros2/src/LIO-SAM-ros2/src/imageProjection.cpp:1[m[K:
[22.521s] [01m[K/usr/include/pcl-1.10/pcl/pcl_macros.h:92:9:[m[K [01;36m[Knote: [m[Kdeclared here
[22.521s]    92 |   using [01;36m[Kuint8_t[m[K [[deprecated("use std::uint8_t instead of pcl::uint8_t")]] = std::uint8_t;
[22.521s]       |         [01;36m[K^~~~~~~[m[K
[22.521s] In file included from [01m[K/usr/include/boost/preprocessor/tuple/elem.hpp:23[m[K,
[22.521s]                  from [01m[K/usr/include/boost/preprocessor/arithmetic/add.hpp:21[m[K,
[22.523s]                  from [01m[K/usr/include/boost/mpl/aux_/preprocessor/def_params_tail.hpp:66[m[K,
[22.523s]                  from [01m[K/usr/include/boost/mpl/aux_/na_spec.hpp:28[m[K,
[22.523s]                  from [01m[K/usr/include/boost/mpl/not.hpp:20[m[K,
[22.523s]                  from [01m[K/usr/include/boost/mpl/assert.hpp:17[m[K,
[22.523s]                  from [01m[K/usr/include/pcl-1.10/pcl/point_traits.h:48[m[K,
[22.524s]                  from [01m[K/usr/include/pcl-1.10/pcl/point_cloud.h:50[m[K,
[22.524s]                  from [01m[K/usr/include/pcl-1.10/pcl/kdtree/kdtree.h:43[m[K,
[22.525s]                  from [01m[K/usr/include/pcl-1.10/pcl/kdtree/kdtree_flann.h:43[m[K,
[22.525s]                  from [01m[K/home/ceu/ros2_ws/lio_sam_gazebo_ros2/src/LIO-SAM-ros2/include/lio_sam/utility.hpp:21[m[K,
[22.526s]                  from [01m[K/home/ceu/ros2_ws/lio_sam_gazebo_ros2/src/LIO-SAM-ros2/src/imageProjection.cpp:1[m[K:
[22.527s] [01m[K/home/ceu/ros2_ws/lio_sam_gazebo_ros2/src/LIO-SAM-ros2/src/imageProjection.cpp:30:28:[m[K [01;35m[Kwarning: [m[K‘[01m[Kusing uint16_t = uint16_t[m[K’ is deprecated: use std::uint16_t instead of pcl::uint16_t [[01;35m[K-Wdeprecated-declarations[m[K]
[22.527s]    30 |     (uint8_t, ring, ring) ([01;35m[Kuint16_t[m[K, noise, noise) (uint32_t, range, range)
[22.527s]       |                            [01;35m[K^~~~~~~~[m[K
[22.527s] In file included from [01m[K/usr/include/pcl-1.10/pcl/kdtree/kdtree.h:42[m[K,
[22.527s]                  from [01m[K/usr/include/pcl-1.10/pcl/kdtree/kdtree_flann.h:43[m[K,
[22.527s]                  from [01m[K/home/ceu/ros2_ws/lio_sam_gazebo_ros2/src/LIO-SAM-ros2/include/lio_sam/utility.hpp:21[m[K,
[22.527s]                  from [01m[K/home/ceu/ros2_ws/lio_sam_gazebo_ros2/src/LIO-SAM-ros2/src/imageProjection.cpp:1[m[K:
[22.528s] [01m[K/usr/include/pcl-1.10/pcl/pcl_macros.h:94:9:[m[K [01;36m[Knote: [m[Kdeclared here
[22.528s]    94 |   using [01;36m[Kuint16_t[m[K [[deprecated("use std::uint16_t instead of pcl::uint16_t")]] = std::uint16_t;
[22.528s]       |         [01;36m[K^~~~~~~~[m[K
[22.529s] In file included from [01m[K/usr/include/boost/preprocessor/tuple/elem.hpp:23[m[K,
[22.529s]                  from [01m[K/usr/include/boost/preprocessor/arithmetic/add.hpp:21[m[K,
[22.529s]                  from [01m[K/usr/include/boost/mpl/aux_/preprocessor/def_params_tail.hpp:66[m[K,
[22.529s]                  from [01m[K/usr/include/boost/mpl/aux_/na_spec.hpp:28[m[K,
[22.529s]                  from [01m[K/usr/include/boost/mpl/not.hpp:20[m[K,
[22.530s]                  from [01m[K/usr/include/boost/mpl/assert.hpp:17[m[K,
[22.530s]                  from [01m[K/usr/include/pcl-1.10/pcl/point_traits.h:48[m[K,
[22.530s]                  from [01m[K/usr/include/pcl-1.10/pcl/point_cloud.h:50[m[K,
[22.530s]                  from [01m[K/usr/include/pcl-1.10/pcl/kdtree/kdtree.h:43[m[K,
[22.530s]                  from [01m[K/usr/include/pcl-1.10/pcl/kdtree/kdtree_flann.h:43[m[K,
[22.530s]                  from [01m[K/home/ceu/ros2_ws/lio_sam_gazebo_ros2/src/LIO-SAM-ros2/include/lio_sam/utility.hpp:21[m[K,
[22.530s]                  from [01m[K/home/ceu/ros2_ws/lio_sam_gazebo_ros2/src/LIO-SAM-ros2/src/imageProjection.cpp:1[m[K:
[22.531s] [01m[K/home/ceu/ros2_ws/lio_sam_gazebo_ros2/src/LIO-SAM-ros2/src/imageProjection.cpp:30:53:[m[K [01;35m[Kwarning: [m[K‘[01m[Kusing uint32_t = uint32_t[m[K’ is deprecated: use std::uint32_t instead of pcl::uint32_t [[01;35m[K-Wdeprecated-declarations[m[K]
[22.531s]    30 |     (uint8_t, ring, ring) (uint16_t, noise, noise) ([01;35m[Kuint32_t[m[K, range, range)
[22.531s]       |                                                     [01;35m[K^~~~~~~~[m[K
[22.532s] In file included from [01m[K/usr/include/pcl-1.10/pcl/kdtree/kdtree.h:42[m[K,
[22.532s]                  from [01m[K/usr/include/pcl-1.10/pcl/kdtree/kdtree_flann.h:43[m[K,
[22.532s]                  from [01m[K/home/ceu/ros2_ws/lio_sam_gazebo_ros2/src/LIO-SAM-ros2/include/lio_sam/utility.hpp:21[m[K,
[22.532s]                  from [01m[K/home/ceu/ros2_ws/lio_sam_gazebo_ros2/src/LIO-SAM-ros2/src/imageProjection.cpp:1[m[K:
[22.532s] [01m[K/usr/include/pcl-1.10/pcl/pcl_macros.h:96:9:[m[K [01;36m[Knote: [m[Kdeclared here
[22.532s]    96 |   using [01;36m[Kuint32_t[m[K [[deprecated("use std::uint32_t instead of pcl::uint32_t")]] = std::uint32_t;
[22.532s]       |         [01;36m[K^~~~~~~~[m[K
[42.228s] [ 93%] [32m[1mLinking CXX executable lio_sam_featureExtraction[0m
[43.410s] [ 93%] Built target lio_sam_featureExtraction
[48.508s] [ 95%] [32m[1mLinking CXX executable lio_sam_imageProjection[0m
[49.178s] [ 95%] Built target lio_sam_imageProjection
[64.070s] [ 97%] [32m[1mLinking CXX executable lio_sam_imuPreintegration[0m
[67.801s] [ 97%] Built target lio_sam_imuPreintegration
[138.288s] [100%] [32m[1mLinking CXX executable lio_sam_mapOptimization[0m
[139.970s] [100%] Built target lio_sam_mapOptimization
[139.997s] Invoked command in '/home/ceu/ros2_ws/build/lio_sam' returned '0': CMAKE_PREFIX_PATH=/opt/ros/foxy /usr/bin/cmake --build /home/ceu/ros2_ws/build/lio_sam -- -j12 -l12
[140.191s] Invoking command in '/home/ceu/ros2_ws/build/lio_sam': CMAKE_PREFIX_PATH=/opt/ros/foxy /usr/bin/cmake --install /home/ceu/ros2_ws/build/lio_sam
[140.208s] -- Install configuration: "Release"
[140.209s] -- Installing: /home/ceu/ros2_ws/install/lio_sam/share/ament_index/resource_index/rosidl_interfaces/lio_sam
[140.209s] -- Installing: /home/ceu/ros2_ws/install/lio_sam/include/lio_sam
[140.210s] -- Installing: /home/ceu/ros2_ws/install/lio_sam/include/lio_sam/msg
[140.210s] -- Installing: /home/ceu/ros2_ws/install/lio_sam/include/lio_sam/msg/detail
[140.210s] -- Installing: /home/ceu/ros2_ws/install/lio_sam/include/lio_sam/msg/detail/cloud_info__functions.c
[140.210s] -- Installing: /home/ceu/ros2_ws/install/lio_sam/include/lio_sam/msg/detail/cloud_info__type_support.h
[140.210s] -- Installing: /home/ceu/ros2_ws/install/lio_sam/include/lio_sam/msg/detail/cloud_info__struct.h
[140.210s] -- Installing: /home/ceu/ros2_ws/install/lio_sam/include/lio_sam/msg/detail/cloud_info__functions.h
[140.211s] -- Installing: /home/ceu/ros2_ws/install/lio_sam/include/lio_sam/msg/cloud_info.h
[140.211s] -- Installing: /home/ceu/ros2_ws/install/lio_sam/include/lio_sam/msg/rosidl_generator_c__visibility_control.h
[140.211s] -- Installing: /home/ceu/ros2_ws/install/lio_sam/include/lio_sam/srv
[140.211s] -- Installing: /home/ceu/ros2_ws/install/lio_sam/include/lio_sam/srv/detail
[140.211s] -- Installing: /home/ceu/ros2_ws/install/lio_sam/include/lio_sam/srv/detail/save_map__struct.h
[140.212s] -- Installing: /home/ceu/ros2_ws/install/lio_sam/include/lio_sam/srv/detail/save_map__functions.c
[140.212s] -- Installing: /home/ceu/ros2_ws/install/lio_sam/include/lio_sam/srv/detail/save_map__type_support.h
[140.212s] -- Installing: /home/ceu/ros2_ws/install/lio_sam/include/lio_sam/srv/detail/save_map__functions.h
[140.212s] -- Installing: /home/ceu/ros2_ws/install/lio_sam/include/lio_sam/srv/save_map.h
[140.212s] -- Installing: /home/ceu/ros2_ws/install/lio_sam/share/lio_sam/environment/library_path.sh
[140.213s] -- Installing: /home/ceu/ros2_ws/install/lio_sam/share/lio_sam/environment/library_path.dsv
[140.213s] -- Installing: /home/ceu/ros2_ws/install/lio_sam/lib/liblio_sam__rosidl_generator_c.so
[140.214s] -- Set runtime path of "/home/ceu/ros2_ws/install/lio_sam/lib/liblio_sam__rosidl_generator_c.so" to ""
[140.214s] -- Up-to-date: /home/ceu/ros2_ws/install/lio_sam/include/lio_sam
[140.214s] -- Up-to-date: /home/ceu/ros2_ws/install/lio_sam/include/lio_sam/msg
[140.215s] -- Installing: /home/ceu/ros2_ws/install/lio_sam/include/lio_sam/msg/rosidl_typesupport_fastrtps_c__visibility_control.h
[140.215s] -- Up-to-date: /home/ceu/ros2_ws/install/lio_sam/include/lio_sam/msg/detail
[140.215s] -- Installing: /home/ceu/ros2_ws/install/lio_sam/include/lio_sam/msg/detail/cloud_info__rosidl_typesupport_fastrtps_c.h
[140.215s] -- Up-to-date: /home/ceu/ros2_ws/install/lio_sam/include/lio_sam/srv
[140.215s] -- Up-to-date: /home/ceu/ros2_ws/install/lio_sam/include/lio_sam/srv/detail
[140.216s] -- Installing: /home/ceu/ros2_ws/install/lio_sam/include/lio_sam/srv/detail/save_map__rosidl_typesupport_fastrtps_c.h
[140.216s] -- Installing: /home/ceu/ros2_ws/install/lio_sam/lib/liblio_sam__rosidl_typesupport_fastrtps_c.so
[140.216s] -- Set runtime path of "/home/ceu/ros2_ws/install/lio_sam/lib/liblio_sam__rosidl_typesupport_fastrtps_c.so" to ""
[140.216s] -- Up-to-date: /home/ceu/ros2_ws/install/lio_sam/include/lio_sam
[140.217s] -- Up-to-date: /home/ceu/ros2_ws/install/lio_sam/include/lio_sam/msg
[140.217s] -- Up-to-date: /home/ceu/ros2_ws/install/lio_sam/include/lio_sam/msg/detail
[140.217s] -- Installing: /home/ceu/ros2_ws/install/lio_sam/include/lio_sam/msg/detail/cloud_info__rosidl_typesupport_fastrtps_cpp.hpp
[140.218s] -- Installing: /home/ceu/ros2_ws/install/lio_sam/include/lio_sam/msg/detail/dds_fastrtps
[140.218s] -- Installing: /home/ceu/ros2_ws/install/lio_sam/include/lio_sam/msg/rosidl_typesupport_fastrtps_cpp__visibility_control.h
[140.218s] -- Up-to-date: /home/ceu/ros2_ws/install/lio_sam/include/lio_sam/srv
[140.218s] -- Up-to-date: /home/ceu/ros2_ws/install/lio_sam/include/lio_sam/srv/detail
[140.218s] -- Installing: /home/ceu/ros2_ws/install/lio_sam/include/lio_sam/srv/detail/save_map__rosidl_typesupport_fastrtps_cpp.hpp
[140.219s] -- Installing: /home/ceu/ros2_ws/install/lio_sam/include/lio_sam/srv/detail/dds_fastrtps
[140.219s] -- Installing: /home/ceu/ros2_ws/install/lio_sam/lib/liblio_sam__rosidl_typesupport_fastrtps_cpp.so
[140.219s] -- Set runtime path of "/home/ceu/ros2_ws/install/lio_sam/lib/liblio_sam__rosidl_typesupport_fastrtps_cpp.so" to ""
[140.220s] -- Up-to-date: /home/ceu/ros2_ws/install/lio_sam/include/lio_sam
[140.220s] -- Up-to-date: /home/ceu/ros2_ws/install/lio_sam/include/lio_sam/msg
[140.220s] -- Installing: /home/ceu/ros2_ws/install/lio_sam/include/lio_sam/msg/rosidl_typesupport_introspection_c__visibility_control.h
[140.221s] -- Up-to-date: /home/ceu/ros2_ws/install/lio_sam/include/lio_sam/msg/detail
[140.221s] -- Installing: /home/ceu/ros2_ws/install/lio_sam/include/lio_sam/msg/detail/cloud_info__type_support.c
[140.221s] -- Installing: /home/ceu/ros2_ws/install/lio_sam/include/lio_sam/msg/detail/cloud_info__rosidl_typesupport_introspection_c.h
[140.221s] -- Up-to-date: /home/ceu/ros2_ws/install/lio_sam/include/lio_sam/srv
[140.221s] -- Up-to-date: /home/ceu/ros2_ws/install/lio_sam/include/lio_sam/srv/detail
[140.221s] -- Installing: /home/ceu/ros2_ws/install/lio_sam/include/lio_sam/srv/detail/save_map__type_support.c
[140.222s] -- Installing: /home/ceu/ros2_ws/install/lio_sam/include/lio_sam/srv/detail/save_map__rosidl_typesupport_introspection_c.h
[140.222s] -- Installing: /home/ceu/ros2_ws/install/lio_sam/lib/liblio_sam__rosidl_typesupport_introspection_c.so
[140.222s] -- Set runtime path of "/home/ceu/ros2_ws/install/lio_sam/lib/liblio_sam__rosidl_typesupport_introspection_c.so" to ""
[140.222s] -- Installing: /home/ceu/ros2_ws/install/lio_sam/lib/liblio_sam__rosidl_typesupport_c.so
[140.222s] -- Set runtime path of "/home/ceu/ros2_ws/install/lio_sam/lib/liblio_sam__rosidl_typesupport_c.so" to ""
[140.223s] -- Up-to-date: /home/ceu/ros2_ws/install/lio_sam/include/lio_sam
[140.223s] -- Up-to-date: /home/ceu/ros2_ws/install/lio_sam/include/lio_sam/msg
[140.223s] -- Installing: /home/ceu/ros2_ws/install/lio_sam/include/lio_sam/msg/rosidl_generator_cpp__visibility_control.hpp
[140.223s] -- Installing: /home/ceu/ros2_ws/install/lio_sam/include/lio_sam/msg/cloud_info.hpp
[140.224s] -- Up-to-date: /home/ceu/ros2_ws/install/lio_sam/include/lio_sam/msg/detail
[140.224s] -- Installing: /home/ceu/ros2_ws/install/lio_sam/include/lio_sam/msg/detail/cloud_info__builder.hpp
[140.224s] -- Installing: /home/ceu/ros2_ws/install/lio_sam/include/lio_sam/msg/detail/cloud_info__traits.hpp
[140.224s] -- Installing: /home/ceu/ros2_ws/install/lio_sam/include/lio_sam/msg/detail/cloud_info__type_support.hpp
[140.225s] -- Installing: /home/ceu/ros2_ws/install/lio_sam/include/lio_sam/msg/detail/cloud_info__struct.hpp
[140.225s] -- Up-to-date: /home/ceu/ros2_ws/install/lio_sam/include/lio_sam/srv
[140.225s] -- Up-to-date: /home/ceu/ros2_ws/install/lio_sam/include/lio_sam/srv/detail
[140.225s] -- Installing: /home/ceu/ros2_ws/install/lio_sam/include/lio_sam/srv/detail/save_map__traits.hpp
[140.226s] -- Installing: /home/ceu/ros2_ws/install/lio_sam/include/lio_sam/srv/detail/save_map__type_support.hpp
[140.226s] -- Installing: /home/ceu/ros2_ws/install/lio_sam/include/lio_sam/srv/detail/save_map__builder.hpp
[140.226s] -- Installing: /home/ceu/ros2_ws/install/lio_sam/include/lio_sam/srv/detail/save_map__struct.hpp
[140.226s] -- Installing: /home/ceu/ros2_ws/install/lio_sam/include/lio_sam/srv/save_map.hpp
[140.226s] -- Up-to-date: /home/ceu/ros2_ws/install/lio_sam/include/lio_sam
[140.227s] -- Up-to-date: /home/ceu/ros2_ws/install/lio_sam/include/lio_sam/msg
[140.227s] -- Up-to-date: /home/ceu/ros2_ws/install/lio_sam/include/lio_sam/msg/detail
[140.227s] -- Installing: /home/ceu/ros2_ws/install/lio_sam/include/lio_sam/msg/detail/cloud_info__type_support.cpp
[140.230s] -- Installing: /home/ceu/ros2_ws/install/lio_sam/include/lio_sam/msg/detail/cloud_info__rosidl_typesupport_introspection_cpp.hpp
[140.230s] -- Up-to-date: /home/ceu/ros2_ws/install/lio_sam/include/lio_sam/srv
[140.231s] -- Up-to-date: /home/ceu/ros2_ws/install/lio_sam/include/lio_sam/srv/detail
[140.231s] -- Installing: /home/ceu/ros2_ws/install/lio_sam/include/lio_sam/srv/detail/save_map__type_support.cpp
[140.231s] -- Installing: /home/ceu/ros2_ws/install/lio_sam/include/lio_sam/srv/detail/save_map__rosidl_typesupport_introspection_cpp.hpp
[140.231s] -- Installing: /home/ceu/ros2_ws/install/lio_sam/lib/liblio_sam__rosidl_typesupport_introspection_cpp.so
[140.231s] -- Set runtime path of "/home/ceu/ros2_ws/install/lio_sam/lib/liblio_sam__rosidl_typesupport_introspection_cpp.so" to ""
[140.231s] -- Installing: /home/ceu/ros2_ws/install/lio_sam/lib/liblio_sam__rosidl_typesupport_cpp.so
[140.232s] -- Set runtime path of "/home/ceu/ros2_ws/install/lio_sam/lib/liblio_sam__rosidl_typesupport_cpp.so" to ""
[140.232s] -- Installing: /home/ceu/ros2_ws/install/lio_sam/share/lio_sam/environment/pythonpath.sh
[140.232s] -- Installing: /home/ceu/ros2_ws/install/lio_sam/share/lio_sam/environment/pythonpath.dsv
[140.232s] -- Installing: /home/ceu/ros2_ws/install/lio_sam/lib/python3.8/site-packages/lio_sam/__init__.py
[140.295s] Compiling '/home/ceu/ros2_ws/install/lio_sam/lib/python3.8/site-packages/lio_sam/__init__.py'...
[140.302s] -- Installing: /home/ceu/ros2_ws/install/lio_sam/lib/python3.8/site-packages/lio_sam/msg
[140.302s] -- Installing: /home/ceu/ros2_ws/install/lio_sam/lib/python3.8/site-packages/lio_sam/msg/__init__.py
[140.303s] -- Installing: /home/ceu/ros2_ws/install/lio_sam/lib/python3.8/site-packages/lio_sam/msg/_cloud_info_s.c
[140.303s] -- Installing: /home/ceu/ros2_ws/install/lio_sam/lib/python3.8/site-packages/lio_sam/msg/_cloud_info.py
[140.304s] -- Installing: /home/ceu/ros2_ws/install/lio_sam/lib/python3.8/site-packages/lio_sam/srv
[140.305s] -- Installing: /home/ceu/ros2_ws/install/lio_sam/lib/python3.8/site-packages/lio_sam/srv/_save_map_s.c
[140.305s] -- Installing: /home/ceu/ros2_ws/install/lio_sam/lib/python3.8/site-packages/lio_sam/srv/_save_map.py
[140.306s] -- Installing: /home/ceu/ros2_ws/install/lio_sam/lib/python3.8/site-packages/lio_sam/srv/__init__.py
[140.306s] -- Installing: /home/ceu/ros2_ws/install/lio_sam/lib/python3.8/site-packages/lio_sam/lio_sam_s__rosidl_typesupport_fastrtps_c.cpython-38-x86_64-linux-gnu.so
[140.308s] -- Set runtime path of "/home/ceu/ros2_ws/install/lio_sam/lib/python3.8/site-packages/lio_sam/lio_sam_s__rosidl_typesupport_fastrtps_c.cpython-38-x86_64-linux-gnu.so" to ""
[140.309s] -- Installing: /home/ceu/ros2_ws/install/lio_sam/lib/python3.8/site-packages/lio_sam/lio_sam_s__rosidl_typesupport_introspection_c.cpython-38-x86_64-linux-gnu.so
[140.310s] -- Set runtime path of "/home/ceu/ros2_ws/install/lio_sam/lib/python3.8/site-packages/lio_sam/lio_sam_s__rosidl_typesupport_introspection_c.cpython-38-x86_64-linux-gnu.so" to ""
[140.311s] -- Installing: /home/ceu/ros2_ws/install/lio_sam/lib/python3.8/site-packages/lio_sam/lio_sam_s__rosidl_typesupport_c.cpython-38-x86_64-linux-gnu.so
[140.312s] -- Set runtime path of "/home/ceu/ros2_ws/install/lio_sam/lib/python3.8/site-packages/lio_sam/lio_sam_s__rosidl_typesupport_c.cpython-38-x86_64-linux-gnu.so" to ""
[140.313s] -- Installing: /home/ceu/ros2_ws/install/lio_sam/lib/liblio_sam__python.so
[140.314s] -- Set runtime path of "/home/ceu/ros2_ws/install/lio_sam/lib/liblio_sam__python.so" to ""
[140.314s] -- Installing: /home/ceu/ros2_ws/install/lio_sam/share/lio_sam/msg/CloudInfo.idl
[140.315s] -- Installing: /home/ceu/ros2_ws/install/lio_sam/share/lio_sam/srv/SaveMap.idl
[140.315s] -- Installing: /home/ceu/ros2_ws/install/lio_sam/share/lio_sam/msg/CloudInfo.msg
[140.316s] -- Installing: /home/ceu/ros2_ws/install/lio_sam/share/lio_sam/srv/SaveMap.srv
[140.316s] -- Installing: /home/ceu/ros2_ws/install/lio_sam/share/lio_sam/srv/SaveMap_Request.msg
[140.317s] -- Installing: /home/ceu/ros2_ws/install/lio_sam/share/lio_sam/srv/SaveMap_Response.msg
[140.318s] -- Installing: /home/ceu/ros2_ws/install/lio_sam/share/lio_sam//launch
[140.318s] -- Installing: /home/ceu/ros2_ws/install/lio_sam/share/lio_sam//launch/run.launch.py
[140.319s] -- Installing: /home/ceu/ros2_ws/install/lio_sam/share/lio_sam//config
[140.319s] -- Installing: /home/ceu/ros2_ws/install/lio_sam/share/lio_sam//config/rviz2.rviz
[140.320s] -- Installing: /home/ceu/ros2_ws/install/lio_sam/share/lio_sam//config/doc
[140.320s] -- Installing: /home/ceu/ros2_ws/install/lio_sam/share/lio_sam//config/doc/paper.pdf
[140.329s] -- Installing: /home/ceu/ros2_ws/install/lio_sam/share/lio_sam//config/doc/gps-demo.gif
[140.343s] -- Installing: /home/ceu/ros2_ws/install/lio_sam/share/lio_sam//config/doc/device-hand.png
[140.343s] -- Installing: /home/ceu/ros2_ws/install/lio_sam/share/lio_sam//config/doc/loop-closure.gif
[140.364s] -- Installing: /home/ceu/ros2_ws/install/lio_sam/share/lio_sam//config/doc/device-boat.png
[140.365s] -- Installing: /home/ceu/ros2_ws/install/lio_sam/share/lio_sam//config/doc/device-hand-2.png
[140.366s] -- Installing: /home/ceu/ros2_ws/install/lio_sam/share/lio_sam//config/doc/demo.gif
[140.380s] -- Installing: /home/ceu/ros2_ws/install/lio_sam/share/lio_sam//config/doc/device-jackal.png
[140.381s] -- Installing: /home/ceu/ros2_ws/install/lio_sam/share/lio_sam//config/doc/kitti-map.png
[140.382s] -- Installing: /home/ceu/ros2_ws/install/lio_sam/share/lio_sam//config/doc/imu-debug.gif
[140.390s] -- Installing: /home/ceu/ros2_ws/install/lio_sam/share/lio_sam//config/doc/loop-closure-2.gif
[140.416s] -- Installing: /home/ceu/ros2_ws/install/lio_sam/share/lio_sam//config/doc/system.png
[140.417s] -- Installing: /home/ceu/ros2_ws/install/lio_sam/share/lio_sam//config/doc/ouster-demo.gif
[140.435s] -- Installing: /home/ceu/ros2_ws/install/lio_sam/share/lio_sam//config/doc/kitti-demo.gif
[140.456s] -- Installing: /home/ceu/ros2_ws/install/lio_sam/share/lio_sam//config/doc/ouster-device.jpg
[140.457s] -- Installing: /home/ceu/ros2_ws/install/lio_sam/share/lio_sam//config/doc/kitti2bag
[140.457s] -- Installing: /home/ceu/ros2_ws/install/lio_sam/share/lio_sam//config/doc/kitti2bag/README.md
[140.458s] -- Installing: /home/ceu/ros2_ws/install/lio_sam/share/lio_sam//config/doc/kitti2bag/kitti2bag.py
[140.459s] -- Installing: /home/ceu/ros2_ws/install/lio_sam/share/lio_sam//config/doc/imu-transform.png
[140.464s] -- Installing: /home/ceu/ros2_ws/install/lio_sam/share/lio_sam//config/params.yaml
[140.464s] -- Installing: /home/ceu/ros2_ws/install/lio_sam/share/lio_sam//config/robot.urdf.xacro
[140.465s] -- Installing: /home/ceu/ros2_ws/install/lio_sam/lib/lio_sam/lio_sam_imageProjection
[140.468s] -- Set runtime path of "/home/ceu/ros2_ws/install/lio_sam/lib/lio_sam/lio_sam_imageProjection" to ""
[140.469s] -- Installing: /home/ceu/ros2_ws/install/lio_sam/lib/lio_sam/lio_sam_imuPreintegration
[140.472s] -- Set runtime path of "/home/ceu/ros2_ws/install/lio_sam/lib/lio_sam/lio_sam_imuPreintegration" to ""
[140.472s] -- Installing: /home/ceu/ros2_ws/install/lio_sam/lib/lio_sam/lio_sam_featureExtraction
[140.475s] -- Set runtime path of "/home/ceu/ros2_ws/install/lio_sam/lib/lio_sam/lio_sam_featureExtraction" to ""
[140.476s] -- Installing: /home/ceu/ros2_ws/install/lio_sam/lib/lio_sam/lio_sam_mapOptimization
[140.480s] -- Set runtime path of "/home/ceu/ros2_ws/install/lio_sam/lib/lio_sam/lio_sam_mapOptimization" to ""
[140.481s] -- Up-to-date: /home/ceu/ros2_ws/install/lio_sam/include
[140.481s] -- Up-to-date: /home/ceu/ros2_ws/install/lio_sam/include/lio_sam
[140.481s] -- Installing: /home/ceu/ros2_ws/install/lio_sam/include/lio_sam/utility.hpp
[140.482s] -- Installing: /home/ceu/ros2_ws/install/lio_sam/share/ament_index/resource_index/package_run_dependencies/lio_sam
[140.483s] -- Installing: /home/ceu/ros2_ws/install/lio_sam/share/ament_index/resource_index/parent_prefix_path/lio_sam
[140.483s] -- Installing: /home/ceu/ros2_ws/install/lio_sam/share/lio_sam/environment/ament_prefix_path.sh
[140.484s] -- Installing: /home/ceu/ros2_ws/install/lio_sam/share/lio_sam/environment/ament_prefix_path.dsv
[140.485s] -- Installing: /home/ceu/ros2_ws/install/lio_sam/share/lio_sam/environment/path.sh
[140.486s] -- Installing: /home/ceu/ros2_ws/install/lio_sam/share/lio_sam/environment/path.dsv
[140.486s] -- Installing: /home/ceu/ros2_ws/install/lio_sam/share/lio_sam/local_setup.bash
[140.487s] -- Installing: /home/ceu/ros2_ws/install/lio_sam/share/lio_sam/local_setup.sh
[140.487s] -- Installing: /home/ceu/ros2_ws/install/lio_sam/share/lio_sam/local_setup.zsh
[140.488s] -- Installing: /home/ceu/ros2_ws/install/lio_sam/share/lio_sam/local_setup.dsv
[140.489s] -- Installing: /home/ceu/ros2_ws/install/lio_sam/share/lio_sam/package.dsv
[140.489s] -- Installing: /home/ceu/ros2_ws/install/lio_sam/share/ament_index/resource_index/packages/lio_sam
[140.490s] -- Installing: /home/ceu/ros2_ws/install/lio_sam/share/lio_sam/cmake/lio_sam__rosidl_generator_cExport.cmake
[140.490s] -- Installing: /home/ceu/ros2_ws/install/lio_sam/share/lio_sam/cmake/lio_sam__rosidl_generator_cExport-release.cmake
[140.491s] -- Installing: /home/ceu/ros2_ws/install/lio_sam/share/lio_sam/cmake/lio_sam__rosidl_typesupport_introspection_cExport.cmake
[140.492s] -- Installing: /home/ceu/ros2_ws/install/lio_sam/share/lio_sam/cmake/lio_sam__rosidl_typesupport_introspection_cExport-release.cmake
[140.493s] -- Installing: /home/ceu/ros2_ws/install/lio_sam/share/lio_sam/cmake/lio_sam__rosidl_typesupport_cExport.cmake
[140.493s] -- Installing: /home/ceu/ros2_ws/install/lio_sam/share/lio_sam/cmake/lio_sam__rosidl_typesupport_cExport-release.cmake
[140.494s] -- Installing: /home/ceu/ros2_ws/install/lio_sam/share/lio_sam/cmake/lio_sam__rosidl_generator_cppExport.cmake
[140.496s] -- Installing: /home/ceu/ros2_ws/install/lio_sam/share/lio_sam/cmake/lio_sam__rosidl_typesupport_introspection_cppExport.cmake
[140.496s] -- Installing: /home/ceu/ros2_ws/install/lio_sam/share/lio_sam/cmake/lio_sam__rosidl_typesupport_introspection_cppExport-release.cmake
[140.497s] -- Installing: /home/ceu/ros2_ws/install/lio_sam/share/lio_sam/cmake/lio_sam__rosidl_typesupport_cppExport.cmake
[140.497s] -- Installing: /home/ceu/ros2_ws/install/lio_sam/share/lio_sam/cmake/lio_sam__rosidl_typesupport_cppExport-release.cmake
[140.497s] -- Installing: /home/ceu/ros2_ws/install/lio_sam/share/lio_sam/cmake/rosidl_cmake-extras.cmake
[140.498s] -- Installing: /home/ceu/ros2_ws/install/lio_sam/share/lio_sam/cmake/ament_cmake_export_dependencies-extras.cmake
[140.498s] -- Installing: /home/ceu/ros2_ws/install/lio_sam/share/lio_sam/cmake/ament_cmake_export_libraries-extras.cmake
[140.498s] -- Installing: /home/ceu/ros2_ws/install/lio_sam/share/lio_sam/cmake/ament_cmake_export_targets-extras.cmake
[140.499s] -- Installing: /home/ceu/ros2_ws/install/lio_sam/share/lio_sam/cmake/ament_cmake_export_include_directories-extras.cmake
[140.499s] -- Installing: /home/ceu/ros2_ws/install/lio_sam/share/lio_sam/cmake/rosidl_cmake_export_typesupport_libraries-extras.cmake
[140.499s] -- Installing: /home/ceu/ros2_ws/install/lio_sam/share/lio_sam/cmake/rosidl_cmake_export_typesupport_targets-extras.cmake
[140.499s] -- Installing: /home/ceu/ros2_ws/install/lio_sam/share/lio_sam/cmake/lio_samConfig.cmake
[140.500s] -- Installing: /home/ceu/ros2_ws/install/lio_sam/share/lio_sam/cmake/lio_samConfig-version.cmake
[140.501s] -- Installing: /home/ceu/ros2_ws/install/lio_sam/share/lio_sam/package.xml
[140.512s] Invoked command in '/home/ceu/ros2_ws/build/lio_sam' returned '0': CMAKE_PREFIX_PATH=/opt/ros/foxy /usr/bin/cmake --install /home/ceu/ros2_ws/build/lio_sam
