[1.052s] Invoking command in '/home/ceu/ros2_ws/build/px4_ros_com': AMENT_PREFIX_PATH=/home/ceu/ros2_ws/install/px4_msgs:${AMENT_PREFIX_PATH} CMAKE_PREFIX_PATH=/home/ceu/ros2_ws/install/px4_msgs:/opt/ros/foxy LD_LIBRARY_PATH=/home/ceu/ros2_ws/install/px4_msgs/lib:${LD_LIBRARY_PATH} PYTHONPATH=/home/ceu/ros2_ws/install/px4_msgs/lib/python3.8/site-packages:${PYTHONPATH} /usr/bin/cmake /home/ceu/ros2_ws/src/px4_ros_com -DCMAKE_INSTALL_PREFIX=/home/ceu/ros2_ws/install/px4_ros_com
[1.143s] -- The C compiler identification is GNU 9.4.0
[1.245s] -- The CXX compiler identification is GNU 9.4.0
[1.253s] -- Check for working C compiler: /usr/bin/cc
[1.378s] -- Check for working C compiler: /usr/bin/cc -- works
[1.379s] -- Detecting C compiler ABI info
[1.505s] -- Detecting C compiler ABI info - done
[1.528s] -- Detecting C compile features
[1.529s] -- Detecting C compile features - done
[1.533s] -- Check for working CXX compiler: /usr/bin/c++
[1.697s] -- Check for working CXX compiler: /usr/bin/c++ -- works
[1.700s] -- Detecting CXX compiler ABI info
[1.857s] -- Detecting CXX compiler ABI info - done
[1.881s] -- Detecting CXX compile features
[1.882s] -- Detecting CXX compile features - done
[1.887s] -- Found ament_cmake: 0.9.12 (/opt/ros/foxy/share/ament_cmake/cmake)
[1.940s] -- Found PythonInterp: /usr/bin/python3 (found suitable version "3.8.10", minimum required is "3") 
[1.940s] -- Using PYTHON_EXECUTABLE: /usr/bin/python3
[2.380s] -- Found builtin_interfaces: 1.0.0 (/opt/ros/foxy/share/builtin_interfaces/cmake)
[2.434s] -- Using all available rosidl_typesupport_c: rosidl_typesupport_fastrtps_c;rosidl_typesupport_introspection_c
[2.452s] -- Found rosidl_adapter: 1.3.1 (/opt/ros/foxy/share/rosidl_adapter/cmake)
[2.622s] -- Found OpenSSL: /usr/lib/x86_64-linux-gnu/libcrypto.so (found version "1.1.1f")  
[2.687s] -- Found FastRTPS: /opt/ros/foxy/include  
[2.870s] -- Using all available rosidl_typesupport_cpp: rosidl_typesupport_fastrtps_cpp;rosidl_typesupport_introspection_cpp
[2.938s] -- Found eigen3_cmake_module: 0.1.1 (/opt/ros/foxy/share/eigen3_cmake_module/cmake)
[2.944s] -- Found Eigen3: TRUE (found version "3.3.7") 
[2.947s] -- Found geometry_msgs: 2.0.5 (/opt/ros/foxy/share/geometry_msgs/cmake)
[3.087s] -- Found px4_msgs: 2.0.1 (/home/ceu/ros2_ws/install/px4_msgs/share/px4_msgs/cmake)
[3.125s] -- Found rclcpp: 2.4.3 (/opt/ros/foxy/share/rclcpp/cmake)
[3.245s] -- Found rmw_implementation_cmake: 1.0.4 (/opt/ros/foxy/share/rmw_implementation_cmake/cmake)
[3.248s] -- Using RMW implementation 'rmw_fastrtps_cpp' as default
[3.249s] -- Looking for pthread.h
[3.393s] -- Looking for pthread.h - found
[3.394s] -- Performing Test CMAKE_HAVE_LIBC_PTHREAD
[3.535s] -- Performing Test CMAKE_HAVE_LIBC_PTHREAD - Failed
[3.535s] -- Looking for pthread_create in pthreads
[3.643s] -- Looking for pthread_create in pthreads - not found
[3.643s] -- Looking for pthread_create in pthread
[3.775s] -- Looking for pthread_create in pthread - found
[3.777s] -- Found Threads: TRUE  
[4.069s] -- Found sensor_msgs: 2.0.5 (/opt/ros/foxy/share/sensor_msgs/cmake)
[4.260s] -- Found ament_lint_auto: 0.9.8 (/opt/ros/foxy/share/ament_lint_auto/cmake)
[4.444s] -- Added test 'copyright' to check source files copyright and LICENSE
[4.452s] -- Added test 'cppcheck' to perform static code analysis on C / C++ code
[4.453s] -- Configured cppcheck include dirs: /home/ceu/ros2_ws/src/px4_ros_com/include;$<BUILD_INTERFACE:/home/ceu/ros2_ws/src/px4_ros_com/include/px4_ros_com>
[4.453s] -- Configured cppcheck exclude dirs and/or files: 
[4.461s] -- Added test 'cpplint' to check C / C++ code against the Google style
[4.461s] -- Configured cpplint exclude dirs and/or files: 
[4.463s] -- Added test 'flake8' to check Python code syntax and style conventions
[4.465s] -- Added test 'lint_cmake' to check CMake code style
[4.467s] -- Added test 'pep257' to check Python code against some of the style conventions in PEP 257
[4.474s] -- Added test 'uncrustify' to check C / C++ code style
[4.474s] -- Configured uncrustify additional arguments: 
[4.476s] -- Added test 'xmllint' to check XML markup files
[4.484s] -- Configuring done
[4.525s] -- Generating done
[4.529s] -- Build files have been written to: /home/ceu/ros2_ws/build/px4_ros_com
[4.542s] Invoked command in '/home/ceu/ros2_ws/build/px4_ros_com' returned '0': AMENT_PREFIX_PATH=/home/ceu/ros2_ws/install/px4_msgs:${AMENT_PREFIX_PATH} CMAKE_PREFIX_PATH=/home/ceu/ros2_ws/install/px4_msgs:/opt/ros/foxy LD_LIBRARY_PATH=/home/ceu/ros2_ws/install/px4_msgs/lib:${LD_LIBRARY_PATH} PYTHONPATH=/home/ceu/ros2_ws/install/px4_msgs/lib/python3.8/site-packages:${PYTHONPATH} /usr/bin/cmake /home/ceu/ros2_ws/src/px4_ros_com -DCMAKE_INSTALL_PREFIX=/home/ceu/ros2_ws/install/px4_ros_com
[4.547s] Invoking command in '/home/ceu/ros2_ws/build/px4_ros_com': AMENT_PREFIX_PATH=/home/ceu/ros2_ws/install/px4_msgs:${AMENT_PREFIX_PATH} CMAKE_PREFIX_PATH=/home/ceu/ros2_ws/install/px4_msgs:/opt/ros/foxy LD_LIBRARY_PATH=/home/ceu/ros2_ws/install/px4_msgs/lib:${LD_LIBRARY_PATH} PYTHONPATH=/home/ceu/ros2_ws/install/px4_msgs/lib/python3.8/site-packages:${PYTHONPATH} /usr/bin/cmake --build /home/ceu/ros2_ws/build/px4_ros_com -- -j12 -l12
[4.618s] [35m[1mScanning dependencies of target offboard_control[0m
[4.618s] [35m[1mScanning dependencies of target vehicle_gps_position_listener[0m
[4.619s] [35m[1mScanning dependencies of target frame_transforms[0m
[4.619s] [35m[1mScanning dependencies of target sensor_combined_listener[0m
[4.623s] [35m[1mScanning dependencies of target debug_vect_advertiser[0m
[4.701s] [ 10%] [32mBuilding CXX object CMakeFiles/vehicle_gps_position_listener.dir/src/examples/listeners/vehicle_gps_position_listener.cpp.o[0m
[4.703s] [ 20%] [32mBuilding CXX object CMakeFiles/offboard_control.dir/src/examples/offboard/offboard_control.cpp.o[0m
[4.706s] [ 30%] [32mBuilding CXX object CMakeFiles/sensor_combined_listener.dir/src/examples/listeners/sensor_combined_listener.cpp.o[0m
[4.732s] [ 40%] [32mBuilding CXX object CMakeFiles/debug_vect_advertiser.dir/src/examples/advertisers/debug_vect_advertiser.cpp.o[0m
[4.735s] [ 50%] [32mBuilding CXX object CMakeFiles/frame_transforms.dir/src/lib/frame_transforms.cpp.o[0m
[14.042s] [ 60%] [32m[1mLinking CXX executable debug_vect_advertiser[0m
[14.484s] [ 60%] Built target debug_vect_advertiser
[16.224s] [ 70%] [32m[1mLinking CXX executable offboard_control[0m
[16.839s] [ 70%] Built target offboard_control
[18.771s] [ 80%] [32m[1mLinking CXX executable sensor_combined_listener[0m
[18.793s] [ 90%] [32m[1mLinking CXX executable vehicle_gps_position_listener[0m
[19.439s] [ 90%] Built target sensor_combined_listener
[19.458s] [ 90%] Built target vehicle_gps_position_listener
[20.891s] [100%] [32m[1mLinking CXX shared library libframe_transforms.so[0m
[21.365s] [100%] Built target frame_transforms
[21.386s] Invoked command in '/home/ceu/ros2_ws/build/px4_ros_com' returned '0': AMENT_PREFIX_PATH=/home/ceu/ros2_ws/install/px4_msgs:${AMENT_PREFIX_PATH} CMAKE_PREFIX_PATH=/home/ceu/ros2_ws/install/px4_msgs:/opt/ros/foxy LD_LIBRARY_PATH=/home/ceu/ros2_ws/install/px4_msgs/lib:${LD_LIBRARY_PATH} PYTHONPATH=/home/ceu/ros2_ws/install/px4_msgs/lib/python3.8/site-packages:${PYTHONPATH} /usr/bin/cmake --build /home/ceu/ros2_ws/build/px4_ros_com -- -j12 -l12
[21.457s] Invoking command in '/home/ceu/ros2_ws/build/px4_ros_com': AMENT_PREFIX_PATH=/home/ceu/ros2_ws/install/px4_msgs:${AMENT_PREFIX_PATH} CMAKE_PREFIX_PATH=/home/ceu/ros2_ws/install/px4_msgs:/opt/ros/foxy LD_LIBRARY_PATH=/home/ceu/ros2_ws/install/px4_msgs/lib:${LD_LIBRARY_PATH} PYTHONPATH=/home/ceu/ros2_ws/install/px4_msgs/lib/python3.8/site-packages:${PYTHONPATH} /usr/bin/cmake --install /home/ceu/ros2_ws/build/px4_ros_com
[21.473s] -- Install configuration: ""
[21.474s] -- Installing: /home/ceu/ros2_ws/install/px4_ros_com/lib/px4_ros_com/sensor_combined_listener
[21.478s] -- Set runtime path of "/home/ceu/ros2_ws/install/px4_ros_com/lib/px4_ros_com/sensor_combined_listener" to ""
[21.479s] -- Installing: /home/ceu/ros2_ws/install/px4_ros_com/lib/px4_ros_com/vehicle_gps_position_listener
[21.484s] -- Set runtime path of "/home/ceu/ros2_ws/install/px4_ros_com/lib/px4_ros_com/vehicle_gps_position_listener" to ""
[21.484s] -- Installing: /home/ceu/ros2_ws/install/px4_ros_com/lib/px4_ros_com/debug_vect_advertiser
[21.487s] -- Set runtime path of "/home/ceu/ros2_ws/install/px4_ros_com/lib/px4_ros_com/debug_vect_advertiser" to ""
[21.487s] -- Installing: /home/ceu/ros2_ws/install/px4_ros_com/lib/px4_ros_com/offboard_control
[21.490s] -- Set runtime path of "/home/ceu/ros2_ws/install/px4_ros_com/lib/px4_ros_com/offboard_control" to ""
[21.490s] -- Up-to-date: /home/ceu/ros2_ws/install/px4_ros_com/share/px4_ros_com/environment/library_path.sh
[21.491s] -- Installing: /home/ceu/ros2_ws/install/px4_ros_com/share/px4_ros_com/environment/library_path.dsv
[21.491s] -- Up-to-date: /home/ceu/ros2_ws/install/px4_ros_com/include/px4_ros_com
[21.491s] -- Up-to-date: /home/ceu/ros2_ws/install/px4_ros_com/include/px4_ros_com/frame_transforms.h
[21.491s] -- Installing: /home/ceu/ros2_ws/install/px4_ros_com/lib/libframe_transforms.so
[21.498s] -- Set runtime path of "/home/ceu/ros2_ws/install/px4_ros_com/lib/libframe_transforms.so" to ""
[21.499s] -- Up-to-date: /home/ceu/ros2_ws/install/px4_ros_com/share/px4_ros_com//launch
[21.499s] -- Up-to-date: /home/ceu/ros2_ws/install/px4_ros_com/share/px4_ros_com//launch/offboard_control_launch.yaml
[21.500s] -- Up-to-date: /home/ceu/ros2_ws/install/px4_ros_com/share/px4_ros_com//launch/sensor_combined_listener.launch.py
[21.500s] -- Up-to-date: /home/ceu/ros2_ws/install/px4_ros_com/share/px4_ros_com//test
[21.500s] -- Up-to-date: /home/ceu/ros2_ws/install/px4_ros_com/share/px4_ros_com//test/pipeline_io_test.py
[21.500s] -- Up-to-date: /home/ceu/ros2_ws/install/px4_ros_com/share/px4_ros_com//test/test_output.py
[21.500s] -- Up-to-date: /home/ceu/ros2_ws/install/px4_ros_com/share/px4_ros_com//test/test_input.py
[21.501s] -- Up-to-date: /home/ceu/ros2_ws/install/px4_ros_com/share/px4_ros_com//test/__init__.py
[21.501s] -- Installing: /home/ceu/ros2_ws/install/px4_ros_com/share/ament_index/resource_index/package_run_dependencies/px4_ros_com
[21.501s] -- Installing: /home/ceu/ros2_ws/install/px4_ros_com/share/ament_index/resource_index/parent_prefix_path/px4_ros_com
[21.501s] -- Up-to-date: /home/ceu/ros2_ws/install/px4_ros_com/share/px4_ros_com/environment/ament_prefix_path.sh
[21.501s] -- Installing: /home/ceu/ros2_ws/install/px4_ros_com/share/px4_ros_com/environment/ament_prefix_path.dsv
[21.502s] -- Up-to-date: /home/ceu/ros2_ws/install/px4_ros_com/share/px4_ros_com/environment/path.sh
[21.502s] -- Installing: /home/ceu/ros2_ws/install/px4_ros_com/share/px4_ros_com/environment/path.dsv
[21.502s] -- Installing: /home/ceu/ros2_ws/install/px4_ros_com/share/px4_ros_com/local_setup.bash
[21.502s] -- Installing: /home/ceu/ros2_ws/install/px4_ros_com/share/px4_ros_com/local_setup.sh
[21.503s] -- Installing: /home/ceu/ros2_ws/install/px4_ros_com/share/px4_ros_com/local_setup.zsh
[21.503s] -- Installing: /home/ceu/ros2_ws/install/px4_ros_com/share/px4_ros_com/local_setup.dsv
[21.503s] -- Installing: /home/ceu/ros2_ws/install/px4_ros_com/share/px4_ros_com/package.dsv
[21.503s] -- Installing: /home/ceu/ros2_ws/install/px4_ros_com/share/ament_index/resource_index/packages/px4_ros_com
[21.503s] -- Installing: /home/ceu/ros2_ws/install/px4_ros_com/share/px4_ros_com/cmake/export_frame_transformsExport.cmake
[21.504s] -- Installing: /home/ceu/ros2_ws/install/px4_ros_com/share/px4_ros_com/cmake/export_frame_transformsExport-noconfig.cmake
[21.504s] -- Installing: /home/ceu/ros2_ws/install/px4_ros_com/share/px4_ros_com/cmake/ament_cmake_export_dependencies-extras.cmake
[21.504s] -- Installing: /home/ceu/ros2_ws/install/px4_ros_com/share/px4_ros_com/cmake/ament_cmake_export_targets-extras.cmake
[21.504s] -- Installing: /home/ceu/ros2_ws/install/px4_ros_com/share/px4_ros_com/cmake/ament_cmake_export_include_directories-extras.cmake
[21.505s] -- Installing: /home/ceu/ros2_ws/install/px4_ros_com/share/px4_ros_com/cmake/ament_cmake_export_libraries-extras.cmake
[21.505s] -- Installing: /home/ceu/ros2_ws/install/px4_ros_com/share/px4_ros_com/cmake/px4_ros_comConfig.cmake
[21.505s] -- Installing: /home/ceu/ros2_ws/install/px4_ros_com/share/px4_ros_com/cmake/px4_ros_comConfig-version.cmake
[21.506s] -- Up-to-date: /home/ceu/ros2_ws/install/px4_ros_com/share/px4_ros_com/package.xml
[21.509s] Invoked command in '/home/ceu/ros2_ws/build/px4_ros_com' returned '0': AMENT_PREFIX_PATH=/home/ceu/ros2_ws/install/px4_msgs:${AMENT_PREFIX_PATH} CMAKE_PREFIX_PATH=/home/ceu/ros2_ws/install/px4_msgs:/opt/ros/foxy LD_LIBRARY_PATH=/home/ceu/ros2_ws/install/px4_msgs/lib:${LD_LIBRARY_PATH} PYTHONPATH=/home/ceu/ros2_ws/install/px4_msgs/lib/python3.8/site-packages:${PYTHONPATH} /usr/bin/cmake --install /home/ceu/ros2_ws/build/px4_ros_com
