[0.790s] Invoking command in '/home/ceu/ros2_ws/build/velodyne_description': CMAKE_PREFIX_PATH=/opt/ros/foxy /usr/bin/cmake /home/ceu/ros2_ws/src/lio_sam_gazebo_ros2/src/velodyne_simulator/velodyne_description -DCMAKE_INSTALL_PREFIX=/home/ceu/ros2_ws/install/velodyne_description
[1.103s] -- The C compiler identification is GNU 9.4.0
[1.103s] -- The CXX compiler identification is GNU 9.4.0
[1.104s] -- Check for working C compiler: /usr/bin/cc
[1.104s] -- Check for working C compiler: /usr/bin/cc -- works
[1.105s] -- Detecting C compiler ABI info
[1.127s] -- Detecting C compiler ABI info - done
[1.150s] -- Detecting C compile features
[1.151s] -- Detecting C compile features - done
[1.155s] -- Check for working CXX compiler: /usr/bin/c++
[1.284s] -- Check for working CXX compiler: /usr/bin/c++ -- works
[1.284s] -- Detecting CXX compiler ABI info
[1.422s] -- Detecting CXX compiler ABI info - done
[1.442s] -- Detecting CXX compile features
[1.442s] -- Detecting CXX compile features - done
[1.445s] -- Found ament_cmake: 0.9.12 (/opt/ros/foxy/share/ament_cmake/cmake)
[1.481s] -- Found PythonInterp: /usr/bin/python3 (found suitable version "3.8.10", minimum required is "3") 
[1.481s] -- Using PYTHON_EXECUTABLE: /usr/bin/python3
[1.823s] -- Found PkgConfig: /usr/bin/pkg-config (found version "0.29.1") 
[1.828s] -- Checking for module 'bullet>=2.82'
[1.849s] --   Found bullet, version 2.88
[2.010s] -- Found ccd: /usr/include (found suitable version "2.0", minimum required is "2.0") 
[2.083s] -- Found fcl: /usr/include (found suitable version "0.5.0", minimum required is "0.3.2") 
[2.147s] -- Found assimp: /usr/include (found version "5.0.0") 
[2.173s] -- Found DART: /usr/include (Required is at least version "6.6") found components: dart 
[2.495s] -- Found Boost: /usr/lib/x86_64-linux-gnu/cmake/Boost-1.71.0/BoostConfig.cmake (found suitable version "1.71.0", minimum required is "1.40.0") found components: thread system filesystem program_options regex iostreams date_time 
[2.523s] -- Found Protobuf: /usr/lib/x86_64-linux-gnu/libprotobuf.so;-lpthread (found version "3.6.1") 
[2.527s] -- Looking for ignition-math6 -- found version 6.15.0
[2.534s] -- Searching for dependencies of ignition-math6
[2.536s] -- Looking for OGRE...
[2.537s] -- OGRE_PREFIX_WATCH changed.
[2.541s] -- Checking for module 'OGRE'
[2.554s] --   Found OGRE, version 1.9.0
[2.594s] -- Found Ogre Ghadamon (1.9.0)
[2.606s] -- Found OGRE: optimized;/usr/lib/x86_64-linux-gnu/libOgreMain.so;debug;/usr/lib/x86_64-linux-gnu/libOgreMain.so
[2.621s] -- Looking for OGRE_Paging...
[2.628s] -- Found OGRE_Paging: optimized;/usr/lib/x86_64-linux-gnu/libOgrePaging.so;debug;/usr/lib/x86_64-linux-gnu/libOgrePaging.so
[2.629s] -- Looking for OGRE_Terrain...
[2.633s] -- Found OGRE_Terrain: optimized;/usr/lib/x86_64-linux-gnu/libOgreTerrain.so;debug;/usr/lib/x86_64-linux-gnu/libOgreTerrain.so
[2.634s] -- Looking for OGRE_Property...
[2.639s] -- Found OGRE_Property: optimized;/usr/lib/x86_64-linux-gnu/libOgreProperty.so;debug;/usr/lib/x86_64-linux-gnu/libOgreProperty.so
[2.639s] -- Looking for OGRE_RTShaderSystem...
[2.644s] -- Found OGRE_RTShaderSystem: optimized;/usr/lib/x86_64-linux-gnu/libOgreRTShaderSystem.so;debug;/usr/lib/x86_64-linux-gnu/libOgreRTShaderSystem.so
[2.644s] -- Looking for OGRE_Volume...
[2.649s] -- Found OGRE_Volume: optimized;/usr/lib/x86_64-linux-gnu/libOgreVolume.so;debug;/usr/lib/x86_64-linux-gnu/libOgreVolume.so
[2.650s] -- Looking for OGRE_Overlay...
[2.654s] -- Found OGRE_Overlay: optimized;/usr/lib/x86_64-linux-gnu/libOgreOverlay.so;debug;/usr/lib/x86_64-linux-gnu/libOgreOverlay.so
[2.765s] -- Looking for ignition-math6 -- found version 6.15.0
[2.767s] -- Looking for ignition-transport8 -- found version 8.4.0
[2.768s] -- Searching for dependencies of ignition-transport8
[2.784s] -- Found Protobuf: /usr/lib/x86_64-linux-gnu/libprotobuf.so;-lpthread (found suitable version "3.6.1", minimum required is "3") 
[2.795s] -- Config-file not installed for ZeroMQ -- checking for pkg-config
[2.798s] -- Checking for module 'libzmq >= 4'
[2.813s] --   Found libzmq , version 4.3.2
[2.849s] -- Found ZeroMQ: TRUE (Required is at least version "4") 
[2.856s] -- Checking for module 'uuid'
[2.870s] --   Found uuid, version 2.34.0
[2.907s] -- Found UUID: TRUE  
[2.910s] -- Looking for ignition-msgs5 -- found version 5.11.0
[2.910s] -- Searching for dependencies of ignition-msgs5
[2.928s] -- Looking for ignition-math6 -- found version 6.15.0
[2.932s] -- Checking for module 'tinyxml2'
[2.946s] --   Found tinyxml2, version 6.2.0
[2.986s] -- Looking for ignition-msgs5 -- found version 5.11.0
[2.989s] -- Looking for ignition-common3 -- found version 3.16.0
[2.990s] -- Searching for dependencies of ignition-common3
[2.990s] -- Looking for dlfcn.h - found
[2.991s] -- Looking for libdl - found
[2.993s] -- Found DL: TRUE  
[3.004s] -- Searching for <ignition-common3> component [graphics]
[3.006s] -- Looking for ignition-common3-graphics -- found version 3.16.0
[3.007s] -- Searching for dependencies of ignition-common3-graphics
[3.007s] -- Looking for ignition-math6 -- found version 6.15.0
[3.012s] -- Looking for ignition-fuel_tools4 -- found version 4.9.0
[3.012s] -- Searching for dependencies of ignition-fuel_tools4
[3.092s] -- Found CURL: /usr/lib/x86_64-linux-gnu/libcurl.so (found version "7.68.0")  
[3.100s] -- Checking for module 'jsoncpp'
[3.113s] --   Found jsoncpp, version 1.7.4
[3.149s] -- Found JSONCPP: TRUE  
[3.155s] -- Checking for module 'libzip'
[3.168s] --   Found libzip, version 1.5.1
[3.207s] -- Found ZIP: TRUE  
[3.207s] -- Looking for ignition-common3 -- found version 3.16.0
[3.208s] -- Looking for ignition-math6 -- found version 6.15.0
[3.208s] -- Looking for ignition-msgs5 -- found version 5.11.0
[3.212s] -- Found gazebo_ros_pkgs: 3.5.3 (/opt/ros/foxy/share/gazebo_ros_pkgs/cmake)
[3.289s] -- Configuring done
[3.293s] -- Generating done
[3.294s] -- Build files have been written to: /home/ceu/ros2_ws/build/velodyne_description
