[0.534s] Invoking command in '/home/ceu/Desktop/lio_sam_gazebo_ros2/build/velodyne_description': CMAKE_PREFIX_PATH=/opt/ros/foxy /usr/bin/cmake /home/ceu/Desktop/lio_sam_gazebo_ros2/src/velodyne_simulator/velodyne_description -DCMAKE_INSTALL_PREFIX=/home/ceu/Desktop/lio_sam_gazebo_ros2/install/velodyne_description
[0.585s] -- The C compiler identification is GNU 9.4.0
[0.670s] -- The CXX compiler identification is GNU 9.4.0
[0.678s] -- Check for working C compiler: /usr/bin/cc
[0.755s] -- Check for working C compiler: /usr/bin/cc -- works
[0.757s] -- Detecting C compiler ABI info
[0.846s] -- Detecting C compiler ABI info - done
[0.869s] -- Detecting C compile features
[0.869s] -- Detecting C compile features - done
[0.873s] -- Check for working CXX compiler: /usr/bin/c++
[0.977s] -- Check for working CXX compiler: /usr/bin/c++ -- works
[0.978s] -- Detecting CXX compiler ABI info
[1.096s] -- Detecting CXX compiler ABI info - done
[1.114s] -- Detecting CXX compile features
[1.114s] -- Detecting CXX compile features - done
[1.118s] -- Found ament_cmake: 0.9.12 (/opt/ros/foxy/share/ament_cmake/cmake)
[1.152s] -- Found PythonInterp: /usr/bin/python3 (found suitable version "3.8.10", minimum required is "3") 
[1.152s] -- Using PYTHON_EXECUTABLE: /usr/bin/python3
[1.525s] -- Found PkgConfig: /usr/bin/pkg-config (found version "0.29.1") 
[1.532s] -- Checking for module 'bullet>=2.82'
[1.551s] --   Found bullet, version 2.88
[1.706s] -- Found ccd: /usr/include (found suitable version "2.0", minimum required is "2.0") 
[1.784s] -- Found fcl: /usr/include (found suitable version "0.5.0", minimum required is "0.3.2") 
[1.858s] -- Found assimp: /usr/include (found version "5.0.0") 
[1.887s] -- Found DART: /usr/include (Required is at least version "6.6") found components: dart 
[2.255s] -- Found Boost: /usr/lib/x86_64-linux-gnu/cmake/Boost-1.71.0/BoostConfig.cmake (found suitable version "1.71.0", minimum required is "1.40.0") found components: thread system filesystem program_options regex iostreams date_time 
[2.295s] -- Found Protobuf: /usr/lib/x86_64-linux-gnu/libprotobuf.so;-lpthread (found version "3.6.1") 
[2.299s] -- Looking for ignition-math6 -- found version 6.15.0
[2.307s] -- Searching for dependencies of ignition-math6
[2.310s] -- Looking for OGRE...
[2.311s] -- OGRE_PREFIX_WATCH changed.
[2.316s] -- Checking for module 'OGRE'
[2.336s] --   Found OGRE, version 1.9.0
[2.384s] -- Found Ogre Ghadamon (1.9.0)
[2.398s] -- Found OGRE: optimized;/usr/lib/x86_64-linux-gnu/libOgreMain.so;debug;/usr/lib/x86_64-linux-gnu/libOgreMain.so
[2.417s] -- Looking for OGRE_Paging...
[2.432s] -- Found OGRE_Paging: optimized;/usr/lib/x86_64-linux-gnu/libOgrePaging.so;debug;/usr/lib/x86_64-linux-gnu/libOgrePaging.so
[2.432s] -- Looking for OGRE_Terrain...
[2.445s] -- Found OGRE_Terrain: optimized;/usr/lib/x86_64-linux-gnu/libOgreTerrain.so;debug;/usr/lib/x86_64-linux-gnu/libOgreTerrain.so
[2.445s] -- Looking for OGRE_Property...
[2.451s] -- Found OGRE_Property: optimized;/usr/lib/x86_64-linux-gnu/libOgreProperty.so;debug;/usr/lib/x86_64-linux-gnu/libOgreProperty.so
[2.452s] -- Looking for OGRE_RTShaderSystem...
[2.461s] -- Found OGRE_RTShaderSystem: optimized;/usr/lib/x86_64-linux-gnu/libOgreRTShaderSystem.so;debug;/usr/lib/x86_64-linux-gnu/libOgreRTShaderSystem.so
[2.462s] -- Looking for OGRE_Volume...
[2.468s] -- Found OGRE_Volume: optimized;/usr/lib/x86_64-linux-gnu/libOgreVolume.so;debug;/usr/lib/x86_64-linux-gnu/libOgreVolume.so
[2.468s] -- Looking for OGRE_Overlay...
[2.472s] -- Found OGRE_Overlay: optimized;/usr/lib/x86_64-linux-gnu/libOgreOverlay.so;debug;/usr/lib/x86_64-linux-gnu/libOgreOverlay.so
[2.612s] -- Looking for ignition-math6 -- found version 6.15.0
[2.616s] -- Looking for ignition-transport8 -- found version 8.4.0
[2.616s] -- Searching for dependencies of ignition-transport8
[2.637s] -- Found Protobuf: /usr/lib/x86_64-linux-gnu/libprotobuf.so;-lpthread (found suitable version "3.6.1", minimum required is "3") 
[2.652s] -- Config-file not installed for ZeroMQ -- checking for pkg-config
[2.656s] -- Checking for module 'libzmq >= 4'
[2.675s] --   Found libzmq , version 4.3.2
[2.720s] -- Found ZeroMQ: TRUE (Required is at least version "4") 
[2.724s] -- Checking for module 'uuid'
[2.741s] --   Found uuid, version 2.34.0
[2.784s] -- Found UUID: TRUE  
[2.786s] -- Looking for ignition-msgs5 -- found version 5.11.0
[2.786s] -- Searching for dependencies of ignition-msgs5
[2.808s] -- Looking for ignition-math6 -- found version 6.15.0
[2.814s] -- Checking for module 'tinyxml2'
[2.831s] --   Found tinyxml2, version 6.2.0
[2.887s] -- Looking for ignition-msgs5 -- found version 5.11.0
[2.888s] -- Looking for ignition-common3 -- found version 3.16.0
[2.889s] -- Searching for dependencies of ignition-common3
[2.889s] -- Looking for dlfcn.h - found
[2.889s] -- Looking for libdl - found
[2.893s] -- Found DL: TRUE  
[2.901s] -- Searching for <ignition-common3> component [graphics]
[2.902s] -- Looking for ignition-common3-graphics -- found version 3.16.0
[2.903s] -- Searching for dependencies of ignition-common3-graphics
[2.904s] -- Looking for ignition-math6 -- found version 6.15.0
[2.906s] -- Looking for ignition-fuel_tools4 -- found version 4.9.0
[2.907s] -- Searching for dependencies of ignition-fuel_tools4
[3.007s] -- Found CURL: /usr/lib/x86_64-linux-gnu/libcurl.so (found version "7.68.0")  
[3.018s] -- Checking for module 'jsoncpp'
[3.040s] --   Found jsoncpp, version 1.7.4
[3.086s] -- Found JSONCPP: TRUE  
[3.093s] -- Checking for module 'libzip'
[3.113s] --   Found libzip, version 1.5.1
[3.172s] -- Found ZIP: TRUE  
[3.173s] -- Looking for ignition-common3 -- found version 3.16.0
[3.173s] -- Looking for ignition-math6 -- found version 6.15.0
[3.174s] -- Looking for ignition-msgs5 -- found version 5.11.0
[3.178s] -- Found gazebo_ros_pkgs: 3.5.3 (/opt/ros/foxy/share/gazebo_ros_pkgs/cmake)
[3.288s] -- Configuring done
[3.292s] -- Generating done
[3.296s] -- Build files have been written to: /home/ceu/Desktop/lio_sam_gazebo_ros2/build/velodyne_description
[3.308s] Invoked command in '/home/ceu/Desktop/lio_sam_gazebo_ros2/build/velodyne_description' returned '0': CMAKE_PREFIX_PATH=/opt/ros/foxy /usr/bin/cmake /home/ceu/Desktop/lio_sam_gazebo_ros2/src/velodyne_simulator/velodyne_description -DCMAKE_INSTALL_PREFIX=/home/ceu/Desktop/lio_sam_gazebo_ros2/install/velodyne_description
[3.312s] Invoking command in '/home/ceu/Desktop/lio_sam_gazebo_ros2/build/velodyne_description': CMAKE_PREFIX_PATH=/opt/ros/foxy /usr/bin/cmake --build /home/ceu/Desktop/lio_sam_gazebo_ros2/build/velodyne_description -- -j12 -l12
[3.363s] Invoked command in '/home/ceu/Desktop/lio_sam_gazebo_ros2/build/velodyne_description' returned '0': CMAKE_PREFIX_PATH=/opt/ros/foxy /usr/bin/cmake --build /home/ceu/Desktop/lio_sam_gazebo_ros2/build/velodyne_description -- -j12 -l12
[3.395s] Invoking command in '/home/ceu/Desktop/lio_sam_gazebo_ros2/build/velodyne_description': CMAKE_PREFIX_PATH=/opt/ros/foxy /usr/bin/cmake --install /home/ceu/Desktop/lio_sam_gazebo_ros2/build/velodyne_description
[3.405s] -- Install configuration: ""
[3.405s] -- Installing: /home/ceu/Desktop/lio_sam_gazebo_ros2/install/velodyne_description/share/ament_index/resource_index/package_run_dependencies/velodyne_description
[3.405s] -- Installing: /home/ceu/Desktop/lio_sam_gazebo_ros2/install/velodyne_description/share/ament_index/resource_index/parent_prefix_path/velodyne_description
[3.406s] -- Installing: /home/ceu/Desktop/lio_sam_gazebo_ros2/install/velodyne_description/share/velodyne_description/environment/ament_prefix_path.sh
[3.406s] -- Installing: /home/ceu/Desktop/lio_sam_gazebo_ros2/install/velodyne_description/share/velodyne_description/environment/ament_prefix_path.dsv
[3.406s] -- Installing: /home/ceu/Desktop/lio_sam_gazebo_ros2/install/velodyne_description/share/velodyne_description/environment/path.sh
[3.406s] -- Installing: /home/ceu/Desktop/lio_sam_gazebo_ros2/install/velodyne_description/share/velodyne_description/environment/path.dsv
[3.406s] -- Installing: /home/ceu/Desktop/lio_sam_gazebo_ros2/install/velodyne_description/share/velodyne_description/local_setup.bash
[3.406s] -- Installing: /home/ceu/Desktop/lio_sam_gazebo_ros2/install/velodyne_description/share/velodyne_description/local_setup.sh
[3.407s] -- Installing: /home/ceu/Desktop/lio_sam_gazebo_ros2/install/velodyne_description/share/velodyne_description/local_setup.zsh
[3.407s] -- Installing: /home/ceu/Desktop/lio_sam_gazebo_ros2/install/velodyne_description/share/velodyne_description/local_setup.dsv
[3.407s] -- Installing: /home/ceu/Desktop/lio_sam_gazebo_ros2/install/velodyne_description/share/velodyne_description/package.dsv
[3.407s] -- Installing: /home/ceu/Desktop/lio_sam_gazebo_ros2/install/velodyne_description/share/ament_index/resource_index/packages/velodyne_description
[3.407s] -- Installing: /home/ceu/Desktop/lio_sam_gazebo_ros2/install/velodyne_description/share/velodyne_description/cmake/ament_cmake_export_dependencies-extras.cmake
[3.407s] -- Installing: /home/ceu/Desktop/lio_sam_gazebo_ros2/install/velodyne_description/share/velodyne_description/cmake/velodyne_descriptionConfig.cmake
[3.408s] -- Installing: /home/ceu/Desktop/lio_sam_gazebo_ros2/install/velodyne_description/share/velodyne_description/cmake/velodyne_descriptionConfig-version.cmake
[3.408s] -- Installing: /home/ceu/Desktop/lio_sam_gazebo_ros2/install/velodyne_description/share/velodyne_description/package.xml
[3.408s] -- Installing: /home/ceu/Desktop/lio_sam_gazebo_ros2/install/velodyne_description/share/velodyne_description/launch
[3.408s] -- Installing: /home/ceu/Desktop/lio_sam_gazebo_ros2/install/velodyne_description/share/velodyne_description/launch/example-launch.py
[3.408s] -- Installing: /home/ceu/Desktop/lio_sam_gazebo_ros2/install/velodyne_description/share/velodyne_description/meshes
[3.408s] -- Installing: /home/ceu/Desktop/lio_sam_gazebo_ros2/install/velodyne_description/share/velodyne_description/meshes/HDL32E_scan.dae
[3.409s] -- Installing: /home/ceu/Desktop/lio_sam_gazebo_ros2/install/velodyne_description/share/velodyne_description/meshes/VLP16_scan.stl
[3.409s] -- Installing: /home/ceu/Desktop/lio_sam_gazebo_ros2/install/velodyne_description/share/velodyne_description/meshes/HDL32E_base.stl
[3.409s] -- Installing: /home/ceu/Desktop/lio_sam_gazebo_ros2/install/velodyne_description/share/velodyne_description/meshes/VLP16_base_2.stl
[3.409s] -- Installing: /home/ceu/Desktop/lio_sam_gazebo_ros2/install/velodyne_description/share/velodyne_description/meshes/HDL32E_base.dae
[3.409s] -- Installing: /home/ceu/Desktop/lio_sam_gazebo_ros2/install/velodyne_description/share/velodyne_description/meshes/VLP16_scan.dae
[3.410s] -- Installing: /home/ceu/Desktop/lio_sam_gazebo_ros2/install/velodyne_description/share/velodyne_description/meshes/VLP16_base_2.dae
[3.410s] -- Installing: /home/ceu/Desktop/lio_sam_gazebo_ros2/install/velodyne_description/share/velodyne_description/meshes/VLP16_base_1.dae
[3.410s] -- Installing: /home/ceu/Desktop/lio_sam_gazebo_ros2/install/velodyne_description/share/velodyne_description/meshes/HDL32E_scan.stl
[3.411s] -- Installing: /home/ceu/Desktop/lio_sam_gazebo_ros2/install/velodyne_description/share/velodyne_description/meshes/VLP16_base_1.stl
[3.411s] -- Installing: /home/ceu/Desktop/lio_sam_gazebo_ros2/install/velodyne_description/share/velodyne_description/rviz
[3.411s] -- Installing: /home/ceu/Desktop/lio_sam_gazebo_ros2/install/velodyne_description/share/velodyne_description/rviz/example.rviz
[3.411s] -- Installing: /home/ceu/Desktop/lio_sam_gazebo_ros2/install/velodyne_description/share/velodyne_description/urdf
[3.411s] -- Installing: /home/ceu/Desktop/lio_sam_gazebo_ros2/install/velodyne_description/share/velodyne_description/urdf/VLP-16.urdf.xacro
[3.412s] -- Installing: /home/ceu/Desktop/lio_sam_gazebo_ros2/install/velodyne_description/share/velodyne_description/urdf/VLP-32C.urdf.xacro
[3.412s] -- Installing: /home/ceu/Desktop/lio_sam_gazebo_ros2/install/velodyne_description/share/velodyne_description/urdf/HDL-32E.urdf.xacro
[3.412s] -- Installing: /home/ceu/Desktop/lio_sam_gazebo_ros2/install/velodyne_description/share/velodyne_description/urdf/example.urdf.xacro
[3.412s] -- Installing: /home/ceu/Desktop/lio_sam_gazebo_ros2/install/velodyne_description/share/velodyne_description/world
[3.412s] -- Installing: /home/ceu/Desktop/lio_sam_gazebo_ros2/install/velodyne_description/share/velodyne_description/world/lio_sam.model
[3.413s] -- Installing: /home/ceu/Desktop/lio_sam_gazebo_ros2/install/velodyne_description/share/velodyne_description/world/example.world
[3.413s] -- Installing: /home/ceu/Desktop/lio_sam_gazebo_ros2/install/velodyne_description/share/velodyne_description/models
[3.413s] -- Installing: /home/ceu/Desktop/lio_sam_gazebo_ros2/install/velodyne_description/share/velodyne_description/models/rs_robot
[3.413s] -- Installing: /home/ceu/Desktop/lio_sam_gazebo_ros2/install/velodyne_description/share/velodyne_description/models/rs_robot/model.config
[3.413s] -- Installing: /home/ceu/Desktop/lio_sam_gazebo_ros2/install/velodyne_description/share/velodyne_description/models/rs_robot/meshes
[3.414s] -- Installing: /home/ceu/Desktop/lio_sam_gazebo_ros2/install/velodyne_description/share/velodyne_description/models/rs_robot/meshes/STL
[3.414s] -- Installing: /home/ceu/Desktop/lio_sam_gazebo_ros2/install/velodyne_description/share/velodyne_description/models/rs_robot/meshes/STL/lidar_head
[3.414s] -- Installing: /home/ceu/Desktop/lio_sam_gazebo_ros2/install/velodyne_description/share/velodyne_description/models/rs_robot/meshes/STL/lidar_head/YDlidar_head v4.stl
[3.414s] -- Installing: /home/ceu/Desktop/lio_sam_gazebo_ros2/install/velodyne_description/share/velodyne_description/models/rs_robot/meshes/STL/base
[3.414s] -- Installing: /home/ceu/Desktop/lio_sam_gazebo_ros2/install/velodyne_description/share/velodyne_description/models/rs_robot/meshes/STL/base/base_link.stl
[3.414s] -- Installing: /home/ceu/Desktop/lio_sam_gazebo_ros2/install/velodyne_description/share/velodyne_description/models/rs_robot/meshes/STL/base/base_link_old.stl
[3.415s] -- Installing: /home/ceu/Desktop/lio_sam_gazebo_ros2/install/velodyne_description/share/velodyne_description/models/rs_robot/meshes/STL/lidar_base
[3.416s] -- Installing: /home/ceu/Desktop/lio_sam_gazebo_ros2/install/velodyne_description/share/velodyne_description/models/rs_robot/meshes/STL/lidar_base/YDlidar_base.stl
[3.416s] -- Installing: /home/ceu/Desktop/lio_sam_gazebo_ros2/install/velodyne_description/share/velodyne_description/models/rs_robot/meshes/STL/suspension
[3.417s] -- Installing: /home/ceu/Desktop/lio_sam_gazebo_ros2/install/velodyne_description/share/velodyne_description/models/rs_robot/meshes/STL/suspension/sus_link.stl
[3.417s] -- Installing: /home/ceu/Desktop/lio_sam_gazebo_ros2/install/velodyne_description/share/velodyne_description/models/rs_robot/meshes/STL/suspension/REAR_RIGHT_LINKSTL.stl
[3.417s] -- Installing: /home/ceu/Desktop/lio_sam_gazebo_ros2/install/velodyne_description/share/velodyne_description/models/rs_robot/meshes/STL/suspension/REAR_LEFT_LINKSTL.stl
[3.418s] -- Installing: /home/ceu/Desktop/lio_sam_gazebo_ros2/install/velodyne_description/share/velodyne_description/models/rs_robot/meshes/STL/suspension/FRONT_RIGHT_LINKSTL.stl
[3.419s] -- Installing: /home/ceu/Desktop/lio_sam_gazebo_ros2/install/velodyne_description/share/velodyne_description/models/rs_robot/meshes/STL/suspension/FRONT_LEFT_LINKSTL.stl
[3.420s] -- Installing: /home/ceu/Desktop/lio_sam_gazebo_ros2/install/velodyne_description/share/velodyne_description/models/rs_robot/meshes/STL/wheel
[3.420s] -- Installing: /home/ceu/Desktop/lio_sam_gazebo_ros2/install/velodyne_description/share/velodyne_description/models/rs_robot/meshes/STL/wheel/robot_wheel.stl
[3.421s] -- Installing: /home/ceu/Desktop/lio_sam_gazebo_ros2/install/velodyne_description/share/velodyne_description/models/rs_robot/meshes/STL/sensors
[3.421s] -- Installing: /home/ceu/Desktop/lio_sam_gazebo_ros2/install/velodyne_description/share/velodyne_description/models/rs_robot/meshes/STL/sensors/gim30
[3.421s] -- Installing: /home/ceu/Desktop/lio_sam_gazebo_ros2/install/velodyne_description/share/velodyne_description/models/rs_robot/meshes/STL/sensors/gim30/gim30.stl
[3.434s] -- Installing: /home/ceu/Desktop/lio_sam_gazebo_ros2/install/velodyne_description/share/velodyne_description/models/rs_robot/meshes/STL/sensors/rear_lrf
[3.434s] -- Installing: /home/ceu/Desktop/lio_sam_gazebo_ros2/install/velodyne_description/share/velodyne_description/models/rs_robot/meshes/STL/sensors/rear_lrf/rear_lrf.stl
[3.434s] -- Installing: /home/ceu/Desktop/lio_sam_gazebo_ros2/install/velodyne_description/share/velodyne_description/models/rs_robot/meshes/STL/sensors/camera
[3.435s] -- Installing: /home/ceu/Desktop/lio_sam_gazebo_ros2/install/velodyne_description/share/velodyne_description/models/rs_robot/meshes/STL/sensors/front_lrf
[3.435s] -- Installing: /home/ceu/Desktop/lio_sam_gazebo_ros2/install/velodyne_description/share/velodyne_description/models/rs_robot/meshes/STL/sensors/front_lrf/front_lrf.stl
[3.442s] -- Installing: /home/ceu/Desktop/lio_sam_gazebo_ros2/install/velodyne_description/share/velodyne_description/models/rs_robot/meshes/STL/sensors/gps
[3.442s] -- Installing: /home/ceu/Desktop/lio_sam_gazebo_ros2/install/velodyne_description/share/velodyne_description/models/rs_robot/meshes/STL/sensors/gps/gps.stl
[3.444s] -- Installing: /home/ceu/Desktop/lio_sam_gazebo_ros2/install/velodyne_description/share/velodyne_description/models/rs_robot/meshes/DAE
[3.445s] -- Installing: /home/ceu/Desktop/lio_sam_gazebo_ros2/install/velodyne_description/share/velodyne_description/models/rs_robot/meshes/DAE/lidar_head
[3.445s] -- Installing: /home/ceu/Desktop/lio_sam_gazebo_ros2/install/velodyne_description/share/velodyne_description/models/rs_robot/meshes/DAE/lidar_head/YDlidar_head.dae
[3.445s] -- Installing: /home/ceu/Desktop/lio_sam_gazebo_ros2/install/velodyne_description/share/velodyne_description/models/rs_robot/meshes/DAE/base
[3.445s] -- Installing: /home/ceu/Desktop/lio_sam_gazebo_ros2/install/velodyne_description/share/velodyne_description/models/rs_robot/meshes/DAE/base/base_linkOLD.dae
[3.459s] -- Installing: /home/ceu/Desktop/lio_sam_gazebo_ros2/install/velodyne_description/share/velodyne_description/models/rs_robot/meshes/DAE/base/base_link.dae
[3.471s] -- Installing: /home/ceu/Desktop/lio_sam_gazebo_ros2/install/velodyne_description/share/velodyne_description/models/rs_robot/meshes/DAE/lidar_base
[3.471s] -- Installing: /home/ceu/Desktop/lio_sam_gazebo_ros2/install/velodyne_description/share/velodyne_description/models/rs_robot/meshes/DAE/lidar_base/YDlidar_base.dae
[3.472s] -- Installing: /home/ceu/Desktop/lio_sam_gazebo_ros2/install/velodyne_description/share/velodyne_description/models/rs_robot/meshes/DAE/suspension
[3.472s] -- Installing: /home/ceu/Desktop/lio_sam_gazebo_ros2/install/velodyne_description/share/velodyne_description/models/rs_robot/meshes/DAE/suspension/front_left_link.dae
[3.474s] -- Installing: /home/ceu/Desktop/lio_sam_gazebo_ros2/install/velodyne_description/share/velodyne_description/models/rs_robot/meshes/DAE/suspension/front_right_link.dae
[3.477s] -- Installing: /home/ceu/Desktop/lio_sam_gazebo_ros2/install/velodyne_description/share/velodyne_description/models/rs_robot/meshes/DAE/suspension/rear_left_link.dae
[3.479s] -- Installing: /home/ceu/Desktop/lio_sam_gazebo_ros2/install/velodyne_description/share/velodyne_description/models/rs_robot/meshes/DAE/suspension/rear_right_link.dae
[3.482s] -- Installing: /home/ceu/Desktop/lio_sam_gazebo_ros2/install/velodyne_description/share/velodyne_description/models/rs_robot/meshes/DAE/wheel
[3.482s] -- Installing: /home/ceu/Desktop/lio_sam_gazebo_ros2/install/velodyne_description/share/velodyne_description/models/rs_robot/meshes/DAE/wheel/wheel_link.dae
[3.484s] -- Installing: /home/ceu/Desktop/lio_sam_gazebo_ros2/install/velodyne_description/share/velodyne_description/models/rs_robot/meshes/DAE/sensors
[3.484s] -- Installing: /home/ceu/Desktop/lio_sam_gazebo_ros2/install/velodyne_description/share/velodyne_description/models/rs_robot/meshes/DAE/sensors/gim30
[3.484s] -- Installing: /home/ceu/Desktop/lio_sam_gazebo_ros2/install/velodyne_description/share/velodyne_description/models/rs_robot/meshes/DAE/sensors/gim30/gim30.dae
[3.509s] -- Installing: /home/ceu/Desktop/lio_sam_gazebo_ros2/install/velodyne_description/share/velodyne_description/models/rs_robot/meshes/DAE/sensors/gim30/gim30_lrf_texture.png
[3.509s] -- Installing: /home/ceu/Desktop/lio_sam_gazebo_ros2/install/velodyne_description/share/velodyne_description/models/rs_robot/meshes/DAE/sensors/rear_lrf
[3.509s] -- Installing: /home/ceu/Desktop/lio_sam_gazebo_ros2/install/velodyne_description/share/velodyne_description/models/rs_robot/meshes/DAE/sensors/rear_lrf/rear_lrf.dae
[3.511s] -- Installing: /home/ceu/Desktop/lio_sam_gazebo_ros2/install/velodyne_description/share/velodyne_description/models/rs_robot/meshes/DAE/sensors/rear_lrf/urg_texture.png
[3.511s] -- Installing: /home/ceu/Desktop/lio_sam_gazebo_ros2/install/velodyne_description/share/velodyne_description/models/rs_robot/meshes/DAE/sensors/camera
[3.511s] -- Installing: /home/ceu/Desktop/lio_sam_gazebo_ros2/install/velodyne_description/share/velodyne_description/models/rs_robot/meshes/DAE/sensors/camera/camera.dae
[3.512s] -- Installing: /home/ceu/Desktop/lio_sam_gazebo_ros2/install/velodyne_description/share/velodyne_description/models/rs_robot/meshes/DAE/sensors/front_lrf
[3.512s] -- Installing: /home/ceu/Desktop/lio_sam_gazebo_ros2/install/velodyne_description/share/velodyne_description/models/rs_robot/meshes/DAE/sensors/front_lrf/lrf_texture.png
[3.512s] -- Installing: /home/ceu/Desktop/lio_sam_gazebo_ros2/install/velodyne_description/share/velodyne_description/models/rs_robot/meshes/DAE/sensors/front_lrf/front_lrf.dae
[3.535s] -- Installing: /home/ceu/Desktop/lio_sam_gazebo_ros2/install/velodyne_description/share/velodyne_description/models/rs_robot/meshes/DAE/sensors/gps
[3.536s] -- Installing: /home/ceu/Desktop/lio_sam_gazebo_ros2/install/velodyne_description/share/velodyne_description/models/rs_robot/meshes/DAE/sensors/gps/gps_texture.png
[3.536s] -- Installing: /home/ceu/Desktop/lio_sam_gazebo_ros2/install/velodyne_description/share/velodyne_description/models/rs_robot/meshes/DAE/sensors/gps/gps.dae
[3.545s] -- Installing: /home/ceu/Desktop/lio_sam_gazebo_ros2/install/velodyne_description/share/velodyne_description/models/rs_robot/rs_robot.sdf
[3.548s] Invoked command in '/home/ceu/Desktop/lio_sam_gazebo_ros2/build/velodyne_description' returned '0': CMAKE_PREFIX_PATH=/opt/ros/foxy /usr/bin/cmake --install /home/ceu/Desktop/lio_sam_gazebo_ros2/build/velodyne_description
